<?xml version="1.0" encoding="UTF-8" ?>
<testsuite failures="1" time="3.599" errors="0" skipped="0" tests="4" name="TestSuite">
  <properties>
    <property name="java.runtime.name" value="Java(TM) SE Runtime Environment"/>
    <property name="sun.boot.library.path" value="/System/Library/Java/JavaVirtualMachines/1.6.0.jdk/Contents/Libraries"/>
    <property name="java.vm.version" value="17.1-b03-307"/>
    <property name="awt.nativeDoubleBuffering" value="true"/>
    <property name="gopherProxySet" value="false"/>
    <property name="mrj.build" value="10M3261"/>
    <property name="java.vm.vendor" value="Apple Inc."/>
    <property name="java.vendor.url" value="http://www.apple.com/"/>
    <property name="path.separator" value=":"/>
    <property name="java.vm.name" value="Java HotSpot(TM) 64-Bit Server VM"/>
    <property name="file.encoding.pkg" value="sun.io"/>
    <property name="user.country" value="SE"/>
    <property name="sun.java.launcher" value="SUN_STANDARD"/>
    <property name="sun.os.patch.level" value="unknown"/>
    <property name="java.vm.specification.name" value="Java Virtual Machine Specification"/>
    <property name="user.dir" value="/Users/henrik/Java/Infero Quest/codemate-commons/neo4j"/>
    <property name="java.runtime.version" value="1.6.0_22-b04-307-10M3261"/>
    <property name="java.awt.graphicsenv" value="apple.awt.CGraphicsEnvironment"/>
    <property name="basedir" value="/Users/henrik/Java/Infero Quest/codemate-commons/neo4j"/>
    <property name="java.endorsed.dirs" value="/System/Library/Java/JavaVirtualMachines/1.6.0.jdk/Contents/Home/lib/endorsed"/>
    <property name="os.arch" value="x86_64"/>
    <property name="surefire.real.class.path" value="/var/folders/Z-/Z-0FRM0BFNiYSzqnspCwFk+++TI/-Tmp-/surefirebooter4045916698991816601.jar:/Users/henrik/.m2/repository/org/springframework/spring-agent/2.5.6/spring-agent-2.5.6.jar"/>
    <property name="java.io.tmpdir" value="/var/folders/Z-/Z-0FRM0BFNiYSzqnspCwFk+++TI/-Tmp-/"/>
    <property name="line.separator" value="
"/>
    <property name="java.vm.specification.vendor" value="Sun Microsystems Inc."/>
    <property name="os.name" value="Mac OS X"/>
    <property name="sun.jnu.encoding" value="MacRoman"/>
    <property name="java.library.path" value=".:/Library/Java/Extensions:/System/Library/Java/Extensions:/usr/lib/java"/>
    <property name="surefire.test.class.path" value="/Users/henrik/Java/Infero Quest/codemate-commons/neo4j/target/test-classes:/Users/henrik/Java/Infero Quest/codemate-commons/neo4j/target/classes:/Users/henrik/.m2/repository/com/thoughtworks/xstream/xstream/1.3/xstream-1.3.jar:/Users/henrik/.m2/repository/xpp3/xpp3_min/1.1.4c/xpp3_min-1.1.4c.jar:/Users/henrik/.m2/repository/org/neo4j/neo4j-kernel/1.1/neo4j-kernel-1.1.jar:/Users/henrik/.m2/repository/org/apache/geronimo/specs/geronimo-jta_1.1_spec/1.1.1/geronimo-jta_1.1_spec-1.1.1.jar:/Users/henrik/.m2/repository/org/neo4j/neo4j-shell/1.1/neo4j-shell-1.1.jar:/Users/henrik/.m2/repository/org/neo4j/neo4j-index/1.1/neo4j-index-1.1.jar:/Users/henrik/.m2/repository/org/apache/lucene/lucene-core/2.4.1/lucene-core-2.4.1.jar:/Users/henrik/.m2/repository/org/neo4j/neo4j-online-backup/0.6/neo4j-online-backup-0.6.jar:/Users/henrik/.m2/repository/jline/jline/0.9.94/jline-0.9.94.jar:/Users/henrik/.m2/repository/log4j/log4j/1.2.14/log4j-1.2.14.jar:/Users/henrik/.m2/repository/org/codehaus/groovy/groovy/1.6.2/groovy-1.6.2.jar:/Users/henrik/.m2/repository/antlr/antlr/2.7.7/antlr-2.7.7.jar:/Users/henrik/.m2/repository/asm/asm/2.2.3/asm-2.2.3.jar:/Users/henrik/.m2/repository/junit/junit/3.8.2/junit-3.8.2.jar:/Users/henrik/.m2/repository/org/apache/ant/ant/1.7.1/ant-1.7.1.jar:/Users/henrik/.m2/repository/org/apache/ant/ant-launcher/1.7.1/ant-launcher-1.7.1.jar:/Users/henrik/.m2/repository/asm/asm-util/2.2.3/asm-util-2.2.3.jar:/Users/henrik/.m2/repository/asm/asm-tree/2.2.3/asm-tree-2.2.3.jar:/Users/henrik/.m2/repository/asm/asm-analysis/2.2.3/asm-analysis-2.2.3.jar:/Users/henrik/.m2/repository/org/testng/testng/5.8/testng-5.8-jdk15.jar:"/>
    <property name="java.specification.name" value="Java Platform API Specification"/>
    <property name="java.class.version" value="50.0"/>
    <property name="sun.management.compiler" value="HotSpot 64-Bit Server Compiler"/>
    <property name="os.version" value="10.6.5"/>
    <property name="http.nonProxyHosts" value="local|*.local|169.254/16|*.169.254/16"/>
    <property name="user.home" value="/Users/henrik"/>
    <property name="user.timezone" value="Europe/Stockholm"/>
    <property name="java.awt.printerjob" value="apple.awt.CPrinterJob"/>
    <property name="java.specification.version" value="1.6"/>
    <property name="file.encoding" value="MacRoman"/>
    <property name="user.name" value="henrik"/>
    <property name="java.class.path" value="/Users/henrik/Java/Infero Quest/codemate-commons/neo4j/target/test-classes:/Users/henrik/Java/Infero Quest/codemate-commons/neo4j/target/classes:/Users/henrik/.m2/repository/com/thoughtworks/xstream/xstream/1.3/xstream-1.3.jar:/Users/henrik/.m2/repository/xpp3/xpp3_min/1.1.4c/xpp3_min-1.1.4c.jar:/Users/henrik/.m2/repository/org/neo4j/neo4j-kernel/1.1/neo4j-kernel-1.1.jar:/Users/henrik/.m2/repository/org/apache/geronimo/specs/geronimo-jta_1.1_spec/1.1.1/geronimo-jta_1.1_spec-1.1.1.jar:/Users/henrik/.m2/repository/org/neo4j/neo4j-shell/1.1/neo4j-shell-1.1.jar:/Users/henrik/.m2/repository/org/neo4j/neo4j-index/1.1/neo4j-index-1.1.jar:/Users/henrik/.m2/repository/org/apache/lucene/lucene-core/2.4.1/lucene-core-2.4.1.jar:/Users/henrik/.m2/repository/org/neo4j/neo4j-online-backup/0.6/neo4j-online-backup-0.6.jar:/Users/henrik/.m2/repository/jline/jline/0.9.94/jline-0.9.94.jar:/Users/henrik/.m2/repository/log4j/log4j/1.2.14/log4j-1.2.14.jar:/Users/henrik/.m2/repository/org/codehaus/groovy/groovy/1.6.2/groovy-1.6.2.jar:/Users/henrik/.m2/repository/antlr/antlr/2.7.7/antlr-2.7.7.jar:/Users/henrik/.m2/repository/asm/asm/2.2.3/asm-2.2.3.jar:/Users/henrik/.m2/repository/junit/junit/3.8.2/junit-3.8.2.jar:/Users/henrik/.m2/repository/org/apache/ant/ant/1.7.1/ant-1.7.1.jar:/Users/henrik/.m2/repository/org/apache/ant/ant-launcher/1.7.1/ant-launcher-1.7.1.jar:/Users/henrik/.m2/repository/asm/asm-util/2.2.3/asm-util-2.2.3.jar:/Users/henrik/.m2/repository/asm/asm-tree/2.2.3/asm-tree-2.2.3.jar:/Users/henrik/.m2/repository/asm/asm-analysis/2.2.3/asm-analysis-2.2.3.jar:/Users/henrik/.m2/repository/org/testng/testng/5.8/testng-5.8-jdk15.jar:"/>
    <property name="java.vm.specification.version" value="1.0"/>
    <property name="sun.arch.data.model" value="64"/>
    <property name="java.home" value="/System/Library/Java/JavaVirtualMachines/1.6.0.jdk/Contents/Home"/>
    <property name="java.specification.vendor" value="Sun Microsystems Inc."/>
    <property name="user.language" value="sv"/>
    <property name="awt.toolkit" value="apple.awt.CToolkit"/>
    <property name="java.vm.info" value="mixed mode"/>
    <property name="java.version" value="1.6.0_22"/>
    <property name="java.ext.dirs" value="/Library/Java/Extensions:/System/Library/Java/Extensions:/System/Library/Java/JavaVirtualMachines/1.6.0.jdk/Contents/Home/lib/ext"/>
    <property name="sun.boot.class.path" value="/System/Library/Java/JavaVirtualMachines/1.6.0.jdk/Contents/Home/lib/endorsed/jaxb-api.jar:/System/Library/Java/JavaVirtualMachines/1.6.0.jdk/Contents/Home/lib/endorsed/jaxws-api.jar:/System/Library/Java/JavaVirtualMachines/1.6.0.jdk/Contents/Classes/jsfd.jar:/System/Library/Java/JavaVirtualMachines/1.6.0.jdk/Contents/Classes/classes.jar:/System/Library/Frameworks/JavaVM.framework/Frameworks/JavaRuntimeSupport.framework/Resources/Java/JavaRuntimeSupport.jar:/System/Library/Java/JavaVirtualMachines/1.6.0.jdk/Contents/Classes/ui.jar:/System/Library/Java/JavaVirtualMachines/1.6.0.jdk/Contents/Classes/laf.jar:/System/Library/Java/JavaVirtualMachines/1.6.0.jdk/Contents/Classes/sunrsasign.jar:/System/Library/Java/JavaVirtualMachines/1.6.0.jdk/Contents/Classes/jsse.jar:/System/Library/Java/JavaVirtualMachines/1.6.0.jdk/Contents/Classes/jce.jar:/System/Library/Java/JavaVirtualMachines/1.6.0.jdk/Contents/Classes/charsets.jar"/>
    <property name="java.vendor" value="Apple Inc."/>
    <property name="localRepository" value="/Users/henrik/.m2/repository"/>
    <property name="file.separator" value="/"/>
    <property name="java.vendor.url.bug" value="http://bugreport.apple.com/"/>
    <property name="sun.cpu.endian" value="little"/>
    <property name="sun.io.unicode.encoding" value="UnicodeLittle"/>
    <property name="mrj.version" value="1060.1.6.0_22-307"/>
    <property name="socksNonProxyHosts" value="local|*.local|169.254/16|*.169.254/16"/>
    <property name="ftp.nonProxyHosts" value="local|*.local|169.254/16|*.169.254/16"/>
    <property name="sun.cpu.isalist" value=""/>
  </properties>
  <testcase time="1.134" classname="se.codemate.neo4j.NeoGroovyTest" name="testGroovy">
    <failure message="Node[97]" type="org.neo4j.graphdb.NotFoundException">org.neo4j.graphdb.NotFoundException: Node[97]
	at org.neo4j.kernel.impl.core.NodeManager.getNodeById(NodeManager.java:393)
	at org.neo4j.kernel.EmbeddedGraphDbImpl.getNodeById(EmbeddedGraphDbImpl.java:223)
	at org.neo4j.kernel.EmbeddedGraphDatabase.getNodeById(EmbeddedGraphDatabase.java:103)
	at sun.reflect.NativeMethodAccessorImpl.invoke0(Native Method)
	at sun.reflect.NativeMethodAccessorImpl.invoke(NativeMethodAccessorImpl.java:39)
	at sun.reflect.DelegatingMethodAccessorImpl.invoke(DelegatingMethodAccessorImpl.java:25)
	at java.lang.reflect.Method.invoke(Method.java:597)
	at org.codehaus.groovy.runtime.callsite.PojoMetaMethodSite$PojoCachedMethodSiteNoUnwrap.invoke(PojoMetaMethodSite.java:209)
	at org.codehaus.groovy.runtime.callsite.PojoMetaMethodSite.call(PojoMetaMethodSite.java:52)
	at org.codehaus.groovy.runtime.callsite.CallSiteArray.defaultCall(CallSiteArray.java:43)
	at org.codehaus.groovy.runtime.callsite.AbstractCallSite.call(AbstractCallSite.java:117)
	at org.codehaus.groovy.runtime.callsite.AbstractCallSite.call(AbstractCallSite.java:125)
	at test.run(test.groovy:4)
	at groovy.lang.GroovyShell.evaluate(GroovyShell.java:491)
	at groovy.lang.GroovyShell.evaluate(GroovyShell.java:526)
	at se.codemate.neo4j.NeoGroovy.evaluate(NeoGroovy.java:62)
	at se.codemate.neo4j.NeoGroovyTest.testGroovy(NeoGroovyTest.java:53)
</failure>
  </testcase>
  <testcase time="0.127" classname="se.codemate.neo4j.NeoSearchTest" name="testSearch"/>
  <testcase time="0.057" classname="se.codemate.neo4j.NeoTest" name="testSearch"/>
  <testcase time="0.576" classname="se.codemate.neo4j.NeoTest" name="testDelete"/>
</testsuite>