<?xml version="1.0" encoding="UTF-8"?>
<neo4j>
  <embeddedNeo>
     <storeDir>/tmp/neo4j-test</storeDir>
      <nodes>
      <node id="0">
        <properties>
          <property key="initialized" class="boolean">true</property>
          <property key="TS_MODIFIED" class="long">1302871000368</property>
          <property key="name" class="string">Root WebApplicationContext</property>
          <property key="UUID" class="string">9d646fd0-b7bd-11dd-bf3b-0017f20bd4d8</property>
        </properties>
      </node>
      <node id="1">
        <properties>
          <property key="password" class="string">9f86d081884c7d659a2feaa0c55ad015a3bf4f1b2b0b822cd15d6c15b0f00a08</property>
          <property key="TS_MODIFIED" class="long">1302870999110</property>
          <property key="username" class="string">admin</property>
          <property key="TS_CREATED" class="long">1302870999060</property>
          <property key="UUID" class="string">025c0780-675d-11e0-a2bc-4040b3ba88b7</property>
        </properties>
      </node>
      <node id="2">
        <properties>
          <property key="TS_MODIFIED" class="long">1302870999185</property>
          <property key="authority" class="string">ROLE_ADMIN</property>
          <property key="TS_CREATED" class="long">1302870999155</property>
          <property key="UUID" class="string">026a1140-675d-11e0-a2bc-4040b3ba88b7</property>
        </properties>
      </node>
      <node id="3">
        <properties>
          <property key="TS_MODIFIED" class="long">1302870999253</property>
          <property key="authority" class="string">ROLE_MANAGER</property>
          <property key="TS_CREATED" class="long">1302870999217</property>
          <property key="UUID" class="string">02749890-675d-11e0-a2bc-4040b3ba88b7</property>
        </properties>
      </node>
      <node id="4">
        <properties>
          <property key="TS_MODIFIED" class="long">1302870999318</property>
          <property key="authority" class="string">ROLE_HR</property>
          <property key="TS_CREATED" class="long">1302870999277</property>
          <property key="UUID" class="string">027ed1c0-675d-11e0-a2bc-4040b3ba88b7</property>
        </properties>
      </node>
      <node id="5">
        <properties>
          <property key="TS_MODIFIED" class="long">1302870999370</property>
          <property key="authority" class="string">ROLE_EMPLOYEE</property>
          <property key="TS_CREATED" class="long">1302870999339</property>
          <property key="UUID" class="string">0288bcd0-675d-11e0-a2bc-4040b3ba88b7</property>
        </properties>
      </node>
      <node id="6">
        <properties>
          <property key="TS_MODIFIED" class="long">1302870999422</property>
          <property key="authority" class="string">ROLE_USER</property>
          <property key="TS_CREATED" class="long">1302870999395</property>
          <property key="UUID" class="string">02916f60-675d-11e0-a2bc-4040b3ba88b7</property>
        </properties>
      </node>
      <node id="7">
        <properties>
          <property key="password" class="string">14938c8f55737f342a36e93d485a1f30cdf0cd34b5e9c835f43a481655b650ea</property>
          <property key="TS_MODIFIED" class="long">1302870999499</property>
          <property key="username" class="string">sms</property>
          <property key="TS_CREATED" class="long">1302870999452</property>
          <property key="UUID" class="string">0298c260-675d-11e0-a2bc-4040b3ba88b7</property>
        </properties>
      </node>
      <node id="8">
        <properties>
          <property key="TS_MODIFIED" class="long">1302870999555</property>
          <property key="authority" class="string">ROLE_SMS</property>
          <property key="TS_CREATED" class="long">1302870999531</property>
          <property key="UUID" class="string">02a48230-675d-11e0-a2bc-4040b3ba88b7</property>
        </properties>
      </node>
      <node id="9">
        <properties>
          <property key="UUID" class="string">02ace6a0-675d-11e0-a2bc-4040b3ba88b7</property>
          <property key="TS_CREATED" class="long">1302870999579</property>
          <property key="TS_MODIFIED" class="long">1303295830897</property>
          <property key="name" class="string">Nordicinfu Care</property>
          <property key="description" class="string">VD Mats Bergryd</property>
          <property key="phone" class="string">08-601 24 40</property>
          <property key="fax" class="string">08-601 24 42</property>
          <property key="email" class="string">info@infucare.se</property>
          <property key="web" class="string">http://www.infucare.se</property>
          <property key="regnr" class="string">556649-1790</property>
        </properties>
      </node>
      <node id="10">
        <properties>
          <property key="country" class="string">Sverige</property>
          <property key="description" class="string">Besöksadress</property>
          <property key="address" class="string">Augustendalsv. 60</property>
          <property key="city" class="string">Nacka Strand</property>
          <property key="TS_MODIFIED" class="long">1303284189691</property>
          <property key="TS_CREATED" class="long">1302872229243</property>
          <property key="UUID" class="string">df991320-675f-11e0-a2bc-4040b3ba88b7</property>
        </properties>
      </node>
      <node id="11">
        <properties>
          <property key="description" class="string">Division Admin</property>
          <property key="employee" class="string">Välj...</property>
          <property key="name" class="string">VD</property>
          <property key="TS_MODIFIED" class="long">1303295249118</property>
          <property key="TS_CREATED" class="long">1303284448408</property>
          <property key="UUID" class="string">a5620ea0-6b1f-11e0-a2bc-4040b3ba88b7</property>
        </properties>
      </node>
      <node id="12">
        <properties>
          <property key="TS_MODIFIED" class="long">1305617504558</property>
          <property key="nodeClass" class="string">education</property>
          <property key="TS_CREATED" class="long">1305617504547</property>
          <property key="UUID" class="string">b70e4270-8057-11e0-9e65-4040b3ba88b7</property>
        </properties>
      </node>
      <node id="13">
        <properties>
          <property key="TS_MODIFIED" class="long">1305874841606</property>
          <property key="nodeClass" class="string">language</property>
          <property key="TS_CREATED" class="long">1305874841592</property>
          <property key="UUID" class="string">e00a0bb0-82ae-11e0-8d36-4040b3ba88b7</property>
        </properties>
      </node>
      <node id="14">
        <properties>
          <property key="description" class="string">Division Admin</property>
          <property key="employee" class="string">Välj...</property>
          <property key="name" class="string">Kundservice / Admin 1</property>
          <property key="TS_MODIFIED" class="long">1303294778974</property>
          <property key="TS_CREATED" class="long">1303284516495</property>
          <property key="UUID" class="string">cdf81260-6b1f-11e0-a2bc-4040b3ba88b7</property>
        </properties>
      </node>
      <node id="15">
        <properties>
          <property key="TS_MODIFIED" class="long">1305617504718</property>
          <property key="nodeClass" class="string">course</property>
          <property key="TS_CREATED" class="long">1305617504700</property>
          <property key="UUID" class="string">b74a6110-8057-11e0-9e65-4040b3ba88b7</property>
        </properties>
      </node>
      <node id="17">
        <properties>
          <property key="description" class="string">Division Admin</property>
          <property key="employee" class="string">Välj...</property>
          <property key="name" class="string">Ekonomiassistent</property>
          <property key="TS_MODIFIED" class="long">1303291405663</property>
          <property key="TS_CREATED" class="long">1303284610764</property>
          <property key="UUID" class="string">06281310-6b20-11e0-a2bc-4040b3ba88b7</property>
        </properties>
      </node>
      <node id="16">
        <properties>
          <property key="TS_MODIFIED" class="long">1305617505255</property>
          <property key="nodeClass" class="string">workexperience</property>
          <property key="TS_CREATED" class="long">1305617505204</property>
          <property key="UUID" class="string">b7991d50-8057-11e0-9e65-4040b3ba88b7</property>
        </properties>
      </node>
      <node id="19">
        <properties>
          <property key="description" class="string">Division Special Care</property>
          <property key="employee" class="string">Välj...</property>
          <property key="name" class="string">Säljare / Special Care 1</property>
          <property key="TS_MODIFIED" class="long">1303295013997</property>
          <property key="TS_CREATED" class="long">1303284636720</property>
          <property key="UUID" class="string">15a00910-6b20-11e0-a2bc-4040b3ba88b7</property>
        </properties>
      </node>
      <node id="18">
        <properties>
          <property key="TS_MODIFIED" class="long">1305874841715</property>
          <property key="nodeClass" class="string">workexperience</property>
          <property key="TS_CREATED" class="long">1305874841706</property>
          <property key="UUID" class="string">e01be600-82ae-11e0-8d36-4040b3ba88b7</property>
        </properties>
      </node>
      <node id="21">
        <properties>
          <property key="to" class="string">1982</property>
          <property key="country" class="string">Sverige</property>
          <property key="name" class="string">Undersköterskeexamen</property>
          <property key="TS_MODIFIED" class="long">1313142315028</property>
          <property key="level" class="string">Gymnasieskola eller motsvarande</property>
          <property key="TS_CREATED" class="long">1313142296952</property>
          <property key="UUID" class="string">bcfd2e80-c4c7-11e0-89cc-4040b3ba88b7</property>
        </properties>
      </node>
      <node id="20">
        <properties>
          <property key="TS_MODIFIED" class="long">1305617504890</property>
          <property key="nodeClass" class="string">language</property>
          <property key="TS_CREATED" class="long">1305617504877</property>
          <property key="UUID" class="string">b76737e0-8057-11e0-9e65-4040b3ba88b7</property>
        </properties>
      </node>
      <node id="23">
        <properties>
          <property key="to" class="string">1996</property>
          <property key="from" class="string">1996</property>
          <property key="country" class="string">Sverige</property>
          <property key="name" class="string">Forskningsmetodik</property>
          <property key="TS_MODIFIED" class="long">1313148538375</property>
          <property key="level" class="string">Gymnasieskola eller motsvarande</property>
          <property key="TS_CREATED" class="long">1313148518852</property>
          <property key="UUID" class="string">39883c70-c4d6-11e0-89cc-4040b3ba88b7</property>
        </properties>
      </node>
      <node id="22">
        <properties>
          <property key="description" class="string">Division Special Care</property>
          <property key="employee" class="string">Välj...</property>
          <property key="name" class="string">Säljare / Special Care 2</property>
          <property key="TS_MODIFIED" class="long">1303295058771</property>
          <property key="TS_CREATED" class="long">1303284636720</property>
          <property key="UUID" class="string">2dcb5260-6b20-11e0-a2bc-4040b3ba88b7</property>
        </properties>
      </node>
      <node id="25">
        <properties>
          <property key="to" class="string">1995</property>
          <property key="from" class="string">1994</property>
          <property key="country" class="string">Sverige</property>
          <property key="name" class="string">Specialisering i Diabetesvård</property>
          <property key="TS_MODIFIED" class="long">1313148561517</property>
          <property key="level" class="string">Gymnasieskola eller motsvarande</property>
          <property key="TS_CREATED" class="long">1313148539828</property>
          <property key="UUID" class="string">4606efa0-c4d6-11e0-89cc-4040b3ba88b7</property>
        </properties>
      </node>
      <node id="24">
        <properties>
          <property key="description" class="string">Division Special Care</property>
          <property key="name" class="string">Säljare / Special Care 3</property>
          <property key="TS_MODIFIED" class="long">1303295112478</property>
          <property key="employee" class="string">Välj...</property>
          <property key="TS_CREATED" class="long">1303284636720</property>
          <property key="UUID" class="string">37f407a0-6b20-11e0-a2bc-4040b3ba88b7</property>
        </properties>
      </node>
      <node id="27">
        <properties>
          <property key="to" class="string">1985</property>
          <property key="from" class="string">1984</property>
          <property key="country" class="string">Sverige</property>
          <property key="name" class="string">Vidareutbildning Medicin-kirurgi</property>
          <property key="TS_MODIFIED" class="long">1313148596851</property>
          <property key="level" class="string">Gymnasieskola eller motsvarande</property>
          <property key="TS_CREATED" class="long">1313148562847</property>
          <property key="UUID" class="string">53c17e30-c4d6-11e0-89cc-4040b3ba88b7</property>
        </properties>
      </node>
      <node id="26">
        <properties>
          <property key="description" class="string">Division Special Care</property>
          <property key="name" class="string">Säljare / Special Care 4</property>
          <property key="employee" class="string">Välj...</property>
          <property key="TS_MODIFIED" class="long">1303295099049</property>
          <property key="TS_CREATED" class="long">1303284636720</property>
          <property key="UUID" class="string">3b40c1a0-6b20-11e0-a2bc-4040b3ba88b7</property>
        </properties>
      </node>
      <node id="29">
        <properties>
          <property key="description" class="string">Steg 1-2, Mercuri</property>
          <property key="to" class="string">2006</property>
          <property key="from" class="string">2006</property>
          <property key="TS_MODIFIED" class="long">1313148747263</property>
          <property key="name" class="string">Säljprogrammet</property>
          <property key="TS_CREATED" class="long">1313148708813</property>
          <property key="UUID" class="string">aac0c380-c4d6-11e0-89cc-4040b3ba88b7</property>
        </properties>
      </node>
      <node id="28">
        <properties>
          <property key="description" class="string">Division Special Care</property>
          <property key="name" class="string">Säljare / Special Care 5</property>
          <property key="TS_MODIFIED" class="long">1303295134076</property>
          <property key="employee" class="string">Välj...</property>
          <property key="TS_CREATED" class="long">1303284636720</property>
          <property key="UUID" class="string">42c64350-6b20-11e0-a2bc-4040b3ba88b7</property>
        </properties>
      </node>
      <node id="31">
        <properties>
          <property key="TS_MODIFIED" class="long">1305874781066</property>
          <property key="nodeClass" class="string">workexperience</property>
          <property key="TS_CREATED" class="long">1305874781026</property>
          <property key="UUID" class="string">bbf01a30-82ae-11e0-8d36-4040b3ba88b7</property>
        </properties>
      </node>
      <node id="30">
        <properties>
          <property key="description" class="string">Division Diabetes</property>
          <property key="name" class="string">Säljare / Diabetes 1</property>
          <property key="employee" class="string">Välj...</property>
          <property key="TS_MODIFIED" class="long">1303295170164</property>
          <property key="TS_CREATED" class="long">1303284636720</property>
          <property key="UUID" class="string">45d16070-6b20-11e0-a2bc-4040b3ba88b7</property>
        </properties>
      </node>
      <node id="34">
        <properties>
          <property key="description" class="string">Division Special Care</property>
          <property key="employee" class="string">Välj...</property>
          <property key="name" class="string">Marknadschef PAH</property>
          <property key="TS_MODIFIED" class="long">1303294872694</property>
          <property key="TS_CREATED" class="long">1303284769884</property>
          <property key="UUID" class="string">64ffb500-6b20-11e0-a2bc-4040b3ba88b7</property>
        </properties>
      </node>
      <node id="35">
        <properties>
          <property key="to" class="string">1999</property>
          <property key="from" class="string">1999</property>
          <property key="country" class="string">Sverige</property>
          <property key="name" class="string">Patient- och anhörig utbildning</property>
          <property key="TS_MODIFIED" class="long">1313148467350</property>
          <property key="level" class="string">Gymnasieskola eller motsvarande</property>
          <property key="TS_CREATED" class="long">1313148443002</property>
          <property key="UUID" class="string">0c524ac0-c4d6-11e0-89cc-4040b3ba88b7</property>
        </properties>
      </node>
      <node id="32">
        <properties>
          <property key="description" class="string">Division Admin</property>
          <property key="employee" class="string">Välj...</property>
          <property key="name" class="string">Ekonomichef</property>
          <property key="TS_MODIFIED" class="long">1303291412069</property>
          <property key="TS_CREATED" class="long">1303284729626</property>
          <property key="UUID" class="string">4d014810-6b20-11e0-a2bc-4040b3ba88b7</property>
        </properties>
      </node>
      <node id="33">
        <properties>
          <property key="to" class="string">1988</property>
          <property key="from" class="string">1986</property>
          <property key="country" class="string">Sverige</property>
          <property key="name" class="string">Sjukköterskeexamen</property>
          <property key="TS_MODIFIED" class="long">1313142293764</property>
          <property key="level" class="string">Gymnasieskola eller motsvarande</property>
          <property key="TS_CREATED" class="long">1313142267223</property>
          <property key="UUID" class="string">ab206d80-c4c7-11e0-89cc-4040b3ba88b7</property>
        </properties>
      </node>
      <node id="38">
        <properties>
          <property key="TS_MODIFIED" class="long">1305874841533</property>
          <property key="nodeClass" class="string">course</property>
          <property key="TS_CREATED" class="long">1305874841521</property>
          <property key="UUID" class="string">dfff5d50-82ae-11e0-8d36-4040b3ba88b7</property>
        </properties>
      </node>
      <node id="39">
        <properties>
          <property key="description" class="string">Division Diabetes</property>
          <property key="employee" class="string">Välj...</property>
          <property key="name" class="string">Key account manager / Diabetes</property>
          <property key="TS_MODIFIED" class="long">1303294656288</property>
          <property key="TS_CREATED" class="long">1303284821601</property>
          <property key="UUID" class="string">83d38d80-6b20-11e0-a2bc-4040b3ba88b7</property>
        </properties>
      </node>
      <node id="36">
        <properties>
          <property key="TS_MODIFIED" class="long">1305874841462</property>
          <property key="nodeClass" class="string">education</property>
          <property key="TS_CREATED" class="long">1305874841453</property>
          <property key="UUID" class="string">dff4d600-82ae-11e0-8d36-4040b3ba88b7</property>
        </properties>
      </node>
      <node id="37">
        <properties>
          <property key="description" class="string">Division Admin</property>
          <property key="employee" class="string">Välj...</property>
          <property key="name" class="string">Kundservice / Admin 2</property>
          <property key="TS_MODIFIED" class="long">1303294803998</property>
          <property key="TS_CREATED" class="long">1303284516495</property>
          <property key="UUID" class="string">792099a0-6b20-11e0-a2bc-4040b3ba88b7</property>
        </properties>
      </node>
      <node id="42">
        <properties>
          <property key="TS_MODIFIED" class="long">1303284911075</property>
          <property key="nodeClass" class="string">responsibility</property>
          <property key="TS_CREATED" class="long">1303284911061</property>
          <property key="UUID" class="string">b9257480-6b20-11e0-a2bc-4040b3ba88b7</property>
        </properties>
      </node>
      <node id="43">
        <properties>
          <property key="description" class="string">Vårdskolans Gymnasium</property>
          <property key="to" class="string">1983</property>
          <property key="country" class="string">Sverige</property>
          <property key="name" class="string">Hälso- och sjukvårdslinje</property>
          <property key="TS_MODIFIED" class="long">1313143043739</property>
          <property key="level" class="string">Gymnasieskola eller motsvarande</property>
          <property key="TS_CREATED" class="long">1313142938043</property>
          <property key="UUID" class="string">3b1b4b70-c4c9-11e0-89cc-4040b3ba88b7</property>
        </properties>
      </node>
      <node id="40">
        <properties>
          <property key="UUID" class="string">bb765650-82ae-11e0-8d36-4040b3ba88b7</property>
          <property key="TS_CREATED" class="long">1305874780406</property>
          <property key="TS_MODIFIED" class="long">1305874835723</property>
          <property key="level" class="string">Gymnasieskola eller motsvarande</property>
          <property key="direction" class="string">1</property>
          <property key="to" class="string">00</property>
          <property key="description" class="string">3</property>
          <property key="scope" class="string">2</property>
          <property key="from" class="string">00</property>
          <property key="country" class="string">Sverige</property>
          <property key="nodeClass" class="string">education</property>
        </properties>
      </node>
      <node id="41">
        <properties>
          <property key="TS_MODIFIED" class="long">1303284911013</property>
          <property key="nodeClass" class="string">function</property>
          <property key="TS_CREATED" class="long">1303284911006</property>
          <property key="UUID" class="string">b91d1010-6b20-11e0-a2bc-4040b3ba88b7</property>
        </properties>
      </node>
      <node id="46">
        <properties>
          <property key="description" class="string">Division Special Care</property>
          <property key="name" class="string">Keyaccountmanager/ Special Care 2</property>
          <property key="TS_MODIFIED" class="long">1303294696264</property>
          <property key="employee" class="string">Välj...</property>
          <property key="TS_CREATED" class="long">1303284821601</property>
          <property key="UUID" class="string">0c73b760-6b2f-11e0-a2bc-4040b3ba88b7</property>
        </properties>
      </node>
      <node id="47">
        <properties>
          <property key="TS_MODIFIED" class="long">1305874780708</property>
          <property key="nodeClass" class="string">language</property>
          <property key="TS_CREATED" class="long">1305874780691</property>
          <property key="UUID" class="string">bbbbc3c0-82ae-11e0-8d36-4040b3ba88b7</property>
        </properties>
      </node>
      <node id="44">
        <properties>
          <property key="name" class="string">Key account manager / Special Care 1</property>
          <property key="employee" class="string">Välj...</property>
          <property key="TS_MODIFIED" class="long">1303294680128</property>
          <property key="description" class="string">Division Special Care</property>
          <property key="TS_CREATED" class="long">1303284821601</property>
          <property key="UUID" class="string">06eec0a0-6b2f-11e0-a2bc-4040b3ba88b7</property>
        </properties>
      </node>
      <node id="45">
        <properties>
          <property key="assignments" class="string">Intensivvårdsavdelningen</property>
          <property key="to" class="string">1986</property>
          <property key="from" class="string">1983</property>
          <property key="company" class="string">Uddevalla Sjukhus</property>
          <property key="country" class="string">Sverige</property>
          <property key="TS_MODIFIED" class="long">1313142586831</property>
          <property key="name" class="string">Undersköterska</property>
          <property key="TS_CREATED" class="long">1313142532847</property>
          <property key="UUID" class="string">499304f0-c4c8-11e0-89cc-4040b3ba88b7</property>
        </properties>
      </node>
      <node id="51">
        <properties>
          <property key="description" class="string">Division Special Care</property>
          <property key="employee" class="string">Välj...</property>
          <property key="name" class="string">Divisionschef / Special Care 1</property>
          <property key="TS_MODIFIED" class="long">1304501803317</property>
          <property key="TS_CREATED" class="long">1303291113419</property>
          <property key="UUID" class="string">2a0a7c00-6b2f-11e0-a2bc-4040b3ba88b7</property>
        </properties>
      </node>
      <node id="50">
        <properties>
          <property key="to" class="string">2003</property>
          <property key="TS_MODIFIED" class="long">1313143173897</property>
          <property key="name" class="string">Försäljningsteknik</property>
          <property key="TS_CREATED" class="long">1313143160384</property>
          <property key="UUID" class="string">bfa29a10-c4c9-11e0-89cc-4040b3ba88b7</property>
        </properties>
      </node>
      <node id="49">
        <properties>
          <property key="TS_MODIFIED" class="long">1305874780591</property>
          <property key="nodeClass" class="string">course</property>
          <property key="TS_CREATED" class="long">1305874780563</property>
          <property key="UUID" class="string">bba8d800-82ae-11e0-8d36-4040b3ba88b7</property>
        </properties>
      </node>
      <node id="48">
        <properties>
          <property key="description" class="string">Division Diabetes</property>
          <property key="employee" class="string">Välj...</property>
          <property key="name" class="string">Support</property>
          <property key="TS_MODIFIED" class="long">1303291579328</property>
          <property key="TS_CREATED" class="long">1303291081776</property>
          <property key="UUID" class="string">172e7370-6b2f-11e0-a2bc-4040b3ba88b7</property>
        </properties>
      </node>
      <node id="55">
        <properties>
          <property key="description" class="string">Division Special Care</property>
          <property key="employee" class="string">Välj...</property>
          <property key="name" class="string">Marknadschef Fertilitet</property>
          <property key="TS_MODIFIED" class="long">1303294835728</property>
          <property key="TS_CREATED" class="long">1303291151450</property>
          <property key="UUID" class="string">40b5b500-6b2f-11e0-a2bc-4040b3ba88b7</property>
        </properties>
      </node>
      <node id="54">
        <properties>
          <property key="description" class="string">Farmakologi m.m.</property>
          <property key="to" class="string">1991</property>
          <property key="TS_MODIFIED" class="long">1313143366945</property>
          <property key="name" class="string">Fortbildningskurs för IVA sjuksköterska</property>
          <property key="TS_CREATED" class="long">1313143329314</property>
          <property key="UUID" class="string">2453e270-c4ca-11e0-89cc-4040b3ba88b7</property>
        </properties>
      </node>
      <node id="53">
        <properties>
          <property key="description" class="string">Division Diabetes</property>
          <property key="employee" class="string">Välj...</property>
          <property key="name" class="string">Divisionschef / Diabetes</property>
          <property key="TS_MODIFIED" class="long">1303294570977</property>
          <property key="TS_CREATED" class="long">1303291113419</property>
          <property key="UUID" class="string">35e3c770-6b2f-11e0-a2bc-4040b3ba88b7</property>
        </properties>
      </node>
      <node id="52">
        <properties>
          <property key="to" class="string">1992</property>
          <property key="TS_MODIFIED" class="long">1313143325821</property>
          <property key="name" class="string">Instruktörutbildning Hjärt-lung-räddning</property>
          <property key="TS_CREATED" class="long">1313143273298</property>
          <property key="UUID" class="string">02f0ac80-c4ca-11e0-89cc-4040b3ba88b7</property>
        </properties>
      </node>
      <node id="59">
        <properties>
          <property key="description" class="string">Division Special Care</property>
          <property key="employee" class="string">Välj...</property>
          <property key="name" class="string">Marknadschef Parkinson</property>
          <property key="TS_MODIFIED" class="long">1303294887689</property>
          <property key="TS_CREATED" class="long">1303291212810</property>
          <property key="UUID" class="string">654858f0-6b2f-11e0-a2bc-4040b3ba88b7</property>
        </properties>
      </node>
      <node id="58">
        <properties>
          <property key="assignments" class="string">Vikarie</property>
          <property key="to" class="string">2000</property>
          <property key="from" class="string">1999</property>
          <property key="company" class="string">Eslövs Specialisthus</property>
          <property key="country" class="string">Sverige</property>
          <property key="TS_MODIFIED" class="long">1313143690981</property>
          <property key="name" class="string">Sjuksköterska</property>
          <property key="TS_CREATED" class="long">1313143644490</property>
          <property key="UUID" class="string">e02f50b0-c4ca-11e0-89cc-4040b3ba88b7</property>
        </properties>
      </node>
      <node id="57">
        <properties>
          <property key="description" class="string">Division diabetes</property>
          <property key="employee" class="string">Välj...</property>
          <property key="name" class="string">Försäljningschef</property>
          <property key="TS_MODIFIED" class="long">1303294627150</property>
          <property key="TS_CREATED" class="long">1303291175947</property>
          <property key="UUID" class="string">4f4baf70-6b2f-11e0-a2bc-4040b3ba88b7</property>
        </properties>
      </node>
      <node id="56">
        <properties>
          <property key="assignments" class="string">IVA</property>
          <property key="to" class="string">1983</property>
          <property key="from" class="string">1983</property>
          <property key="company" class="string">Ystad Lasarett</property>
          <property key="country" class="string">Sverige</property>
          <property key="TS_MODIFIED" class="long">1313144269733</property>
          <property key="name" class="string">Undersköterska</property>
          <property key="TS_CREATED" class="long">1313144219556</property>
          <property key="UUID" class="string">36f3e180-c4cc-11e0-89cc-4040b3ba88b7</property>
        </properties>
      </node>
      <node id="63">
        <properties>
          <property key="to" class="string">1993</property>
          <property key="country" class="string">Sverige</property>
          <property key="name" class="string">Påbyggnadslinje Intensivvård</property>
          <property key="TS_MODIFIED" class="long">1313142884577</property>
          <property key="level" class="string">Gymnasieskola eller motsvarande</property>
          <property key="TS_CREATED" class="long">1313142845284</property>
          <property key="UUID" class="string">03d2c490-c4c9-11e0-89cc-4040b3ba88b7</property>
        </properties>
      </node>
      <node id="62">
        <properties>
          <property key="assignments" class="string">IVA, vikarie</property>
          <property key="to" class="string">1991</property>
          <property key="from" class="string">1990</property>
          <property key="company" class="string">Lunds Lasarett</property>
          <property key="country" class="string">Sverige</property>
          <property key="TS_MODIFIED" class="long">1313144071559</property>
          <property key="name" class="string">Sjuksköterska</property>
          <property key="TS_CREATED" class="long">1313144005411</property>
          <property key="UUID" class="string">b74ff270-c4cb-11e0-89cc-4040b3ba88b7</property>
        </properties>
      </node>
      <node id="61">
        <properties>
          <property key="description" class="string">Placering Danmark</property>
          <property key="employee" class="string">Välj...</property>
          <property key="name" class="string">Konsult</property>
          <property key="TS_MODIFIED" class="long">1303294750772</property>
          <property key="TS_CREATED" class="long">1303291251650</property>
          <property key="UUID" class="string">7c6f0380-6b2f-11e0-a2bc-4040b3ba88b7</property>
        </properties>
      </node>
      <node id="60">
        <properties>
          <property key="to" class="string">1999</property>
          <property key="from" class="string">1999</property>
          <property key="country" class="string">Sverige</property>
          <property key="name" class="string">Diabetesvård</property>
          <property key="TS_MODIFIED" class="long">1313148487975</property>
          <property key="level" class="string">Gymnasieskola eller motsvarande</property>
          <property key="TS_CREATED" class="long">1313148468503</property>
          <property key="UUID" class="string">1b85bdb0-c4d6-11e0-89cc-4040b3ba88b7</property>
        </properties>
      </node>
      <node id="68">
        <properties>
          <property key="description" class="string">Gymnasienivå</property>
          <property key="to" class="string">2002</property>
          <property key="from" class="string">2002</property>
          <property key="TS_MODIFIED" class="long">1313148791662</property>
          <property key="name" class="string">Engelska C</property>
          <property key="TS_CREATED" class="long">1313148775931</property>
          <property key="UUID" class="string">d2c360e0-c4d6-11e0-89cc-4040b3ba88b7</property>
        </properties>
      </node>
      <node id="69">
        <properties>
          <property key="assignments" class="string">Inf. Kliniken avdelning 80</property>
          <property key="to" class="string">1991</property>
          <property key="from" class="string">1989</property>
          <property key="company" class="string">Lunds Lasarett</property>
          <property key="country" class="string">Sverige</property>
          <property key="TS_MODIFIED" class="long">1313144118778</property>
          <property key="name" class="string">Sjuksköterska</property>
          <property key="TS_CREATED" class="long">1313144042379</property>
          <property key="UUID" class="string">cd57bf80-c4cb-11e0-89cc-4040b3ba88b7</property>
        </properties>
      </node>
      <node id="70">
        <properties>
          <property key="assignments" class="string">Neurokir.</property>
          <property key="to" class="string">1985</property>
          <property key="from" class="string">1983</property>
          <property key="company" class="string">Lunds Lasarett</property>
          <property key="country" class="string">Sverige</property>
          <property key="TS_MODIFIED" class="long">1313144233951</property>
          <property key="name" class="string">Undersköterska</property>
          <property key="TS_CREATED" class="long">1313144146944</property>
          <property key="UUID" class="string">0ba881c0-c4cc-11e0-89cc-4040b3ba88b7</property>
        </properties>
      </node>
      <node id="71">
        <properties>
          <property key="description" class="string">Gymnasienivå</property>
          <property key="to" class="string">1997</property>
          <property key="from" class="string">1997</property>
          <property key="TS_MODIFIED" class="long">1313148820530</property>
          <property key="name" class="string">Engelska B</property>
          <property key="TS_CREATED" class="long">1313148792163</property>
          <property key="UUID" class="string">dc705670-c4d6-11e0-89cc-4040b3ba88b7</property>
        </properties>
      </node>
      <node id="64">
        <properties>
          <property key="description" class="string">Division Special Care</property>
          <property key="name" class="string">Keyaccountmanager / Special Care 3</property>
          <property key="employee" class="string">Välj...</property>
          <property key="TS_MODIFIED" class="long">1303294711383</property>
          <property key="TS_CREATED" class="long">1303284821601</property>
          <property key="UUID" class="string">852dc880-6b2f-11e0-a2bc-4040b3ba88b7</property>
        </properties>
      </node>
      <node id="65">
        <properties>
          <property key="to" class="string">1988</property>
          <property key="from" class="string">1988</property>
          <property key="direction" class="string">Allmän hälso- och sjukvård</property>
          <property key="country" class="string">Sverige</property>
          <property key="name" class="string">Sjuksköterskeskolan</property>
          <property key="TS_MODIFIED" class="long">1313142934592</property>
          <property key="level" class="string">Gymnasieskola eller motsvarande</property>
          <property key="TS_CREATED" class="long">1313142884302</property>
          <property key="UUID" class="string">1b135fc0-c4c9-11e0-89cc-4040b3ba88b7</property>
        </properties>
      </node>
      <node id="66">
        <properties>
          <property key="description" class="string">Gymnasienivå</property>
          <property key="to" class="string">2002</property>
          <property key="from" class="string">2002</property>
          <property key="TS_MODIFIED" class="long">1313148775340</property>
          <property key="name" class="string">Matematik A</property>
          <property key="TS_CREATED" class="long">1313148747905</property>
          <property key="UUID" class="string">c20f4160-c4d6-11e0-89cc-4040b3ba88b7</property>
        </properties>
      </node>
      <node id="67">
        <properties>
          <property key="employee" class="string">Välj...</property>
          <property key="name" class="string">Säljare / Diabetes 2</property>
          <property key="TS_MODIFIED" class="long">1303295206625</property>
          <property key="description" class="string">Division Diabetes</property>
          <property key="TS_CREATED" class="long">1303284636720</property>
          <property key="UUID" class="string">8d131d70-6b2f-11e0-a2bc-4040b3ba88b7</property>
        </properties>
      </node>
      <node id="76">
        <properties>
          <property key="assignments" class="string">IVA</property>
          <property key="to" class="string">1999</property>
          <property key="from" class="string">1991</property>
          <property key="company" class="string">Lunds Universitetssjukhus</property>
          <property key="country" class="string">Sverige</property>
          <property key="TS_MODIFIED" class="long">1313143920040</property>
          <property key="name" class="string">Sjuksköterska</property>
          <property key="TS_CREATED" class="long">1313143863177</property>
          <property key="UUID" class="string">6288e9e0-c4cb-11e0-89cc-4040b3ba88b7</property>
        </properties>
      </node>
      <node id="77">
        <properties>
          <property key="to" class="string">1995</property>
          <property key="from" class="string">1995</property>
          <property key="company" class="string">Farmakologiska Kliniken Lund</property>
          <property key="country" class="string">Sverige</property>
          <property key="TS_MODIFIED" class="long">1313144004006</property>
          <property key="name" class="string">Projektanställd vid Prövningsenheten</property>
          <property key="TS_CREATED" class="long">1313143920612</property>
          <property key="UUID" class="string">84c40940-c4cb-11e0-89cc-4040b3ba88b7</property>
        </properties>
      </node>
      <node id="78">
        <properties>
          <property key="description" class="string">MS Office</property>
          <property key="to" class="string">2005</property>
          <property key="TS_MODIFIED" class="long">1313143159648</property>
          <property key="name" class="string">Lexicon Datakurser</property>
          <property key="TS_CREATED" class="long">1313143129038</property>
          <property key="UUID" class="string">acf2aa90-c4c9-11e0-89cc-4040b3ba88b7</property>
        </properties>
      </node>
      <node id="79">
        <properties>
          <property key="assignments" class="string">Vikarie</property>
          <property key="to" class="string">2000</property>
          <property key="from" class="string">1999</property>
          <property key="company" class="string">NOVA-kliniken AB</property>
          <property key="country" class="string">Sverige</property>
          <property key="TS_MODIFIED" class="long">1313143773666</property>
          <property key="name" class="string">Sjuksköterska </property>
          <property key="TS_CREATED" class="long">1313143695335</property>
          <property key="UUID" class="string">fe7df3a0-c4ca-11e0-89cc-4040b3ba88b7</property>
        </properties>
      </node>
      <node id="72">
        <properties>
          <property key="to" class="string">2002</property>
          <property key="from" class="string">2001</property>
          <property key="company" class="string">Mediplast AB</property>
          <property key="country" class="string">Sverige</property>
          <property key="TS_MODIFIED" class="long">1313143640759</property>
          <property key="name" class="string">Produktspecialist</property>
          <property key="TS_CREATED" class="long">1313143549779</property>
          <property key="UUID" class="string">a7baf400-c4ca-11e0-89cc-4040b3ba88b7</property>
        </properties>
      </node>
      <node id="73">
        <properties>
          <property key="TS_MODIFIED" class="long">1303291408388</property>
          <property key="nodeClass" class="string">responsibility</property>
          <property key="TS_CREATED" class="long">1303291408378</property>
          <property key="UUID" class="string">d9d9cf00-6b2f-11e0-a2bc-4040b3ba88b7</property>
        </properties>
      </node>
      <node id="74">
        <properties>
          <property key="description" class="string">Folkuniversitetet Lund</property>
          <property key="to" class="string">1999</property>
          <property key="TS_MODIFIED" class="long">1313143272716</property>
          <property key="name" class="string">Repetitionskurs: Gymnasieengelska</property>
          <property key="TS_CREATED" class="long">1313143175136</property>
          <property key="UUID" class="string">c86ca9b0-c4c9-11e0-89cc-4040b3ba88b7</property>
        </properties>
      </node>
      <node id="75">
        <properties>
          <property key="assignments" class="string">IVA, vikarie</property>
          <property key="to" class="string">2000</property>
          <property key="from" class="string">1999</property>
          <property key="company" class="string">Ystad Lasarett</property>
          <property key="country" class="string">Sverige</property>
          <property key="TS_MODIFIED" class="long">1313143875817</property>
          <property key="name" class="string">Sjuksköterska</property>
          <property key="TS_CREATED" class="long">1313143774805</property>
          <property key="UUID" class="string">2ddc4390-c4cb-11e0-89cc-4040b3ba88b7</property>
        </properties>
      </node>
      <node id="85">
        <properties>
          <property key="TS_MODIFIED" class="long">1303294598332</property>
          <property key="nodeClass" class="string">responsibility</property>
          <property key="TS_CREATED" class="long">1303294598325</property>
          <property key="UUID" class="string">4734f0a0-6b37-11e0-a2bc-4040b3ba88b7</property>
        </properties>
      </node>
      <node id="84">
        <properties>
          <property key="to" class="string">1990</property>
          <property key="from" class="string">1987</property>
          <property key="company" class="string">Hemsjukvården Strömstad</property>
          <property key="country" class="string">Sverige</property>
          <property key="TS_MODIFIED" class="long">1313149199793</property>
          <property key="name" class="string">Distriktssköterska</property>
          <property key="TS_CREATED" class="long">1313149166279</property>
          <property key="UUID" class="string">bb6cd740-c4d7-11e0-89cc-4040b3ba88b7</property>
        </properties>
      </node>
      <node id="87">
        <properties>
          <property key="TS_MODIFIED" class="long">1303294644078</property>
          <property key="nodeClass" class="string">responsibility</property>
          <property key="TS_CREATED" class="long">1303294644072</property>
          <property key="UUID" class="string">6279d600-6b37-11e0-a2bc-4040b3ba88b7</property>
        </properties>
      </node>
      <node id="86">
        <properties>
          <property key="TS_MODIFIED" class="long">1303294609944</property>
          <property key="nodeClass" class="string">responsibility</property>
          <property key="TS_CREATED" class="long">1303294609937</property>
          <property key="UUID" class="string">4e2166a0-6b37-11e0-a2bc-4040b3ba88b7</property>
        </properties>
      </node>
      <node id="81">
        <properties>
          <property key="to" class="string">1997</property>
          <property key="from" class="string">1997</property>
          <property key="country" class="string">Sverige</property>
          <property key="name" class="string">Omvårdnad</property>
          <property key="TS_MODIFIED" class="long">1313148517320</property>
          <property key="level" class="string">Gymnasieskola eller motsvarande</property>
          <property key="TS_CREATED" class="long">1313148489854</property>
          <property key="UUID" class="string">283fa520-c4d6-11e0-89cc-4040b3ba88b7</property>
        </properties>
      </node>
      <node id="80">
        <properties>
          <property key="TS_MODIFIED" class="long">1303291575663</property>
          <property key="nodeClass" class="string">responsibility</property>
          <property key="TS_CREATED" class="long">1303291575656</property>
          <property key="UUID" class="string">3d8eb600-6b30-11e0-a2bc-4040b3ba88b7</property>
        </properties>
      </node>
      <node id="82">
        <properties>
          <property key="to" class="string">1980</property>
          <property key="TS_MODIFIED" class="long">1313143393794</property>
          <property key="name" class="string">EF Course Certificate</property>
          <property key="TS_CREATED" class="long">1313143367215</property>
          <property key="UUID" class="string">3ae85f20-c4ca-11e0-89cc-4040b3ba88b7</property>
        </properties>
      </node>
      <node id="93">
        <properties>
          <property key="to" class="string">2005</property>
          <property key="from" class="string">1998</property>
          <property key="company" class="string">Uddevalla Sjukhus</property>
          <property key="country" class="string">Sverige</property>
          <property key="TS_MODIFIED" class="long">1313149044303</property>
          <property key="name" class="string">Diabetessköterska</property>
          <property key="TS_CREATED" class="long">1313149010165</property>
          <property key="UUID" class="string">5e5dc050-c4d7-11e0-89cc-4040b3ba88b7</property>
        </properties>
      </node>
      <node id="92">
        <properties>
          <property key="assignments" class="string">MIVA</property>
          <property key="to" class="string">1989</property>
          <property key="from" class="string">1985</property>
          <property key="company" class="string">Lunds Lasarett</property>
          <property key="country" class="string">Sverige</property>
          <property key="TS_MODIFIED" class="long">1313144146898</property>
          <property key="name" class="string">Undersköterska</property>
          <property key="TS_CREATED" class="long">1313144118949</property>
          <property key="UUID" class="string">fafbdc50-c4cb-11e0-89cc-4040b3ba88b7</property>
        </properties>
      </node>
      <node id="95">
        <properties>
          <property key="to" class="string">2001</property>
          <property key="from" class="string">2000</property>
          <property key="country" class="string">Sverige</property>
          <property key="name" class="string">Arbets- och organisationspsykologi</property>
          <property key="TS_MODIFIED" class="long">1313148442211</property>
          <property key="level" class="string">Gymnasieskola eller motsvarande</property>
          <property key="TS_CREATED" class="long">1313148409170</property>
          <property key="UUID" class="string">f8283e60-c4d5-11e0-89cc-4040b3ba88b7</property>
        </properties>
      </node>
      <node id="94">
        <properties>
          <property key="to" class="string">2007</property>
          <property key="from" class="string">2005</property>
          <property key="trade" class="string"> </property>
          <property key="company" class="string">Roche Diagnostics AB</property>
          <property key="country" class="string">Sverige</property>
          <property key="TS_MODIFIED" class="long">1313149008295</property>
          <property key="name" class="string">Säljare</property>
          <property key="TS_CREATED" class="long">1313148973179</property>
          <property key="UUID" class="string">4853d060-c4d7-11e0-89cc-4040b3ba88b7</property>
        </properties>
      </node>
      <node id="89">
        <properties>
          <property key="TS_MODIFIED" class="long">1303294687688</property>
          <property key="nodeClass" class="string">responsibility</property>
          <property key="TS_CREATED" class="long">1303294687680</property>
          <property key="UUID" class="string">7c76f920-6b37-11e0-a2bc-4040b3ba88b7</property>
        </properties>
      </node>
      <node id="88">
        <properties>
          <property key="TS_MODIFIED" class="long">1303294659641</property>
          <property key="nodeClass" class="string">responsibility</property>
          <property key="TS_CREATED" class="long">1303294659634</property>
          <property key="UUID" class="string">6bc04190-6b37-11e0-a2bc-4040b3ba88b7</property>
        </properties>
      </node>
      <node id="91">
        <properties>
          <property key="TS_MODIFIED" class="long">1303294730614</property>
          <property key="nodeClass" class="string">responsibility</property>
          <property key="TS_CREATED" class="long">1303294730604</property>
          <property key="UUID" class="string">960d6b30-6b37-11e0-a2bc-4040b3ba88b7</property>
        </properties>
      </node>
      <node id="90">
        <properties>
          <property key="TS_MODIFIED" class="long">1303294704388</property>
          <property key="nodeClass" class="string">responsibility</property>
          <property key="TS_CREATED" class="long">1303294704379</property>
          <property key="UUID" class="string">866bcd20-6b37-11e0-a2bc-4040b3ba88b7</property>
        </properties>
      </node>
      <node id="102">
        <properties>
          <property key="TS_MODIFIED" class="long">1303295083017</property>
          <property key="nodeClass" class="string">responsibility</property>
          <property key="TS_CREATED" class="long">1303295083009</property>
          <property key="UUID" class="string">6819b250-6b38-11e0-a2bc-4040b3ba88b7</property>
        </properties>
      </node>
      <node id="103">
        <properties>
          <property key="to" class="string">1978</property>
          <property key="from" class="string">1977</property>
          <property key="country" class="string">Sverige</property>
          <property key="name" class="string">Vårdgymnasium</property>
          <property key="TS_MODIFIED" class="long">1313148641330</property>
          <property key="level" class="string">Gymnasieskola eller motsvarande</property>
          <property key="TS_CREATED" class="long">1313148622987</property>
          <property key="UUID" class="string">779a4800-c4d6-11e0-89cc-4040b3ba88b7</property>
        </properties>
      </node>
      <node id="100">
        <properties>
          <property key="TS_MODIFIED" class="long">1303295035150</property>
          <property key="nodeClass" class="string">responsibility</property>
          <property key="TS_CREATED" class="long">1303295035139</property>
          <property key="UUID" class="string">4b915070-6b38-11e0-a2bc-4040b3ba88b7</property>
        </properties>
      </node>
      <node id="101">
        <properties>
          <property key="to" class="string">1980</property>
          <property key="from" class="string">1979</property>
          <property key="country" class="string">Sverige</property>
          <property key="name" class="string">Sjuksköterskelinjen</property>
          <property key="TS_MODIFIED" class="long">1313148621809</property>
          <property key="level" class="string">Gymnasieskola eller motsvarande</property>
          <property key="TS_CREATED" class="long">1313148600009</property>
          <property key="UUID" class="string">68d8d0c0-c4d6-11e0-89cc-4040b3ba88b7</property>
        </properties>
      </node>
      <node id="98">
        <properties>
          <property key="TS_MODIFIED" class="long">1303294883571</property>
          <property key="nodeClass" class="string">responsibility</property>
          <property key="TS_CREATED" class="long">1303294883559</property>
          <property key="UUID" class="string">f1387fe0-6b37-11e0-a2bc-4040b3ba88b7</property>
        </properties>
      </node>
      <node id="99">
        <properties>
          <property key="TS_MODIFIED" class="long">1303294998303</property>
          <property key="nodeClass" class="string">responsibility</property>
          <property key="TS_CREATED" class="long">1303294998294</property>
          <property key="UUID" class="string">3599fe20-6b38-11e0-a2bc-4040b3ba88b7</property>
        </properties>
      </node>
      <node id="96">
        <properties>
          <property key="TS_MODIFIED" class="long">1303294858819</property>
          <property key="nodeClass" class="string">responsibility</property>
          <property key="TS_CREATED" class="long">1303294858812</property>
          <property key="UUID" class="string">e2788f40-6b37-11e0-a2bc-4040b3ba88b7</property>
        </properties>
      </node>
      <node id="97">
        <properties>
          <property key="TS_MODIFIED" class="long">1303294866335</property>
          <property key="nodeClass" class="string">responsibility</property>
          <property key="TS_CREATED" class="long">1303294866326</property>
          <property key="UUID" class="string">e6f31ae0-6b37-11e0-a2bc-4040b3ba88b7</property>
        </properties>
      </node>
      <node id="110">
        <properties>
          <property key="TS_MODIFIED" class="long">1303295245181</property>
          <property key="nodeClass" class="string">responsibility</property>
          <property key="TS_CREATED" class="long">1303295245174</property>
          <property key="UUID" class="string">c8c291d0-6b38-11e0-a2bc-4040b3ba88b7</property>
        </properties>
      </node>
      <node id="111">
        <properties>
          <property key="description" class="string">Divisionschef Peder Sandqvist</property>
          <property key="nodeClass" class="string">unit</property>
          <property key="name" class="string">Division Diabetes</property>
          <property key="TS_MODIFIED" class="long">1303295866145</property>
          <property key="TS_CREATED" class="long">1303295598723</property>
          <property key="UUID" class="string">9b7ddda0-6b39-11e0-a2bc-4040b3ba88b7</property>
        </properties>
      </node>
      <node id="108">
        <properties>
          <property key="description" class="string">Division Diabetes</property>
          <property key="name" class="string">Säljare / Diabetes 3</property>
          <property key="TS_MODIFIED" class="long">1303295214195</property>
          <property key="employee" class="string">Välj...</property>
          <property key="TS_CREATED" class="long">1303284636720</property>
          <property key="UUID" class="string">b1f44070-6b38-11e0-a2bc-4040b3ba88b7</property>
        </properties>
      </node>
      <node id="109">
        <properties>
          <property key="TS_MODIFIED" class="long">1303295207368</property>
          <property key="nodeClass" class="string">responsibility</property>
          <property key="TS_CREATED" class="long">1303295207361</property>
          <property key="UUID" class="string">b238ea90-6b38-11e0-a2bc-4040b3ba88b7</property>
        </properties>
      </node>
      <node id="106">
        <properties>
          <property key="TS_MODIFIED" class="long">1303295153413</property>
          <property key="nodeClass" class="string">responsibility</property>
          <property key="TS_CREATED" class="long">1303295153406</property>
          <property key="UUID" class="string">92100960-6b38-11e0-a2bc-4040b3ba88b7</property>
        </properties>
      </node>
      <node id="107">
        <properties>
          <property key="TS_MODIFIED" class="long">1303295188645</property>
          <property key="nodeClass" class="string">responsibility</property>
          <property key="TS_CREATED" class="long">1303295188638</property>
          <property key="UUID" class="string">a7100360-6b38-11e0-a2bc-4040b3ba88b7</property>
        </properties>
      </node>
      <node id="104">
        <properties>
          <property key="TS_MODIFIED" class="long">1303295108192</property>
          <property key="nodeClass" class="string">responsibility</property>
          <property key="TS_CREATED" class="long">1303295108184</property>
          <property key="UUID" class="string">771bdc10-6b38-11e0-a2bc-4040b3ba88b7</property>
        </properties>
      </node>
      <node id="105">
        <properties>
          <property key="TS_MODIFIED" class="long">1303295116384</property>
          <property key="nodeClass" class="string">responsibility</property>
          <property key="TS_CREATED" class="long">1303295116377</property>
          <property key="UUID" class="string">7bfddc10-6b38-11e0-a2bc-4040b3ba88b7</property>
        </properties>
      </node>
      <node id="119">
        <properties>
          <property key="TS_CREATED" class="long">1303297442592</property>
          <property key="UUID" class="string">e685f270-6b3d-11e0-a2bc-4040b3ba88b7</property>
        </properties>
      </node>
      <node id="118">
        <properties>
          <property key="TS_MODIFIED" class="long">1303297222761</property>
          <property key="nodeClass" class="string">workexperience</property>
          <property key="TS_CREATED" class="long">1303297222751</property>
          <property key="UUID" class="string">637cb850-6b3d-11e0-a2bc-4040b3ba88b7</property>
        </properties>
      </node>
      <node id="117">
        <properties>
          <property key="TS_MODIFIED" class="long">1303297222559</property>
          <property key="nodeClass" class="string">language</property>
          <property key="TS_CREATED" class="long">1303297222550</property>
          <property key="UUID" class="string">635e33d0-6b3d-11e0-a2bc-4040b3ba88b7</property>
        </properties>
      </node>
      <node id="116">
        <properties>
          <property key="TS_MODIFIED" class="long">1303297222486</property>
          <property key="nodeClass" class="string">course</property>
          <property key="TS_CREATED" class="long">1303297222478</property>
          <property key="UUID" class="string">63535e60-6b3d-11e0-a2bc-4040b3ba88b7</property>
        </properties>
      </node>
      <node id="115">
        <properties>
          <property key="TS_MODIFIED" class="long">1303297222424</property>
          <property key="nodeClass" class="string">education</property>
          <property key="TS_CREATED" class="long">1303297222417</property>
          <property key="UUID" class="string">6349e880-6b3d-11e0-a2bc-4040b3ba88b7</property>
        </properties>
      </node>
      <node id="114">
        <properties>
          <property key="UUID" class="string">475477d0-6b3d-11e0-a2bc-4040b3ba88b7</property>
          <property key="TS_CREATED" class="long">1303297175511</property>
          <property key="username" class="string">Mats Bergryd</property>
          <property key="TS_MODIFIED" class="long">1303297352519</property>
          <property key="password" class="string">1b4f0e9851971998e732078544c96b36c3d01cedf7caa332359d6f1d83567014</property>
          <property key="phone" class="string">08-601 24 41</property>
          <property key="email" class="string">mats.bergryd@infucare.se</property>
          <property key="city" class="string">SALTSJÖBADEN</property>
          <property key="address" class="string">Älgövägen 22</property>
          <property key="country" class="string">Sverige</property>
          <property key="nodeClass" class="string">employee</property>
          <property key="authorization" class="string">false</property>
          <property key="employment" class="string">Välj...</property>
          <property key="own-result-responsibility" class="string">false</property>
          <property key="function" class="string">Välj...</property>
          <property key="firstname" class="string">Mats</property>
          <property key="gender" class="string">M</property>
          <property key="nationality" class="string">Svensk</property>
          <property key="executive" class="string">false</property>
          <property key="payment-form" class="string">Välj...</property>
          <property key="dismissal-period-employee" class="string">Välj...</property>
          <property key="dismissal-period-employer" class="string">0</property>
          <property key="budget-responsibility" class="string">false</property>
          <property key="zip" class="string">133 36</property>
          <property key="employmentid" class="string">100</property>
          <property key="lastname" class="string">Bergryd</property>
          <property key="cell" class="string">070- 690 91 21</property>
        </properties>
      </node>
      <node id="113">
        <properties>
          <property key="description" class="string">Ekonomichef Kerstin Widman</property>
          <property key="nodeClass" class="string">unit</property>
          <property key="name" class="string">Administration</property>
          <property key="TS_MODIFIED" class="long">1303297018285</property>
          <property key="manager" class="string">Välj...</property>
          <property key="TS_CREATED" class="long">1303296973727</property>
          <property key="UUID" class="string">cf0ed360-6b3c-11e0-a2bc-4040b3ba88b7</property>
        </properties>
      </node>
      <node id="112">
        <properties>
          <property key="description" class="string">Divisionschef Per-Åke Niska</property>
          <property key="nodeClass" class="string">unit</property>
          <property key="name" class="string">Division Special Care</property>
          <property key="TS_MODIFIED" class="long">1303296965379</property>
          <property key="manager" class="string">Välj...</property>
          <property key="TS_CREATED" class="long">1303296948301</property>
          <property key="UUID" class="string">bfe76e60-6b3c-11e0-a2bc-4040b3ba88b7</property>
        </properties>
      </node>
      <node id="127">
        <properties>
          <property key="TS_MODIFIED" class="long">1303297693425</property>
          <property key="nodeClass" class="string">workexperience</property>
          <property key="TS_CREATED" class="long">1303297693417</property>
          <property key="UUID" class="string">7c06a6f0-6b3e-11e0-a2bc-4040b3ba88b7</property>
        </properties>
      </node>
      <node id="126">
        <properties>
          <property key="TS_MODIFIED" class="long">1303297693372</property>
          <property key="nodeClass" class="string">language</property>
          <property key="TS_CREATED" class="long">1303297693363</property>
          <property key="UUID" class="string">7bfe90a0-6b3e-11e0-a2bc-4040b3ba88b7</property>
        </properties>
      </node>
      <node id="125">
        <properties>
          <property key="TS_MODIFIED" class="long">1303297693323</property>
          <property key="nodeClass" class="string">course</property>
          <property key="TS_CREATED" class="long">1303297693315</property>
          <property key="UUID" class="string">7bf71690-6b3e-11e0-a2bc-4040b3ba88b7</property>
        </properties>
      </node>
      <node id="124">
        <properties>
          <property key="TS_MODIFIED" class="long">1303297693271</property>
          <property key="nodeClass" class="string">education</property>
          <property key="TS_CREATED" class="long">1303297693264</property>
          <property key="UUID" class="string">7bef4e60-6b3e-11e0-a2bc-4040b3ba88b7</property>
        </properties>
      </node>
      <node id="123">
        <properties>
          <property key="TS_MODIFIED" class="long">1303297451557</property>
          <property key="nodeClass" class="string">workexperience</property>
          <property key="TS_CREATED" class="long">1303297451551</property>
          <property key="UUID" class="string">ebdd2270-6b3d-11e0-a2bc-4040b3ba88b7</property>
        </properties>
      </node>
      <node id="122">
        <properties>
          <property key="TS_MODIFIED" class="long">1303297451351</property>
          <property key="nodeClass" class="string">language</property>
          <property key="TS_CREATED" class="long">1303297451339</property>
          <property key="UUID" class="string">ebbc7b10-6b3d-11e0-a2bc-4040b3ba88b7</property>
        </properties>
      </node>
      <node id="121">
        <properties>
          <property key="TS_MODIFIED" class="long">1303297451295</property>
          <property key="nodeClass" class="string">course</property>
          <property key="TS_CREATED" class="long">1303297451286</property>
          <property key="UUID" class="string">ebb48bd0-6b3d-11e0-a2bc-4040b3ba88b7</property>
        </properties>
      </node>
      <node id="120">
        <properties>
          <property key="TS_MODIFIED" class="long">1303297450970</property>
          <property key="nodeClass" class="string">education</property>
          <property key="TS_CREATED" class="long">1303297450963</property>
          <property key="UUID" class="string">eb8342a0-6b3d-11e0-a2bc-4040b3ba88b7</property>
        </properties>
      </node>
      <node id="137">
        <properties>
          <property key="TS_MODIFIED" class="long">1303304143803</property>
          <property key="nodeClass" class="string">language</property>
          <property key="TS_CREATED" class="long">1303304143796</property>
          <property key="UUID" class="string">80bf7640-6b4d-11e0-a2bc-4040b3ba88b7</property>
        </properties>
      </node>
      <node id="136">
        <properties>
          <property key="TS_MODIFIED" class="long">1303304143742</property>
          <property key="nodeClass" class="string">course</property>
          <property key="TS_CREATED" class="long">1303304143732</property>
          <property key="UUID" class="string">80b62770-6b4d-11e0-a2bc-4040b3ba88b7</property>
        </properties>
      </node>
      <node id="139">
        <properties>
          <property key="TS_CREATED" class="long">1303304247410</property>
          <property key="UUID" class="string">be82c590-6b4d-11e0-a2bc-4040b3ba88b7</property>
        </properties>
      </node>
      <node id="138">
        <properties>
          <property key="TS_MODIFIED" class="long">1303304143863</property>
          <property key="nodeClass" class="string">workexperience</property>
          <property key="TS_CREATED" class="long">1303304143856</property>
          <property key="UUID" class="string">80c9d680-6b4d-11e0-a2bc-4040b3ba88b7</property>
        </properties>
      </node>
      <node id="141">
        <properties>
          <property key="TS_MODIFIED" class="long">1303304276292</property>
          <property key="nodeClass" class="string">education</property>
          <property key="TS_CREATED" class="long">1303304276282</property>
          <property key="UUID" class="string">cfb7add0-6b4d-11e0-a2bc-4040b3ba88b7</property>
        </properties>
      </node>
      <node id="140">
        <properties>
          <property key="UUID" class="string">c54c2330-6b4d-11e0-a2bc-4040b3ba88b7</property>
          <property key="TS_CREATED" class="long">1303304258798</property>
          <property key="username" class="string">Kerstin Widman</property>
          <property key="TS_MODIFIED" class="long">1303304331153</property>
          <property key="password" class="string">a4e624d686e03ed2767c0abd85c14426b0b1157d2ce81d27bb4fe4f6f01d688a</property>
          <property key="phone" class="string">08-601 24 44</property>
          <property key="email" class="string">kerstin.widman@infucare.se</property>
          <property key="city" class="string">Bromma</property>
          <property key="address" class="string">Hågavägen 32</property>
          <property key="country" class="string">Sverige</property>
          <property key="nodeClass" class="string">employee</property>
          <property key="authorization" class="string">false</property>
          <property key="employment" class="string">Välj...</property>
          <property key="own-result-responsibility" class="string">false</property>
          <property key="function" class="string">Välj...</property>
          <property key="firstname" class="string">Kerstin</property>
          <property key="gender" class="string">F</property>
          <property key="nationality" class="string">Svensk</property>
          <property key="executive" class="string">false</property>
          <property key="payment-form" class="string">Välj...</property>
          <property key="dismissal-period-employee" class="string">Välj...</property>
          <property key="dismissal-period-employer" class="string">0</property>
          <property key="budget-responsibility" class="string">false</property>
          <property key="zip" class="string">16854</property>
          <property key="lastname" class="string">Widman</property>
          <property key="cell" class="string">0707-30 26 07 Privat</property>
        </properties>
      </node>
      <node id="143">
        <properties>
          <property key="TS_MODIFIED" class="long">1303304276403</property>
          <property key="nodeClass" class="string">language</property>
          <property key="TS_CREATED" class="long">1303304276396</property>
          <property key="UUID" class="string">cfc9d640-6b4d-11e0-a2bc-4040b3ba88b7</property>
        </properties>
      </node>
      <node id="142">
        <properties>
          <property key="TS_MODIFIED" class="long">1303304276346</property>
          <property key="nodeClass" class="string">course</property>
          <property key="TS_CREATED" class="long">1303304276339</property>
          <property key="UUID" class="string">cfc123b0-6b4d-11e0-a2bc-4040b3ba88b7</property>
        </properties>
      </node>
      <node id="129">
        <properties>
          <property key="TS_MODIFIED" class="long">1303297798371</property>
          <property key="nodeClass" class="string">education</property>
          <property key="TS_CREATED" class="long">1303297798361</property>
          <property key="UUID" class="string">ba93aee0-6b3e-11e0-a2bc-4040b3ba88b7</property>
        </properties>
      </node>
      <node id="128">
        <properties>
          <property key="UUID" class="string">87c11fc0-6b3e-11e0-a2bc-4040b3ba88b7</property>
          <property key="TS_CREATED" class="long">1303297713095</property>
          <property key="username" class="string">Eva Arekrans</property>
          <property key="TS_MODIFIED" class="long">1303297852397</property>
          <property key="password" class="string">60303ae22b998861bce3b28f33eec1be758a213c86c93c076dbe9f558c11c752</property>
          <property key="phone" class="string">08-601 24 45</property>
          <property key="email" class="string">eva.arekrans@infucare.se</property>
          <property key="city" class="string">Huddinge</property>
          <property key="address" class="string">Myrängsvägen 92</property>
          <property key="country" class="string">Sverige</property>
          <property key="nodeClass" class="string">employee</property>
          <property key="authorization" class="string">false</property>
          <property key="employment" class="string">Välj...</property>
          <property key="own-result-responsibility" class="string">false</property>
          <property key="function" class="string">Välj...</property>
          <property key="firstname" class="string">Eva</property>
          <property key="gender" class="string">F</property>
          <property key="nationality" class="string">Svensk</property>
          <property key="executive" class="string">false</property>
          <property key="payment-form" class="string">Välj...</property>
          <property key="dismissal-period-employee" class="string">Välj...</property>
          <property key="dismissal-period-employer" class="string">0</property>
          <property key="budget-responsibility" class="string">false</property>
          <property key="zip" class="string">141 37</property>
          <property key="employmentid" class="string">150</property>
          <property key="lastname" class="string">Arekrans</property>
          <property key="cell" class="string">070-7772080 Privat</property>
        </properties>
      </node>
      <node id="131">
        <properties>
          <property key="TS_MODIFIED" class="long">1303297798885</property>
          <property key="nodeClass" class="string">language</property>
          <property key="TS_CREATED" class="long">1303297798865</property>
          <property key="UUID" class="string">bae10b90-6b3e-11e0-a2bc-4040b3ba88b7</property>
        </properties>
      </node>
      <node id="130">
        <properties>
          <property key="TS_MODIFIED" class="long">1303297798823</property>
          <property key="nodeClass" class="string">course</property>
          <property key="TS_CREATED" class="long">1303297798816</property>
          <property key="UUID" class="string">ba9b5000-6b3e-11e0-a2bc-4040b3ba88b7</property>
        </properties>
      </node>
      <node id="133">
        <properties>
          <property key="TS_CREATED" class="long">1303297882814</property>
          <property key="UUID" class="string">ecea7e50-6b3e-11e0-a2bc-4040b3ba88b7</property>
        </properties>
      </node>
      <node id="132">
        <properties>
          <property key="TS_MODIFIED" class="long">1303297799119</property>
          <property key="nodeClass" class="string">workexperience</property>
          <property key="TS_CREATED" class="long">1303297799111</property>
          <property key="UUID" class="string">bb066de0-6b3e-11e0-a2bc-4040b3ba88b7</property>
        </properties>
      </node>
      <node id="135">
        <properties>
          <property key="TS_MODIFIED" class="long">1303304143690</property>
          <property key="nodeClass" class="string">education</property>
          <property key="TS_CREATED" class="long">1303304143669</property>
          <property key="UUID" class="string">80ad26c0-6b4d-11e0-a2bc-4040b3ba88b7</property>
        </properties>
      </node>
      <node id="134">
        <properties>
          <property key="UUID" class="string">769c8d60-6b4d-11e0-a2bc-4040b3ba88b7</property>
          <property key="TS_CREATED" class="long">1303304126782</property>
          <property key="username" class="string">Jane Schörling</property>
          <property key="TS_MODIFIED" class="long">1303304226193</property>
          <property key="password" class="string">fd61a03af4f77d870fc21e05e7e80678095c92d808cfb3b5c279ee04c74aca13</property>
          <property key="phone" class="string">08-601 24 47</property>
          <property key="email" class="string">070-752 68 12 Privat</property>
          <property key="city" class="string">SALTSJÖ-BOO</property>
          <property key="address" class="string">Perstorpsvägen 5</property>
          <property key="country" class="string">Sverige</property>
          <property key="nodeClass" class="string">employee</property>
          <property key="authorization" class="string">false</property>
          <property key="employment" class="string">Välj...</property>
          <property key="own-result-responsibility" class="string">false</property>
          <property key="function" class="string">Välj...</property>
          <property key="firstname" class="string">Jane</property>
          <property key="gender" class="string">F</property>
          <property key="nationality" class="string">Svensk</property>
          <property key="executive" class="string">false</property>
          <property key="payment-form" class="string">Välj...</property>
          <property key="dismissal-period-employee" class="string">Välj...</property>
          <property key="dismissal-period-employer" class="string">0</property>
          <property key="budget-responsibility" class="string">false</property>
          <property key="zip" class="string">132 36</property>
          <property key="employmentid" class="string">121</property>
          <property key="lastname" class="string">Schörling</property>
          <property key="cell" class="string">070-752 68 12 Privat</property>
        </properties>
      </node>
      <node id="152">
        <properties>
          <property key="UUID" class="string">42a96120-6b4f-11e0-a2bc-4040b3ba88b7</property>
          <property key="TS_CREATED" class="long">1303304898618</property>
          <property key="username" class="string">Magnus Tottie</property>
          <property key="TS_MODIFIED" class="long">1313164103132</property>
          <property key="password" class="string">ed0cb90bdfa4f93981a7d03cff99213a86aa96a6cbcf89ec5e8889871f088727</property>
          <property key="phone" class="string">08-601 24 48</property>
          <property key="email" class="string">magnus.tottie@infucare.se</property>
          <property key="city" class="string">VAXHOLM</property>
          <property key="address" class="string">Oxelslingan 2</property>
          <property key="country" class="string">Sverige</property>
          <property key="nodeClass" class="string">employee</property>
          <property key="authorization" class="string">false</property>
          <property key="employment" class="string">Välj...</property>
          <property key="own-result-responsibility" class="string">false</property>
          <property key="function" class="string">34</property>
          <property key="firstname" class="string">Magnus</property>
          <property key="gender" class="string">M</property>
          <property key="nationality" class="string">Svensk</property>
          <property key="executive" class="string">false</property>
          <property key="payment-form" class="string">Välj...</property>
          <property key="dismissal-period-employee" class="string">Välj...</property>
          <property key="dismissal-period-employer" class="string">0</property>
          <property key="budget-responsibility" class="string">false</property>
          <property key="zip" class="string">185 39</property>
          <property key="employmentid" class="string">170</property>
          <property key="lastname" class="string">Tottie</property>
          <property key="cell" class="string">070-616 24 40</property>
          <property key="fromdate" class="string">2006</property>
        </properties>
      </node>
      <node id="153">
        <properties>
          <property key="UUID" class="string">5727f620-6b4f-11e0-a2bc-4040b3ba88b7</property>
          <property key="TS_CREATED" class="long">1303304933003</property>
          <property key="TS_MODIFIED" class="long">1313164908176</property>
          <property key="level" class="string">Gymnasieskola eller motsvarande</property>
          <property key="direction" class="string">Industrial Marketing</property>
          <property key="name" class="string">Masterexamen Ekonomi</property>
          <property key="to" class="string">1998</property>
          <property key="description" class="string">Karlstad Universitet</property>
          <property key="from" class="string">1996</property>
          <property key="country" class="string">Sverige</property>
          <property key="nodeClass" class="string">education</property>
        </properties>
      </node>
      <node id="154">
        <properties>
          <property key="description" class="string">Mercuri International</property>
          <property key="to" class="string">2004</property>
          <property key="from" class="string">2003</property>
          <property key="name" class="string">Målorienterad Sales Management</property>
          <property key="TS_MODIFIED" class="long">1313165421066</property>
          <property key="nodeClass" class="string">course</property>
          <property key="TS_CREATED" class="long">1303304933063</property>
          <property key="UUID" class="string">573144f0-6b4f-11e0-a2bc-4040b3ba88b7</property>
        </properties>
      </node>
      <node id="155">
        <properties>
          <property key="language" class="string">Engelska</property>
          <property key="spoken" class="string">God</property>
          <property key="written" class="string">God</property>
          <property key="TS_MODIFIED" class="long">1313165730142</property>
          <property key="nodeClass" class="string">language</property>
          <property key="TS_CREATED" class="long">1303304933124</property>
          <property key="UUID" class="string">5739f780-6b4f-11e0-a2bc-4040b3ba88b7</property>
        </properties>
      </node>
      <node id="156">
        <properties>
          <property key="UUID" class="string">5741bfb0-6b4f-11e0-a2bc-4040b3ba88b7</property>
          <property key="TS_CREATED" class="long">1303304933173</property>
          <property key="TS_MODIFIED" class="long">1313166009487</property>
          <property key="name" class="string">Country Manager</property>
          <property key="to" class="string">2003</property>
          <property key="from" class="string">2003</property>
          <property key="company" class="string">Bayer</property>
          <property key="country" class="string">Sverige</property>
          <property key="assignments" class="string">Sverigeansvarig för Diabetes Care Division. Huvudansvarig för kostader/intäkter. Ansvar för sju säljare, marknadsassistent, kundsupport och produktspecialist.</property>
          <property key="nodeClass" class="string">workexperience</property>
        </properties>
      </node>
      <node id="157">
        <properties>
          <property key="TS_CREATED" class="long">1303305012119</property>
          <property key="UUID" class="string">864ff3d0-6b4f-11e0-a2bc-4040b3ba88b7</property>
        </properties>
      </node>
      <node id="158">
        <properties>
          <property key="UUID" class="string">89a11aa0-6b4f-11e0-a2bc-4040b3ba88b7</property>
          <property key="TS_CREATED" class="long">1303305017684</property>
          <property key="username" class="string">Ylva Andersson</property>
          <property key="TS_MODIFIED" class="long">1303305093393</property>
          <property key="password" class="string">bd7c911264aae15b66d4291b6850829aa96986b1d3ead34d1fdbfef27056c112</property>
          <property key="phone" class="string">08-601 24 45</property>
          <property key="email" class="string">ylva.andersson@infucare.se</property>
          <property key="city" class="string">DJURHAMN</property>
          <property key="address" class="string">Kantarellstigen 32</property>
          <property key="country" class="string">Sverige</property>
          <property key="nodeClass" class="string">employee</property>
          <property key="authorization" class="string">false</property>
          <property key="employment" class="string">Välj...</property>
          <property key="own-result-responsibility" class="string">false</property>
          <property key="function" class="string">Välj...</property>
          <property key="firstname" class="string">Ylva</property>
          <property key="gender" class="string">F</property>
          <property key="nationality" class="string">Svensk</property>
          <property key="executive" class="string">false</property>
          <property key="payment-form" class="string">Välj...</property>
          <property key="dismissal-period-employee" class="string">Välj...</property>
          <property key="dismissal-period-employer" class="string">0</property>
          <property key="budget-responsibility" class="string">false</property>
          <property key="zip" class="string">130 40</property>
          <property key="employmentid" class="string">131</property>
          <property key="lastname" class="string">Andersson</property>
          <property key="cell" class="string">070-764 46 79</property>
        </properties>
      </node>
      <node id="159">
        <properties>
          <property key="TS_MODIFIED" class="long">1303305036553</property>
          <property key="nodeClass" class="string">education</property>
          <property key="TS_CREATED" class="long">1303305036544</property>
          <property key="UUID" class="string">94dec250-6b4f-11e0-a2bc-4040b3ba88b7</property>
        </properties>
      </node>
      <node id="144">
        <properties>
          <property key="TS_MODIFIED" class="long">1303304276688</property>
          <property key="nodeClass" class="string">workexperience</property>
          <property key="TS_CREATED" class="long">1303304276680</property>
          <property key="UUID" class="string">cff504f0-6b4d-11e0-a2bc-4040b3ba88b7</property>
        </properties>
      </node>
      <node id="145">
        <properties>
          <property key="TS_CREATED" class="long">1303304340586</property>
          <property key="UUID" class="string">f60c2600-6b4d-11e0-a2bc-4040b3ba88b7</property>
        </properties>
      </node>
      <node id="146">
        <properties>
          <property key="UUID" class="string">f9201cc0-6b4d-11e0-a2bc-4040b3ba88b7</property>
          <property key="TS_CREATED" class="long">1303304345775</property>
          <property key="username" class="string">Mattias Nordcrantz</property>
          <property key="TS_MODIFIED" class="long">1304501400145</property>
          <property key="password" class="string">a140c0c1eda2def2b830363ba362aa4d7d255c262960544821f556e16661b6ff</property>
          <property key="phone" class="string">070-747 23 55</property>
          <property key="email" class="string">mattias.nordcrantz@infucare.se</property>
          <property key="city" class="string">SALTSJÖ BOO</property>
          <property key="address" class="string">Grindavägen 12</property>
          <property key="country" class="string">Sverige</property>
          <property key="nodeClass" class="string">employee</property>
          <property key="authorization" class="string">false</property>
          <property key="employment" class="string">Välj...</property>
          <property key="own-result-responsibility" class="string">false</property>
          <property key="function" class="string">19</property>
          <property key="firstname" class="string">Mattias</property>
          <property key="gender" class="string">M</property>
          <property key="nationality" class="string">Svensk</property>
          <property key="executive" class="string">false</property>
          <property key="payment-form" class="string">Välj...</property>
          <property key="dismissal-period-employee" class="string">Välj...</property>
          <property key="dismissal-period-employer" class="string">0</property>
          <property key="budget-responsibility" class="string">false</property>
          <property key="zip" class="string">132 34</property>
          <property key="employmentid" class="string">200</property>
          <property key="lastname" class="string">Nordcrantz</property>
          <property key="cell" class="string">070-747 23 55</property>
        </properties>
      </node>
      <node id="147">
        <properties>
          <property key="TS_MODIFIED" class="long">1303304360062</property>
          <property key="nodeClass" class="string">education</property>
          <property key="TS_CREATED" class="long">1303304360054</property>
          <property key="UUID" class="string">01a6e1d0-6b4e-11e0-a2bc-4040b3ba88b7</property>
        </properties>
      </node>
      <node id="148">
        <properties>
          <property key="TS_MODIFIED" class="long">1303304360115</property>
          <property key="nodeClass" class="string">course</property>
          <property key="TS_CREATED" class="long">1303304360101</property>
          <property key="UUID" class="string">01ae0dc0-6b4e-11e0-a2bc-4040b3ba88b7</property>
        </properties>
      </node>
      <node id="149">
        <properties>
          <property key="TS_MODIFIED" class="long">1303304360170</property>
          <property key="nodeClass" class="string">language</property>
          <property key="TS_CREATED" class="long">1303304360164</property>
          <property key="UUID" class="string">01b783a0-6b4e-11e0-a2bc-4040b3ba88b7</property>
        </properties>
      </node>
      <node id="150">
        <properties>
          <property key="TS_MODIFIED" class="long">1303304360471</property>
          <property key="nodeClass" class="string">workexperience</property>
          <property key="TS_CREATED" class="long">1303304360464</property>
          <property key="UUID" class="string">01e59880-6b4e-11e0-a2bc-4040b3ba88b7</property>
        </properties>
      </node>
      <node id="151">
        <properties>
          <property key="TS_CREATED" class="long">1303304888375</property>
          <property key="UUID" class="string">3c8e6bf0-6b4f-11e0-a2bc-4040b3ba88b7</property>
        </properties>
      </node>
      <node id="170">
        <properties>
          <property key="TS_MODIFIED" class="long">1303305425492</property>
          <property key="nodeClass" class="string">workexperience</property>
          <property key="TS_CREATED" class="long">1303305425484</property>
          <property key="UUID" class="string">7cb2c040-6b50-11e0-a2bc-4040b3ba88b7</property>
        </properties>
      </node>
      <node id="169">
        <properties>
          <property key="TS_MODIFIED" class="long">1303305425309</property>
          <property key="nodeClass" class="string">language</property>
          <property key="TS_CREATED" class="long">1303305425302</property>
          <property key="UUID" class="string">7c96fae0-6b50-11e0-a2bc-4040b3ba88b7</property>
        </properties>
      </node>
      <node id="168">
        <properties>
          <property key="TS_MODIFIED" class="long">1303305425260</property>
          <property key="nodeClass" class="string">course</property>
          <property key="TS_CREATED" class="long">1303305425253</property>
          <property key="UUID" class="string">7c8f32b0-6b50-11e0-a2bc-4040b3ba88b7</property>
        </properties>
      </node>
      <node id="175">
        <properties>
          <property key="TS_MODIFIED" class="long">1303305484626</property>
          <property key="nodeClass" class="string">language</property>
          <property key="TS_CREATED" class="long">1303305484619</property>
          <property key="UUID" class="string">9ff1e220-6b50-11e0-a2bc-4040b3ba88b7</property>
        </properties>
      </node>
      <node id="174">
        <properties>
          <property key="description" class="string">Steg 1-2, Mercuri</property>
          <property key="to" class="string">2007</property>
          <property key="from" class="string">2007</property>
          <property key="name" class="string">Målstyrning och strategi i säljarbetet</property>
          <property key="TS_MODIFIED" class="long">1313148724969</property>
          <property key="nodeClass" class="string">course</property>
          <property key="TS_CREATED" class="long">1303305484570</property>
          <property key="UUID" class="string">9fea6810-6b50-11e0-a2bc-4040b3ba88b7</property>
        </properties>
      </node>
      <node id="173">
        <properties>
          <property key="from" class="string">2003</property>
          <property key="to" class="string">2003</property>
          <property key="country" class="string">Sverige</property>
          <property key="name" class="string">Omvårdnad</property>
          <property key="level" class="string">Gymnasieskola eller motsvarande</property>
          <property key="TS_MODIFIED" class="long">1313148407459</property>
          <property key="nodeClass" class="string">education</property>
          <property key="TS_CREATED" class="long">1303305484522</property>
          <property key="UUID" class="string">9fe2ee00-6b50-11e0-a2bc-4040b3ba88b7</property>
        </properties>
      </node>
      <node id="172">
        <properties>
          <property key="UUID" class="string">993d9320-6b50-11e0-a2bc-4040b3ba88b7</property>
          <property key="TS_CREATED" class="long">1303305473376</property>
          <property key="username" class="string">Pia Hanås</property>
          <property key="TS_MODIFIED" class="long">1313149415622</property>
          <property key="password" class="string">1f9bfeb15fee8a10c4d0711c7eb0c083962123e1918e461b6a508e7146c189b2</property>
          <property key="phone" class="string">076-138 00 29</property>
          <property key="email" class="string">pia.hanas@infucare.se</property>
          <property key="city" class="string">MUNKEDAL</property>
          <property key="address" class="string">Stalevägen 82 A</property>
          <property key="country" class="string">Sverige</property>
          <property key="nodeClass" class="string">employee</property>
          <property key="authorization" class="string">false</property>
          <property key="employment" class="string">Välj...</property>
          <property key="own-result-responsibility" class="string">false</property>
          <property key="function" class="string">39</property>
          <property key="firstname" class="string">Pia</property>
          <property key="gender" class="string">F</property>
          <property key="nationality" class="string">Svensk</property>
          <property key="executive" class="string">false</property>
          <property key="payment-form" class="string">Välj...</property>
          <property key="dismissal-period-employee" class="string">Välj...</property>
          <property key="dismissal-period-employer" class="string">0</property>
          <property key="budget-responsibility" class="string">false</property>
          <property key="zip" class="string">455 34</property>
          <property key="employmentid" class="string">152</property>
          <property key="lastname" class="string">Hanås</property>
          <property key="cell" class="string">076-138 00 29</property>
          <property key="fromdate" class="string">2007</property>
          <property key="birthday" class="string">600621</property>
          <property key="civic" class="string">600621-4842</property>
          <property key="military-service" class="string">
</property>
          <property key="additional-experience" class="string">- Ledare Diabetesläger 1990-2007

- Huvudledare Diabetesgruppen Stadium Sports Camp 2006-2007

- Ledare Rössö damfotboll 2001-2003

- Ordförande Unga Reumatiker i Bohuslän 2000-2004

- Ledare Friluftsfrämjandet 1988-1995
</property>
        </properties>
      </node>
      <node id="163">
        <properties>
          <property key="TS_CREATED" class="long">1303305258435</property>
          <property key="UUID" class="string">1920a380-6b50-11e0-a2bc-4040b3ba88b7</property>
        </properties>
      </node>
      <node id="162">
        <properties>
          <property key="TS_MODIFIED" class="long">1303305036779</property>
          <property key="nodeClass" class="string">workexperience</property>
          <property key="TS_CREATED" class="long">1303305036771</property>
          <property key="UUID" class="string">9501dab0-6b4f-11e0-a2bc-4040b3ba88b7</property>
        </properties>
      </node>
      <node id="161">
        <properties>
          <property key="TS_MODIFIED" class="long">1303305036651</property>
          <property key="nodeClass" class="string">language</property>
          <property key="TS_CREATED" class="long">1303305036644</property>
          <property key="UUID" class="string">94ee79c0-6b4f-11e0-a2bc-4040b3ba88b7</property>
        </properties>
      </node>
      <node id="160">
        <properties>
          <property key="TS_MODIFIED" class="long">1303305036604</property>
          <property key="nodeClass" class="string">course</property>
          <property key="TS_CREATED" class="long">1303305036594</property>
          <property key="UUID" class="string">94e68a80-6b4f-11e0-a2bc-4040b3ba88b7</property>
        </properties>
      </node>
      <node id="167">
        <properties>
          <property key="TS_MODIFIED" class="long">1303305425215</property>
          <property key="nodeClass" class="string">education</property>
          <property key="TS_CREATED" class="long">1303305425204</property>
          <property key="UUID" class="string">7c87dfb0-6b50-11e0-a2bc-4040b3ba88b7</property>
        </properties>
      </node>
      <node id="166">
        <properties>
          <property key="TS_MODIFIED" class="long">1303305389559</property>
          <property key="nodeClass" class="string">responsibility</property>
          <property key="TS_CREATED" class="long">1303305389551</property>
          <property key="UUID" class="string">67478150-6b50-11e0-a2bc-4040b3ba88b7</property>
        </properties>
      </node>
      <node id="165">
        <properties>
          <property key="name" class="string">Kundservice/Admin 3</property>
          <property key="employee" class="string">Välj...</property>
          <property key="TS_MODIFIED" class="long">1303305388975</property>
          <property key="description" class="string">Division Admin</property>
          <property key="TS_CREATED" class="long">1303284516495</property>
          <property key="UUID" class="string">66e934b0-6b50-11e0-a2bc-4040b3ba88b7</property>
        </properties>
      </node>
      <node id="164">
        <properties>
          <property key="to" class="string">1998</property>
          <property key="from" class="string">1997</property>
          <property key="company" class="string">NÄL</property>
          <property key="country" class="string">Sverige</property>
          <property key="TS_MODIFIED" class="long">1313149067899</property>
          <property key="name" class="string">Diabetessköterska</property>
          <property key="TS_CREATED" class="long">1313149044977</property>
          <property key="UUID" class="string">73203c20-c4d7-11e0-89cc-4040b3ba88b7</property>
        </properties>
      </node>
      <node id="186">
        <properties>
          <property key="to" class="string">2007</property>
          <property key="from" class="string">2005</property>
          <property key="company" class="string">Ypsomed AB</property>
          <property key="country" class="string">Sverige</property>
          <property key="name" class="string">Produktspecialist</property>
          <property key="TS_MODIFIED" class="long">1313170602419</property>
          <property key="nodeClass" class="string">workexperience</property>
          <property key="TS_CREATED" class="long">1303305786553</property>
          <property key="UUID" class="string">53e95b00-6b51-11e0-a2bc-4040b3ba88b7</property>
        </properties>
      </node>
      <node id="187">
        <properties>
          <property key="TS_CREATED" class="long">1303305860784</property>
          <property key="UUID" class="string">80275820-6b51-11e0-a2bc-4040b3ba88b7</property>
        </properties>
      </node>
      <node id="184">
        <properties>
          <property key="to" class="string">1999</property>
          <property key="from" class="string">1999</property>
          <property key="name" class="string">Marknadsassistentkurs</property>
          <property key="TS_MODIFIED" class="long">1313170533228</property>
          <property key="nodeClass" class="string">course</property>
          <property key="TS_CREATED" class="long">1303305784723</property>
          <property key="UUID" class="string">52d245b0-6b51-11e0-a2bc-4040b3ba88b7</property>
        </properties>
      </node>
      <node id="185">
        <properties>
          <property key="TS_MODIFIED" class="long">1303305786294</property>
          <property key="nodeClass" class="string">language</property>
          <property key="TS_CREATED" class="long">1303305786287</property>
          <property key="UUID" class="string">53c0c460-6b51-11e0-a2bc-4040b3ba88b7</property>
        </properties>
      </node>
      <node id="190">
        <properties>
          <property key="TS_MODIFIED" class="long">1303305893367</property>
          <property key="nodeClass" class="string">course</property>
          <property key="TS_CREATED" class="long">1303305893357</property>
          <property key="UUID" class="string">93925a40-6b51-11e0-a2bc-4040b3ba88b7</property>
        </properties>
      </node>
      <node id="191">
        <properties>
          <property key="TS_MODIFIED" class="long">1303305893415</property>
          <property key="nodeClass" class="string">language</property>
          <property key="TS_CREATED" class="long">1303305893407</property>
          <property key="UUID" class="string">9399ad40-6b51-11e0-a2bc-4040b3ba88b7</property>
        </properties>
      </node>
      <node id="188">
        <properties>
          <property key="UUID" class="string">864b26f0-6b51-11e0-a2bc-4040b3ba88b7</property>
          <property key="TS_CREATED" class="long">1303305871081</property>
          <property key="username" class="string">Kajsa Armstrand</property>
          <property key="TS_MODIFIED" class="long">1304501259084</property>
          <property key="password" class="string">ec2738feb2bbb0bc783eb4667903391416372ba6ed8b8dddbebbdb37e5102473</property>
          <property key="phone" class="string">070-601 32 31</property>
          <property key="email" class="string">kajsa.armstrand@infucare.se</property>
          <property key="city" class="string">TÄBY</property>
          <property key="address" class="string">Vetevägen 27</property>
          <property key="country" class="string">Sverige</property>
          <property key="nodeClass" class="string">employee</property>
          <property key="authorization" class="string">false</property>
          <property key="employment" class="string">Välj...</property>
          <property key="own-result-responsibility" class="string">false</property>
          <property key="function" class="string">44</property>
          <property key="firstname" class="string">Kajsa</property>
          <property key="gender" class="string">F</property>
          <property key="nationality" class="string">Svensk</property>
          <property key="executive" class="string">false</property>
          <property key="payment-form" class="string">Välj...</property>
          <property key="dismissal-period-employee" class="string">Välj...</property>
          <property key="dismissal-period-employer" class="string">0</property>
          <property key="budget-responsibility" class="string">false</property>
          <property key="zip" class="string">183 69</property>
          <property key="employmentid" class="string">201</property>
          <property key="lastname" class="string">Armstrand</property>
          <property key="cell" class="string">070-601 32 31</property>
        </properties>
      </node>
      <node id="189">
        <properties>
          <property key="TS_MODIFIED" class="long">1303305893318</property>
          <property key="nodeClass" class="string">education</property>
          <property key="TS_CREATED" class="long">1303305893309</property>
          <property key="UUID" class="string">938a9210-6b51-11e0-a2bc-4040b3ba88b7</property>
        </properties>
      </node>
      <node id="178">
        <properties>
          <property key="TS_MODIFIED" class="long">1303305570350</property>
          <property key="nodeClass" class="string">education</property>
          <property key="TS_CREATED" class="long">1303305570344</property>
          <property key="UUID" class="string">d30a7af0-6b50-11e0-a2bc-4040b3ba88b7</property>
        </properties>
      </node>
      <node id="179">
        <properties>
          <property key="TS_MODIFIED" class="long">1303305570398</property>
          <property key="nodeClass" class="string">course</property>
          <property key="TS_CREATED" class="long">1303305570390</property>
          <property key="UUID" class="string">d3117fd0-6b50-11e0-a2bc-4040b3ba88b7</property>
        </properties>
      </node>
      <node id="176">
        <properties>
          <property key="assignments" class="string">Kursledare för diabeteskurserna. </property>
          <property key="from" class="string">2001</property>
          <property key="company" class="string">Högskolan Väst</property>
          <property key="country" class="string">Sverige</property>
          <property key="name" class="string">Kursledare</property>
          <property key="TS_MODIFIED" class="long">1313148972956</property>
          <property key="nodeClass" class="string">workexperience</property>
          <property key="TS_CREATED" class="long">1303305484668</property>
          <property key="UUID" class="string">9ff95c30-6b50-11e0-a2bc-4040b3ba88b7</property>
        </properties>
      </node>
      <node id="177">
        <properties>
          <property key="TS_CREATED" class="long">1303305556172</property>
          <property key="UUID" class="string">ca97da20-6b50-11e0-a2bc-4040b3ba88b7</property>
        </properties>
      </node>
      <node id="182">
        <properties>
          <property key="UUID" class="string">45570a10-6b51-11e0-a2bc-4040b3ba88b7</property>
          <property key="TS_CREATED" class="long">1303305762107</property>
          <property key="username" class="string">Ann-Marie Waara</property>
          <property key="TS_MODIFIED" class="long">1313170221897</property>
          <property key="password" class="string">b4451034d3b6590060ce9484a28b88dd332a80a22ae8e39c9c5cb7357ab26c9f</property>
          <property key="phone" class="string">08-601 24 49</property>
          <property key="email" class="string">ann-marie.waara@infucare.se</property>
          <property key="city" class="string">SALTSJÖ-BOO</property>
          <property key="address" class="string">Gullvivans väg 2</property>
          <property key="country" class="string">Sverige</property>
          <property key="nodeClass" class="string">employee</property>
          <property key="authorization" class="string">false</property>
          <property key="employment" class="string">Välj...</property>
          <property key="own-result-responsibility" class="string">false</property>
          <property key="function" class="string">48</property>
          <property key="firstname" class="string">Ann-Marie</property>
          <property key="gender" class="string">F</property>
          <property key="nationality" class="string">Svensk</property>
          <property key="executive" class="string">false</property>
          <property key="payment-form" class="string">Välj...</property>
          <property key="dismissal-period-employee" class="string">Välj...</property>
          <property key="dismissal-period-employer" class="string">0</property>
          <property key="budget-responsibility" class="string">false</property>
          <property key="zip" class="string">132 45</property>
          <property key="employmentid" class="string">151</property>
          <property key="lastname" class="string">Waara</property>
          <property key="cell" class="string">076-1330 340</property>
          <property key="fromdate" class="string">2007</property>
        </properties>
      </node>
      <node id="183">
        <properties>
          <property key="UUID" class="string">52ca5670-6b51-11e0-a2bc-4040b3ba88b7</property>
          <property key="TS_CREATED" class="long">1303305784674</property>
          <property key="TS_MODIFIED" class="long">1313170450259</property>
          <property key="level" class="string">Gymnasieskola eller motsvarande</property>
          <property key="direction" class="string">Hotell/turism</property>
          <property key="name" class="string">Chefssekreterarutbildning</property>
          <property key="to" class="string">1982</property>
          <property key="from" class="string">1981</property>
          <property key="country" class="string">Sverige</property>
          <property key="nodeClass" class="string">education</property>
        </properties>
      </node>
      <node id="180">
        <properties>
          <property key="TS_MODIFIED" class="long">1303305570449</property>
          <property key="nodeClass" class="string">language</property>
          <property key="TS_CREATED" class="long">1303305570441</property>
          <property key="UUID" class="string">d3194800-6b50-11e0-a2bc-4040b3ba88b7</property>
        </properties>
      </node>
      <node id="181">
        <properties>
          <property key="TS_MODIFIED" class="long">1303305570764</property>
          <property key="nodeClass" class="string">workexperience</property>
          <property key="TS_CREATED" class="long">1303305570754</property>
          <property key="UUID" class="string">d348e380-6b50-11e0-a2bc-4040b3ba88b7</property>
        </properties>
      </node>
      <node id="205">
        <properties>
          <property key="TS_MODIFIED" class="long">1303306087768</property>
          <property key="nodeClass" class="string">course</property>
          <property key="TS_CREATED" class="long">1303306087762</property>
          <property key="UUID" class="string">0771be60-6b52-11e0-a2bc-4040b3ba88b7</property>
        </properties>
      </node>
      <node id="204">
        <properties>
          <property key="TS_MODIFIED" class="long">1303306087720</property>
          <property key="nodeClass" class="string">education</property>
          <property key="TS_CREATED" class="long">1303306087709</property>
          <property key="UUID" class="string">0769a810-6b52-11e0-a2bc-4040b3ba88b7</property>
        </properties>
      </node>
      <node id="207">
        <properties>
          <property key="TS_MODIFIED" class="long">1303306088015</property>
          <property key="nodeClass" class="string">workexperience</property>
          <property key="TS_CREATED" class="long">1303306088007</property>
          <property key="UUID" class="string">079795e0-6b52-11e0-a2bc-4040b3ba88b7</property>
        </properties>
      </node>
      <node id="206">
        <properties>
          <property key="TS_MODIFIED" class="long">1303306087833</property>
          <property key="nodeClass" class="string">language</property>
          <property key="TS_CREATED" class="long">1303306087821</property>
          <property key="UUID" class="string">077a9800-6b52-11e0-a2bc-4040b3ba88b7</property>
        </properties>
      </node>
      <node id="201">
        <properties>
          <property key="TS_CREATED" class="long">1303306067229</property>
          <property key="UUID" class="string">fb3459f0-6b51-11e0-a2bc-4040b3ba88b7</property>
        </properties>
      </node>
      <node id="200">
        <properties>
          <property key="to" class="string">1997</property>
          <property key="from" class="string">1992</property>
          <property key="company" class="string">Sjukvårdsupplysningen Uppsala</property>
          <property key="country" class="string">Sverige</property>
          <property key="TS_MODIFIED" class="long">1313149107444</property>
          <property key="name" class="string">Sjuksköterska</property>
          <property key="TS_CREATED" class="long">1313149068937</property>
          <property key="UUID" class="string">816900f0-c4d7-11e0-89cc-4040b3ba88b7</property>
        </properties>
      </node>
      <node id="203">
        <properties>
          <property key="TS_CREATED" class="long">1303306078549</property>
          <property key="UUID" class="string">01f441b0-6b52-11e0-a2bc-4040b3ba88b7</property>
        </properties>
      </node>
      <node id="202">
        <properties>
          <property key="to" class="string">1992</property>
          <property key="from" class="string">1990</property>
          <property key="company" class="string">Personalpool</property>
          <property key="country" class="string">Sverige</property>
          <property key="TS_MODIFIED" class="long">1313149165392</property>
          <property key="name" class="string">Sjuksköterska</property>
          <property key="TS_CREATED" class="long">1313149107388</property>
          <property key="UUID" class="string">985365d0-c4d7-11e0-89cc-4040b3ba88b7</property>
        </properties>
      </node>
      <node id="197">
        <properties>
          <property key="TS_MODIFIED" class="long">1303306002092</property>
          <property key="nodeClass" class="string">workexperience</property>
          <property key="TS_CREATED" class="long">1303306002085</property>
          <property key="UUID" class="string">d46114d0-6b51-11e0-a2bc-4040b3ba88b7</property>
        </properties>
      </node>
      <node id="196">
        <properties>
          <property key="TS_MODIFIED" class="long">1303306001895</property>
          <property key="nodeClass" class="string">language</property>
          <property key="TS_CREATED" class="long">1303306001888</property>
          <property key="UUID" class="string">d4426940-6b51-11e0-a2bc-4040b3ba88b7</property>
        </properties>
      </node>
      <node id="199">
        <properties>
          <property key="TS_CREATED" class="long">1303306053824</property>
          <property key="UUID" class="string">f337ac70-6b51-11e0-a2bc-4040b3ba88b7</property>
        </properties>
      </node>
      <node id="198">
        <properties>
          <property key="TS_MODIFIED" class="long">1303306048778</property>
          <property key="nodeClass" class="string">responsibility</property>
          <property key="TS_CREATED" class="long">1303306048770</property>
          <property key="UUID" class="string">f0347e90-6b51-11e0-a2bc-4040b3ba88b7</property>
        </properties>
      </node>
      <node id="193">
        <properties>
          <property key="TS_CREATED" class="long">1303305995021</property>
          <property key="UUID" class="string">d02b0c40-6b51-11e0-a2bc-4040b3ba88b7</property>
        </properties>
      </node>
      <node id="192">
        <properties>
          <property key="TS_MODIFIED" class="long">1303305893465</property>
          <property key="nodeClass" class="string">workexperience</property>
          <property key="TS_CREATED" class="long">1303305893458</property>
          <property key="UUID" class="string">93a1eaa0-6b51-11e0-a2bc-4040b3ba88b7</property>
        </properties>
      </node>
      <node id="195">
        <properties>
          <property key="TS_MODIFIED" class="long">1303306001846</property>
          <property key="nodeClass" class="string">course</property>
          <property key="TS_CREATED" class="long">1303306001826</property>
          <property key="UUID" class="string">d4396890-6b51-11e0-a2bc-4040b3ba88b7</property>
        </properties>
      </node>
      <node id="194">
        <properties>
          <property key="TS_MODIFIED" class="long">1303306001786</property>
          <property key="nodeClass" class="string">education</property>
          <property key="TS_CREATED" class="long">1303306001778</property>
          <property key="UUID" class="string">d431ee80-6b51-11e0-a2bc-4040b3ba88b7</property>
        </properties>
      </node>
      <node id="220">
        <properties>
          <property key="UUID" class="string">75efb5c0-6fe6-11e0-a2bc-4040b3ba88b7</property>
          <property key="TS_CREATED" class="long">1303809643344</property>
          <property key="username" class="string">Helena Dahlin</property>
          <property key="TS_MODIFIED" class="long">1304501363223</property>
          <property key="password" class="string">f6e0a1e2ac41945a9aa7ff8a8aaa0cebc12a3bcc981a929ad5cf810a090e11ae</property>
          <property key="phone" class="string">076-844 09 40</property>
          <property key="email" class="string">helena.dahlin@infucare.se</property>
          <property key="city" class="string">Västerås</property>
          <property key="address" class="string">Barkarö Bygata 26 D</property>
          <property key="country" class="string">Sverige</property>
          <property key="nodeClass" class="string">employee</property>
          <property key="authorization" class="string">false</property>
          <property key="employment" class="string">Välj...</property>
          <property key="own-result-responsibility" class="string">false</property>
          <property key="function" class="string">46</property>
          <property key="firstname" class="string">Helena</property>
          <property key="gender" class="string">F</property>
          <property key="nationality" class="string">Svensk</property>
          <property key="executive" class="string">false</property>
          <property key="payment-form" class="string">Välj...</property>
          <property key="dismissal-period-employee" class="string">Välj...</property>
          <property key="dismissal-period-employer" class="string">0</property>
          <property key="budget-responsibility" class="string">false</property>
          <property key="zip" class="string">725 91</property>
          <property key="employmentid" class="string">171</property>
          <property key="lastname" class="string">Dahlin</property>
          <property key="cell" class="string">076-844 09 40</property>
        </properties>
      </node>
      <node id="221">
        <properties>
          <property key="TS_MODIFIED" class="long">1303809693974</property>
          <property key="nodeClass" class="string">education</property>
          <property key="TS_CREATED" class="long">1303809693967</property>
          <property key="UUID" class="string">9422ba60-6fe6-11e0-a2bc-4040b3ba88b7</property>
        </properties>
      </node>
      <node id="222">
        <properties>
          <property key="TS_MODIFIED" class="long">1303809694026</property>
          <property key="nodeClass" class="string">course</property>
          <property key="TS_CREATED" class="long">1303809694017</property>
          <property key="UUID" class="string">942a5b80-6fe6-11e0-a2bc-4040b3ba88b7</property>
        </properties>
      </node>
      <node id="223">
        <properties>
          <property key="TS_MODIFIED" class="long">1303809694077</property>
          <property key="nodeClass" class="string">language</property>
          <property key="TS_CREATED" class="long">1303809694066</property>
          <property key="UUID" class="string">9431d590-6fe6-11e0-a2bc-4040b3ba88b7</property>
        </properties>
      </node>
      <node id="216">
        <properties>
          <property key="TS_MODIFIED" class="long">1303306126690</property>
          <property key="nodeClass" class="string">course</property>
          <property key="TS_CREATED" class="long">1303306126676</property>
          <property key="UUID" class="string">1ea401b0-6b52-11e0-a2bc-4040b3ba88b7</property>
        </properties>
      </node>
      <node id="217">
        <properties>
          <property key="TS_MODIFIED" class="long">1303306126741</property>
          <property key="nodeClass" class="string">language</property>
          <property key="TS_CREATED" class="long">1303306126732</property>
          <property key="UUID" class="string">1eac1800-6b52-11e0-a2bc-4040b3ba88b7</property>
        </properties>
      </node>
      <node id="218">
        <properties>
          <property key="TS_MODIFIED" class="long">1303306127071</property>
          <property key="nodeClass" class="string">workexperience</property>
          <property key="TS_CREATED" class="long">1303306127064</property>
          <property key="UUID" class="string">1edf35f0-6b52-11e0-a2bc-4040b3ba88b7</property>
        </properties>
      </node>
      <node id="219">
        <properties>
          <property key="TS_CREATED" class="long">1303306134096</property>
          <property key="UUID" class="string">23100e60-6b52-11e0-a2bc-4040b3ba88b7</property>
        </properties>
      </node>
      <node id="212">
        <properties>
          <property key="TS_CREATED" class="long">1303306107004</property>
          <property key="UUID" class="string">12ea7340-6b52-11e0-a2bc-4040b3ba88b7</property>
        </properties>
      </node>
      <node id="213">
        <properties>
          <property key="TS_MODIFIED" class="long">1303306113976</property>
          <property key="nodeClass" class="string">responsibility</property>
          <property key="TS_CREATED" class="long">1303306113968</property>
          <property key="UUID" class="string">1710eb70-6b52-11e0-a2bc-4040b3ba88b7</property>
        </properties>
      </node>
      <node id="214">
        <properties>
          <property key="TS_CREATED" class="long">1303306117581</property>
          <property key="UUID" class="string">19383840-6b52-11e0-a2bc-4040b3ba88b7</property>
        </properties>
      </node>
      <node id="215">
        <properties>
          <property key="TS_MODIFIED" class="long">1303306126636</property>
          <property key="nodeClass" class="string">education</property>
          <property key="TS_CREATED" class="long">1303306126627</property>
          <property key="UUID" class="string">1e9c6090-6b52-11e0-a2bc-4040b3ba88b7</property>
        </properties>
      </node>
      <node id="208">
        <properties>
          <property key="TS_MODIFIED" class="long">1303306096372</property>
          <property key="nodeClass" class="string">education</property>
          <property key="TS_CREATED" class="long">1303306096363</property>
          <property key="UUID" class="string">0c927510-6b52-11e0-a2bc-4040b3ba88b7</property>
        </properties>
      </node>
      <node id="209">
        <properties>
          <property key="TS_MODIFIED" class="long">1303306096425</property>
          <property key="nodeClass" class="string">course</property>
          <property key="TS_CREATED" class="long">1303306096415</property>
          <property key="UUID" class="string">0c9a6450-6b52-11e0-a2bc-4040b3ba88b7</property>
        </properties>
      </node>
      <node id="210">
        <properties>
          <property key="TS_MODIFIED" class="long">1303306098002</property>
          <property key="nodeClass" class="string">language</property>
          <property key="TS_CREATED" class="long">1303306097996</property>
          <property key="UUID" class="string">0d8c1750-6b52-11e0-a2bc-4040b3ba88b7</property>
        </properties>
      </node>
      <node id="211">
        <properties>
          <property key="TS_MODIFIED" class="long">1303306098055</property>
          <property key="nodeClass" class="string">workexperience</property>
          <property key="TS_CREATED" class="long">1303306098047</property>
          <property key="UUID" class="string">0d93b870-6b52-11e0-a2bc-4040b3ba88b7</property>
        </properties>
      </node>
      <node id="239">
        <properties>
          <property key="TS_CREATED" class="long">1303809992771</property>
          <property key="UUID" class="string">463c99a0-6fe7-11e0-a2bc-4040b3ba88b7</property>
        </properties>
      </node>
      <node id="238">
        <properties>
          <property key="to" class="string">2009</property>
          <property key="from" class="string">2007</property>
          <property key="company" class="string">Novo Nordisk Scandinavia AB</property>
          <property key="country" class="string">Sverige</property>
          <property key="name" class="string">Area Sales Manager</property>
          <property key="TS_MODIFIED" class="long">1313151670623</property>
          <property key="nodeClass" class="string">workexperience</property>
          <property key="TS_CREATED" class="long">1303809897124</property>
          <property key="UUID" class="string">0d3a2dc0-6fe7-11e0-a2bc-4040b3ba88b7</property>
        </properties>
      </node>
      <node id="237">
        <properties>
          <property key="TS_MODIFIED" class="long">1303809896970</property>
          <property key="nodeClass" class="string">language</property>
          <property key="TS_CREATED" class="long">1303809896963</property>
          <property key="UUID" class="string">0d212780-6fe7-11e0-a2bc-4040b3ba88b7</property>
        </properties>
      </node>
      <node id="236">
        <properties>
          <property key="description" class="string">Mercuri</property>
          <property key="to" class="string">2002</property>
          <property key="from" class="string">2002</property>
          <property key="name" class="string">Projektledarutbildning</property>
          <property key="TS_MODIFIED" class="long">1313150946958</property>
          <property key="nodeClass" class="string">course</property>
          <property key="TS_CREATED" class="long">1303809896911</property>
          <property key="UUID" class="string">0d195f50-6fe7-11e0-a2bc-4040b3ba88b7</property>
        </properties>
      </node>
      <node id="235">
        <properties>
          <property key="UUID" class="string">0d119720-6fe7-11e0-a2bc-4040b3ba88b7</property>
          <property key="TS_CREATED" class="long">1303809896859</property>
          <property key="TS_MODIFIED" class="long">1313150587289</property>
          <property key="level" class="string">Gymnasieskola eller motsvarande</property>
          <property key="direction" class="string">Säljare/Account Manager</property>
          <property key="name" class="string">Säljare/Account Manager</property>
          <property key="to" class="string">2004</property>
          <property key="description" class="string">Mercuri International</property>
          <property key="from" class="string">2003</property>
          <property key="country" class="string">Sverige</property>
          <property key="nodeClass" class="string">education</property>
        </properties>
      </node>
      <node id="234">
        <properties>
          <property key="UUID" class="string">ff99b6e0-6fe6-11e0-a2bc-4040b3ba88b7</property>
          <property key="TS_CREATED" class="long">1303809874263</property>
          <property key="username" class="string">Moy Ofstad</property>
          <property key="TS_MODIFIED" class="long">1313150138961</property>
          <property key="password" class="string">b1556dea32e9d0cdbfed038fd7787275775ea40939c146a64e205bcb349ad02f</property>
          <property key="phone" class="string">08-601 24 40</property>
          <property key="email" class="string">moy.ofstad@infucare.se</property>
          <property key="city" class="string">STOCKHOLM</property>
          <property key="address" class="string">Tegnergatan 19</property>
          <property key="country" class="string">Sverige</property>
          <property key="nodeClass" class="string">employee</property>
          <property key="authorization" class="string">false</property>
          <property key="employment" class="string">Välj...</property>
          <property key="own-result-responsibility" class="string">false</property>
          <property key="function" class="string">30</property>
          <property key="firstname" class="string">Moy</property>
          <property key="gender" class="string">M</property>
          <property key="nationality" class="string">Svensk</property>
          <property key="executive" class="string">false</property>
          <property key="payment-form" class="string">Välj...</property>
          <property key="dismissal-period-employee" class="string">Välj...</property>
          <property key="dismissal-period-employer" class="string">0</property>
          <property key="budget-responsibility" class="string">false</property>
          <property key="zip" class="string">111 40</property>
          <property key="employmentid" class="string">201</property>
          <property key="lastname" class="string">Ofstad</property>
          <property key="cell" class="string">070-370 37 71</property>
          <property key="fromdate" class="string">2009</property>
        </properties>
      </node>
      <node id="233">
        <properties>
          <property key="TS_MODIFIED" class="long">1303809860879</property>
          <property key="nodeClass" class="string">workexperience</property>
          <property key="TS_CREATED" class="long">1303809860872</property>
          <property key="UUID" class="string">f79e9000-6fe6-11e0-a2bc-4040b3ba88b7</property>
        </properties>
      </node>
      <node id="232">
        <properties>
          <property key="TS_MODIFIED" class="long">1303809860829</property>
          <property key="nodeClass" class="string">language</property>
          <property key="TS_CREATED" class="long">1303809860822</property>
          <property key="UUID" class="string">f79679b0-6fe6-11e0-a2bc-4040b3ba88b7</property>
        </properties>
      </node>
      <node id="231">
        <properties>
          <property key="TS_MODIFIED" class="long">1303809860781</property>
          <property key="nodeClass" class="string">course</property>
          <property key="TS_CREATED" class="long">1303809860770</property>
          <property key="UUID" class="string">f78eb180-6fe6-11e0-a2bc-4040b3ba88b7</property>
        </properties>
      </node>
      <node id="230">
        <properties>
          <property key="TS_MODIFIED" class="long">1303809860728</property>
          <property key="nodeClass" class="string">education</property>
          <property key="TS_CREATED" class="long">1303809860719</property>
          <property key="UUID" class="string">f786c240-6fe6-11e0-a2bc-4040b3ba88b7</property>
        </properties>
      </node>
      <node id="229">
        <properties>
          <property key="TS_CREATED" class="long">1303809828447</property>
          <property key="UUID" class="string">e44abf60-6fe6-11e0-a2bc-4040b3ba88b7</property>
        </properties>
      </node>
      <node id="228">
        <properties>
          <property key="TS_MODIFIED" class="long">1303809815231</property>
          <property key="nodeClass" class="string">workexperience</property>
          <property key="TS_CREATED" class="long">1303809815220</property>
          <property key="UUID" class="string">dc682990-6fe6-11e0-a2bc-4040b3ba88b7</property>
        </properties>
      </node>
      <node id="227">
        <properties>
          <property key="TS_MODIFIED" class="long">1303809815052</property>
          <property key="nodeClass" class="string">language</property>
          <property key="TS_CREATED" class="long">1303809815043</property>
          <property key="UUID" class="string">dc4d9cb0-6fe6-11e0-a2bc-4040b3ba88b7</property>
        </properties>
      </node>
      <node id="226">
        <properties>
          <property key="TS_MODIFIED" class="long">1303809815001</property>
          <property key="nodeClass" class="string">course</property>
          <property key="TS_CREATED" class="long">1303809814993</property>
          <property key="UUID" class="string">dc45fb90-6fe6-11e0-a2bc-4040b3ba88b7</property>
        </properties>
      </node>
      <node id="225">
        <properties>
          <property key="TS_MODIFIED" class="long">1303809814952</property>
          <property key="nodeClass" class="string">education</property>
          <property key="TS_CREATED" class="long">1303809814944</property>
          <property key="UUID" class="string">dc3de540-6fe6-11e0-a2bc-4040b3ba88b7</property>
        </properties>
      </node>
      <node id="224">
        <properties>
          <property key="TS_MODIFIED" class="long">1303809694159</property>
          <property key="nodeClass" class="string">workexperience</property>
          <property key="TS_CREATED" class="long">1303809694152</property>
          <property key="UUID" class="string">943f1c00-6fe6-11e0-a2bc-4040b3ba88b7</property>
        </properties>
      </node>
      <node id="254">
        <properties>
          <property key="TS_MODIFIED" class="long">1303810225813</property>
          <property key="nodeClass" class="string">course</property>
          <property key="TS_CREATED" class="long">1303810225806</property>
          <property key="UUID" class="string">d1231260-6fe7-11e0-a2bc-4040b3ba88b7</property>
        </properties>
      </node>
      <node id="255">
        <properties>
          <property key="TS_MODIFIED" class="long">1303810225862</property>
          <property key="nodeClass" class="string">language</property>
          <property key="TS_CREATED" class="long">1303810225854</property>
          <property key="UUID" class="string">d12a3e50-6fe7-11e0-a2bc-4040b3ba88b7</property>
        </properties>
      </node>
      <node id="252">
        <properties>
          <property key="UUID" class="string">c77ab0b0-6fe7-11e0-a2bc-4040b3ba88b7</property>
          <property key="TS_CREATED" class="long">1303810209605</property>
          <property key="username" class="string">Peder Sandqvist</property>
          <property key="TS_MODIFIED" class="long">1304501411827</property>
          <property key="password" class="string">28dae7c8bde2f3ca608f86d0e16a214dee74c74bee011cdfdd46bc04b655bc14</property>
          <property key="phone" class="string">070-572 68 85</property>
          <property key="email" class="string">peder.sandqvist@infucare.se</property>
          <property key="city" class="string">ENKÖPING</property>
          <property key="address" class="string">Sandsoppsgatan 17</property>
          <property key="country" class="string">Sverige</property>
          <property key="nodeClass" class="string">employee</property>
          <property key="authorization" class="string">false</property>
          <property key="employment" class="string">Välj...</property>
          <property key="own-result-responsibility" class="string">false</property>
          <property key="function" class="string">53</property>
          <property key="firstname" class="string">Peder</property>
          <property key="gender" class="string">M</property>
          <property key="nationality" class="string">Svensk</property>
          <property key="executive" class="string">false</property>
          <property key="payment-form" class="string">Välj...</property>
          <property key="dismissal-period-employee" class="string">Välj...</property>
          <property key="dismissal-period-employer" class="string">0</property>
          <property key="budget-responsibility" class="string">false</property>
          <property key="zip" class="string">749 44</property>
          <property key="employmentid" class="string">141</property>
          <property key="lastname" class="string">Sandqvist</property>
          <property key="cell" class="string">070-572 68 85</property>
        </properties>
      </node>
      <node id="253">
        <properties>
          <property key="TS_MODIFIED" class="long">1303810225763</property>
          <property key="nodeClass" class="string">education</property>
          <property key="TS_CREATED" class="long">1303810225757</property>
          <property key="UUID" class="string">d11b7140-6fe7-11e0-a2bc-4040b3ba88b7</property>
        </properties>
      </node>
      <node id="250">
        <properties>
          <property key="TS_MODIFIED" class="long">1303810128952</property>
          <property key="nodeClass" class="string">workexperience</property>
          <property key="TS_CREATED" class="long">1303810128945</property>
          <property key="UUID" class="string">97671a80-6fe7-11e0-a2bc-4040b3ba88b7</property>
        </properties>
      </node>
      <node id="251">
        <properties>
          <property key="TS_CREATED" class="long">1303810199494</property>
          <property key="UUID" class="string">c17406d0-6fe7-11e0-a2bc-4040b3ba88b7</property>
        </properties>
      </node>
      <node id="248">
        <properties>
          <property key="TS_MODIFIED" class="long">1303810128744</property>
          <property key="nodeClass" class="string">course</property>
          <property key="TS_CREATED" class="long">1303810128735</property>
          <property key="UUID" class="string">9746e850-6fe7-11e0-a2bc-4040b3ba88b7</property>
        </properties>
      </node>
      <node id="249">
        <properties>
          <property key="TS_MODIFIED" class="long">1303810128806</property>
          <property key="nodeClass" class="string">language</property>
          <property key="TS_CREATED" class="long">1303810128799</property>
          <property key="UUID" class="string">9750ac50-6fe7-11e0-a2bc-4040b3ba88b7</property>
        </properties>
      </node>
      <node id="246">
        <properties>
          <property key="UUID" class="string">86b4f6d0-6fe7-11e0-a2bc-4040b3ba88b7</property>
          <property key="TS_CREATED" class="long">1303810100935</property>
          <property key="username" class="string">Per-Åke Niska</property>
          <property key="TS_MODIFIED" class="long">1304501391129</property>
          <property key="password" class="string">9f1f9dce319c4700ef28ec8c53bd3cc8e6abe64c68385479ab89215806a5bdd6</property>
          <property key="phone" class="string">070-366 50 07</property>
          <property key="email" class="string">perake.niska@infucare.se</property>
          <property key="city" class="string">UPPSALA</property>
          <property key="address" class="string">Rasbo, Skeke</property>
          <property key="country" class="string">Sverige</property>
          <property key="nodeClass" class="string">employee</property>
          <property key="authorization" class="string">false</property>
          <property key="employment" class="string">Välj...</property>
          <property key="own-result-responsibility" class="string">false</property>
          <property key="function" class="string">51</property>
          <property key="firstname" class="string">Per-Åke</property>
          <property key="gender" class="string">M</property>
          <property key="nationality" class="string">Svensk</property>
          <property key="executive" class="string">false</property>
          <property key="payment-form" class="string">Välj...</property>
          <property key="dismissal-period-employee" class="string">Välj...</property>
          <property key="dismissal-period-employer" class="string">0</property>
          <property key="budget-responsibility" class="string">false</property>
          <property key="zip" class="string">755 96</property>
          <property key="employmentid" class="string">140</property>
          <property key="lastname" class="string">Niska</property>
          <property key="cell" class="string">070-366 50 07</property>
        </properties>
      </node>
      <node id="247">
        <properties>
          <property key="TS_MODIFIED" class="long">1303810128692</property>
          <property key="nodeClass" class="string">education</property>
          <property key="TS_CREATED" class="long">1303810128684</property>
          <property key="UUID" class="string">973f2020-6fe7-11e0-a2bc-4040b3ba88b7</property>
        </properties>
      </node>
      <node id="244">
        <properties>
          <property key="UUID" class="string">5bf84280-6fe7-11e0-a2bc-4040b3ba88b7</property>
          <property key="TS_CREATED" class="long">1303810029233</property>
          <property key="TS_MODIFIED" class="long">1313143549812</property>
          <property key="name" class="string">Produktspecialist</property>
          <property key="to" class="string">2007</property>
          <property key="from" class="string">2002</property>
          <property key="company" class="string">3M Svenska AB</property>
          <property key="country" class="string">Sverige</property>
          <property key="assignments" class="string">Avd. Hälsovård, Södra Sverige</property>
          <property key="nodeClass" class="string">workexperience</property>
        </properties>
      </node>
      <node id="245">
        <properties>
          <property key="TS_CREATED" class="long">1303810097065</property>
          <property key="UUID" class="string">8462c970-6fe7-11e0-a2bc-4040b3ba88b7</property>
        </properties>
      </node>
      <node id="242">
        <properties>
          <property key="description" class="string">Steg 1-2, Mercuri</property>
          <property key="to" class="string">2006</property>
          <property key="name" class="string">Key Account Mangagement</property>
          <property key="TS_MODIFIED" class="long">1313152418051</property>
          <property key="nodeClass" class="string">course</property>
          <property key="TS_CREATED" class="long">1303810029107</property>
          <property key="UUID" class="string">5be508a0-6fe7-11e0-a2bc-4040b3ba88b7</property>
        </properties>
      </node>
      <node id="243">
        <properties>
          <property key="TS_MODIFIED" class="long">1303810029164</property>
          <property key="nodeClass" class="string">language</property>
          <property key="TS_CREATED" class="long">1303810029156</property>
          <property key="UUID" class="string">5beca9c0-6fe7-11e0-a2bc-4040b3ba88b7</property>
        </properties>
      </node>
      <node id="240">
        <properties>
          <property key="UUID" class="string">542f4f30-6fe7-11e0-a2bc-4040b3ba88b7</property>
          <property key="TS_CREATED" class="long">1303810016172</property>
          <property key="username" class="string">Tina Christensson</property>
          <property key="TS_MODIFIED" class="long">1313142751736</property>
          <property key="password" class="string">6c658ee83fb7e812482494f3e416a876f63f418a0b8a1f5e76d47ee4177035cb</property>
          <property key="phone" class="string">070-601 66 92</property>
          <property key="email" class="string">tina.christensson@infucare.se</property>
          <property key="city" class="string">YSTAD</property>
          <property key="address" class="string">Basungatan 2</property>
          <property key="country" class="string">Sverige</property>
          <property key="nodeClass" class="string">employee</property>
          <property key="authorization" class="string">false</property>
          <property key="employment" class="string">Välj...</property>
          <property key="own-result-responsibility" class="string">false</property>
          <property key="function" class="string">67</property>
          <property key="firstname" class="string">Tina</property>
          <property key="gender" class="string">F</property>
          <property key="nationality" class="string">Svensk</property>
          <property key="executive" class="string">false</property>
          <property key="payment-form" class="string">Välj...</property>
          <property key="dismissal-period-employee" class="string">Välj...</property>
          <property key="dismissal-period-employer" class="string">0</property>
          <property key="budget-responsibility" class="string">false</property>
          <property key="zip" class="string">271 92</property>
          <property key="employmentid" class="string">203</property>
          <property key="lastname" class="string">Christensson</property>
          <property key="cell" class="string">070-601 66 92</property>
          <property key="fromdate" class="string">2009</property>
          <property key="birthday" class="string">650612</property>
          <property key="civic" class="string">650612-4400</property>
        </properties>
      </node>
      <node id="241">
        <properties>
          <property key="to" class="string">1998</property>
          <property key="country" class="string">Sverige</property>
          <property key="name" class="string">Handledarutbildning</property>
          <property key="level" class="string">Gymnasieskola eller motsvarande</property>
          <property key="TS_MODIFIED" class="long">1313142843417</property>
          <property key="nodeClass" class="string">education</property>
          <property key="TS_CREATED" class="long">1303810029054</property>
          <property key="UUID" class="string">5bdca430-6fe7-11e0-a2bc-4040b3ba88b7</property>
        </properties>
      </node>
      <node id="275">
        <properties>
          <property key="TS_CREATED" class="long">1304500579684</property>
          <property key="UUID" class="string">2c1ca490-762f-11e0-a2bc-4040b3ba88b7</property>
        </properties>
      </node>
      <node id="274">
        <properties>
          <property key="to" class="string">2000</property>
          <property key="from" class="string">1999</property>
          <property key="company" class="string">Almagest Pharma AB</property>
          <property key="country" class="string">Sverige</property>
          <property key="name" class="string">Konsult/Projektledare</property>
          <property key="TS_MODIFIED" class="long">1313149802417</property>
          <property key="nodeClass" class="string">workexperience</property>
          <property key="TS_CREATED" class="long">1304500485540</property>
          <property key="UUID" class="string">f3ffb6b0-762e-11e0-a2bc-4040b3ba88b7</property>
        </properties>
      </node>
      <node id="273">
        <properties>
          <property key="TS_MODIFIED" class="long">1304500485486</property>
          <property key="nodeClass" class="string">language</property>
          <property key="TS_CREATED" class="long">1304500485477</property>
          <property key="UUID" class="string">f3f619c0-762e-11e0-a2bc-4040b3ba88b7</property>
        </properties>
      </node>
      <node id="272">
        <properties>
          <property key="TS_MODIFIED" class="long">1304500485436</property>
          <property key="nodeClass" class="string">course</property>
          <property key="TS_CREATED" class="long">1304500485428</property>
          <property key="UUID" class="string">f3eec6c0-762e-11e0-a2bc-4040b3ba88b7</property>
        </properties>
      </node>
      <node id="279">
        <properties>
          <property key="TS_MODIFIED" class="long">1304500611055</property>
          <property key="nodeClass" class="string">workexperience</property>
          <property key="TS_CREATED" class="long">1304500611048</property>
          <property key="UUID" class="string">3ecede00-762f-11e0-a2bc-4040b3ba88b7</property>
        </properties>
      </node>
      <node id="278">
        <properties>
          <property key="TS_MODIFIED" class="long">1304500610877</property>
          <property key="nodeClass" class="string">language</property>
          <property key="TS_CREATED" class="long">1304500610869</property>
          <property key="UUID" class="string">3eb2f190-762f-11e0-a2bc-4040b3ba88b7</property>
        </properties>
      </node>
      <node id="277">
        <properties>
          <property key="TS_MODIFIED" class="long">1304500610826</property>
          <property key="nodeClass" class="string">course</property>
          <property key="TS_CREATED" class="long">1304500610808</property>
          <property key="UUID" class="string">3ea9f0e0-762f-11e0-a2bc-4040b3ba88b7</property>
        </properties>
      </node>
      <node id="276">
        <properties>
          <property key="TS_MODIFIED" class="long">1304500610767</property>
          <property key="nodeClass" class="string">education</property>
          <property key="TS_CREATED" class="long">1304500610758</property>
          <property key="UUID" class="string">3ea24fc0-762f-11e0-a2bc-4040b3ba88b7</property>
        </properties>
      </node>
      <node id="283">
        <properties>
          <property key="TS_MODIFIED" class="long">1304500635317</property>
          <property key="nodeClass" class="string">language</property>
          <property key="TS_CREATED" class="long">1304500635310</property>
          <property key="UUID" class="string">4d445820-762f-11e0-a2bc-4040b3ba88b7</property>
        </properties>
      </node>
      <node id="282">
        <properties>
          <property key="TS_MODIFIED" class="long">1304500635264</property>
          <property key="nodeClass" class="string">course</property>
          <property key="TS_CREATED" class="long">1304500635010</property>
          <property key="UUID" class="string">4d170690-762f-11e0-a2bc-4040b3ba88b7</property>
        </properties>
      </node>
      <node id="281">
        <properties>
          <property key="TS_MODIFIED" class="long">1304500634967</property>
          <property key="nodeClass" class="string">education</property>
          <property key="TS_CREATED" class="long">1304500634959</property>
          <property key="UUID" class="string">4d0f6570-762f-11e0-a2bc-4040b3ba88b7</property>
        </properties>
      </node>
      <node id="280">
        <properties>
          <property key="UUID" class="string">43790520-762f-11e0-a2bc-4040b3ba88b7</property>
          <property key="TS_CREATED" class="long">1304500618876</property>
          <property key="username" class="string">Maria Vinbladh</property>
          <property key="TS_MODIFIED" class="long">1304501421501</property>
          <property key="password" class="string">1be00341082e25c4e251ca6713e767f7131a2823b0052caf9c9b006ec512f6cb</property>
          <property key="phone" class="string">073-021 42 00</property>
          <property key="email" class="string">maria.vinbladh@infucare.se</property>
          <property key="city" class="string">STENUNGSUND</property>
          <property key="address" class="string">Rödklövervägen 56</property>
          <property key="country" class="string">Sverige</property>
          <property key="nodeClass" class="string">employee</property>
          <property key="authorization" class="string">false</property>
          <property key="employment" class="string">Välj...</property>
          <property key="own-result-responsibility" class="string">false</property>
          <property key="function" class="string">24</property>
          <property key="firstname" class="string">Maria</property>
          <property key="gender" class="string">F</property>
          <property key="nationality" class="string">Svensk</property>
          <property key="executive" class="string">false</property>
          <property key="payment-form" class="string">Välj...</property>
          <property key="dismissal-period-employee" class="string">Välj...</property>
          <property key="dismissal-period-employer" class="string">0</property>
          <property key="budget-responsibility" class="string">false</property>
          <property key="zip" class="string">444 42</property>
          <property key="employmentid" class="string">206</property>
          <property key="lastname" class="string">Vinbladh</property>
          <property key="cell" class="string">073-021 42 00</property>
        </properties>
      </node>
      <node id="287">
        <properties>
          <property key="TS_MODIFIED" class="long">1304500880960</property>
          <property key="nodeClass" class="string">education</property>
          <property key="TS_CREATED" class="long">1304500880949</property>
          <property key="UUID" class="string">dfae2fb0-762f-11e0-a2bc-4040b3ba88b7</property>
        </properties>
      </node>
      <node id="286">
        <properties>
          <property key="UUID" class="string">cf4968b0-762f-11e0-a2bc-4040b3ba88b7</property>
          <property key="TS_CREATED" class="long">1304500853446</property>
          <property key="username" class="string">Martin Lindgren</property>
          <property key="TS_MODIFIED" class="long">1304501623938</property>
          <property key="password" class="string">a665a45920422f9d417e4867efdc4fb8a04a1f3fff1fa07e998e86f7f7a27ae3</property>
          <property key="phone" class="string">076-844 06 40</property>
          <property key="email" class="string">martin.lindgren@infucare.se</property>
          <property key="city" class="string">STOCKHOLM</property>
          <property key="address" class="string">Lumagatan 11</property>
          <property key="country" class="string">Sverige</property>
          <property key="nodeClass" class="string">employee</property>
          <property key="authorization" class="string">false</property>
          <property key="employment" class="string">Välj...</property>
          <property key="own-result-responsibility" class="string">false</property>
          <property key="function" class="string">55</property>
          <property key="firstname" class="string">Martin</property>
          <property key="gender" class="string">M</property>
          <property key="nationality" class="string">Svensk</property>
          <property key="executive" class="string">false</property>
          <property key="payment-form" class="string">Välj...</property>
          <property key="dismissal-period-employee" class="string">Välj...</property>
          <property key="dismissal-period-employer" class="string">0</property>
          <property key="budget-responsibility" class="string">false</property>
          <property key="zip" class="string">120 63</property>
          <property key="employmentid" class="string">173</property>
          <property key="lastname" class="string">Lindgren</property>
          <property key="cell" class="string">076-844 06 40</property>
        </properties>
      </node>
      <node id="285">
        <properties>
          <property key="TS_CREATED" class="long">1304500849160</property>
          <property key="UUID" class="string">ccbbe000-762f-11e0-a2bc-4040b3ba88b7</property>
        </properties>
      </node>
      <node id="284">
        <properties>
          <property key="TS_MODIFIED" class="long">1304500635366</property>
          <property key="nodeClass" class="string">workexperience</property>
          <property key="TS_CREATED" class="long">1304500635359</property>
          <property key="UUID" class="string">4d4c4760-762f-11e0-a2bc-4040b3ba88b7</property>
        </properties>
      </node>
      <node id="258">
        <properties>
          <property key="UUID" class="string">0659a930-6fe8-11e0-a2bc-4040b3ba88b7</property>
          <property key="TS_CREATED" class="long">1303810315085</property>
          <property key="username" class="string">Marlene Hallonkvist</property>
          <property key="TS_MODIFIED" class="long">1304501585817</property>
          <property key="password" class="string">e5b861a6d8a966dfca7e7341cd3eb6be9901688d547a72ebed0b1f5e14f3d08d</property>
          <property key="phone" class="string">08-601 24 46</property>
          <property key="email" class="string">marlene.hallonkvist@infucare.se</property>
          <property key="city" class="string">SALTSJÖBADEN</property>
          <property key="address" class="string">Ljuskärrsvägen 79</property>
          <property key="country" class="string">Sverige</property>
          <property key="nodeClass" class="string">employee</property>
          <property key="authorization" class="string">false</property>
          <property key="employment" class="string">Välj...</property>
          <property key="own-result-responsibility" class="string">false</property>
          <property key="function" class="string">165</property>
          <property key="firstname" class="string">Marlene</property>
          <property key="gender" class="string">F</property>
          <property key="nationality" class="string">Svensk</property>
          <property key="executive" class="string">false</property>
          <property key="payment-form" class="string">Välj...</property>
          <property key="dismissal-period-employee" class="string">Välj...</property>
          <property key="dismissal-period-employer" class="string">0</property>
          <property key="budget-responsibility" class="string">false</property>
          <property key="zip" class="string">133 31</property>
          <property key="employmentid" class="string">130</property>
          <property key="lastname" class="string">Hallonkvist</property>
          <property key="cell" class="string">0736-10 51 70 Privat)</property>
        </properties>
      </node>
      <node id="259">
        <properties>
          <property key="TS_MODIFIED" class="long">1303810324492</property>
          <property key="nodeClass" class="string">education</property>
          <property key="TS_CREATED" class="long">1303810324469</property>
          <property key="UUID" class="string">0bf18bb0-6fe8-11e0-a2bc-4040b3ba88b7</property>
        </properties>
      </node>
      <node id="256">
        <properties>
          <property key="TS_MODIFIED" class="long">1303810226024</property>
          <property key="nodeClass" class="string">workexperience</property>
          <property key="TS_CREATED" class="long">1303810226016</property>
          <property key="UUID" class="string">d142cf60-6fe7-11e0-a2bc-4040b3ba88b7</property>
        </properties>
      </node>
      <node id="257">
        <properties>
          <property key="TS_CREATED" class="long">1303810296889</property>
          <property key="UUID" class="string">fb8104e0-6fe7-11e0-a2bc-4040b3ba88b7</property>
        </properties>
      </node>
      <node id="262">
        <properties>
          <property key="TS_MODIFIED" class="long">1303810324752</property>
          <property key="nodeClass" class="string">workexperience</property>
          <property key="TS_CREATED" class="long">1303810324745</property>
          <property key="UUID" class="string">0c1bd000-6fe8-11e0-a2bc-4040b3ba88b7</property>
        </properties>
      </node>
      <node id="263">
        <properties>
          <property key="TS_CREATED" class="long">1303810377978</property>
          <property key="UUID" class="string">2bd65f00-6fe8-11e0-a2bc-4040b3ba88b7</property>
        </properties>
      </node>
      <node id="260">
        <properties>
          <property key="TS_MODIFIED" class="long">1303810324541</property>
          <property key="nodeClass" class="string">course</property>
          <property key="TS_CREATED" class="long">1303810324534</property>
          <property key="UUID" class="string">0bfb28a0-6fe8-11e0-a2bc-4040b3ba88b7</property>
        </properties>
      </node>
      <node id="261">
        <properties>
          <property key="TS_MODIFIED" class="long">1303810324592</property>
          <property key="nodeClass" class="string">language</property>
          <property key="TS_CREATED" class="long">1303810324581</property>
          <property key="UUID" class="string">0c02c9c0-6fe8-11e0-a2bc-4040b3ba88b7</property>
        </properties>
      </node>
      <node id="266">
        <properties>
          <property key="TS_MODIFIED" class="long">1303810414978</property>
          <property key="nodeClass" class="string">course</property>
          <property key="TS_CREATED" class="long">1303810414970</property>
          <property key="UUID" class="string">41e30e10-6fe8-11e0-a2bc-4040b3ba88b7</property>
        </properties>
      </node>
      <node id="267">
        <properties>
          <property key="TS_MODIFIED" class="long">1303810415034</property>
          <property key="nodeClass" class="string">language</property>
          <property key="TS_CREATED" class="long">1303810415025</property>
          <property key="UUID" class="string">41eb4b70-6fe8-11e0-a2bc-4040b3ba88b7</property>
        </properties>
      </node>
      <node id="264">
        <properties>
          <property key="UUID" class="string">3a9e8d00-6fe8-11e0-a2bc-4040b3ba88b7</property>
          <property key="TS_CREATED" class="long">1303810402778</property>
          <property key="username" class="string">Catarina Andreasson</property>
          <property key="TS_MODIFIED" class="long">1313142117345</property>
          <property key="password" class="string">e5b861a6d8a966dfca7e7341cd3eb6be9901688d547a72ebed0b1f5e14f3d08d</property>
          <property key="phone" class="string">070-681 98 90</property>
          <property key="email" class="string">catarina.andreasson@infucare.se</property>
          <property key="city" class="string">UDDEVALLA</property>
          <property key="address" class="string">Blåvingegatan 2</property>
          <property key="country" class="string">Sverige</property>
          <property key="nodeClass" class="string">employee</property>
          <property key="authorization" class="string">false</property>
          <property key="employment" class="string">Välj...</property>
          <property key="own-result-responsibility" class="string">false</property>
          <property key="function" class="string">108</property>
          <property key="firstname" class="string">Catarina</property>
          <property key="gender" class="string">F</property>
          <property key="nationality" class="string">Svensk</property>
          <property key="executive" class="string">false</property>
          <property key="payment-form" class="string">Välj...</property>
          <property key="dismissal-period-employee" class="string">Välj...</property>
          <property key="dismissal-period-employer" class="string">0</property>
          <property key="budget-responsibility" class="string">false</property>
          <property key="zip" class="string">451 62 </property>
          <property key="employmentid" class="string">204</property>
          <property key="lastname" class="string">Andreasson</property>
          <property key="cell" class="string">070-681 98 90</property>
          <property key="fromdate" class="string">2009</property>
        </properties>
      </node>
      <node id="265">
        <properties>
          <property key="to" class="string">1993</property>
          <property key="country" class="string">Sverige</property>
          <property key="name" class="string">Barnsjuksköterskeexamen</property>
          <property key="level" class="string">Gymnasieskola eller motsvarande</property>
          <property key="TS_MODIFIED" class="long">1313142262693</property>
          <property key="nodeClass" class="string">education</property>
          <property key="TS_CREATED" class="long">1303810414917</property>
          <property key="UUID" class="string">41dad0b0-6fe8-11e0-a2bc-4040b3ba88b7</property>
        </properties>
      </node>
      <node id="270">
        <properties>
          <property key="UUID" class="string">e67c3db0-762e-11e0-a2bc-4040b3ba88b7</property>
          <property key="TS_CREATED" class="long">1304500462908</property>
          <property key="username" class="string">Sam Hörnqvist</property>
          <property key="TS_MODIFIED" class="long">1313150075010</property>
          <property key="password" class="string">89aa1e580023722db67646e8149eb246c748e180e34a1cf679ab0b41a416d904</property>
          <property key="phone" class="string">070-396 44 54</property>
          <property key="email" class="string">sam.hornqvist@infucare.se</property>
          <property key="city" class="string">ARNÄSVALL</property>
          <property key="address" class="string">Idbyn 117</property>
          <property key="country" class="string">Sverige</property>
          <property key="nodeClass" class="string">employee</property>
          <property key="authorization" class="string">false</property>
          <property key="employment" class="string">Välj...</property>
          <property key="own-result-responsibility" class="string">false</property>
          <property key="function" class="string">22</property>
          <property key="firstname" class="string">Sam</property>
          <property key="gender" class="string">M</property>
          <property key="nationality" class="string">Svensk</property>
          <property key="executive" class="string">false</property>
          <property key="payment-form" class="string">Välj...</property>
          <property key="dismissal-period-employee" class="string">Välj...</property>
          <property key="dismissal-period-employer" class="string">0</property>
          <property key="budget-responsibility" class="string">false</property>
          <property key="zip" class="string">891 96 </property>
          <property key="employmentid" class="string">205</property>
          <property key="lastname" class="string">Hörnqvist</property>
          <property key="cell" class="string">070-396 44 54</property>
          <property key="fromdate" class="string">2009</property>
          <property key="military-service" class="string">Värnplikt, Korpral 1975-1976</property>
        </properties>
      </node>
      <node id="271">
        <properties>
          <property key="to" class="string">1969</property>
          <property key="from" class="string">1965</property>
          <property key="country" class="string">Sverige</property>
          <property key="name" class="string">Realexamen</property>
          <property key="level" class="string">Gymnasieskola eller motsvarande</property>
          <property key="TS_MODIFIED" class="long">1313149707537</property>
          <property key="nodeClass" class="string">education</property>
          <property key="TS_CREATED" class="long">1304500485380</property>
          <property key="UUID" class="string">f3e74cb0-762e-11e0-a2bc-4040b3ba88b7</property>
        </properties>
      </node>
      <node id="268">
        <properties>
          <property key="UUID" class="string">4201e0b0-6fe8-11e0-a2bc-4040b3ba88b7</property>
          <property key="TS_CREATED" class="long">1303810415172</property>
          <property key="TS_MODIFIED" class="long">1313142541084</property>
          <property key="name" class="string">Sjuksköterska</property>
          <property key="to" class="string">2003</property>
          <property key="from" class="string">1988</property>
          <property key="company" class="string">Uddevalla Sjukhus</property>
          <property key="country" class="string">Sverige</property>
          <property key="assignments" class="string">Sjuksköterska på Barnkliniken Uddevalla/NÄL Neonatal/Stora barn.

</property>
          <property key="nodeClass" class="string">workexperience</property>
        </properties>
      </node>
      <node id="269">
        <properties>
          <property key="TS_CREATED" class="long">1303810480072</property>
          <property key="UUID" class="string">68b0ade0-6fe8-11e0-a2bc-4040b3ba88b7</property>
        </properties>
      </node>
      <node id="305">
        <properties>
          <property key="TS_MODIFIED" class="long">1304501220661</property>
          <property key="nodeClass" class="string">course</property>
          <property key="TS_CREATED" class="long">1304501220653</property>
          <property key="UUID" class="string">aa290e40-7630-11e0-a2bc-4040b3ba88b7</property>
        </properties>
      </node>
      <node id="304">
        <properties>
          <property key="to" class="string">1997</property>
          <property key="country" class="string">Sverige</property>
          <property key="name" class="string">Diabetessköterska</property>
          <property key="level" class="string">Gymnasieskola eller motsvarande</property>
          <property key="TS_MODIFIED" class="long">1313142217077</property>
          <property key="nodeClass" class="string">education</property>
          <property key="TS_CREATED" class="long">1304501220606</property>
          <property key="UUID" class="string">aa21bb40-7630-11e0-a2bc-4040b3ba88b7</property>
        </properties>
      </node>
      <node id="307">
        <properties>
          <property key="UUID" class="string">aa4e2270-7630-11e0-a2bc-4040b3ba88b7</property>
          <property key="TS_CREATED" class="long">1304501220896</property>
          <property key="TS_MODIFIED" class="long">1313142456267</property>
          <property key="name" class="string">Diabetesköterska</property>
          <property key="to" class="string">2003</property>
          <property key="from" class="string">1997</property>
          <property key="company" class="string">Uddevalla Sjukhus</property>
          <property key="country" class="string">Sverige</property>
          <property key="assignments" class="string">Diabetesköterska på Barnkliniken. </property>
          <property key="nodeClass" class="string">workexperience</property>
        </properties>
      </node>
      <node id="306">
        <properties>
          <property key="TS_MODIFIED" class="long">1304501220713</property>
          <property key="nodeClass" class="string">language</property>
          <property key="TS_CREATED" class="long">1304501220702</property>
          <property key="UUID" class="string">aa308850-7630-11e0-a2bc-4040b3ba88b7</property>
        </properties>
      </node>
      <node id="309">
        <properties>
          <property key="TS_MODIFIED" class="long">1304501234430</property>
          <property key="nodeClass" class="string">course</property>
          <property key="TS_CREATED" class="long">1304501234422</property>
          <property key="UUID" class="string">b25e09d0-7630-11e0-a2bc-4040b3ba88b7</property>
        </properties>
      </node>
      <node id="308">
        <properties>
          <property key="to" class="string">2003</property>
          <property key="country" class="string">Sverige</property>
          <property key="name" class="string">LIF-Examen</property>
          <property key="level" class="string">Gymnasieskola eller motsvarande</property>
          <property key="TS_MODIFIED" class="long">1313142191584</property>
          <property key="nodeClass" class="string">education</property>
          <property key="TS_CREATED" class="long">1304501234375</property>
          <property key="UUID" class="string">b2550920-7630-11e0-a2bc-4040b3ba88b7</property>
        </properties>
      </node>
      <node id="311">
        <properties>
          <property key="to" class="string">2009</property>
          <property key="from" class="string">2003</property>
          <property key="company" class="string">Novo Nordisk AB</property>
          <property key="country" class="string">Sverige</property>
          <property key="name" class="string">Senior Diabetes Care Specialist </property>
          <property key="TS_MODIFIED" class="long">1313152224146</property>
          <property key="nodeClass" class="string">workexperience</property>
          <property key="TS_CREATED" class="long">1304501234798</property>
          <property key="UUID" class="string">b2976950-7630-11e0-a2bc-4040b3ba88b7</property>
        </properties>
      </node>
      <node id="310">
        <properties>
          <property key="TS_MODIFIED" class="long">1304501234479</property>
          <property key="nodeClass" class="string">language</property>
          <property key="TS_CREATED" class="long">1304501234472</property>
          <property key="UUID" class="string">b265aaf0-7630-11e0-a2bc-4040b3ba88b7</property>
        </properties>
      </node>
      <node id="313">
        <properties>
          <property key="TS_MODIFIED" class="long">1304501250610</property>
          <property key="nodeClass" class="string">course</property>
          <property key="TS_CREATED" class="long">1304501250604</property>
          <property key="UUID" class="string">bc02e910-7630-11e0-a2bc-4040b3ba88b7</property>
        </properties>
      </node>
      <node id="312">
        <properties>
          <property key="TS_MODIFIED" class="long">1304501250560</property>
          <property key="nodeClass" class="string">education</property>
          <property key="TS_CREATED" class="long">1304501250552</property>
          <property key="UUID" class="string">bbf94c20-7630-11e0-a2bc-4040b3ba88b7</property>
        </properties>
      </node>
      <node id="315">
        <properties>
          <property key="TS_MODIFIED" class="long">1304501250859</property>
          <property key="nodeClass" class="string">workexperience</property>
          <property key="TS_CREATED" class="long">1304501250851</property>
          <property key="UUID" class="string">bc28e7a0-7630-11e0-a2bc-4040b3ba88b7</property>
        </properties>
      </node>
      <node id="314">
        <properties>
          <property key="TS_MODIFIED" class="long">1304501250659</property>
          <property key="nodeClass" class="string">language</property>
          <property key="TS_CREATED" class="long">1304501250652</property>
          <property key="UUID" class="string">bc0ab140-7630-11e0-a2bc-4040b3ba88b7</property>
        </properties>
      </node>
      <node id="317">
        <properties>
          <property key="TS_MODIFIED" class="long">1304501262702</property>
          <property key="nodeClass" class="string">course</property>
          <property key="TS_CREATED" class="long">1304501262693</property>
          <property key="UUID" class="string">c33800d0-7630-11e0-a2bc-4040b3ba88b7</property>
        </properties>
      </node>
      <node id="316">
        <properties>
          <property key="TS_MODIFIED" class="long">1304501262648</property>
          <property key="nodeClass" class="string">education</property>
          <property key="TS_CREATED" class="long">1304501262641</property>
          <property key="UUID" class="string">c32f7550-7630-11e0-a2bc-4040b3ba88b7</property>
        </properties>
      </node>
      <node id="319">
        <properties>
          <property key="TS_MODIFIED" class="long">1304501262937</property>
          <property key="nodeClass" class="string">workexperience</property>
          <property key="TS_CREATED" class="long">1304501262930</property>
          <property key="UUID" class="string">c35c0390-7630-11e0-a2bc-4040b3ba88b7</property>
        </properties>
      </node>
      <node id="318">
        <properties>
          <property key="TS_MODIFIED" class="long">1304501262754</property>
          <property key="nodeClass" class="string">language</property>
          <property key="TS_CREATED" class="long">1304501262743</property>
          <property key="UUID" class="string">c33f7ae0-7630-11e0-a2bc-4040b3ba88b7</property>
        </properties>
      </node>
      <node id="288">
        <properties>
          <property key="TS_MODIFIED" class="long">1304500881014</property>
          <property key="nodeClass" class="string">course</property>
          <property key="TS_CREATED" class="long">1304500881006</property>
          <property key="UUID" class="string">dfb69420-762f-11e0-a2bc-4040b3ba88b7</property>
        </properties>
      </node>
      <node id="289">
        <properties>
          <property key="TS_MODIFIED" class="long">1304500881070</property>
          <property key="nodeClass" class="string">language</property>
          <property key="TS_CREATED" class="long">1304500881062</property>
          <property key="UUID" class="string">dfbfbbe0-762f-11e0-a2bc-4040b3ba88b7</property>
        </properties>
      </node>
      <node id="290">
        <properties>
          <property key="TS_MODIFIED" class="long">1304500881387</property>
          <property key="nodeClass" class="string">workexperience</property>
          <property key="TS_CREATED" class="long">1304500881379</property>
          <property key="UUID" class="string">dfefcc90-762f-11e0-a2bc-4040b3ba88b7</property>
        </properties>
      </node>
      <node id="291">
        <properties>
          <property key="TS_CREATED" class="long">1304500972486</property>
          <property key="UUID" class="string">163dede0-7630-11e0-a2bc-4040b3ba88b7</property>
        </properties>
      </node>
      <node id="292">
        <properties>
          <property key="UUID" class="string">19dd0da0-7630-11e0-a2bc-4040b3ba88b7</property>
          <property key="TS_CREATED" class="long">1304500978565</property>
          <property key="username" class="string">Per Kulenius</property>
          <property key="TS_MODIFIED" class="long">1304501343541</property>
          <property key="password" class="string">0f8ef3377b30fc47f96b48247f463a726a802f62f3faa03d56403751d2f66c67</property>
          <property key="phone" class="string">0704-66 31 40</property>
          <property key="email" class="string">per.kulenius@infucare.se</property>
          <property key="city" class="string">Skogås</property>
          <property key="address" class="string">Konsertvägen 25</property>
          <property key="country" class="string">Sverige</property>
          <property key="nodeClass" class="string">employee</property>
          <property key="authorization" class="string">false</property>
          <property key="employment" class="string">Välj...</property>
          <property key="own-result-responsibility" class="string">false</property>
          <property key="function" class="string">57</property>
          <property key="firstname" class="string">Per</property>
          <property key="gender" class="string">M</property>
          <property key="nationality" class="string">Svensk</property>
          <property key="executive" class="string">false</property>
          <property key="payment-form" class="string">Välj...</property>
          <property key="dismissal-period-employee" class="string">Välj...</property>
          <property key="dismissal-period-employer" class="string">0</property>
          <property key="budget-responsibility" class="string">false</property>
          <property key="zip" class="string">142 43</property>
          <property key="employmentid" class="string">175</property>
          <property key="lastname" class="string">Kulenius</property>
          <property key="cell" class="string">0704-663140</property>
        </properties>
      </node>
      <node id="293">
        <properties>
          <property key="TS_MODIFIED" class="long">1304501012659</property>
          <property key="nodeClass" class="string">education</property>
          <property key="TS_CREATED" class="long">1304501012648</property>
          <property key="UUID" class="string">2e2ddbe0-7630-11e0-a2bc-4040b3ba88b7</property>
        </properties>
      </node>
      <node id="294">
        <properties>
          <property key="TS_MODIFIED" class="long">1304501012715</property>
          <property key="nodeClass" class="string">course</property>
          <property key="TS_CREATED" class="long">1304501012708</property>
          <property key="UUID" class="string">2e35cb20-7630-11e0-a2bc-4040b3ba88b7</property>
        </properties>
      </node>
      <node id="295">
        <properties>
          <property key="TS_MODIFIED" class="long">1304501012765</property>
          <property key="nodeClass" class="string">language</property>
          <property key="TS_CREATED" class="long">1304501012757</property>
          <property key="UUID" class="string">2e3ecbd0-7630-11e0-a2bc-4040b3ba88b7</property>
        </properties>
      </node>
      <node id="296">
        <properties>
          <property key="TS_MODIFIED" class="long">1304501012815</property>
          <property key="nodeClass" class="string">workexperience</property>
          <property key="TS_CREATED" class="long">1304501012807</property>
          <property key="UUID" class="string">2e4645e0-7630-11e0-a2bc-4040b3ba88b7</property>
        </properties>
      </node>
      <node id="297">
        <properties>
          <property key="TS_CREATED" class="long">1304501123784</property>
          <property key="UUID" class="string">706bb6d0-7630-11e0-a2bc-4040b3ba88b7</property>
        </properties>
      </node>
      <node id="298">
        <properties>
          <property key="UUID" class="string">7aecc540-7630-11e0-a2bc-4040b3ba88b7</property>
          <property key="TS_CREATED" class="long">1304501141405</property>
          <property key="username" class="string">Anna Sommerfeld Marsh</property>
          <property key="TS_MODIFIED" class="long">1313155572334</property>
          <property key="password" class="string">922c7954216ccfe7a61def609305ce1dc7c67e225f873f256d30d7a8ee4f404c</property>
          <property key="phone" class="string">073-252 24 24</property>
          <property key="email" class="string">anna.sommerfeld@infucare.se</property>
          <property key="country" class="string">Sverige</property>
          <property key="nodeClass" class="string">employee</property>
          <property key="authorization" class="string">false</property>
          <property key="employment" class="string">Välj...</property>
          <property key="own-result-responsibility" class="string">false</property>
          <property key="function" class="string">Välj...</property>
          <property key="firstname" class="string">Anna</property>
          <property key="gender" class="string">F</property>
          <property key="nationality" class="string">Svensk</property>
          <property key="executive" class="string">false</property>
          <property key="payment-form" class="string">Välj...</property>
          <property key="dismissal-period-employee" class="string">Välj...</property>
          <property key="dismissal-period-employer" class="string">0</property>
          <property key="budget-responsibility" class="string">false</property>
          <property key="employmentid" class="string">176</property>
          <property key="lastname" class="string">Sommerfeld Marsh</property>
          <property key="cell" class="string">073-252 24 24</property>
          <property key="additional-knowledge" class="string">Datakunskap: MS Office, Outlook, div. säljstödsystem.</property>
          <property key="additional-experience" class="string">- Medarrangör (1994 och 1996) och ansvarig för nattsäkerheten vid Judiska Barnkolonin, Glämsta sommarläger på Väddö (1996)</property>
        </properties>
      </node>
      <node id="299">
        <properties>
          <property key="UUID" class="string">8808c9e0-7630-11e0-a2bc-4040b3ba88b7</property>
          <property key="TS_CREATED" class="long">1304501163399</property>
          <property key="TS_MODIFIED" class="long">1313152645719</property>
          <property key="level" class="string">Gymnasieskola eller motsvarande</property>
          <property key="name" class="string">Molekylärbiologilinjen</property>
          <property key="to" class="string">1999</property>
          <property key="description" class="string">Stockholms Universitet/Göteborgs Universitet</property>
          <property key="from" class="string">1996</property>
          <property key="country" class="string">Sverige</property>
          <property key="nodeClass" class="string">education</property>
        </properties>
      </node>
      <node id="300">
        <properties>
          <property key="description" class="string">Pharma International Academy</property>
          <property key="to" class="string">2009</property>
          <property key="from" class="string">2009</property>
          <property key="name" class="string">Produktchefskurs, strategisk marknadsplanering</property>
          <property key="TS_MODIFIED" class="long">1313152992685</property>
          <property key="nodeClass" class="string">course</property>
          <property key="TS_CREATED" class="long">1304501163449</property>
          <property key="UUID" class="string">88109210-7630-11e0-a2bc-4040b3ba88b7</property>
        </properties>
      </node>
      <node id="301">
        <properties>
          <property key="language" class="string">Engelska</property>
          <property key="spoken" class="string">God</property>
          <property key="written" class="string">God</property>
          <property key="TS_MODIFIED" class="long">1313153458446</property>
          <property key="nodeClass" class="string">language</property>
          <property key="TS_CREATED" class="long">1304501163498</property>
          <property key="UUID" class="string">8817e510-7630-11e0-a2bc-4040b3ba88b7</property>
        </properties>
      </node>
      <node id="302">
        <properties>
          <property key="UUID" class="string">882d8ff0-7630-11e0-a2bc-4040b3ba88b7</property>
          <property key="TS_CREATED" class="long">1304501163641</property>
          <property key="TS_MODIFIED" class="long">1313153833947</property>
          <property key="name" class="string">Produktchef</property>
          <property key="from" class="string">2010</property>
          <property key="company" class="string">Synthes AB</property>
          <property key="country" class="string">Sverige</property>
          <property key="assignments" class="string">Ansvarig för produktspecifikt arbete inom området Trauma, så som produktrelaterade detaljer, involvering i utbildningsaktiviteter, produktrelaterad support till 10 säljare samt forecasts, analyser, prisanalys etc.</property>
          <property key="nodeClass" class="string">workexperience</property>
          <property key="trade" class="string">Ortopediska implantat</property>
        </properties>
      </node>
      <node id="303">
        <properties>
          <property key="TS_CREATED" class="long">1304501216038</property>
          <property key="UUID" class="string">a768b5c0-7630-11e0-a2bc-4040b3ba88b7</property>
        </properties>
      </node>
      <node id="343">
        <properties>
          <property key="TS_MODIFIED" class="long">1304501336296</property>
          <property key="nodeClass" class="string">workexperience</property>
          <property key="TS_CREATED" class="long">1304501336287</property>
          <property key="UUID" class="string">ef156760-7630-11e0-a2bc-4040b3ba88b7</property>
        </properties>
      </node>
      <node id="342">
        <properties>
          <property key="TS_MODIFIED" class="long">1304501336157</property>
          <property key="nodeClass" class="string">language</property>
          <property key="TS_CREATED" class="long">1304501336149</property>
          <property key="UUID" class="string">ef0058c0-7630-11e0-a2bc-4040b3ba88b7</property>
        </properties>
      </node>
      <node id="341">
        <properties>
          <property key="TS_MODIFIED" class="long">1304501336103</property>
          <property key="nodeClass" class="string">course</property>
          <property key="TS_CREATED" class="long">1304501336096</property>
          <property key="UUID" class="string">eef84270-7630-11e0-a2bc-4040b3ba88b7</property>
        </properties>
      </node>
      <node id="340">
        <properties>
          <property key="TS_MODIFIED" class="long">1304501336051</property>
          <property key="nodeClass" class="string">education</property>
          <property key="TS_CREATED" class="long">1304501336044</property>
          <property key="UUID" class="string">eef00510-7630-11e0-a2bc-4040b3ba88b7</property>
        </properties>
      </node>
      <node id="339">
        <properties>
          <property key="TS_MODIFIED" class="long">1304501321422</property>
          <property key="nodeClass" class="string">workexperience</property>
          <property key="TS_CREATED" class="long">1304501321414</property>
          <property key="UUID" class="string">e637f6d0-7630-11e0-a2bc-4040b3ba88b7</property>
        </properties>
      </node>
      <node id="338">
        <properties>
          <property key="TS_MODIFIED" class="long">1304501321232</property>
          <property key="nodeClass" class="string">language</property>
          <property key="TS_CREATED" class="long">1304501321224</property>
          <property key="UUID" class="string">e61ad1e0-7630-11e0-a2bc-4040b3ba88b7</property>
        </properties>
      </node>
      <node id="337">
        <properties>
          <property key="TS_MODIFIED" class="long">1304501321177</property>
          <property key="nodeClass" class="string">course</property>
          <property key="TS_CREATED" class="long">1304501321168</property>
          <property key="UUID" class="string">e6124660-7630-11e0-a2bc-4040b3ba88b7</property>
        </properties>
      </node>
      <node id="336">
        <properties>
          <property key="TS_MODIFIED" class="long">1304501321122</property>
          <property key="nodeClass" class="string">education</property>
          <property key="TS_CREATED" class="long">1304501321114</property>
          <property key="UUID" class="string">e60a0900-7630-11e0-a2bc-4040b3ba88b7</property>
        </properties>
      </node>
      <node id="351">
        <properties>
          <property key="TS_MODIFIED" class="long">1304501370202</property>
          <property key="nodeClass" class="string">workexperience</property>
          <property key="TS_CREATED" class="long">1304501370191</property>
          <property key="UUID" class="string">034a9750-7631-11e0-a2bc-4040b3ba88b7</property>
        </properties>
      </node>
      <node id="350">
        <properties>
          <property key="TS_MODIFIED" class="long">1304501370145</property>
          <property key="nodeClass" class="string">language</property>
          <property key="TS_CREATED" class="long">1304501370137</property>
          <property key="UUID" class="string">03428100-7631-11e0-a2bc-4040b3ba88b7</property>
        </properties>
      </node>
      <node id="349">
        <properties>
          <property key="TS_MODIFIED" class="long">1304501370094</property>
          <property key="nodeClass" class="string">course</property>
          <property key="TS_CREATED" class="long">1304501370086</property>
          <property key="UUID" class="string">033ab8d0-7631-11e0-a2bc-4040b3ba88b7</property>
        </properties>
      </node>
      <node id="348">
        <properties>
          <property key="TS_MODIFIED" class="long">1304501370041</property>
          <property key="nodeClass" class="string">education</property>
          <property key="TS_CREATED" class="long">1304501370034</property>
          <property key="UUID" class="string">03327b70-7631-11e0-a2bc-4040b3ba88b7</property>
        </properties>
      </node>
      <node id="347">
        <properties>
          <property key="TS_MODIFIED" class="long">1304501352239</property>
          <property key="nodeClass" class="string">workexperience</property>
          <property key="TS_CREATED" class="long">1304501352232</property>
          <property key="UUID" class="string">f89643e0-7630-11e0-a2bc-4040b3ba88b7</property>
        </properties>
      </node>
      <node id="346">
        <properties>
          <property key="TS_MODIFIED" class="long">1304501351978</property>
          <property key="nodeClass" class="string">language</property>
          <property key="TS_CREATED" class="long">1304501351971</property>
          <property key="UUID" class="string">f86e7090-7630-11e0-a2bc-4040b3ba88b7</property>
        </properties>
      </node>
      <node id="345">
        <properties>
          <property key="TS_MODIFIED" class="long">1304501351929</property>
          <property key="nodeClass" class="string">course</property>
          <property key="TS_CREATED" class="long">1304501351918</property>
          <property key="UUID" class="string">f8665a40-7630-11e0-a2bc-4040b3ba88b7</property>
        </properties>
      </node>
      <node id="344">
        <properties>
          <property key="TS_MODIFIED" class="long">1304501350362</property>
          <property key="nodeClass" class="string">education</property>
          <property key="TS_CREATED" class="long">1304501350353</property>
          <property key="UUID" class="string">f7776660-7630-11e0-a2bc-4040b3ba88b7</property>
        </properties>
      </node>
      <node id="326">
        <properties>
          <property key="TS_MODIFIED" class="long">1304501283104</property>
          <property key="nodeClass" class="string">language</property>
          <property key="TS_CREATED" class="long">1304501283096</property>
          <property key="UUID" class="string">cf6119f0-7630-11e0-a2bc-4040b3ba88b7</property>
        </properties>
      </node>
      <node id="327">
        <properties>
          <property key="TS_MODIFIED" class="long">1304501283293</property>
          <property key="nodeClass" class="string">workexperience</property>
          <property key="TS_CREATED" class="long">1304501283285</property>
          <property key="UUID" class="string">cf7dc9b0-7630-11e0-a2bc-4040b3ba88b7</property>
        </properties>
      </node>
      <node id="324">
        <properties>
          <property key="TS_MODIFIED" class="long">1304501282999</property>
          <property key="nodeClass" class="string">education</property>
          <property key="TS_CREATED" class="long">1304501282990</property>
          <property key="UUID" class="string">cf509f30-7630-11e0-a2bc-4040b3ba88b7</property>
        </properties>
      </node>
      <node id="325">
        <properties>
          <property key="TS_MODIFIED" class="long">1304501283052</property>
          <property key="nodeClass" class="string">course</property>
          <property key="TS_CREATED" class="long">1304501283045</property>
          <property key="UUID" class="string">cf58b580-7630-11e0-a2bc-4040b3ba88b7</property>
        </properties>
      </node>
      <node id="322">
        <properties>
          <property key="language" class="string">Engelska</property>
          <property key="spoken" class="string">God</property>
          <property key="written" class="string">God</property>
          <property key="TS_MODIFIED" class="long">1313143413916</property>
          <property key="nodeClass" class="string">language</property>
          <property key="TS_CREATED" class="long">1304501270015</property>
          <property key="UUID" class="string">c7951960-7630-11e0-a2bc-4040b3ba88b7</property>
        </properties>
      </node>
      <node id="323">
        <properties>
          <property key="UUID" class="string">c7b28c70-7630-11e0-a2bc-4040b3ba88b7</property>
          <property key="TS_CREATED" class="long">1304501270207</property>
          <property key="TS_MODIFIED" class="long">1313143505317</property>
          <property key="name" class="string">Key Account Specialist</property>
          <property key="to" class="string">2009</property>
          <property key="from" class="string">2007</property>
          <property key="company" class="string">3M Svenska AB</property>
          <property key="country" class="string">Sverige</property>
          <property key="assignments" class="string">Avd. Hälsovård, Sverige</property>
          <property key="nodeClass" class="string">workexperience</property>
        </properties>
      </node>
      <node id="320">
        <properties>
          <property key="to" class="string">1999</property>
          <property key="country" class="string">Sverige</property>
          <property key="name" class="string">Grundläggande medicinteknik för sjuksköterskor</property>
          <property key="level" class="string">Gymnasieskola eller motsvarande</property>
          <property key="TS_MODIFIED" class="long">1313142805196</property>
          <property key="nodeClass" class="string">education</property>
          <property key="TS_CREATED" class="long">1304501269914</property>
          <property key="UUID" class="string">c7858900-7630-11e0-a2bc-4040b3ba88b7</property>
        </properties>
      </node>
      <node id="321">
        <properties>
          <property key="to" class="string">2008</property>
          <property key="name" class="string">Rådgivande Försäljningsteknik</property>
          <property key="TS_MODIFIED" class="long">1313143096458</property>
          <property key="nodeClass" class="string">course</property>
          <property key="TS_CREATED" class="long">1304501269966</property>
          <property key="UUID" class="string">c78d9f50-7630-11e0-a2bc-4040b3ba88b7</property>
        </properties>
      </node>
      <node id="334">
        <properties>
          <property key="TS_MODIFIED" class="long">1304501308051</property>
          <property key="nodeClass" class="string">language</property>
          <property key="TS_CREATED" class="long">1304501308038</property>
          <property key="UUID" class="string">de2fd7a0-7630-11e0-a2bc-4040b3ba88b7</property>
        </properties>
      </node>
      <node id="335">
        <properties>
          <property key="to" class="string">2009</property>
          <property key="from" class="string">2000</property>
          <property key="company" class="string">Novo Nordisk Scandinavia AB</property>
          <property key="country" class="string">Sverige</property>
          <property key="name" class="string">Produktspecialist</property>
          <property key="TS_MODIFIED" class="long">1313149765109</property>
          <property key="nodeClass" class="string">workexperience</property>
          <property key="TS_CREATED" class="long">1304501308152</property>
          <property key="UUID" class="string">de5057f0-7630-11e0-a2bc-4040b3ba88b7</property>
        </properties>
      </node>
      <node id="332">
        <properties>
          <property key="to" class="string">1975</property>
          <property key="country" class="string">Sverige</property>
          <property key="name" class="string">Legitimerad Sjukskötare</property>
          <property key="level" class="string">Gymnasieskola eller motsvarande</property>
          <property key="TS_MODIFIED" class="long">1313149680866</property>
          <property key="nodeClass" class="string">education</property>
          <property key="TS_CREATED" class="long">1304501307837</property>
          <property key="UUID" class="string">de202030-7630-11e0-a2bc-4040b3ba88b7</property>
        </properties>
      </node>
      <node id="333">
        <properties>
          <property key="TS_MODIFIED" class="long">1304501307894</property>
          <property key="nodeClass" class="string">course</property>
          <property key="TS_CREATED" class="long">1304501307886</property>
          <property key="UUID" class="string">de27c150-7630-11e0-a2bc-4040b3ba88b7</property>
        </properties>
      </node>
      <node id="330">
        <properties>
          <property key="TS_MODIFIED" class="long">1304501297358</property>
          <property key="nodeClass" class="string">language</property>
          <property key="TS_CREATED" class="long">1304501297347</property>
          <property key="UUID" class="string">d7df7a90-7630-11e0-a2bc-4040b3ba88b7</property>
        </properties>
      </node>
      <node id="331">
        <properties>
          <property key="from" class="string">2009</property>
          <property key="company" class="string">DexCom International</property>
          <property key="country" class="string">Sverige</property>
          <property key="name" class="string">Teknisk support</property>
          <property key="TS_MODIFIED" class="long">1313148933342</property>
          <property key="nodeClass" class="string">workexperience</property>
          <property key="TS_CREATED" class="long">1304501297536</property>
          <property key="UUID" class="string">d7fc0340-7630-11e0-a2bc-4040b3ba88b7</property>
        </properties>
      </node>
      <node id="328">
        <properties>
          <property key="to" class="string">2004</property>
          <property key="from" class="string">2003</property>
          <property key="country" class="string">Sverige</property>
          <property key="name" class="string">Omvårdnad</property>
          <property key="level" class="string">Gymnasieskola eller motsvarande</property>
          <property key="TS_MODIFIED" class="long">1313144492402</property>
          <property key="nodeClass" class="string">education</property>
          <property key="TS_CREATED" class="long">1304501297245</property>
          <property key="UUID" class="string">d7cfea30-7630-11e0-a2bc-4040b3ba88b7</property>
        </properties>
      </node>
      <node id="329">
        <properties>
          <property key="description" class="string">IBM Euroforum</property>
          <property key="to" class="string">2008</property>
          <property key="from" class="string">2008</property>
          <property key="name" class="string">Produktchef i praktiken</property>
          <property key="TS_MODIFIED" class="long">1313148670719</property>
          <property key="nodeClass" class="string">course</property>
          <property key="TS_CREATED" class="long">1304501297297</property>
          <property key="UUID" class="string">d7d80080-7630-11e0-a2bc-4040b3ba88b7</property>
        </properties>
      </node>
      <node id="373">
        <properties>
          <property key="TS_CREATED" class="long">1304501540375</property>
          <property key="UUID" class="string">68ba74c0-7631-11e0-a2bc-4040b3ba88b7</property>
        </properties>
      </node>
      <node id="372">
        <properties>
          <property key="TS_MODIFIED" class="long">1304501456318</property>
          <property key="nodeClass" class="string">workexperience</property>
          <property key="TS_CREATED" class="long">1304501456310</property>
          <property key="UUID" class="string">369e3d50-7631-11e0-a2bc-4040b3ba88b7</property>
        </properties>
      </node>
      <node id="375">
        <properties>
          <property key="TS_MODIFIED" class="long">1304501580022</property>
          <property key="nodeClass" class="string">course</property>
          <property key="TS_CREATED" class="long">1304501580007</property>
          <property key="UUID" class="string">805a1fe0-7631-11e0-a2bc-4040b3ba88b7</property>
        </properties>
      </node>
      <node id="374">
        <properties>
          <property key="TS_MODIFIED" class="long">1304501579962</property>
          <property key="nodeClass" class="string">education</property>
          <property key="TS_CREATED" class="long">1304501579954</property>
          <property key="UUID" class="string">80519460-7631-11e0-a2bc-4040b3ba88b7</property>
        </properties>
      </node>
      <node id="369">
        <properties>
          <property key="TS_MODIFIED" class="long">1304501456067</property>
          <property key="nodeClass" class="string">education</property>
          <property key="TS_CREATED" class="long">1304501456059</property>
          <property key="UUID" class="string">36790210-7631-11e0-a2bc-4040b3ba88b7</property>
        </properties>
      </node>
      <node id="368">
        <properties>
          <property key="UUID" class="string">2a0153c0-7631-11e0-a2bc-4040b3ba88b7</property>
          <property key="TS_CREATED" class="long">1304501435143</property>
          <property key="username" class="string">Anette Jensen</property>
          <property key="TS_MODIFIED" class="long">1304501769384</property>
          <property key="password" class="string">2747b7c718564ba5f066f0523b03e17f6a496b06851333d2d59ab6d863225848</property>
          <property key="phone" class="string">+45 29 40 39 20</property>
          <property key="email" class="string">anette.jensen@infucare.dk</property>
          <property key="city" class="string">Nivå</property>
          <property key="address" class="string">Rödlersvej 36  </property>
          <property key="country" class="string">Danmark</property>
          <property key="nodeClass" class="string">employee</property>
          <property key="authorization" class="string">false</property>
          <property key="employment" class="string">Välj...</property>
          <property key="own-result-responsibility" class="string">false</property>
          <property key="function" class="string">61</property>
          <property key="firstname" class="string">Anette</property>
          <property key="gender" class="string">F</property>
          <property key="nationality" class="string">Dansk</property>
          <property key="executive" class="string">false</property>
          <property key="payment-form" class="string">Välj...</property>
          <property key="dismissal-period-employee" class="string">Välj...</property>
          <property key="dismissal-period-employer" class="string">0</property>
          <property key="budget-responsibility" class="string">false</property>
          <property key="zip" class="string">2990</property>
          <property key="lastname" class="string">Jenssen</property>
          <property key="cell" class="string">+45 29 40 39 20</property>
        </properties>
      </node>
      <node id="371">
        <properties>
          <property key="TS_MODIFIED" class="long">1304501456196</property>
          <property key="nodeClass" class="string">language</property>
          <property key="TS_CREATED" class="long">1304501456180</property>
          <property key="UUID" class="string">368b2a80-7631-11e0-a2bc-4040b3ba88b7</property>
        </properties>
      </node>
      <node id="370">
        <properties>
          <property key="TS_MODIFIED" class="long">1304501456118</property>
          <property key="nodeClass" class="string">course</property>
          <property key="TS_CREATED" class="long">1304501456107</property>
          <property key="UUID" class="string">36807c20-7631-11e0-a2bc-4040b3ba88b7</property>
        </properties>
      </node>
      <node id="381">
        <properties>
          <property key="TS_MODIFIED" class="long">1304501617461</property>
          <property key="nodeClass" class="string">workexperience</property>
          <property key="TS_CREATED" class="long">1304501617453</property>
          <property key="UUID" class="string">96abc730-7631-11e0-a2bc-4040b3ba88b7</property>
        </properties>
      </node>
      <node id="380">
        <properties>
          <property key="TS_MODIFIED" class="long">1304501617246</property>
          <property key="nodeClass" class="string">language</property>
          <property key="TS_CREATED" class="long">1304501617238</property>
          <property key="UUID" class="string">968b1fd0-7631-11e0-a2bc-4040b3ba88b7</property>
        </properties>
      </node>
      <node id="383">
        <properties>
          <property key="TS_MODIFIED" class="long">1304501652630</property>
          <property key="nodeClass" class="string">education</property>
          <property key="TS_CREATED" class="long">1304501652622</property>
          <property key="UUID" class="string">aba24b50-7631-11e0-a2bc-4040b3ba88b7</property>
        </properties>
      </node>
      <node id="382">
        <properties>
          <property key="UUID" class="string">a5504090-7631-11e0-a2bc-4040b3ba88b7</property>
          <property key="TS_CREATED" class="long">1304501642018</property>
          <property key="username" class="string">Gitte Harrill Holmström</property>
          <property key="TS_MODIFIED" class="long">1304501730040</property>
          <property key="password" class="string">6566230e3a3ce3774c1bbc7c18b590ae0f457bbcd511e90e3e7dca2a02e7addc</property>
          <property key="phone" class="string">+45 22 77 32 52</property>
          <property key="email" class="string">gitte.holmstrom@infucare.dk</property>
          <property key="city" class="string">Vaerlöse</property>
          <property key="address" class="string">Bøgehaven 110</property>
          <property key="country" class="string">Sverige</property>
          <property key="nodeClass" class="string">employee</property>
          <property key="authorization" class="string">false</property>
          <property key="employment" class="string">Välj...</property>
          <property key="own-result-responsibility" class="string">false</property>
          <property key="function" class="string">Välj...</property>
          <property key="firstname" class="string">Gitte</property>
          <property key="gender" class="string">F</property>
          <property key="nationality" class="string">Dansk</property>
          <property key="executive" class="string">false</property>
          <property key="payment-form" class="string">Välj...</property>
          <property key="dismissal-period-employee" class="string">Välj...</property>
          <property key="dismissal-period-employer" class="string">0</property>
          <property key="budget-responsibility" class="string">false</property>
          <property key="zip" class="string">DK-3500</property>
          <property key="employmentid" class="string">804</property>
          <property key="lastname" class="string">Harrill Holmström</property>
          <property key="cell" class="string">+45 22 77 32 52</property>
        </properties>
      </node>
      <node id="377">
        <properties>
          <property key="TS_MODIFIED" class="long">1304501580258</property>
          <property key="nodeClass" class="string">workexperience</property>
          <property key="TS_CREATED" class="long">1304501580251</property>
          <property key="UUID" class="string">807f5b20-7631-11e0-a2bc-4040b3ba88b7</property>
        </properties>
      </node>
      <node id="376">
        <properties>
          <property key="TS_MODIFIED" class="long">1304501580073</property>
          <property key="nodeClass" class="string">language</property>
          <property key="TS_CREATED" class="long">1304501580062</property>
          <property key="UUID" class="string">80625d40-7631-11e0-a2bc-4040b3ba88b7</property>
        </properties>
      </node>
      <node id="379">
        <properties>
          <property key="TS_MODIFIED" class="long">1304501615615</property>
          <property key="nodeClass" class="string">course</property>
          <property key="TS_CREATED" class="long">1304501615607</property>
          <property key="UUID" class="string">959240e0-7631-11e0-a2bc-4040b3ba88b7</property>
        </properties>
      </node>
      <node id="378">
        <properties>
          <property key="TS_MODIFIED" class="long">1304501615561</property>
          <property key="nodeClass" class="string">education</property>
          <property key="TS_CREATED" class="long">1304501615555</property>
          <property key="UUID" class="string">958a0380-7631-11e0-a2bc-4040b3ba88b7</property>
        </properties>
      </node>
      <node id="356">
        <properties>
          <property key="TS_MODIFIED" class="long">1304501394591</property>
          <property key="nodeClass" class="string">education</property>
          <property key="TS_CREATED" class="long">1304501394584</property>
          <property key="UUID" class="string">11d4d1f0-7631-11e0-a2bc-4040b3ba88b7</property>
        </properties>
      </node>
      <node id="357">
        <properties>
          <property key="TS_MODIFIED" class="long">1304501394643</property>
          <property key="nodeClass" class="string">course</property>
          <property key="TS_CREATED" class="long">1304501394636</property>
          <property key="UUID" class="string">11dcc130-7631-11e0-a2bc-4040b3ba88b7</property>
        </properties>
      </node>
      <node id="358">
        <properties>
          <property key="TS_MODIFIED" class="long">1304501394724</property>
          <property key="nodeClass" class="string">language</property>
          <property key="TS_CREATED" class="long">1304501394716</property>
          <property key="UUID" class="string">11e8f630-7631-11e0-a2bc-4040b3ba88b7</property>
        </properties>
      </node>
      <node id="359">
        <properties>
          <property key="TS_MODIFIED" class="long">1304501394808</property>
          <property key="nodeClass" class="string">workexperience</property>
          <property key="TS_CREATED" class="long">1304501394800</property>
          <property key="UUID" class="string">11f5a060-7631-11e0-a2bc-4040b3ba88b7</property>
        </properties>
      </node>
      <node id="352">
        <properties>
          <property key="TS_MODIFIED" class="long">1304501383802</property>
          <property key="nodeClass" class="string">education</property>
          <property key="TS_CREATED" class="long">1304501383795</property>
          <property key="UUID" class="string">0b666590-7631-11e0-a2bc-4040b3ba88b7</property>
        </properties>
      </node>
      <node id="353">
        <properties>
          <property key="TS_MODIFIED" class="long">1304501383854</property>
          <property key="nodeClass" class="string">course</property>
          <property key="TS_CREATED" class="long">1304501383845</property>
          <property key="UUID" class="string">0b6e2dc0-7631-11e0-a2bc-4040b3ba88b7</property>
        </properties>
      </node>
      <node id="354">
        <properties>
          <property key="TS_MODIFIED" class="long">1304501383907</property>
          <property key="nodeClass" class="string">language</property>
          <property key="TS_CREATED" class="long">1304501383899</property>
          <property key="UUID" class="string">0b761d00-7631-11e0-a2bc-4040b3ba88b7</property>
        </properties>
      </node>
      <node id="355">
        <properties>
          <property key="TS_MODIFIED" class="long">1304501384101</property>
          <property key="nodeClass" class="string">workexperience</property>
          <property key="TS_CREATED" class="long">1304501384094</property>
          <property key="UUID" class="string">0b942c50-7631-11e0-a2bc-4040b3ba88b7</property>
        </properties>
      </node>
      <node id="364">
        <properties>
          <property key="TS_MODIFIED" class="long">1304501415233</property>
          <property key="nodeClass" class="string">education</property>
          <property key="TS_CREATED" class="long">1304501415226</property>
          <property key="UUID" class="string">1e223bf0-7631-11e0-a2bc-4040b3ba88b7</property>
        </properties>
      </node>
      <node id="365">
        <properties>
          <property key="TS_MODIFIED" class="long">1304501415285</property>
          <property key="nodeClass" class="string">course</property>
          <property key="TS_CREATED" class="long">1304501415277</property>
          <property key="UUID" class="string">1e2a7950-7631-11e0-a2bc-4040b3ba88b7</property>
        </properties>
      </node>
      <node id="366">
        <properties>
          <property key="TS_MODIFIED" class="long">1304501415335</property>
          <property key="nodeClass" class="string">language</property>
          <property key="TS_CREATED" class="long">1304501415327</property>
          <property key="UUID" class="string">1e31f360-7631-11e0-a2bc-4040b3ba88b7</property>
        </properties>
      </node>
      <node id="367">
        <properties>
          <property key="TS_MODIFIED" class="long">1304501415431</property>
          <property key="nodeClass" class="string">workexperience</property>
          <property key="TS_CREATED" class="long">1304501415421</property>
          <property key="UUID" class="string">1e402430-7631-11e0-a2bc-4040b3ba88b7</property>
        </properties>
      </node>
      <node id="360">
        <properties>
          <property key="TS_MODIFIED" class="long">1304501403971</property>
          <property key="nodeClass" class="string">education</property>
          <property key="TS_CREATED" class="long">1304501403963</property>
          <property key="UUID" class="string">176bca10-7631-11e0-a2bc-4040b3ba88b7</property>
        </properties>
      </node>
      <node id="361">
        <properties>
          <property key="TS_MODIFIED" class="long">1304501404026</property>
          <property key="nodeClass" class="string">course</property>
          <property key="TS_CREATED" class="long">1304501404015</property>
          <property key="UUID" class="string">1773b950-7631-11e0-a2bc-4040b3ba88b7</property>
        </properties>
      </node>
      <node id="362">
        <properties>
          <property key="TS_MODIFIED" class="long">1304501404077</property>
          <property key="nodeClass" class="string">language</property>
          <property key="TS_CREATED" class="long">1304501404070</property>
          <property key="UUID" class="string">177ba890-7631-11e0-a2bc-4040b3ba88b7</property>
        </properties>
      </node>
      <node id="363">
        <properties>
          <property key="TS_MODIFIED" class="long">1304501405815</property>
          <property key="nodeClass" class="string">workexperience</property>
          <property key="TS_CREATED" class="long">1304501405808</property>
          <property key="UUID" class="string">17963570-7631-11e0-a2bc-4040b3ba88b7</property>
        </properties>
      </node>
      <node id="410">
        <properties>
          <property key="TS_MODIFIED" class="long">1304502305915</property>
          <property key="nodeClass" class="string">education</property>
          <property key="TS_CREATED" class="long">1304502305908</property>
          <property key="UUID" class="string">3105d3b0-7633-11e0-a2bc-4040b3ba88b7</property>
        </properties>
      </node>
      <node id="411">
        <properties>
          <property key="TS_MODIFIED" class="long">1304502305966</property>
          <property key="nodeClass" class="string">course</property>
          <property key="TS_CREATED" class="long">1304502305959</property>
          <property key="UUID" class="string">310d9be0-7633-11e0-a2bc-4040b3ba88b7</property>
        </properties>
      </node>
      <node id="408">
        <properties>
          <property key="TS_CREATED" class="long">1304502256820</property>
          <property key="UUID" class="string">13c370a0-7633-11e0-a2bc-4040b3ba88b7</property>
        </properties>
      </node>
      <node id="409">
        <properties>
          <property key="UUID" class="string">28bf9a10-7633-11e0-a2bc-4040b3ba88b7</property>
          <property key="TS_CREATED" class="long">1304502292322</property>
          <property key="username" class="string">Teija Saari</property>
          <property key="TS_MODIFIED" class="long">1304502387778</property>
          <property key="password" class="string">d2f483672c0239f6d7dd3c9ecee6deacbcd59185855625902a8b1c1a3bd67440</property>
          <property key="phone" class="string">+358 407 217 479</property>
          <property key="email" class="string">teija.saari@infucare.se</property>
          <property key="city" class="string">Helsinki</property>
          <property key="address" class="string">Kyrkstötsvägen 13 B</property>
          <property key="country" class="string">Sverige</property>
          <property key="nodeClass" class="string">employee</property>
          <property key="authorization" class="string">false</property>
          <property key="employment" class="string">Välj...</property>
          <property key="own-result-responsibility" class="string">false</property>
          <property key="function" class="string">Välj...</property>
          <property key="firstname" class="string">Teija</property>
          <property key="gender" class="string">F</property>
          <property key="nationality" class="string">Finsk</property>
          <property key="executive" class="string">false</property>
          <property key="payment-form" class="string">Välj...</property>
          <property key="dismissal-period-employee" class="string">Välj...</property>
          <property key="dismissal-period-employer" class="string">0</property>
          <property key="budget-responsibility" class="string">false</property>
          <property key="zip" class="string">00680</property>
          <property key="employmentid" class="string">700</property>
          <property key="lastname" class="string">Saari</property>
        </properties>
      </node>
      <node id="414">
        <properties>
          <property key="TS_CREATED" class="long">1304502399521</property>
          <property key="UUID" class="string">68d1e270-7633-11e0-a2bc-4040b3ba88b7</property>
        </properties>
      </node>
      <node id="415">
        <properties>
          <property key="UUID" class="string">7d2807e0-7633-11e0-a2bc-4040b3ba88b7</property>
          <property key="TS_CREATED" class="long">1304502433646</property>
          <property key="TS_MODIFIED" class="long">1304511615995</property>
          <property key="name" class="string">Nordicinfu Care Danmark</property>
          <property key="postalcode" class="string">3400</property>
          <property key="description" class="string">Landschef Gitte Harrill Holmström</property>
          <property key="phone" class="string">+45 70 28 10 24</property>
          <property key="fax" class="string">+45 70 28 10 25</property>
          <property key="city" class="string">Hilleröd</property>
          <property key="nodeClass" class="string">unit</property>
        </properties>
      </node>
      <node id="412">
        <properties>
          <property key="TS_MODIFIED" class="long">1304502306018</property>
          <property key="nodeClass" class="string">language</property>
          <property key="TS_CREATED" class="long">1304502306010</property>
          <property key="UUID" class="string">31153d00-7633-11e0-a2bc-4040b3ba88b7</property>
        </properties>
      </node>
      <node id="413">
        <properties>
          <property key="TS_MODIFIED" class="long">1304502306214</property>
          <property key="nodeClass" class="string">workexperience</property>
          <property key="TS_CREATED" class="long">1304502306205</property>
          <property key="UUID" class="string">31332540-7633-11e0-a2bc-4040b3ba88b7</property>
        </properties>
      </node>
      <node id="402">
        <properties>
          <property key="to" class="string">1980</property>
          <property key="from" class="string">1979</property>
          <property key="company" class="string">Strömstad Lasarett</property>
          <property key="country" class="string">Sverige</property>
          <property key="TS_MODIFIED" class="long">1313149262271</property>
          <property key="name" class="string">Undersköterska</property>
          <property key="TS_CREATED" class="long">1313149234028</property>
          <property key="UUID" class="string">e3cf9600-c4d7-11e0-89cc-4040b3ba88b7</property>
        </properties>
      </node>
      <node id="403">
        <properties>
          <property key="UUID" class="string">dadc06d0-7632-11e0-a2bc-4040b3ba88b7</property>
          <property key="TS_CREATED" class="long">1304502161353</property>
          <property key="username" class="string">Kato Jarnang</property>
          <property key="TS_MODIFIED" class="long">1304502239928</property>
          <property key="password" class="string">dbb1ded63bc70732626c5dfe6c7f50ced3d560e970f30b15335ac290358748f6</property>
          <property key="phone" class="string">+47 32 88 13 10</property>
          <property key="email" class="string">kato.jarnang@infucare.se</property>
          <property key="city" class="string">Drammen</property>
          <property key="address" class="string">Byggveien 7</property>
          <property key="country" class="string">Sverige</property>
          <property key="nodeClass" class="string">employee</property>
          <property key="authorization" class="string">false</property>
          <property key="employment" class="string">Välj...</property>
          <property key="own-result-responsibility" class="string">false</property>
          <property key="function" class="string">Välj...</property>
          <property key="firstname" class="string">Kato</property>
          <property key="gender" class="string">Välj...</property>
          <property key="nationality" class="string">Norsk</property>
          <property key="executive" class="string">false</property>
          <property key="payment-form" class="string">Välj...</property>
          <property key="dismissal-period-employee" class="string">Välj...</property>
          <property key="dismissal-period-employer" class="string">0</property>
          <property key="budget-responsibility" class="string">false</property>
          <property key="zip" class="string">3039</property>
          <property key="employmentid" class="string">601</property>
          <property key="lastname" class="string">Jarnang</property>
        </properties>
      </node>
      <node id="400">
        <properties>
          <property key="TS_CREATED" class="long">1304502100631</property>
          <property key="UUID" class="string">b6ab0ae0-7632-11e0-a2bc-4040b3ba88b7</property>
        </properties>
      </node>
      <node id="401">
        <properties>
          <property key="to" class="string">1987</property>
          <property key="from" class="string">1980</property>
          <property key="company" class="string">Strömstads Lasarett</property>
          <property key="country" class="string">Sverige</property>
          <property key="TS_MODIFIED" class="long">1313149232649</property>
          <property key="name" class="string">Sjuksköterska</property>
          <property key="TS_CREATED" class="long">1313149200782</property>
          <property key="UUID" class="string">cffea620-c4d7-11e0-89cc-4040b3ba88b7</property>
        </properties>
      </node>
      <node id="406">
        <properties>
          <property key="TS_MODIFIED" class="long">1304502168782</property>
          <property key="nodeClass" class="string">language</property>
          <property key="TS_CREATED" class="long">1304502168771</property>
          <property key="UUID" class="string">df483a90-7632-11e0-a2bc-4040b3ba88b7</property>
        </properties>
      </node>
      <node id="407">
        <properties>
          <property key="TS_MODIFIED" class="long">1304502168974</property>
          <property key="nodeClass" class="string">workexperience</property>
          <property key="TS_CREATED" class="long">1304502168967</property>
          <property key="UUID" class="string">df6649e0-7632-11e0-a2bc-4040b3ba88b7</property>
        </properties>
      </node>
      <node id="404">
        <properties>
          <property key="TS_MODIFIED" class="long">1304502168677</property>
          <property key="nodeClass" class="string">education</property>
          <property key="TS_CREATED" class="long">1304502168669</property>
          <property key="UUID" class="string">df388320-7632-11e0-a2bc-4040b3ba88b7</property>
        </properties>
      </node>
      <node id="405">
        <properties>
          <property key="TS_MODIFIED" class="long">1304502168727</property>
          <property key="nodeClass" class="string">course</property>
          <property key="TS_CREATED" class="long">1304502168718</property>
          <property key="UUID" class="string">df402440-7632-11e0-a2bc-4040b3ba88b7</property>
        </properties>
      </node>
      <node id="395">
        <properties>
          <property key="UUID" class="string">26685910-7632-11e0-a2bc-4040b3ba88b7</property>
          <property key="TS_CREATED" class="long">1304501858604</property>
          <property key="username" class="string">Annette Bülow</property>
          <property key="TS_MODIFIED" class="long">1304502039180</property>
          <property key="password" class="string">38d66d9692ac590000a91b03a88da1c88d51fab2b78f63171f553ecc551a0c6f</property>
          <property key="phone" class="string">+45 2 129 30 03</property>
          <property key="city" class="string">Klampenborg</property>
          <property key="address" class="string">Sølystparken 15</property>
          <property key="country" class="string">Danmark</property>
          <property key="nodeClass" class="string">employee</property>
          <property key="authorization" class="string">false</property>
          <property key="employment" class="string">Välj...</property>
          <property key="own-result-responsibility" class="string">false</property>
          <property key="function" class="string">Välj...</property>
          <property key="firstname" class="string">Annette</property>
          <property key="gender" class="string">F</property>
          <property key="nationality" class="string">Dansk</property>
          <property key="executive" class="string">false</property>
          <property key="payment-form" class="string">Välj...</property>
          <property key="dismissal-period-employee" class="string">Välj...</property>
          <property key="dismissal-period-employer" class="string">0</property>
          <property key="budget-responsibility" class="string">false</property>
          <property key="zip" class="string">2930</property>
          <property key="employmentid" class="string">805</property>
          <property key="lastname" class="string">Bülow</property>
          <property key="cell" class="string">+45 2 129 30 03</property>
        </properties>
      </node>
      <node id="394">
        <properties>
          <property key="TS_CREATED" class="long">1304501826098</property>
          <property key="UUID" class="string">13087a80-7632-11e0-a2bc-4040b3ba88b7</property>
        </properties>
      </node>
      <node id="393">
        <properties>
          <property key="TS_MODIFIED" class="long">1304501803732</property>
          <property key="nodeClass" class="string">responsibility</property>
          <property key="TS_CREATED" class="long">1304501803725</property>
          <property key="UUID" class="string">05b2a130-7632-11e0-a2bc-4040b3ba88b7</property>
        </properties>
      </node>
      <node id="392">
        <properties>
          <property key="name" class="string">Landschef</property>
          <property key="employee" class="string">Välj...</property>
          <property key="TS_MODIFIED" class="long">1304501816070</property>
          <property key="description" class="string">Division Special Care</property>
          <property key="TS_CREATED" class="long">1303291113419</property>
          <property key="UUID" class="string">056e1e20-7632-11e0-a2bc-4040b3ba88b7</property>
        </properties>
      </node>
      <node id="399">
        <properties>
          <property key="TS_MODIFIED" class="long">1304501870188</property>
          <property key="nodeClass" class="string">workexperience</property>
          <property key="TS_CREATED" class="long">1304501870181</property>
          <property key="UUID" class="string">2d4f29c0-7632-11e0-a2bc-4040b3ba88b7</property>
        </properties>
      </node>
      <node id="398">
        <properties>
          <property key="TS_MODIFIED" class="long">1304501869971</property>
          <property key="nodeClass" class="string">language</property>
          <property key="TS_CREATED" class="long">1304501868396</property>
          <property key="UUID" class="string">2c3ecb30-7632-11e0-a2bc-4040b3ba88b7</property>
        </properties>
      </node>
      <node id="397">
        <properties>
          <property key="TS_MODIFIED" class="long">1304501868352</property>
          <property key="nodeClass" class="string">course</property>
          <property key="TS_CREATED" class="long">1304501868344</property>
          <property key="UUID" class="string">2c370300-7632-11e0-a2bc-4040b3ba88b7</property>
        </properties>
      </node>
      <node id="396">
        <properties>
          <property key="TS_MODIFIED" class="long">1304501868302</property>
          <property key="nodeClass" class="string">education</property>
          <property key="TS_CREATED" class="long">1304501868294</property>
          <property key="UUID" class="string">2c2f13c0-7632-11e0-a2bc-4040b3ba88b7</property>
        </properties>
      </node>
      <node id="387">
        <properties>
          <property key="TS_MODIFIED" class="long">1304501762677</property>
          <property key="nodeClass" class="string">education</property>
          <property key="TS_CREATED" class="long">1304501762669</property>
          <property key="UUID" class="string">ed39d420-7631-11e0-a2bc-4040b3ba88b7</property>
        </properties>
      </node>
      <node id="386">
        <properties>
          <property key="TS_MODIFIED" class="long">1304501654533</property>
          <property key="nodeClass" class="string">workexperience</property>
          <property key="TS_CREATED" class="long">1304501654526</property>
          <property key="UUID" class="string">acc4ab40-7631-11e0-a2bc-4040b3ba88b7</property>
        </properties>
      </node>
      <node id="385">
        <properties>
          <property key="TS_MODIFIED" class="long">1304501654281</property>
          <property key="nodeClass" class="string">language</property>
          <property key="TS_CREATED" class="long">1304501654273</property>
          <property key="UUID" class="string">abb202c0-7631-11e0-a2bc-4040b3ba88b7</property>
        </properties>
      </node>
      <node id="384">
        <properties>
          <property key="TS_MODIFIED" class="long">1304501652683</property>
          <property key="nodeClass" class="string">course</property>
          <property key="TS_CREATED" class="long">1304501652674</property>
          <property key="UUID" class="string">abaa3a90-7631-11e0-a2bc-4040b3ba88b7</property>
        </properties>
      </node>
      <node id="391">
        <properties>
          <property key="TS_MODIFIED" class="long">1304501800714</property>
          <property key="nodeClass" class="string">responsibility</property>
          <property key="TS_CREATED" class="long">1304501799193</property>
          <property key="UUID" class="string">02fecbd0-7632-11e0-a2bc-4040b3ba88b7</property>
        </properties>
      </node>
      <node id="390">
        <properties>
          <property key="TS_MODIFIED" class="long">1304501762852</property>
          <property key="nodeClass" class="string">workexperience</property>
          <property key="TS_CREATED" class="long">1304501762845</property>
          <property key="UUID" class="string">ed552450-7631-11e0-a2bc-4040b3ba88b7</property>
        </properties>
      </node>
      <node id="389">
        <properties>
          <property key="TS_MODIFIED" class="long">1304501762789</property>
          <property key="nodeClass" class="string">language</property>
          <property key="TS_CREATED" class="long">1304501762774</property>
          <property key="UUID" class="string">ed4a00c0-7631-11e0-a2bc-4040b3ba88b7</property>
        </properties>
      </node>
      <node id="388">
        <properties>
          <property key="TS_MODIFIED" class="long">1304501762731</property>
          <property key="nodeClass" class="string">course</property>
          <property key="TS_CREATED" class="long">1304501762722</property>
          <property key="UUID" class="string">ed423890-7631-11e0-a2bc-4040b3ba88b7</property>
        </properties>
      </node>
      <node id="440">
        <properties>
          <property key="description" class="string">Stockholms Universitet</property>
          <property key="to" class="string">1996</property>
          <property key="from" class="string">1996</property>
          <property key="country" class="string">Sverige</property>
          <property key="name" class="string">Litteraturhistoria</property>
          <property key="TS_MODIFIED" class="long">1313152785133</property>
          <property key="level" class="string">Gymnasieskola eller motsvarande</property>
          <property key="TS_CREATED" class="long">1313152753437</property>
          <property key="UUID" class="string">15894170-c4e0-11e0-89cc-4040b3ba88b7</property>
        </properties>
      </node>
      <node id="441">
        <properties>
          <property key="description" class="string">Hersby skola</property>
          <property key="to" class="string">1995</property>
          <property key="from" class="string">1991</property>
          <property key="country" class="string">Sverige</property>
          <property key="name" class="string">Naturvetenskaplig linje</property>
          <property key="TS_MODIFIED" class="long">1313152840844</property>
          <property key="level" class="string">Gymnasieskola eller motsvarande</property>
          <property key="TS_CREATED" class="long">1313152787020</property>
          <property key="UUID" class="string">298deb80-c4e0-11e0-89cc-4040b3ba88b7</property>
        </properties>
      </node>
      <node id="442">
        <properties>
          <property key="description" class="string">Kelvin High School, Winnipeg, Manitoba</property>
          <property key="to" class="string">1992</property>
          <property key="from" class="string">1992</property>
          <property key="country" class="string">Kanada</property>
          <property key="name" class="string">Utbytestermin</property>
          <property key="TS_MODIFIED" class="long">1313152932743</property>
          <property key="level" class="string">Gymnasieskola eller motsvarande</property>
          <property key="TS_CREATED" class="long">1313152841022</property>
          <property key="UUID" class="string">49bf5830-c4e0-11e0-89cc-4040b3ba88b7</property>
        </properties>
      </node>
      <node id="443">
        <properties>
          <property key="description" class="string">Mercuri International</property>
          <property key="to" class="string">2003</property>
          <property key="from" class="string">2003</property>
          <property key="TS_MODIFIED" class="long">1313153025172</property>
          <property key="name" class="string">Projektledning</property>
          <property key="TS_CREATED" class="long">1313152993170</property>
          <property key="UUID" class="string">a46e8620-c4e0-11e0-89cc-4040b3ba88b7</property>
        </properties>
      </node>
      <node id="444">
        <properties>
          <property key="description" class="string">Steg 1-2, Mercuri International</property>
          <property key="to" class="string">2002</property>
          <property key="from" class="string">2002</property>
          <property key="TS_MODIFIED" class="long">1313153075165</property>
          <property key="name" class="string">Mentalträning</property>
          <property key="TS_CREATED" class="long">1313153036774</property>
          <property key="UUID" class="string">be6c93a0-c4e0-11e0-89cc-4040b3ba88b7</property>
        </properties>
      </node>
      <node id="445">
        <properties>
          <property key="description" class="string">Steg 1-2, Mercuri International</property>
          <property key="to" class="string">2002</property>
          <property key="from" class="string">2002</property>
          <property key="TS_MODIFIED" class="long">1313153152352</property>
          <property key="name" class="string">Targeting in sales</property>
          <property key="TS_CREATED" class="long">1313153075120</property>
          <property key="UUID" class="string">d543bea0-c4e0-11e0-89cc-4040b3ba88b7</property>
        </properties>
      </node>
      <node id="446">
        <properties>
          <property key="description" class="string">Mercuri International</property>
          <property key="to" class="string">2001</property>
          <property key="from" class="string">2001</property>
          <property key="TS_MODIFIED" class="long">1313153192709</property>
          <property key="name" class="string">Anpassad kommunikation/retorik</property>
          <property key="TS_CREATED" class="long">1313153152616</property>
          <property key="UUID" class="string">0378a9c0-c4e1-11e0-89cc-4040b3ba88b7</property>
        </properties>
      </node>
      <node id="447">
        <properties>
          <property key="description" class="string">Mercuri International</property>
          <property key="to" class="string">2001</property>
          <property key="from" class="string">2001</property>
          <property key="TS_MODIFIED" class="long">1313153246672</property>
          <property key="name" class="string">Fördjupad säljmetodik</property>
          <property key="TS_CREATED" class="long">1313153193028</property>
          <property key="UUID" class="string">1b8f0b80-c4e1-11e0-89cc-4040b3ba88b7</property>
        </properties>
      </node>
      <node id="432">
        <properties>
          <property key="description" class="string">LUCD (Diabetes Educational Center)</property>
          <property key="to" class="string">1988</property>
          <property key="from" class="string">1988</property>
          <property key="TS_MODIFIED" class="long">1313151233296</property>
          <property key="name" class="string">Diabetologi</property>
          <property key="TS_CREATED" class="long">1313151168174</property>
          <property key="UUID" class="string">64a6d820-c4dc-11e0-89cc-4040b3ba88b7</property>
        </properties>
      </node>
      <node id="433">
        <properties>
          <property key="TS_CREATED" class="long">1313151233516</property>
          <property key="UUID" class="string">8b996510-c4dc-11e0-89cc-4040b3ba88b7</property>
        </properties>
      </node>
      <node id="434">
        <properties>
          <property key="to" class="string">2007</property>
          <property key="from" class="string">2001</property>
          <property key="company" class="string">Diabetes Care. Roche Diagnostics Scandinavia AB</property>
          <property key="country" class="string">Sverige</property>
          <property key="TS_MODIFIED" class="long">1313151717929</property>
          <property key="name" class="string">Product Manager/Account Manager</property>
          <property key="TS_CREATED" class="long">1313151671941</property>
          <property key="UUID" class="string">90ebe4b0-c4dd-11e0-89cc-4040b3ba88b7</property>
        </properties>
      </node>
      <node id="435">
        <properties>
          <property key="assignments" class="string">Överviktsenheten</property>
          <property key="to" class="string">2001</property>
          <property key="from" class="string">1995</property>
          <property key="company" class="string">Huddinge Universitetssjukhus</property>
          <property key="country" class="string">Sverige</property>
          <property key="TS_MODIFIED" class="long">1313151798164</property>
          <property key="name" class="string">Distriktssköterska</property>
          <property key="TS_CREATED" class="long">1313151718936</property>
          <property key="UUID" class="string">acee4db0-c4dd-11e0-89cc-4040b3ba88b7</property>
        </properties>
      </node>
      <node id="436">
        <properties>
          <property key="to" class="string">1995</property>
          <property key="from" class="string">1979</property>
          <property key="company" class="string">Sollentuna Primärvård</property>
          <property key="country" class="string">Sverige</property>
          <property key="TS_MODIFIED" class="long">1313151847138</property>
          <property key="name" class="string">Sjuksköterska</property>
          <property key="TS_CREATED" class="long">1313151798223</property>
          <property key="UUID" class="string">dc30b130-c4dd-11e0-89cc-4040b3ba88b7</property>
        </properties>
      </node>
      <node id="437">
        <properties>
          <property key="assignments" class="string">Endokrinologi</property>
          <property key="to" class="string">1979</property>
          <property key="from" class="string">1978</property>
          <property key="company" class="string">Karolinska Universitetssjukhuset</property>
          <property key="country" class="string">Sverige</property>
          <property key="TS_MODIFIED" class="long">1313152036201</property>
          <property key="name" class="string">Sjuksköterska</property>
          <property key="TS_CREATED" class="long">1313151848232</property>
          <property key="UUID" class="string">f9ff27a0-c4dd-11e0-89cc-4040b3ba88b7</property>
        </properties>
      </node>
      <node id="438">
        <properties>
          <property key="to" class="string">1978</property>
          <property key="from" class="string">1977</property>
          <property key="company" class="string">Löwenströmska Sjukhuset</property>
          <property key="country" class="string">Sverige</property>
          <property key="TS_MODIFIED" class="long">1313152144954</property>
          <property key="name" class="string">Biträdande avdelningschef</property>
          <property key="TS_CREATED" class="long">1313152036191</property>
          <property key="UUID" class="string">6a05e570-c4de-11e0-89cc-4040b3ba88b7</property>
        </properties>
      </node>
      <node id="439">
        <properties>
          <property key="UUID" class="string">d578a6c0-c4df-11e0-89cc-4040b3ba88b7</property>
          <property key="TS_CREATED" class="long">1313152645956</property>
          <property key="TS_MODIFIED" class="long">1313152750750</property>
          <property key="level" class="string">Gymnasieskola eller motsvarande</property>
          <property key="direction" class="string">Virologi</property>
          <property key="name" class="string">Examensarbete</property>
          <property key="to" class="string">1999</property>
          <property key="description" class="string">Sahlgrenska Universitetssjukhuset</property>
          <property key="from" class="string">1999</property>
          <property key="country" class="string">Sverige</property>
        </properties>
      </node>
      <node id="425">
        <properties>
          <property key="to" class="string">1979</property>
          <property key="from" class="string">1977</property>
          <property key="company" class="string">Essex Läkemedel AB</property>
          <property key="country" class="string">Sverige</property>
          <property key="TS_MODIFIED" class="long">1313150022882</property>
          <property key="name" class="string">Läkemedelskonsulent</property>
          <property key="TS_CREATED" class="long">1313149969760</property>
          <property key="UUID" class="string">9a56c500-c4d9-11e0-89cc-4040b3ba88b7</property>
        </properties>
      </node>
      <node id="424">
        <properties>
          <property key="to" class="string">1989</property>
          <property key="from" class="string">1979</property>
          <property key="company" class="string">Mölnlycke Health Care AB</property>
          <property key="country" class="string">Sverige</property>
          <property key="TS_MODIFIED" class="long">1313149966138</property>
          <property key="name" class="string">Produktspecialist</property>
          <property key="TS_CREATED" class="long">1313149910013</property>
          <property key="UUID" class="string">76bab610-c4d9-11e0-89cc-4040b3ba88b7</property>
        </properties>
      </node>
      <node id="427">
        <properties>
          <property key="to" class="string">1985</property>
          <property key="from" class="string">1985</property>
          <property key="country" class="string">Sverige</property>
          <property key="name" class="string">Administration och gruppledarskap</property>
          <property key="TS_MODIFIED" class="long">1313150799677</property>
          <property key="level" class="string">Gymnasieskola eller motsvarande</property>
          <property key="TS_CREATED" class="long">1313150743881</property>
          <property key="UUID" class="string">67bf7f40-c4db-11e0-89cc-4040b3ba88b7</property>
        </properties>
      </node>
      <node id="426">
        <properties>
          <property key="name" class="string">Öppen hälso- och sjukvård</property>
          <property key="to" class="string">1995</property>
          <property key="country" class="string">Sverige</property>
          <property key="from" class="string">1994</property>
          <property key="TS_MODIFIED" class="long">1313150740300</property>
          <property key="level" class="string">Gymnasieskola eller motsvarande</property>
          <property key="TS_CREATED" class="long">1313150588233</property>
          <property key="UUID" class="string">0af9f470-c4db-11e0-89cc-4040b3ba88b7</property>
        </properties>
      </node>
      <node id="429">
        <properties>
          <property key="to" class="string">1995</property>
          <property key="from" class="string">1995</property>
          <property key="TS_MODIFIED" class="long">1313151088030</property>
          <property key="name" class="string">Beteendeförändring i behandling mot fetma</property>
          <property key="TS_CREATED" class="long">1313150947176</property>
          <property key="UUID" class="string">e0ed60d0-c4db-11e0-89cc-4040b3ba88b7</property>
        </properties>
      </node>
      <node id="428">
        <properties>
          <property key="to" class="string">1977</property>
          <property key="from" class="string">1974</property>
          <property key="direction" class="string">Medicin/kirurgi</property>
          <property key="country" class="string">Norge</property>
          <property key="name" class="string">Sjuksköterskeutbildning</property>
          <property key="TS_MODIFIED" class="long">1313151611722</property>
          <property key="level" class="string">Gymnasieskola eller motsvarande</property>
          <property key="TS_CREATED" class="long">1313150800891</property>
          <property key="UUID" class="string">89bbe7f0-c4db-11e0-89cc-4040b3ba88b7</property>
        </properties>
      </node>
      <node id="431">
        <properties>
          <property key="description" class="string">Diet mot högt kolesterol</property>
          <property key="to" class="string">1992</property>
          <property key="from" class="string">1992</property>
          <property key="TS_MODIFIED" class="long">1313151167923</property>
          <property key="name" class="string">Dietistbyrån</property>
          <property key="TS_CREATED" class="long">1313151133539</property>
          <property key="UUID" class="string">4ffffaa0-c4dc-11e0-89cc-4040b3ba88b7</property>
        </properties>
      </node>
      <node id="430">
        <properties>
          <property key="to" class="string">1995</property>
          <property key="from" class="string">1995</property>
          <property key="TS_MODIFIED" class="long">1313151132696</property>
          <property key="name" class="string">Påverka människors livsstil i teori och praktik</property>
          <property key="TS_CREATED" class="long">1313151089369</property>
          <property key="UUID" class="string">35add9b0-c4dc-11e0-89cc-4040b3ba88b7</property>
        </properties>
      </node>
      <node id="417">
        <properties>
          <property key="UUID" class="string">6d558940-7648-11e0-a2bc-4040b3ba88b7</property>
          <property key="TS_CREATED" class="long">1304511426527</property>
          <property key="TS_MODIFIED" class="long">1304511535105</property>
          <property key="name" class="string">Nordicinfu Care Finland</property>
          <property key="postalcode" class="string">00680</property>
          <property key="description" class="string">Chef: </property>
          <property key="phone" class="string">+358 20 761 9678</property>
          <property key="city" class="string">Helsinki</property>
          <property key="country" class="string">Finland</property>
          <property key="nodeClass" class="string">unit</property>
        </properties>
      </node>
      <node id="416">
        <properties>
          <property key="UUID" class="string">462aae40-7648-11e0-a2bc-4040b3ba88b7</property>
          <property key="TS_CREATED" class="long">1304511360813</property>
          <property key="TS_MODIFIED" class="long">1304511575696</property>
          <property key="name" class="string">Nordicinfu Care Norge</property>
          <property key="postalcode" class="string">3024  </property>
          <property key="description" class="string">Chef: </property>
          <property key="phone" class="string">+47 32 20 23 50</property>
          <property key="fax" class="string">+47 32 82 43 05</property>
          <property key="city" class="string">Drammen</property>
          <property key="country" class="string">Norge</property>
          <property key="nodeClass" class="string">unit</property>
        </properties>
      </node>
      <node id="419">
        <properties>
          <property key="TS_MODIFIED" class="long">1304514699484</property>
          <property key="nodeClass" class="string">course</property>
          <property key="TS_CREATED" class="long">1304514699476</property>
          <property key="UUID" class="string">0c2a39b0-7650-11e0-a2bc-4040b3ba88b7</property>
        </properties>
      </node>
      <node id="418">
        <properties>
          <property key="TS_MODIFIED" class="long">1304514699431</property>
          <property key="nodeClass" class="string">education</property>
          <property key="TS_CREATED" class="long">1304514699417</property>
          <property key="UUID" class="string">0c216010-7650-11e0-a2bc-4040b3ba88b7</property>
        </properties>
      </node>
      <node id="421">
        <properties>
          <property key="TS_MODIFIED" class="long">1304514699689</property>
          <property key="nodeClass" class="string">workexperience</property>
          <property key="TS_CREATED" class="long">1304514699683</property>
          <property key="UUID" class="string">0c49f6b0-7650-11e0-a2bc-4040b3ba88b7</property>
        </properties>
      </node>
      <node id="420">
        <properties>
          <property key="TS_MODIFIED" class="long">1304514699538</property>
          <property key="nodeClass" class="string">language</property>
          <property key="TS_CREATED" class="long">1304514699530</property>
          <property key="UUID" class="string">0c325000-7650-11e0-a2bc-4040b3ba88b7</property>
        </properties>
      </node>
      <node id="423">
        <properties>
          <property key="assignments" class="string">Distriktschef inom Aco AB</property>
          <property key="to" class="string">1993</property>
          <property key="from" class="string">1989</property>
          <property key="company" class="string">Kabi Pharmacia AB</property>
          <property key="country" class="string">Sverige</property>
          <property key="TS_MODIFIED" class="long">1313149935485</property>
          <property key="name" class="string">Distriktschef</property>
          <property key="TS_CREATED" class="long">1313149856478</property>
          <property key="UUID" class="string">56d1c410-c4d9-11e0-89cc-4040b3ba88b7</property>
        </properties>
      </node>
      <node id="422">
        <properties>
          <property key="to" class="string">1999</property>
          <property key="from" class="string">1993</property>
          <property key="company" class="string">Boehringer Mannheim Scandinavia AB/ Roche Diagnostics Scandinavia AB</property>
          <property key="country" class="string">Sverige</property>
          <property key="TS_MODIFIED" class="long">1313149855547</property>
          <property key="name" class="string">Produktspecialisr</property>
          <property key="TS_CREATED" class="long">1313149804704</property>
          <property key="UUID" class="string">37f33d30-c4d9-11e0-89cc-4040b3ba88b7</property>
        </properties>
      </node>
      <node id="478">
        <properties>
          <property key="to" class="string">1995</property>
          <property key="from" class="string">1995</property>
          <property key="TS_MODIFIED" class="long">1313170555898</property>
          <property key="name" class="string">Cambridge Advanced English</property>
          <property key="TS_CREATED" class="long">1313170524193</property>
          <property key="UUID" class="string">75bc7f20-c509-11e0-89cc-4040b3ba88b7</property>
        </properties>
      </node>
      <node id="479">
        <properties>
          <property key="to" class="string">2005</property>
          <property key="from" class="string">2003</property>
          <property key="company" class="string">Disetronic Medical Systems/Ypsomed AB</property>
          <property key="country" class="string">Sverige</property>
          <property key="TS_MODIFIED" class="long">1313170645340</property>
          <property key="name" class="string">Marknadsassistent</property>
          <property key="TS_CREATED" class="long">1313170602686</property>
          <property key="UUID" class="string">a4860920-c509-11e0-89cc-4040b3ba88b7</property>
        </properties>
      </node>
      <node id="476">
        <properties>
          <property key="assignments" class="string">Säljare Pharma Division, säljavdelningen.</property>
          <property key="to" class="string">2000</property>
          <property key="from" class="string">1998</property>
          <property key="company" class="string">Bayer</property>
          <property key="country" class="string">Sverige</property>
          <property key="TS_MODIFIED" class="long">1313170094224</property>
          <property key="name" class="string">Säljare</property>
          <property key="TS_CREATED" class="long">1313170021251</property>
          <property key="UUID" class="string">49f68da0-c508-11e0-89cc-4040b3ba88b7</property>
        </properties>
      </node>
      <node id="477">
        <properties>
          <property key="to" class="string">1980</property>
          <property key="from" class="string">1977</property>
          <property key="country" class="string">Sverige</property>
          <property key="name" class="string">Ekonomisk linje</property>
          <property key="TS_MODIFIED" class="long">1313170493410</property>
          <property key="level" class="string">Gymnasieskola eller motsvarande</property>
          <property key="TS_CREATED" class="long">1313170453697</property>
          <property key="UUID" class="string">4bb84560-c509-11e0-89cc-4040b3ba88b7</property>
        </properties>
      </node>
      <node id="474">
        <properties>
          <property key="assignments" class="string">Brand Manager Norden, Pharma Division, marknadsavdelningen. Marknadsstrategiskt ansvar. Ansvarig för planering och lansering av ny kardiovaskulär produkt på den nordiska marknaden.</property>
          <property key="to" class="string">2003</property>
          <property key="from" class="string">2002</property>
          <property key="company" class="string">Bayer</property>
          <property key="country" class="string">Sverige</property>
          <property key="TS_MODIFIED" class="long">1313166373599</property>
          <property key="name" class="string">Brand Manager</property>
          <property key="TS_CREATED" class="long">1313166009495</property>
          <property key="UUID" class="string">f2c3cb50-c4fe-11e0-89cc-4040b3ba88b7</property>
        </properties>
      </node>
      <node id="475">
        <properties>
          <property key="assignments" class="string">Product Manager Norden, Pharma Division, marknadsavdelningen. Ansvarig för strategisk planering, implementering, säljarutbildning, budget, kampanjutveckling, samarbete med country managers och opinionsledarkontakter för produkten inom Sverige, Norge, Danmark, Finland, Estland och Island.</property>
          <property key="to" class="string">2002</property>
          <property key="from" class="string">2000</property>
          <property key="company" class="string">Bayer</property>
          <property key="country" class="string">Sverige</property>
          <property key="TS_MODIFIED" class="long">1313170024192</property>
          <property key="name" class="string">Product Manager</property>
          <property key="TS_CREATED" class="long">1313166373742</property>
          <property key="UUID" class="string">cbe06420-c4ff-11e0-89cc-4040b3ba88b7</property>
        </properties>
      </node>
      <node id="472">
        <properties>
          <property key="description" class="string">Internutbildning Bayer</property>
          <property key="to" class="string">2001</property>
          <property key="from" class="string">2001</property>
          <property key="TS_MODIFIED" class="long">1313165714179</property>
          <property key="name" class="string">Konflikthantering</property>
          <property key="TS_CREATED" class="long">1313165664094</property>
          <property key="UUID" class="string">24e3efd0-c4fe-11e0-89cc-4040b3ba88b7</property>
        </properties>
      </node>
      <node id="473">
        <properties>
          <property key="language" class="string">Tyska</property>
          <property key="spoken" class="string">Viss</property>
          <property key="TS_MODIFIED" class="long">1313165737797</property>
          <property key="written" class="string">Viss</property>
          <property key="TS_CREATED" class="long">1313165731803</property>
          <property key="UUID" class="string">4d406d00-c4fe-11e0-89cc-4040b3ba88b7</property>
        </properties>
      </node>
      <node id="470">
        <properties>
          <property key="UUID" class="string">5751e630-c4fd-11e0-89cc-4040b3ba88b7</property>
          <property key="TS_CREATED" class="long">1313165319201</property>
          <property key="TS_MODIFIED" class="long">1313165382244</property>
          <property key="level" class="string">Gymnasieskola eller motsvarande</property>
          <property key="direction" class="string">Biokemi, matematik</property>
          <property key="name" class="string">Kemi</property>
          <property key="to" class="string">1995</property>
          <property key="description" class="string">Stockholms Universitet</property>
          <property key="from" class="string">1994</property>
          <property key="country" class="string">Sverige</property>
        </properties>
      </node>
      <node id="471">
        <properties>
          <property key="description" class="string">Internutbildning Bayer</property>
          <property key="to" class="string">2003</property>
          <property key="from" class="string">2002</property>
          <property key="TS_MODIFIED" class="long">1313165663872</property>
          <property key="name" class="string">Strategisk marknadsföring, Avancerad marknadsföring</property>
          <property key="TS_CREATED" class="long">1313165421554</property>
          <property key="UUID" class="string">94542f70-c4fd-11e0-89cc-4040b3ba88b7</property>
        </properties>
      </node>
      <node id="468">
        <properties>
          <property key="UUID" class="string">53346420-c4fc-11e0-89cc-4040b3ba88b7</property>
          <property key="TS_CREATED" class="long">1313164882805</property>
          <property key="TS_MODIFIED" class="long">1313165052374</property>
          <property key="level" class="string">Gymnasieskola eller motsvarande</property>
          <property key="direction" class="string">Marknadsföring/farmakologi</property>
          <property key="name" class="string">Utlandsstudier</property>
          <property key="to" class="string">1997</property>
          <property key="description" class="string">Butler University</property>
          <property key="from" class="string">1997</property>
          <property key="country" class="string">U.S.A.</property>
        </properties>
      </node>
      <node id="469">
        <properties>
          <property key="description" class="string">Karolinska Institutet</property>
          <property key="to" class="string">1995</property>
          <property key="from" class="string">1995</property>
          <property key="country" class="string">Sverige</property>
          <property key="name" class="string">Mänsklig fysiologi</property>
          <property key="TS_MODIFIED" class="long">1313165318995</property>
          <property key="level" class="string">Gymnasieskola eller motsvarande</property>
          <property key="TS_CREATED" class="long">1313165056578</property>
          <property key="UUID" class="string">bac8a830-c4fc-11e0-89cc-4040b3ba88b7</property>
        </properties>
      </node>
      <node id="466">
        <properties>
          <property key="to" class="string">1999</property>
          <property key="from" class="string">1993</property>
          <property key="company" class="string">Judiska Centret i Stockholm</property>
          <property key="country" class="string">Sverige</property>
          <property key="TS_MODIFIED" class="long">1313155318739</property>
          <property key="name" class="string">Receptionist/Säkerhetsansvarig</property>
          <property key="TS_CREATED" class="long">1313155268000</property>
          <property key="UUID" class="string">f0560900-c4e5-11e0-89cc-4040b3ba88b7</property>
        </properties>
      </node>
      <node id="467">
        <properties>
          <property key="TS_CREATED" class="long">1313155325536</property>
          <property key="UUID" class="string">12a23f60-c4e6-11e0-89cc-4040b3ba88b7</property>
        </properties>
      </node>
      <node id="464">
        <properties>
          <property key="assignments" class="string">Karolinska Institutets Mikro- och tumörbiologiska center i Stockholm, under handledning av professor Eva-Maria Fenyö. Development of infectious center assay for HIV.
</property>
          <property key="to" class="string">1998</property>
          <property key="from" class="string">1998</property>
          <property key="company" class="string">Karolinska Institutet</property>
          <property key="country" class="string">Sverige</property>
          <property key="TS_MODIFIED" class="long">1313155219775</property>
          <property key="name" class="string">Forskningsstipendium</property>
          <property key="TS_CREATED" class="long">1313155111592</property>
          <property key="UUID" class="string">931b0010-c4e5-11e0-89cc-4040b3ba88b7</property>
        </properties>
      </node>
      <node id="465">
        <properties>
          <property key="to" class="string">1999</property>
          <property key="from" class="string">1999</property>
          <property key="trade" class="string">Modekläder</property>
          <property key="company" class="string">United Fashion Group</property>
          <property key="country" class="string">Sverige</property>
          <property key="TS_MODIFIED" class="long">1313155261721</property>
          <property key="name" class="string">Säljare</property>
          <property key="TS_CREATED" class="long">1313155219825</property>
          <property key="UUID" class="string">d39f4420-c4e5-11e0-89cc-4040b3ba88b7</property>
        </properties>
      </node>
      <node id="463">
        <properties>
          <property key="assignments" class="string">Virologen, Sahlgrenska Universitets Sjukhuset i Göteborg
för biotechföretaget Tripep AB, under handledning av professor Bo Svennerholm Studies of synthetic tri-peptides effect on virusreplication.</property>
          <property key="to" class="string">1999</property>
          <property key="from" class="string">1999</property>
          <property key="company" class="string">Sahlgrenska Universitetssjukhuset</property>
          <property key="country" class="string">Sverige</property>
          <property key="TS_MODIFIED" class="long">1313155111690</property>
          <property key="name" class="string">Forskningsstipendium</property>
          <property key="TS_CREATED" class="long">1313155034158</property>
          <property key="UUID" class="string">64f55730-c4e5-11e0-89cc-4040b3ba88b7</property>
        </properties>
      </node>
      <node id="462">
        <properties>
          <property key="assignments" class="string">Ansvarig för försäljningen i hela Sverige, vilket innefattade marknads- och produktstrategier samt taktik för Viracept, Fortovase och Invirase, proteashämmare för behandling av HIV.</property>
          <property key="to" class="string">2002</property>
          <property key="from" class="string">2000</property>
          <property key="company" class="string">Roche AB</property>
          <property key="country" class="string">Sverige</property>
          <property key="TS_MODIFIED" class="long">1313155033971</property>
          <property key="name" class="string">Produktspecialist</property>
          <property key="TS_CREATED" class="long">1313154982545</property>
          <property key="UUID" class="string">4631ab50-c4e5-11e0-89cc-4040b3ba88b7</property>
        </properties>
      </node>
      <node id="461">
        <properties>
          <property key="assignments" class="string">Pegasys, pegylerat interferon för behandling av Hepatit, Copegus, ribavirin som används i kombination med Pegasys samt Tamiflu, neuraminidashämmare mot influensa. Ansvarig för försäljningen i Västra Sverige, inkluderande marknads- och produktstrategier samt taktik. Lanserade Pegasys och Copegus 2002. Initiativtagare och utvecklare av intranetsida för all fältbaserad personal på Roche 2007.</property>
          <property key="to" class="string">2007</property>
          <property key="from" class="string">2002</property>
          <property key="company" class="string">Roche AB</property>
          <property key="country" class="string">Sverige</property>
          <property key="TS_MODIFIED" class="long">1313154980538</property>
          <property key="name" class="string">Produktspecialist</property>
          <property key="TS_CREATED" class="long">1313154421765</property>
          <property key="UUID" class="string">f7f0ab40-c4e3-11e0-89cc-4040b3ba88b7</property>
        </properties>
      </node>
      <node id="460">
        <properties>
          <property key="assignments" class="string">Ansvarig för de viktigaste kunderna i Sverige, inkluderande marknads- och produktstrategier samt taktik. Ansvara för att lyfta den nationella försäljningen av främst ett av Allergans läkemedel mot glaukom. Detta genom att hjälpa de fyra säljarna ute i landet med strategier för hur man bättre kan penetrera deras marknader. Incentive var grundad på hur försäljningen gick för de fyra säljarna ute i landet.</property>
          <property key="to" class="string">2008</property>
          <property key="from" class="string">2007</property>
          <property key="company" class="string">Allergan Norden AB</property>
          <property key="country" class="string">Sverige</property>
          <property key="TS_MODIFIED" class="long">1313154796399</property>
          <property key="name" class="string">Nationell Key Account Manager</property>
          <property key="TS_CREATED" class="long">1313154175504</property>
          <property key="UUID" class="string">6528ae20-c4e3-11e0-89cc-4040b3ba88b7</property>
        </properties>
      </node>
      <node id="459">
        <properties>
          <property key="assignments" class="string">Atripla, Truvada och Viread, kombinationer av nukleosid/tid analoger för behandling av HIV samt Viread och Hepsera, nukleosid/tid analoger för behandling av Hepatit.

Ansvarig för den svenska marknaden, inklusive försäljning, marknadsföring, utveckling av marknadsmaterial, produktstrategier och taktik. Nära samarbete med patientorganisationer och med andra nordiska produktchefer. Samarbete med produktchef på BMS, när det gäller Atripla, som är både en Gilead och BMSprodukt är också en viktig arbetsuppgift.</property>
          <property key="to" class="string">2009</property>
          <property key="from" class="string">2008</property>
          <property key="company" class="string">Gilead Sciences AB</property>
          <property key="country" class="string">Sverige</property>
          <property key="TS_MODIFIED" class="long">1313154488671</property>
          <property key="name" class="string">Produktchef</property>
          <property key="TS_CREATED" class="long">1313154046036</property>
          <property key="UUID" class="string">17fc35e0-c4e3-11e0-89cc-4040b3ba88b7</property>
        </properties>
      </node>
      <node id="458">
        <properties>
          <property key="assignments" class="string">Ansvarig för försäljningen i halva Sverige (Stockholm och norrut), inkluderande marknads- och produktstrategier samt taktik för fästing-vaccinet mot TBE, FSME-IMMUN.</property>
          <property key="to" class="string">2010</property>
          <property key="from" class="string">2009</property>
          <property key="company" class="string">Almagest/Baxter Vacciner</property>
          <property key="country" class="string">Sverige</property>
          <property key="TS_MODIFIED" class="long">1313154045819</property>
          <property key="name" class="string">Konsult/Key Account Manager</property>
          <property key="TS_CREATED" class="long">1313153833981</property>
          <property key="UUID" class="string">9998b610-c4e2-11e0-89cc-4040b3ba88b7</property>
        </properties>
      </node>
      <node id="457">
        <properties>
          <property key="language" class="string">Hebreiska</property>
          <property key="spoken" class="string">Viss</property>
          <property key="TS_MODIFIED" class="long">1313153514363</property>
          <property key="written" class="string">Viss</property>
          <property key="TS_CREATED" class="long">1313153498957</property>
          <property key="UUID" class="string">d1e81b10-c4e1-11e0-89cc-4040b3ba88b7</property>
        </properties>
      </node>
      <node id="456">
        <properties>
          <property key="language" class="string">Skandinaviska språk</property>
          <property key="spoken" class="string">Avancerad</property>
          <property key="TS_MODIFIED" class="long">1313153498187</property>
          <property key="written" class="string">Viss</property>
          <property key="TS_CREATED" class="long">1313153481874</property>
          <property key="UUID" class="string">c7b97260-c4e1-11e0-89cc-4040b3ba88b7</property>
        </properties>
      </node>
      <node id="455">
        <properties>
          <property key="language" class="string">Tyska</property>
          <property key="spoken" class="string">Viss</property>
          <property key="TS_MODIFIED" class="long">1313153481501</property>
          <property key="written" class="string">Viss</property>
          <property key="TS_CREATED" class="long">1313153475546</property>
          <property key="UUID" class="string">c3f3b7d0-c4e1-11e0-89cc-4040b3ba88b7</property>
        </properties>
      </node>
      <node id="454">
        <properties>
          <property key="language" class="string">Polska</property>
          <property key="spoken" class="string">God</property>
          <property key="TS_MODIFIED" class="long">1313153473909</property>
          <property key="written" class="string">Viss</property>
          <property key="TS_CREATED" class="long">1313153460083</property>
          <property key="UUID" class="string">babc8e80-c4e1-11e0-89cc-4040b3ba88b7</property>
        </properties>
      </node>
      <node id="453">
        <properties>
          <property key="description" class="string">LIF</property>
          <property key="to" class="string">2000</property>
          <property key="from" class="string">2000</property>
          <property key="TS_MODIFIED" class="long">1313153443174</property>
          <property key="name" class="string">Auktorisation för läkemedelsinformation</property>
          <property key="TS_CREATED" class="long">1313153410919</property>
          <property key="UUID" class="string">9d6d8140-c4e1-11e0-89cc-4040b3ba88b7</property>
        </properties>
      </node>
      <node id="452">
        <properties>
          <property key="description" class="string">Steg 1-2, Mercuri International</property>
          <property key="to" class="string">2000</property>
          <property key="from" class="string">2000</property>
          <property key="TS_MODIFIED" class="long">1313153409706</property>
          <property key="name" class="string">Grundläggande säljmetodik</property>
          <property key="TS_CREATED" class="long">1313153367217</property>
          <property key="UUID" class="string">836142f0-c4e1-11e0-89cc-4040b3ba88b7</property>
        </properties>
      </node>
      <node id="451">
        <properties>
          <property key="description" class="string">LIF</property>
          <property key="to" class="string">2001</property>
          <property key="from" class="string">2001</property>
          <property key="TS_MODIFIED" class="long">1313153366829</property>
          <property key="name" class="string">Läkemedelsinformation</property>
          <property key="TS_CREATED" class="long">1313153345572</property>
          <property key="UUID" class="string">767a5810-c4e1-11e0-89cc-4040b3ba88b7</property>
        </properties>
      </node>
      <node id="450">
        <properties>
          <property key="description" class="string">Läkemedels Akademin</property>
          <property key="to" class="string">2001</property>
          <property key="from" class="string">2001</property>
          <property key="TS_MODIFIED" class="long">1313153344185</property>
          <property key="name" class="string">Orienterande kurs i klinisk läkemedelsprövning</property>
          <property key="TS_CREATED" class="long">1313153305897</property>
          <property key="UUID" class="string">5ed57cd0-c4e1-11e0-89cc-4040b3ba88b7</property>
        </properties>
      </node>
      <node id="449">
        <properties>
          <property key="description" class="string">Mercuri International</property>
          <property key="to" class="string">2001</property>
          <property key="from" class="string">2001</property>
          <property key="TS_MODIFIED" class="long">1313153305274</property>
          <property key="name" class="string">Professionella presentationer</property>
          <property key="TS_CREATED" class="long">1313153263497</property>
          <property key="UUID" class="string">458fe9e0-c4e1-11e0-89cc-4040b3ba88b7</property>
        </properties>
      </node>
      <node id="448">
        <properties>
          <property key="description" class="string">Mercuri International</property>
          <property key="to" class="string">2001</property>
          <property key="from" class="string">2001</property>
          <property key="TS_MODIFIED" class="long">1313153263224</property>
          <property key="name" class="string">Personlig planering</property>
          <property key="TS_CREATED" class="long">1313153229300</property>
          <property key="UUID" class="string">312d8f70-c4e1-11e0-89cc-4040b3ba88b7</property>
        </properties>
      </node>
      <node id="485">
        <properties>
          <property key="to" class="string">1983</property>
          <property key="from" class="string">1982</property>
          <property key="company" class="string">Svenska Institutet</property>
          <property key="country" class="string">Sverige</property>
          <property key="TS_MODIFIED" class="long">1313170818455</property>
          <property key="name" class="string">Enhetssekreterare</property>
          <property key="TS_CREATED" class="long">1313170787188</property>
          <property key="UUID" class="string">127ef590-c50a-11e0-89cc-4040b3ba88b7</property>
        </properties>
      </node>
      <node id="484">
        <properties>
          <property key="to" class="string">1985</property>
          <property key="from" class="string">1983</property>
          <property key="company" class="string">Sveriges Turistråd</property>
          <property key="country" class="string">Sverige</property>
          <property key="TS_MODIFIED" class="long">1313170780701</property>
          <property key="name" class="string">Receptionist</property>
          <property key="TS_CREATED" class="long">1313170754725</property>
          <property key="UUID" class="string">ff255890-c509-11e0-89cc-4040b3ba88b7</property>
        </properties>
      </node>
      <node id="487">
        <properties>
          <property key="UUID" class="string">5d270cd0-ea6d-11e0-a85d-4040b3ba88b7</property>
          <property key="TS_CREATED" class="long">1317281625652</property>
          <property key="nodeClass" class="string">responsibility</property>
          <property key="TS_MODIFIED" class="long">1317281625664</property>
        </properties>
      </node>
      <node id="481">
        <properties>
          <property key="to" class="string">1998</property>
          <property key="from" class="string">1996</property>
          <property key="company" class="string">Manpower</property>
          <property key="country" class="string">Sverige</property>
          <property key="TS_MODIFIED" class="long">1313170701540</property>
          <property key="name" class="string">Konsult</property>
          <property key="TS_CREATED" class="long">1313170678571</property>
          <property key="UUID" class="string">d1c08eb0-c509-11e0-89cc-4040b3ba88b7</property>
        </properties>
      </node>
      <node id="480">
        <properties>
          <property key="to" class="string">2002</property>
          <property key="from" class="string">1998</property>
          <property key="company" class="string">Aventis Pharma</property>
          <property key="country" class="string">Sverige</property>
          <property key="TS_MODIFIED" class="long">1313170677622</property>
          <property key="name" class="string">Marknadsassistent</property>
          <property key="TS_CREATED" class="long">1313170646739</property>
          <property key="UUID" class="string">bec7fd70-c509-11e0-89cc-4040b3ba88b7</property>
        </properties>
      </node>
      <node id="483">
        <properties>
          <property key="to" class="string">1990</property>
          <property key="from" class="string">1985</property>
          <property key="company" class="string">Sveriges Turistråd</property>
          <property key="country" class="string">Sverige</property>
          <property key="TS_MODIFIED" class="long">1313170753386</property>
          <property key="name" class="string">VD-sekreterare</property>
          <property key="TS_CREATED" class="long">1313170728616</property>
          <property key="UUID" class="string">ef94d180-c509-11e0-89cc-4040b3ba88b7</property>
        </properties>
      </node>
      <node id="482">
        <properties>
          <property key="to" class="string">1993</property>
          <property key="from" class="string">1991</property>
          <property key="company" class="string">Stockholm Water Event</property>
          <property key="country" class="string">Sverige</property>
          <property key="TS_MODIFIED" class="long">1313170727662</property>
          <property key="name" class="string">VD-sekreterare</property>
          <property key="TS_CREATED" class="long">1313170702478</property>
          <property key="UUID" class="string">e000c800-c509-11e0-89cc-4040b3ba88b7</property>
        </properties>
      </node>
  </nodes>
  <relationships>
      <relationship id="0">
        <type>HAS_USER</type>
        <startNode>0</startNode>
        <endNode>1</endNode>
        <properties>
          <property key="TS_MODIFIED" class="long">1302870999675</property>
          <property key="TS_CREATED" class="long">1302870999661</property>
          <property key="UUID" class="string">02b9def0-675d-11e0-a2bc-4040b3ba88b7</property>
        </properties>
      </relationship>
      <relationship id="1">
        <type>HAS_ROLE</type>
        <startNode>1</startNode>
        <endNode>2</endNode>
        <properties>
          <property key="TS_MODIFIED" class="long">1302870999751</property>
          <property key="TS_CREATED" class="long">1302870999738</property>
          <property key="UUID" class="string">02c550a0-675d-11e0-a2bc-4040b3ba88b7</property>
        </properties>
      </relationship>
      <relationship id="2">
        <type>EXTENDS_ROLE</type>
        <startNode>2</startNode>
        <endNode>3</endNode>
        <properties>
          <property key="TS_MODIFIED" class="long">1302870999818</property>
          <property key="TS_CREATED" class="long">1302870999806</property>
          <property key="UUID" class="string">02cfff00-675d-11e0-a2bc-4040b3ba88b7</property>
        </properties>
      </relationship>
      <relationship id="3">
        <type>EXTENDS_ROLE</type>
        <startNode>2</startNode>
        <endNode>4</endNode>
        <properties>
          <property key="TS_MODIFIED" class="long">1302870999873</property>
          <property key="TS_CREATED" class="long">1302870999861</property>
          <property key="UUID" class="string">02d8b190-675d-11e0-a2bc-4040b3ba88b7</property>
        </properties>
      </relationship>
      <relationship id="4">
        <type>EXTENDS_ROLE</type>
        <startNode>3</startNode>
        <endNode>5</endNode>
        <properties>
          <property key="TS_MODIFIED" class="long">1302871000095</property>
          <property key="TS_CREATED" class="long">1302870999918</property>
          <property key="UUID" class="string">02e18b30-675d-11e0-a2bc-4040b3ba88b7</property>
        </properties>
      </relationship>
      <relationship id="5">
        <type>EXTENDS_ROLE</type>
        <startNode>4</startNode>
        <endNode>5</endNode>
        <properties>
          <property key="TS_MODIFIED" class="long">1302871000149</property>
          <property key="TS_CREATED" class="long">1302871000140</property>
          <property key="UUID" class="string">0302a7c0-675d-11e0-a2bc-4040b3ba88b7</property>
        </properties>
      </relationship>
      <relationship id="6">
        <type>EXTENDS_ROLE</type>
        <startNode>5</startNode>
        <endNode>6</endNode>
        <properties>
          <property key="TS_MODIFIED" class="long">1302871000201</property>
          <property key="TS_CREATED" class="long">1302871000187</property>
          <property key="UUID" class="string">030a21d0-675d-11e0-a2bc-4040b3ba88b7</property>
        </properties>
      </relationship>
      <relationship id="7">
        <type>HAS_USER</type>
        <startNode>0</startNode>
        <endNode>7</endNode>
        <properties>
          <property key="TS_MODIFIED" class="long">1302871000253</property>
          <property key="TS_CREATED" class="long">1302871000240</property>
          <property key="UUID" class="string">03123820-675d-11e0-a2bc-4040b3ba88b7</property>
        </properties>
      </relationship>
      <relationship id="8">
        <type>HAS_ROLE</type>
        <startNode>7</startNode>
        <endNode>8</endNode>
        <properties>
          <property key="TS_MODIFIED" class="long">1302871000300</property>
          <property key="TS_CREATED" class="long">1302871000287</property>
          <property key="UUID" class="string">0319b230-675d-11e0-a2bc-4040b3ba88b7</property>
        </properties>
      </relationship>
      <relationship id="9">
        <type>HAS_ORGANIZATION</type>
        <startNode>0</startNode>
        <endNode>9</endNode>
        <properties>
          <property key="TS_MODIFIED" class="long">1302871000347</property>
          <property key="TS_CREATED" class="long">1302871000335</property>
          <property key="UUID" class="string">03215350-675d-11e0-a2bc-4040b3ba88b7</property>
        </properties>
      </relationship>
      <relationship id="10">
        <type>HAS_ADDRESS</type>
        <startNode>9</startNode>
        <endNode>10</endNode>
        <properties>
          <property key="TS_CREATED" class="long">1302872229312</property>
          <property key="UUID" class="string">dfa85560-675f-11e0-a2bc-4040b3ba88b7</property>
        </properties>
      </relationship>
      <relationship id="11">
        <type>HAS_FUNCTION</type>
        <startNode>9</startNode>
        <endNode>11</endNode>
        <properties>
          <property key="TS_CREATED" class="long">1303284448471</property>
          <property key="UUID" class="string">a56c20c0-6b1f-11e0-a2bc-4040b3ba88b7</property>
        </properties>
      </relationship>
      <relationship id="12">
        <type>HAS_EDUCATION</type>
        <startNode>188</startNode>
        <endNode>12</endNode>
        <properties>
          <property key="TS_CREATED" class="long">1305617504648</property>
          <property key="UUID" class="string">b7407600-8057-11e0-9e65-4040b3ba88b7</property>
        </properties>
      </relationship>
      <relationship id="13">
        <type>HAS_LANGUAGESKILL</type>
        <startNode>258</startNode>
        <endNode>13</endNode>
        <properties>
          <property key="TS_CREATED" class="long">1305874841644</property>
          <property key="UUID" class="string">e011faf0-82ae-11e0-8d36-4040b3ba88b7</property>
        </properties>
      </relationship>
      <relationship id="14">
        <type>HAS_FUNCTION</type>
        <startNode>9</startNode>
        <endNode>14</endNode>
        <properties>
          <property key="TS_CREATED" class="long">1303284516535</property>
          <property key="UUID" class="string">cdfe05d0-6b1f-11e0-a2bc-4040b3ba88b7</property>
        </properties>
      </relationship>
      <relationship id="15">
        <type>HAS_COURSE</type>
        <startNode>188</startNode>
        <endNode>15</endNode>
        <properties>
          <property key="TS_CREATED" class="long">1305617504844</property>
          <property key="UUID" class="string">b75bc630-8057-11e0-9e65-4040b3ba88b7</property>
        </properties>
      </relationship>
      <relationship id="17">
        <type>HAS_FUNCTION</type>
        <startNode>9</startNode>
        <endNode>17</endNode>
        <properties>
          <property key="TS_CREATED" class="long">1303284610806</property>
          <property key="UUID" class="string">062ec9d0-6b20-11e0-a2bc-4040b3ba88b7</property>
        </properties>
      </relationship>
      <relationship id="16">
        <type>HAS_WORK_EXPERIENCE</type>
        <startNode>188</startNode>
        <endNode>16</endNode>
        <properties>
          <property key="TS_CREATED" class="long">1305617505303</property>
          <property key="UUID" class="string">b7a886a0-8057-11e0-9e65-4040b3ba88b7</property>
        </properties>
      </relationship>
      <relationship id="19">
        <type>HAS_FUNCTION</type>
        <startNode>9</startNode>
        <endNode>19</endNode>
        <properties>
          <property key="TS_CREATED" class="long">1303284636772</property>
          <property key="UUID" class="string">15a89490-6b20-11e0-a2bc-4040b3ba88b7</property>
        </properties>
      </relationship>
      <relationship id="18">
        <type>HAS_WORK_EXPERIENCE</type>
        <startNode>258</startNode>
        <endNode>18</endNode>
        <properties>
          <property key="TS_CREATED" class="long">1305874841752</property>
          <property key="UUID" class="string">e0224ea0-82ae-11e0-8d36-4040b3ba88b7</property>
        </properties>
      </relationship>
      <relationship id="21">
        <type>HAS_EDUCATION</type>
        <startNode>264</startNode>
        <endNode>21</endNode>
        <properties>
          <property key="TS_CREATED" class="long">1313142297010</property>
          <property key="UUID" class="string">bd067d50-c4c7-11e0-89cc-4040b3ba88b7</property>
        </properties>
      </relationship>
      <relationship id="20">
        <type>HAS_LANGUAGESKILL</type>
        <startNode>188</startNode>
        <endNode>20</endNode>
        <properties>
          <property key="TS_CREATED" class="long">1305617504981</property>
          <property key="UUID" class="string">b7765310-8057-11e0-9e65-4040b3ba88b7</property>
        </properties>
      </relationship>
      <relationship id="23">
        <type>HAS_EDUCATION</type>
        <startNode>172</startNode>
        <endNode>23</endNode>
        <properties>
          <property key="TS_CREATED" class="long">1313148518888</property>
          <property key="UUID" class="string">398dbab0-c4d6-11e0-89cc-4040b3ba88b7</property>
        </properties>
      </relationship>
      <relationship id="22">
        <type>HAS_FUNCTION</type>
        <startNode>9</startNode>
        <endNode>22</endNode>
        <properties>
          <property key="TS_CREATED" class="long">1303284677378</property>
          <property key="UUID" class="string">2ddc6960-6b20-11e0-a2bc-4040b3ba88b7</property>
        </properties>
      </relationship>
      <relationship id="25">
        <type>HAS_EDUCATION</type>
        <startNode>172</startNode>
        <endNode>25</endNode>
        <properties>
          <property key="TS_CREATED" class="long">1313148539855</property>
          <property key="UUID" class="string">460d7f50-c4d6-11e0-89cc-4040b3ba88b7</property>
        </properties>
      </relationship>
      <relationship id="24">
        <type>HAS_FUNCTION</type>
        <startNode>9</startNode>
        <endNode>24</endNode>
        <properties>
          <property key="TS_CREATED" class="long">1303284694416</property>
          <property key="UUID" class="string">38012700-6b20-11e0-a2bc-4040b3ba88b7</property>
        </properties>
      </relationship>
      <relationship id="27">
        <type>HAS_EDUCATION</type>
        <startNode>172</startNode>
        <endNode>27</endNode>
        <properties>
          <property key="TS_CREATED" class="long">1313148562886</property>
          <property key="UUID" class="string">53c798b0-c4d6-11e0-89cc-4040b3ba88b7</property>
        </properties>
      </relationship>
      <relationship id="26">
        <type>HAS_FUNCTION</type>
        <startNode>9</startNode>
        <endNode>26</endNode>
        <properties>
          <property key="TS_CREATED" class="long">1303284699920</property>
          <property key="UUID" class="string">3b4ca880-6b20-11e0-a2bc-4040b3ba88b7</property>
        </properties>
      </relationship>
      <relationship id="29">
        <type>HAS_COURSE</type>
        <startNode>172</startNode>
        <endNode>29</endNode>
        <properties>
          <property key="TS_CREATED" class="long">1313148710877</property>
          <property key="UUID" class="string">aac8d9d0-c4d6-11e0-89cc-4040b3ba88b7</property>
        </properties>
      </relationship>
      <relationship id="28">
        <type>HAS_FUNCTION</type>
        <startNode>9</startNode>
        <endNode>28</endNode>
        <properties>
          <property key="TS_CREATED" class="long">1303284712676</property>
          <property key="UUID" class="string">42e6eab0-6b20-11e0-a2bc-4040b3ba88b7</property>
        </properties>
      </relationship>
      <relationship id="31">
        <type>HAS_WORK_EXPERIENCE</type>
        <startNode>258</startNode>
        <endNode>31</endNode>
        <properties>
          <property key="TS_CREATED" class="long">1305874781177</property>
          <property key="UUID" class="string">bc074bb0-82ae-11e0-8d36-4040b3ba88b7</property>
        </properties>
      </relationship>
      <relationship id="30">
        <type>HAS_FUNCTION</type>
        <startNode>9</startNode>
        <endNode>30</endNode>
        <properties>
          <property key="TS_CREATED" class="long">1303284717645</property>
          <property key="UUID" class="string">45dcf930-6b20-11e0-a2bc-4040b3ba88b7</property>
        </properties>
      </relationship>
      <relationship id="34">
        <type>HAS_FUNCTION</type>
        <startNode>9</startNode>
        <endNode>34</endNode>
        <properties>
          <property key="TS_CREATED" class="long">1303284769924</property>
          <property key="UUID" class="string">650644b0-6b20-11e0-a2bc-4040b3ba88b7</property>
        </properties>
      </relationship>
      <relationship id="35">
        <type>HAS_EDUCATION</type>
        <startNode>172</startNode>
        <endNode>35</endNode>
        <properties>
          <property key="TS_CREATED" class="long">1313148443040</property>
          <property key="UUID" class="string">0c57c900-c4d6-11e0-89cc-4040b3ba88b7</property>
        </properties>
      </relationship>
      <relationship id="32">
        <type>HAS_FUNCTION</type>
        <startNode>9</startNode>
        <endNode>32</endNode>
        <properties>
          <property key="TS_CREATED" class="long">1303284729670</property>
          <property key="UUID" class="string">4d071470-6b20-11e0-a2bc-4040b3ba88b7</property>
        </properties>
      </relationship>
      <relationship id="33">
        <type>HAS_EDUCATION</type>
        <startNode>264</startNode>
        <endNode>33</endNode>
        <properties>
          <property key="TS_CREATED" class="long">1313142267348</property>
          <property key="UUID" class="string">ab57d130-c4c7-11e0-89cc-4040b3ba88b7</property>
        </properties>
      </relationship>
      <relationship id="38">
        <type>HAS_COURSE</type>
        <startNode>258</startNode>
        <endNode>38</endNode>
        <properties>
          <property key="TS_CREATED" class="long">1305874841574</property>
          <property key="UUID" class="string">e00773a0-82ae-11e0-8d36-4040b3ba88b7</property>
        </properties>
      </relationship>
      <relationship id="39">
        <type>HAS_FUNCTION</type>
        <startNode>9</startNode>
        <endNode>39</endNode>
        <properties>
          <property key="TS_CREATED" class="long">1303284821638</property>
          <property key="UUID" class="string">83d932d0-6b20-11e0-a2bc-4040b3ba88b7</property>
        </properties>
      </relationship>
      <relationship id="36">
        <type>HAS_EDUCATION</type>
        <startNode>258</startNode>
        <endNode>36</endNode>
        <properties>
          <property key="TS_CREATED" class="long">1305874841503</property>
          <property key="UUID" class="string">dffcc540-82ae-11e0-8d36-4040b3ba88b7</property>
        </properties>
      </relationship>
      <relationship id="37">
        <type>HAS_FUNCTION</type>
        <startNode>9</startNode>
        <endNode>37</endNode>
        <properties>
          <property key="TS_CREATED" class="long">1303284804243</property>
          <property key="UUID" class="string">797a7970-6b20-11e0-a2bc-4040b3ba88b7</property>
        </properties>
      </relationship>
      <relationship id="42">
        <type>HAS_RESPONSIBILITY</type>
        <startNode>41</startNode>
        <endNode>42</endNode>
        <properties>
          <property key="TS_CREATED" class="long">1303284911108</property>
          <property key="UUID" class="string">b92d3cb0-6b20-11e0-a2bc-4040b3ba88b7</property>
        </properties>
      </relationship>
      <relationship id="43">
        <type>HAS_EDUCATION</type>
        <startNode>240</startNode>
        <endNode>43</endNode>
        <properties>
          <property key="TS_CREATED" class="long">1313142938074</property>
          <property key="UUID" class="string">3b218d00-c4c9-11e0-89cc-4040b3ba88b7</property>
        </properties>
      </relationship>
      <relationship id="40">
        <type>HAS_EDUCATION</type>
        <startNode>258</startNode>
        <endNode>40</endNode>
        <properties>
          <property key="TS_CREATED" class="long">1305874780529</property>
          <property key="UUID" class="string">bb9e50b0-82ae-11e0-8d36-4040b3ba88b7</property>
        </properties>
      </relationship>
      <relationship id="41">
        <type>HAS_FUNCTION</type>
        <startNode>9</startNode>
        <endNode>41</endNode>
        <properties>
          <property key="TS_CREATED" class="long">1303284911042</property>
          <property key="UUID" class="string">b922b560-6b20-11e0-a2bc-4040b3ba88b7</property>
        </properties>
      </relationship>
      <relationship id="46">
        <type>HAS_FUNCTION</type>
        <startNode>9</startNode>
        <endNode>46</endNode>
        <properties>
          <property key="TS_CREATED" class="long">1303291063846</property>
          <property key="UUID" class="string">0c7df090-6b2f-11e0-a2bc-4040b3ba88b7</property>
        </properties>
      </relationship>
      <relationship id="47">
        <type>HAS_LANGUAGESKILL</type>
        <startNode>258</startNode>
        <endNode>47</endNode>
        <properties>
          <property key="TS_CREATED" class="long">1305874780796</property>
          <property key="UUID" class="string">bbcc3e80-82ae-11e0-8d36-4040b3ba88b7</property>
        </properties>
      </relationship>
      <relationship id="44">
        <type>HAS_FUNCTION</type>
        <startNode>9</startNode>
        <endNode>44</endNode>
        <properties>
          <property key="TS_CREATED" class="long">1303291054593</property>
          <property key="UUID" class="string">06faa780-6b2f-11e0-a2bc-4040b3ba88b7</property>
        </properties>
      </relationship>
      <relationship id="45">
        <type>HAS_WORK_EXPERIENCE</type>
        <startNode>264</startNode>
        <endNode>45</endNode>
        <properties>
          <property key="TS_CREATED" class="long">1313142532914</property>
          <property key="UUID" class="string">49a29550-c4c8-11e0-89cc-4040b3ba88b7</property>
        </properties>
      </relationship>
      <relationship id="51">
        <type>HAS_FUNCTION</type>
        <startNode>9</startNode>
        <endNode>51</endNode>
        <properties>
          <property key="TS_CREATED" class="long">1303291113455</property>
          <property key="UUID" class="string">2a104860-6b2f-11e0-a2bc-4040b3ba88b7</property>
        </properties>
      </relationship>
      <relationship id="50">
        <type>HAS_COURSE</type>
        <startNode>240</startNode>
        <endNode>50</endNode>
        <properties>
          <property key="TS_CREATED" class="long">1313143160420</property>
          <property key="UUID" class="string">bfa8b490-c4c9-11e0-89cc-4040b3ba88b7</property>
        </properties>
      </relationship>
      <relationship id="49">
        <type>HAS_COURSE</type>
        <startNode>258</startNode>
        <endNode>49</endNode>
        <properties>
          <property key="TS_CREATED" class="long">1305874780658</property>
          <property key="UUID" class="string">bbb72fe0-82ae-11e0-8d36-4040b3ba88b7</property>
        </properties>
      </relationship>
      <relationship id="48">
        <type>HAS_FUNCTION</type>
        <startNode>9</startNode>
        <endNode>48</endNode>
        <properties>
          <property key="TS_CREATED" class="long">1303291081811</property>
          <property key="UUID" class="string">1733f1b0-6b2f-11e0-a2bc-4040b3ba88b7</property>
        </properties>
      </relationship>
      <relationship id="55">
        <type>HAS_FUNCTION</type>
        <startNode>9</startNode>
        <endNode>55</endNode>
        <properties>
          <property key="TS_CREATED" class="long">1303291151531</property>
          <property key="UUID" class="string">40bb8160-6b2f-11e0-a2bc-4040b3ba88b7</property>
        </properties>
      </relationship>
      <relationship id="54">
        <type>HAS_COURSE</type>
        <startNode>240</startNode>
        <endNode>54</endNode>
        <properties>
          <property key="TS_CREATED" class="long">1313143329353</property>
          <property key="UUID" class="string">245960b0-c4ca-11e0-89cc-4040b3ba88b7</property>
        </properties>
      </relationship>
      <relationship id="53">
        <type>HAS_FUNCTION</type>
        <startNode>9</startNode>
        <endNode>53</endNode>
        <properties>
          <property key="TS_CREATED" class="long">1303291133374</property>
          <property key="UUID" class="string">35ef6030-6b2f-11e0-a2bc-4040b3ba88b7</property>
        </properties>
      </relationship>
      <relationship id="52">
        <type>HAS_COURSE</type>
        <startNode>240</startNode>
        <endNode>52</endNode>
        <properties>
          <property key="TS_CREATED" class="long">1313143273341</property>
          <property key="UUID" class="string">02f603b0-c4ca-11e0-89cc-4040b3ba88b7</property>
        </properties>
      </relationship>
      <relationship id="59">
        <type>HAS_FUNCTION</type>
        <startNode>9</startNode>
        <endNode>59</endNode>
        <properties>
          <property key="TS_CREATED" class="long">1303291212848</property>
          <property key="UUID" class="string">654e9a80-6b2f-11e0-a2bc-4040b3ba88b7</property>
        </properties>
      </relationship>
      <relationship id="58">
        <type>HAS_WORK_EXPERIENCE</type>
        <startNode>240</startNode>
        <endNode>58</endNode>
        <properties>
          <property key="TS_CREATED" class="long">1313143644525</property>
          <property key="UUID" class="string">e0351d10-c4ca-11e0-89cc-4040b3ba88b7</property>
        </properties>
      </relationship>
      <relationship id="57">
        <type>HAS_FUNCTION</type>
        <startNode>9</startNode>
        <endNode>57</endNode>
        <properties>
          <property key="TS_CREATED" class="long">1303291176018</property>
          <property key="UUID" class="string">4f5aa390-6b2f-11e0-a2bc-4040b3ba88b7</property>
        </properties>
      </relationship>
      <relationship id="56">
        <type>HAS_WORK_EXPERIENCE</type>
        <startNode>240</startNode>
        <endNode>56</endNode>
        <properties>
          <property key="TS_CREATED" class="long">1313144219587</property>
          <property key="UUID" class="string">36f87560-c4cc-11e0-89cc-4040b3ba88b7</property>
        </properties>
      </relationship>
      <relationship id="63">
        <type>HAS_EDUCATION</type>
        <startNode>240</startNode>
        <endNode>63</endNode>
        <properties>
          <property key="TS_CREATED" class="long">1313142845322</property>
          <property key="UUID" class="string">03d890f0-c4c9-11e0-89cc-4040b3ba88b7</property>
        </properties>
      </relationship>
      <relationship id="62">
        <type>HAS_WORK_EXPERIENCE</type>
        <startNode>240</startNode>
        <endNode>62</endNode>
        <properties>
          <property key="TS_CREATED" class="long">1313144005439</property>
          <property key="UUID" class="string">b7545f40-c4cb-11e0-89cc-4040b3ba88b7</property>
        </properties>
      </relationship>
      <relationship id="61">
        <type>HAS_FUNCTION</type>
        <startNode>9</startNode>
        <endNode>61</endNode>
        <properties>
          <property key="TS_CREATED" class="long">1303291251684</property>
          <property key="UUID" class="string">7c740c90-6b2f-11e0-a2bc-4040b3ba88b7</property>
        </properties>
      </relationship>
      <relationship id="60">
        <type>HAS_EDUCATION</type>
        <startNode>172</startNode>
        <endNode>60</endNode>
        <properties>
          <property key="TS_CREATED" class="long">1313148468532</property>
          <property key="UUID" class="string">1b8a78a0-c4d6-11e0-89cc-4040b3ba88b7</property>
        </properties>
      </relationship>
      <relationship id="68">
        <type>HAS_COURSE</type>
        <startNode>172</startNode>
        <endNode>68</endNode>
        <properties>
          <property key="TS_CREATED" class="long">1313148775967</property>
          <property key="UUID" class="string">d2c8b810-c4d6-11e0-89cc-4040b3ba88b7</property>
        </properties>
      </relationship>
      <relationship id="69">
        <type>HAS_WORK_EXPERIENCE</type>
        <startNode>240</startNode>
        <endNode>69</endNode>
        <properties>
          <property key="TS_CREATED" class="long">1313144042484</property>
          <property key="UUID" class="string">cd661760-c4cb-11e0-89cc-4040b3ba88b7</property>
        </properties>
      </relationship>
      <relationship id="70">
        <type>HAS_WORK_EXPERIENCE</type>
        <startNode>240</startNode>
        <endNode>70</endNode>
        <properties>
          <property key="TS_CREATED" class="long">1313144149058</property>
          <property key="UUID" class="string">0cef0b80-c4cc-11e0-89cc-4040b3ba88b7</property>
        </properties>
      </relationship>
      <relationship id="71">
        <type>HAS_COURSE</type>
        <startNode>172</startNode>
        <endNode>71</endNode>
        <properties>
          <property key="TS_CREATED" class="long">1313148792203</property>
          <property key="UUID" class="string">dc7649e0-c4d6-11e0-89cc-4040b3ba88b7</property>
        </properties>
      </relationship>
      <relationship id="64">
        <type>HAS_FUNCTION</type>
        <startNode>9</startNode>
        <endNode>64</endNode>
        <properties>
          <property key="TS_CREATED" class="long">1303291266389</property>
          <property key="UUID" class="string">85384fd0-6b2f-11e0-a2bc-4040b3ba88b7</property>
        </properties>
      </relationship>
      <relationship id="65">
        <type>HAS_EDUCATION</type>
        <startNode>240</startNode>
        <endNode>65</endNode>
        <properties>
          <property key="TS_CREATED" class="long">1313142884346</property>
          <property key="UUID" class="string">1b19c860-c4c9-11e0-89cc-4040b3ba88b7</property>
        </properties>
      </relationship>
      <relationship id="66">
        <type>HAS_COURSE</type>
        <startNode>172</startNode>
        <endNode>66</endNode>
        <properties>
          <property key="TS_CREATED" class="long">1313148747933</property>
          <property key="UUID" class="string">c2138720-c4d6-11e0-89cc-4040b3ba88b7</property>
        </properties>
      </relationship>
      <relationship id="67">
        <type>HAS_FUNCTION</type>
        <startNode>9</startNode>
        <endNode>67</endNode>
        <properties>
          <property key="TS_CREATED" class="long">1303291279643</property>
          <property key="UUID" class="string">8d1e8f20-6b2f-11e0-a2bc-4040b3ba88b7</property>
        </properties>
      </relationship>
      <relationship id="76">
        <type>HAS_WORK_EXPERIENCE</type>
        <startNode>240</startNode>
        <endNode>76</endNode>
        <properties>
          <property key="TS_CREATED" class="long">1313143863208</property>
          <property key="UUID" class="string">628d56b0-c4cb-11e0-89cc-4040b3ba88b7</property>
        </properties>
      </relationship>
      <relationship id="77">
        <type>HAS_WORK_EXPERIENCE</type>
        <startNode>240</startNode>
        <endNode>77</endNode>
        <properties>
          <property key="TS_CREATED" class="long">1313143920647</property>
          <property key="UUID" class="string">84ca23c0-c4cb-11e0-89cc-4040b3ba88b7</property>
        </properties>
      </relationship>
      <relationship id="78">
        <type>HAS_COURSE</type>
        <startNode>240</startNode>
        <endNode>78</endNode>
        <properties>
          <property key="TS_CREATED" class="long">1313143129120</property>
          <property key="UUID" class="string">acfdf530-c4c9-11e0-89cc-4040b3ba88b7</property>
        </properties>
      </relationship>
      <relationship id="79">
        <type>HAS_WORK_EXPERIENCE</type>
        <startNode>240</startNode>
        <endNode>79</endNode>
        <properties>
          <property key="TS_CREATED" class="long">1313143695374</property>
          <property key="UUID" class="string">fe8371e0-c4ca-11e0-89cc-4040b3ba88b7</property>
        </properties>
      </relationship>
      <relationship id="72">
        <type>HAS_WORK_EXPERIENCE</type>
        <startNode>240</startNode>
        <endNode>72</endNode>
        <properties>
          <property key="TS_CREATED" class="long">1313143549838</property>
          <property key="UUID" class="string">a7c490f0-c4ca-11e0-89cc-4040b3ba88b7</property>
        </properties>
      </relationship>
      <relationship id="73">
        <type>HAS_RESPONSIBILITY</type>
        <startNode>32</startNode>
        <endNode>73</endNode>
        <properties>
          <property key="TS_CREATED" class="long">1303291408413</property>
          <property key="UUID" class="string">d9df7450-6b2f-11e0-a2bc-4040b3ba88b7</property>
        </properties>
      </relationship>
      <relationship id="74">
        <type>HAS_COURSE</type>
        <startNode>240</startNode>
        <endNode>74</endNode>
        <properties>
          <property key="TS_CREATED" class="long">1313143175177</property>
          <property key="UUID" class="string">c873ae90-c4c9-11e0-89cc-4040b3ba88b7</property>
        </properties>
      </relationship>
      <relationship id="75">
        <type>HAS_WORK_EXPERIENCE</type>
        <startNode>240</startNode>
        <endNode>75</endNode>
        <properties>
          <property key="TS_CREATED" class="long">1313143774846</property>
          <property key="UUID" class="string">2de2d340-c4cb-11e0-89cc-4040b3ba88b7</property>
        </properties>
      </relationship>
      <relationship id="85">
        <type>HAS_RESPONSIBILITY</type>
        <startNode>17</startNode>
        <endNode>85</endNode>
        <properties>
          <property key="TS_CREATED" class="long">1303294598359</property>
          <property key="UUID" class="string">473a6ee0-6b37-11e0-a2bc-4040b3ba88b7</property>
        </properties>
      </relationship>
      <relationship id="84">
        <type>HAS_WORK_EXPERIENCE</type>
        <startNode>270</startNode>
        <endNode>423</endNode>
        <properties>
          <property key="TS_CREATED" class="long">1313149856510</property>
          <property key="UUID" class="string">56d6f430-c4d9-11e0-89cc-4040b3ba88b7</property>
        </properties>
      </relationship>
      <relationship id="87">
        <type>HAS_RESPONSIBILITY</type>
        <startNode>39</startNode>
        <endNode>87</endNode>
        <properties>
          <property key="TS_CREATED" class="long">1303294644117</property>
          <property key="UUID" class="string">627f0620-6b37-11e0-a2bc-4040b3ba88b7</property>
        </properties>
      </relationship>
      <relationship id="86">
        <type>HAS_RESPONSIBILITY</type>
        <startNode>57</startNode>
        <endNode>86</endNode>
        <properties>
          <property key="TS_CREATED" class="long">1303294609972</property>
          <property key="UUID" class="string">4e262190-6b37-11e0-a2bc-4040b3ba88b7</property>
        </properties>
      </relationship>
      <relationship id="81">
        <type>HAS_EDUCATION</type>
        <startNode>172</startNode>
        <endNode>81</endNode>
        <properties>
          <property key="TS_CREATED" class="long">1313148489893</property>
          <property key="UUID" class="string">2845e6b0-c4d6-11e0-89cc-4040b3ba88b7</property>
        </properties>
      </relationship>
      <relationship id="80">
        <type>HAS_RESPONSIBILITY</type>
        <startNode>48</startNode>
        <endNode>80</endNode>
        <properties>
          <property key="TS_CREATED" class="long">1303291575690</property>
          <property key="UUID" class="string">3d93e620-6b30-11e0-a2bc-4040b3ba88b7</property>
        </properties>
      </relationship>
      <relationship id="82">
        <type>HAS_COURSE</type>
        <startNode>240</startNode>
        <endNode>82</endNode>
        <properties>
          <property key="TS_CREATED" class="long">1313143367289</property>
          <property key="UUID" class="string">3af57e80-c4ca-11e0-89cc-4040b3ba88b7</property>
        </properties>
      </relationship>
      <relationship id="93">
        <type>HAS_WORK_EXPERIENCE</type>
        <startNode>172</startNode>
        <endNode>200</endNode>
        <properties>
          <property key="TS_CREATED" class="long">1313149068996</property>
          <property key="UUID" class="string">81718c70-c4d7-11e0-89cc-4040b3ba88b7</property>
        </properties>
      </relationship>
      <relationship id="92">
        <type>HAS_WORK_EXPERIENCE</type>
        <startNode>240</startNode>
        <endNode>92</endNode>
        <properties>
          <property key="TS_CREATED" class="long">1313144118982</property>
          <property key="UUID" class="string">fb010c70-c4cb-11e0-89cc-4040b3ba88b7</property>
        </properties>
      </relationship>
      <relationship id="95">
        <type>HAS_EDUCATION</type>
        <startNode>172</startNode>
        <endNode>95</endNode>
        <properties>
          <property key="TS_CREATED" class="long">1313148409203</property>
          <property key="UUID" class="string">f82d9590-c4d5-11e0-89cc-4040b3ba88b7</property>
        </properties>
      </relationship>
      <relationship id="94">
        <type>HAS_WORK_EXPERIENCE</type>
        <startNode>172</startNode>
        <endNode>164</endNode>
        <properties>
          <property key="TS_CREATED" class="long">1313149045013</property>
          <property key="UUID" class="string">7325e170-c4d7-11e0-89cc-4040b3ba88b7</property>
        </properties>
      </relationship>
      <relationship id="89">
        <type>HAS_RESPONSIBILITY</type>
        <startNode>46</startNode>
        <endNode>89</endNode>
        <properties>
          <property key="TS_CREATED" class="long">1303294687715</property>
          <property key="UUID" class="string">7c7d3ab0-6b37-11e0-a2bc-4040b3ba88b7</property>
        </properties>
      </relationship>
      <relationship id="88">
        <type>HAS_RESPONSIBILITY</type>
        <startNode>44</startNode>
        <endNode>88</endNode>
        <properties>
          <property key="TS_CREATED" class="long">1303294659668</property>
          <property key="UUID" class="string">6bc5bfd0-6b37-11e0-a2bc-4040b3ba88b7</property>
        </properties>
      </relationship>
      <relationship id="91">
        <type>HAS_RESPONSIBILITY</type>
        <startNode>61</startNode>
        <endNode>91</endNode>
        <properties>
          <property key="TS_CREATED" class="long">1303294730643</property>
          <property key="UUID" class="string">96129b50-6b37-11e0-a2bc-4040b3ba88b7</property>
        </properties>
      </relationship>
      <relationship id="90">
        <type>HAS_RESPONSIBILITY</type>
        <startNode>64</startNode>
        <endNode>90</endNode>
        <properties>
          <property key="TS_CREATED" class="long">1303294704412</property>
          <property key="UUID" class="string">8670fd40-6b37-11e0-a2bc-4040b3ba88b7</property>
        </properties>
      </relationship>
      <relationship id="102">
        <type>HAS_RESPONSIBILITY</type>
        <startNode>26</startNode>
        <endNode>102</endNode>
        <properties>
          <property key="TS_CREATED" class="long">1303295083043</property>
          <property key="UUID" class="string">681f3090-6b38-11e0-a2bc-4040b3ba88b7</property>
        </properties>
      </relationship>
      <relationship id="103">
        <type>HAS_EDUCATION</type>
        <startNode>172</startNode>
        <endNode>103</endNode>
        <properties>
          <property key="TS_CREATED" class="long">1313148623016</property>
          <property key="UUID" class="string">779eb4d0-c4d6-11e0-89cc-4040b3ba88b7</property>
        </properties>
      </relationship>
      <relationship id="100">
        <type>HAS_RESPONSIBILITY</type>
        <startNode>22</startNode>
        <endNode>100</endNode>
        <properties>
          <property key="TS_CREATED" class="long">1303295035175</property>
          <property key="UUID" class="string">4b971cd0-6b38-11e0-a2bc-4040b3ba88b7</property>
        </properties>
      </relationship>
      <relationship id="101">
        <type>HAS_EDUCATION</type>
        <startNode>172</startNode>
        <endNode>101</endNode>
        <properties>
          <property key="TS_CREATED" class="long">1313148600039</property>
          <property key="UUID" class="string">69ecb1c0-c4d6-11e0-89cc-4040b3ba88b7</property>
        </properties>
      </relationship>
      <relationship id="98">
        <type>HAS_RESPONSIBILITY</type>
        <startNode>59</startNode>
        <endNode>98</endNode>
        <properties>
          <property key="TS_CREATED" class="long">1303294883594</property>
          <property key="UUID" class="string">f13dfe20-6b37-11e0-a2bc-4040b3ba88b7</property>
        </properties>
      </relationship>
      <relationship id="99">
        <type>HAS_RESPONSIBILITY</type>
        <startNode>19</startNode>
        <endNode>99</endNode>
        <properties>
          <property key="TS_CREATED" class="long">1303294998326</property>
          <property key="UUID" class="string">35a0b4e0-6b38-11e0-a2bc-4040b3ba88b7</property>
        </properties>
      </relationship>
      <relationship id="96">
        <type>HAS_RESPONSIBILITY</type>
        <startNode>55</startNode>
        <endNode>96</endNode>
        <properties>
          <property key="TS_CREATED" class="long">1303294858848</property>
          <property key="UUID" class="string">e27de670-6b37-11e0-a2bc-4040b3ba88b7</property>
        </properties>
      </relationship>
      <relationship id="97">
        <type>HAS_RESPONSIBILITY</type>
        <startNode>34</startNode>
        <endNode>97</endNode>
        <properties>
          <property key="TS_CREATED" class="long">1303294866363</property>
          <property key="UUID" class="string">e6f89920-6b37-11e0-a2bc-4040b3ba88b7</property>
        </properties>
      </relationship>
      <relationship id="110">
        <type>HAS_RESPONSIBILITY</type>
        <startNode>11</startNode>
        <endNode>110</endNode>
        <properties>
          <property key="TS_CREATED" class="long">1303295245213</property>
          <property key="UUID" class="string">c8c83720-6b38-11e0-a2bc-4040b3ba88b7</property>
        </properties>
      </relationship>
      <relationship id="111">
        <type>HAS_UNIT</type>
        <startNode>9</startNode>
        <endNode>111</endNode>
        <properties>
          <property key="TS_CREATED" class="long">1303295598792</property>
          <property key="UUID" class="string">9b8864f0-6b39-11e0-a2bc-4040b3ba88b7</property>
        </properties>
      </relationship>
      <relationship id="108">
        <type>HAS_FUNCTION</type>
        <startNode>9</startNode>
        <endNode>108</endNode>
        <properties>
          <property key="TS_CREATED" class="long">1303295206990</property>
          <property key="UUID" class="string">b1ffd930-6b38-11e0-a2bc-4040b3ba88b7</property>
        </properties>
      </relationship>
      <relationship id="109">
        <type>HAS_RESPONSIBILITY</type>
        <startNode>108</startNode>
        <endNode>109</endNode>
        <properties>
          <property key="TS_CREATED" class="long">1303295207397</property>
          <property key="UUID" class="string">b23e68d0-6b38-11e0-a2bc-4040b3ba88b7</property>
        </properties>
      </relationship>
      <relationship id="106">
        <type>HAS_RESPONSIBILITY</type>
        <startNode>30</startNode>
        <endNode>106</endNode>
        <properties>
          <property key="TS_CREATED" class="long">1303295153441</property>
          <property key="UUID" class="string">92153980-6b38-11e0-a2bc-4040b3ba88b7</property>
        </properties>
      </relationship>
      <relationship id="107">
        <type>HAS_RESPONSIBILITY</type>
        <startNode>67</startNode>
        <endNode>107</endNode>
        <properties>
          <property key="TS_CREATED" class="long">1303295188674</property>
          <property key="UUID" class="string">a7155a90-6b38-11e0-a2bc-4040b3ba88b7</property>
        </properties>
      </relationship>
      <relationship id="104">
        <type>HAS_RESPONSIBILITY</type>
        <startNode>24</startNode>
        <endNode>104</endNode>
        <properties>
          <property key="TS_CREATED" class="long">1303295108220</property>
          <property key="UUID" class="string">7720be10-6b38-11e0-a2bc-4040b3ba88b7</property>
        </properties>
      </relationship>
      <relationship id="105">
        <type>HAS_RESPONSIBILITY</type>
        <startNode>28</startNode>
        <endNode>105</endNode>
        <properties>
          <property key="TS_CREATED" class="long">1303295116492</property>
          <property key="UUID" class="string">7c0f4130-6b38-11e0-a2bc-4040b3ba88b7</property>
        </properties>
      </relationship>
      <relationship id="119">
        <type>HAS_LANGUAGESKILL</type>
        <startNode>114</startNode>
        <endNode>117</endNode>
        <properties>
          <property key="TS_CREATED" class="long">1303297222586</property>
          <property key="UUID" class="string">63638b00-6b3d-11e0-a2bc-4040b3ba88b7</property>
        </properties>
      </relationship>
      <relationship id="118">
        <type>HAS_COURSE</type>
        <startNode>114</startNode>
        <endNode>116</endNode>
        <properties>
          <property key="TS_CREATED" class="long">1303297222536</property>
          <property key="UUID" class="string">635c10f0-6b3d-11e0-a2bc-4040b3ba88b7</property>
        </properties>
      </relationship>
      <relationship id="117">
        <type>HAS_EDUCATION</type>
        <startNode>114</startNode>
        <endNode>115</endNode>
        <properties>
          <property key="TS_CREATED" class="long">1303297222466</property>
          <property key="UUID" class="string">6350c650-6b3d-11e0-a2bc-4040b3ba88b7</property>
        </properties>
      </relationship>
      <relationship id="116">
        <type>HAS_ROLE</type>
        <startNode>114</startNode>
        <endNode>5</endNode>
        <properties>
          <property key="TS_CREATED" class="long">1303297221381</property>
          <property key="UUID" class="string">62ab3780-6b3d-11e0-a2bc-4040b3ba88b7</property>
        </properties>
      </relationship>
      <relationship id="115">
        <type>HAS_EMPLOYEE</type>
        <startNode>9</startNode>
        <endNode>114</endNode>
        <properties>
          <property key="TS_CREATED" class="long">1303297175728</property>
          <property key="UUID" class="string">4775bb70-6b3d-11e0-a2bc-4040b3ba88b7</property>
        </properties>
      </relationship>
      <relationship id="114">
        <type>HAS_USER</type>
        <startNode>0</startNode>
        <endNode>114</endNode>
        <properties>
          <property key="TS_CREATED" class="long">1303297175536</property>
          <property key="UUID" class="string">47584860-6b3d-11e0-a2bc-4040b3ba88b7</property>
        </properties>
      </relationship>
      <relationship id="113">
        <type>HAS_UNIT</type>
        <startNode>9</startNode>
        <endNode>113</endNode>
        <properties>
          <property key="TS_CREATED" class="long">1303296973752</property>
          <property key="UUID" class="string">cf12a3f0-6b3c-11e0-a2bc-4040b3ba88b7</property>
        </properties>
      </relationship>
      <relationship id="112">
        <type>HAS_UNIT</type>
        <startNode>9</startNode>
        <endNode>112</endNode>
        <properties>
          <property key="TS_CREATED" class="long">1303296948333</property>
          <property key="UUID" class="string">bfec0240-6b3c-11e0-a2bc-4040b3ba88b7</property>
        </properties>
      </relationship>
      <relationship id="127">
        <type>HAS_LANGUAGESKILL</type>
        <startNode>114</startNode>
        <endNode>122</endNode>
        <properties>
          <property key="TS_CREATED" class="long">1303297451374</property>
          <property key="UUID" class="string">ebc22060-6b3d-11e0-a2bc-4040b3ba88b7</property>
        </properties>
      </relationship>
      <relationship id="126">
        <type>HAS_COURSE</type>
        <startNode>114</startNode>
        <endNode>121</endNode>
        <properties>
          <property key="TS_CREATED" class="long">1303297451325</property>
          <property key="UUID" class="string">ebb9e300-6b3d-11e0-a2bc-4040b3ba88b7</property>
        </properties>
      </relationship>
      <relationship id="125">
        <type>HAS_EDUCATION</type>
        <startNode>114</startNode>
        <endNode>120</endNode>
        <properties>
          <property key="TS_CREATED" class="long">1303297451273</property>
          <property key="UUID" class="string">ebb268f0-6b3d-11e0-a2bc-4040b3ba88b7</property>
        </properties>
      </relationship>
      <relationship id="124">
        <type>PERFORMS_FUNCTION</type>
        <startNode>119</startNode>
        <endNode>11</endNode>
        <properties>
          <property key="TS_MODIFIED" class="long">1303297442816</property>
          <property key="percent" class="int">100</property>
          <property key="TS_CREATED" class="long">1303297442806</property>
          <property key="UUID" class="string">e6a699d0-6b3d-11e0-a2bc-4040b3ba88b7</property>
        </properties>
      </relationship>
      <relationship id="123">
        <type>HAS_EMPLOYMENT</type>
        <startNode>114</startNode>
        <endNode>119</endNode>
        <properties>
          <property key="TS_CREATED" class="long">1303297442623</property>
          <property key="UUID" class="string">e68a5f40-6b3d-11e0-a2bc-4040b3ba88b7</property>
        </properties>
      </relationship>
      <relationship id="122">
        <type>HAS_WORK_EXPERIENCE</type>
        <startNode>172</startNode>
        <endNode>93</endNode>
        <properties>
          <property key="TS_CREATED" class="long">1313149010196</property>
          <property key="UUID" class="string">5e656170-c4d7-11e0-89cc-4040b3ba88b7</property>
        </properties>
      </relationship>
      <relationship id="121">
        <type>HAS_WORK_EXPERIENCE</type>
        <startNode>172</startNode>
        <endNode>94</endNode>
        <properties>
          <property key="TS_CREATED" class="long">1313148973215</property>
          <property key="UUID" class="string">485ad540-c4d7-11e0-89cc-4040b3ba88b7</property>
        </properties>
      </relationship>
      <relationship id="120">
        <type>HAS_WORK_EXPERIENCE</type>
        <startNode>114</startNode>
        <endNode>118</endNode>
        <properties>
          <property key="TS_CREATED" class="long">1303297222786</property>
          <property key="UUID" class="string">63825da0-6b3d-11e0-a2bc-4040b3ba88b7</property>
        </properties>
      </relationship>
      <relationship id="137">
        <type>HAS_EDUCATION</type>
        <startNode>128</startNode>
        <endNode>129</endNode>
        <properties>
          <property key="TS_CREATED" class="long">1303297798394</property>
          <property key="UUID" class="string">ba992d20-6b3e-11e0-a2bc-4040b3ba88b7</property>
        </properties>
      </relationship>
      <relationship id="136">
        <type>HAS_ROLE</type>
        <startNode>128</startNode>
        <endNode>5</endNode>
        <properties>
          <property key="TS_CREATED" class="long">1303297797989</property>
          <property key="UUID" class="string">ba5b39c0-6b3e-11e0-a2bc-4040b3ba88b7</property>
        </properties>
      </relationship>
      <relationship id="139">
        <type>HAS_LANGUAGESKILL</type>
        <startNode>128</startNode>
        <endNode>131</endNode>
        <properties>
          <property key="TS_CREATED" class="long">1303297798912</property>
          <property key="UUID" class="string">bae81070-6b3e-11e0-a2bc-4040b3ba88b7</property>
        </properties>
      </relationship>
      <relationship id="138">
        <type>HAS_COURSE</type>
        <startNode>128</startNode>
        <endNode>130</endNode>
        <properties>
          <property key="TS_CREATED" class="long">1303297798852</property>
          <property key="UUID" class="string">bade9a90-6b3e-11e0-a2bc-4040b3ba88b7</property>
        </properties>
      </relationship>
      <relationship id="141">
        <type>BELONGS_TO</type>
        <startNode>128</startNode>
        <endNode>113</endNode>
        <properties>
          <property key="TS_CREATED" class="long">1303297877383</property>
          <property key="UUID" class="string">e9adc9e0-6b3e-11e0-a2bc-4040b3ba88b7</property>
        </properties>
      </relationship>
      <relationship id="140">
        <type>HAS_WORK_EXPERIENCE</type>
        <startNode>128</startNode>
        <endNode>132</endNode>
        <properties>
          <property key="TS_CREATED" class="long">1303297799148</property>
          <property key="UUID" class="string">bb0c1330-6b3e-11e0-a2bc-4040b3ba88b7</property>
        </properties>
      </relationship>
      <relationship id="143">
        <type>PERFORMS_FUNCTION</type>
        <startNode>133</startNode>
        <endNode>14</endNode>
        <properties>
          <property key="TS_MODIFIED" class="long">1303297883038</property>
          <property key="percent" class="int">100</property>
          <property key="TS_CREATED" class="long">1303297883031</property>
          <property key="UUID" class="string">ed0b73d0-6b3e-11e0-a2bc-4040b3ba88b7</property>
        </properties>
      </relationship>
      <relationship id="142">
        <type>HAS_EMPLOYMENT</type>
        <startNode>128</startNode>
        <endNode>133</endNode>
        <properties>
          <property key="TS_CREATED" class="long">1303297882846</property>
          <property key="UUID" class="string">ecef6050-6b3e-11e0-a2bc-4040b3ba88b7</property>
        </properties>
      </relationship>
      <relationship id="129">
        <type>HAS_EDUCATION</type>
        <startNode>114</startNode>
        <endNode>124</endNode>
        <properties>
          <property key="TS_CREATED" class="long">1303297693301</property>
          <property key="UUID" class="string">7bf541d0-6b3e-11e0-a2bc-4040b3ba88b7</property>
        </properties>
      </relationship>
      <relationship id="128">
        <type>HAS_WORK_EXPERIENCE</type>
        <startNode>114</startNode>
        <endNode>123</endNode>
        <properties>
          <property key="TS_CREATED" class="long">1303297451584</property>
          <property key="UUID" class="string">ebe1dd60-6b3d-11e0-a2bc-4040b3ba88b7</property>
        </properties>
      </relationship>
      <relationship id="131">
        <type>HAS_LANGUAGESKILL</type>
        <startNode>114</startNode>
        <endNode>126</endNode>
        <properties>
          <property key="TS_CREATED" class="long">1303297693396</property>
          <property key="UUID" class="string">7c03c0c0-6b3e-11e0-a2bc-4040b3ba88b7</property>
        </properties>
      </relationship>
      <relationship id="130">
        <type>HAS_COURSE</type>
        <startNode>114</startNode>
        <endNode>125</endNode>
        <properties>
          <property key="TS_CREATED" class="long">1303297693350</property>
          <property key="UUID" class="string">7bfc94d0-6b3e-11e0-a2bc-4040b3ba88b7</property>
        </properties>
      </relationship>
      <relationship id="133">
        <type>BELONGS_TO</type>
        <startNode>114</startNode>
        <endNode>9</endNode>
        <properties>
          <property key="TS_CREATED" class="long">1303297697765</property>
          <property key="UUID" class="string">7e9e41c0-6b3e-11e0-a2bc-4040b3ba88b7</property>
        </properties>
      </relationship>
      <relationship id="132">
        <type>HAS_WORK_EXPERIENCE</type>
        <startNode>114</startNode>
        <endNode>127</endNode>
        <properties>
          <property key="TS_CREATED" class="long">1303297693451</property>
          <property key="UUID" class="string">7c0bd710-6b3e-11e0-a2bc-4040b3ba88b7</property>
        </properties>
      </relationship>
      <relationship id="135">
        <type>HAS_EMPLOYEE</type>
        <startNode>9</startNode>
        <endNode>128</endNode>
        <properties>
          <property key="TS_CREATED" class="long">1303297713317</property>
          <property key="UUID" class="string">87e326b0-6b3e-11e0-a2bc-4040b3ba88b7</property>
        </properties>
      </relationship>
      <relationship id="134">
        <type>HAS_USER</type>
        <startNode>0</startNode>
        <endNode>128</endNode>
        <properties>
          <property key="TS_CREATED" class="long">1303297713122</property>
          <property key="UUID" class="string">87c58c90-6b3e-11e0-a2bc-4040b3ba88b7</property>
        </properties>
      </relationship>
      <relationship id="152">
        <type>HAS_EMPLOYMENT</type>
        <startNode>134</startNode>
        <endNode>139</endNode>
        <properties>
          <property key="TS_CREATED" class="long">1303304247434</property>
          <property key="UUID" class="string">be866f10-6b4d-11e0-a2bc-4040b3ba88b7</property>
        </properties>
      </relationship>
      <relationship id="153">
        <type>PERFORMS_FUNCTION</type>
        <startNode>139</startNode>
        <endNode>17</endNode>
        <properties>
          <property key="TS_MODIFIED" class="long">1303304247623</property>
          <property key="percent" class="int">100</property>
          <property key="TS_CREATED" class="long">1303304247616</property>
          <property key="UUID" class="string">bea23470-6b4d-11e0-a2bc-4040b3ba88b7</property>
        </properties>
      </relationship>
      <relationship id="154">
        <type>HAS_USER</type>
        <startNode>0</startNode>
        <endNode>140</endNode>
        <properties>
          <property key="TS_CREATED" class="long">1303304258826</property>
          <property key="UUID" class="string">c550b710-6b4d-11e0-a2bc-4040b3ba88b7</property>
        </properties>
      </relationship>
      <relationship id="155">
        <type>HAS_EMPLOYEE</type>
        <startNode>9</startNode>
        <endNode>140</endNode>
        <properties>
          <property key="TS_CREATED" class="long">1303304259020</property>
          <property key="UUID" class="string">c56e5130-6b4d-11e0-a2bc-4040b3ba88b7</property>
        </properties>
      </relationship>
      <relationship id="156">
        <type>HAS_ROLE</type>
        <startNode>140</startNode>
        <endNode>5</endNode>
        <properties>
          <property key="TS_CREATED" class="long">1303304276106</property>
          <property key="UUID" class="string">cf9d6f10-6b4d-11e0-a2bc-4040b3ba88b7</property>
        </properties>
      </relationship>
      <relationship id="157">
        <type>HAS_EDUCATION</type>
        <startNode>140</startNode>
        <endNode>141</endNode>
        <properties>
          <property key="TS_CREATED" class="long">1303304276325</property>
          <property key="UUID" class="string">cfbd7a30-6b4d-11e0-a2bc-4040b3ba88b7</property>
        </properties>
      </relationship>
      <relationship id="158">
        <type>HAS_COURSE</type>
        <startNode>140</startNode>
        <endNode>142</endNode>
        <properties>
          <property key="TS_CREATED" class="long">1303304276384</property>
          <property key="UUID" class="string">cfc7b360-6b4d-11e0-a2bc-4040b3ba88b7</property>
        </properties>
      </relationship>
      <relationship id="159">
        <type>HAS_LANGUAGESKILL</type>
        <startNode>140</startNode>
        <endNode>143</endNode>
        <properties>
          <property key="TS_CREATED" class="long">1303304276443</property>
          <property key="UUID" class="string">cfd10230-6b4d-11e0-a2bc-4040b3ba88b7</property>
        </properties>
      </relationship>
      <relationship id="144">
        <type>HAS_USER</type>
        <startNode>0</startNode>
        <endNode>134</endNode>
        <properties>
          <property key="TS_CREATED" class="long">1303304126810</property>
          <property key="UUID" class="string">76a0ac10-6b4d-11e0-a2bc-4040b3ba88b7</property>
        </properties>
      </relationship>
      <relationship id="145">
        <type>HAS_EMPLOYEE</type>
        <startNode>9</startNode>
        <endNode>134</endNode>
        <properties>
          <property key="TS_CREATED" class="long">1303304127155</property>
          <property key="UUID" class="string">76d37be0-6b4d-11e0-a2bc-4040b3ba88b7</property>
        </properties>
      </relationship>
      <relationship id="146">
        <type>HAS_ROLE</type>
        <startNode>134</startNode>
        <endNode>5</endNode>
        <properties>
          <property key="TS_CREATED" class="long">1303304143215</property>
          <property key="UUID" class="string">8067e060-6b4d-11e0-a2bc-4040b3ba88b7</property>
        </properties>
      </relationship>
      <relationship id="147">
        <type>HAS_EDUCATION</type>
        <startNode>134</startNode>
        <endNode>135</endNode>
        <properties>
          <property key="TS_CREATED" class="long">1303304143715</property>
          <property key="UUID" class="string">80b42ba0-6b4d-11e0-a2bc-4040b3ba88b7</property>
        </properties>
      </relationship>
      <relationship id="148">
        <type>HAS_COURSE</type>
        <startNode>134</startNode>
        <endNode>136</endNode>
        <properties>
          <property key="TS_CREATED" class="long">1303304143767</property>
          <property key="UUID" class="string">80bc1ae0-6b4d-11e0-a2bc-4040b3ba88b7</property>
        </properties>
      </relationship>
      <relationship id="149">
        <type>HAS_LANGUAGESKILL</type>
        <startNode>134</startNode>
        <endNode>137</endNode>
        <properties>
          <property key="TS_CREATED" class="long">1303304143841</property>
          <property key="UUID" class="string">80c5b7d0-6b4d-11e0-a2bc-4040b3ba88b7</property>
        </properties>
      </relationship>
      <relationship id="150">
        <type>HAS_WORK_EXPERIENCE</type>
        <startNode>134</startNode>
        <endNode>138</endNode>
        <properties>
          <property key="TS_CREATED" class="long">1303304143900</property>
          <property key="UUID" class="string">80d08d40-6b4d-11e0-a2bc-4040b3ba88b7</property>
        </properties>
      </relationship>
      <relationship id="151">
        <type>BELONGS_TO</type>
        <startNode>134</startNode>
        <endNode>113</endNode>
        <properties>
          <property key="TS_CREATED" class="long">1303304242560</property>
          <property key="UUID" class="string">bb9eb870-6b4d-11e0-a2bc-4040b3ba88b7</property>
        </properties>
      </relationship>
      <relationship id="171">
        <type>BELONGS_TO</type>
        <startNode>146</startNode>
        <endNode>112</endNode>
        <properties>
          <property key="TS_CREATED" class="long">1303304879692</property>
          <property key="UUID" class="string">37610b10-6b4f-11e0-a2bc-4040b3ba88b7</property>
        </properties>
      </relationship>
      <relationship id="170">
        <type>HAS_WORK_EXPERIENCE</type>
        <startNode>146</startNode>
        <endNode>150</endNode>
        <properties>
          <property key="TS_CREATED" class="long">1303304361992</property>
          <property key="UUID" class="string">02ce71e0-6b4e-11e0-a2bc-4040b3ba88b7</property>
        </properties>
      </relationship>
      <relationship id="169">
        <type>HAS_LANGUAGESKILL</type>
        <startNode>146</startNode>
        <endNode>149</endNode>
        <properties>
          <property key="TS_CREATED" class="long">1303304360202</property>
          <property key="UUID" class="string">01bcb3c0-6b4e-11e0-a2bc-4040b3ba88b7</property>
        </properties>
      </relationship>
      <relationship id="168">
        <type>HAS_COURSE</type>
        <startNode>146</startNode>
        <endNode>148</endNode>
        <properties>
          <property key="TS_CREATED" class="long">1303304360149</property>
          <property key="UUID" class="string">01b560c0-6b4e-11e0-a2bc-4040b3ba88b7</property>
        </properties>
      </relationship>
      <relationship id="175">
        <type>HAS_EMPLOYEE</type>
        <startNode>9</startNode>
        <endNode>152</endNode>
        <properties>
          <property key="TS_CREATED" class="long">1303304898833</property>
          <property key="UUID" class="string">42ca2f90-6b4f-11e0-a2bc-4040b3ba88b7</property>
        </properties>
      </relationship>
      <relationship id="174">
        <type>HAS_USER</type>
        <startNode>0</startNode>
        <endNode>152</endNode>
        <properties>
          <property key="TS_CREATED" class="long">1303304898643</property>
          <property key="UUID" class="string">42ace390-6b4f-11e0-a2bc-4040b3ba88b7</property>
        </properties>
      </relationship>
      <relationship id="173">
        <type>PERFORMS_FUNCTION</type>
        <startNode>151</startNode>
        <endNode>19</endNode>
        <properties>
          <property key="TS_MODIFIED" class="long">1303304888613</property>
          <property key="percent" class="int">100</property>
          <property key="TS_CREATED" class="long">1303304888604</property>
          <property key="UUID" class="string">3cb13630-6b4f-11e0-a2bc-4040b3ba88b7</property>
        </properties>
      </relationship>
      <relationship id="172">
        <type>HAS_EMPLOYMENT</type>
        <startNode>146</startNode>
        <endNode>151</endNode>
        <properties>
          <property key="TS_CREATED" class="long">1303304888400</property>
          <property key="UUID" class="string">3c921570-6b4f-11e0-a2bc-4040b3ba88b7</property>
        </properties>
      </relationship>
      <relationship id="163">
        <type>PERFORMS_FUNCTION</type>
        <startNode>145</startNode>
        <endNode>32</endNode>
        <properties>
          <property key="TS_MODIFIED" class="long">1303304340804</property>
          <property key="percent" class="int">100</property>
          <property key="TS_CREATED" class="long">1303304340798</property>
          <property key="UUID" class="string">f62c7f40-6b4d-11e0-a2bc-4040b3ba88b7</property>
        </properties>
      </relationship>
      <relationship id="162">
        <type>HAS_EMPLOYMENT</type>
        <startNode>140</startNode>
        <endNode>145</endNode>
        <properties>
          <property key="TS_CREATED" class="long">1303304340614</property>
          <property key="UUID" class="string">f61092d0-6b4d-11e0-a2bc-4040b3ba88b7</property>
        </properties>
      </relationship>
      <relationship id="161">
        <type>BELONGS_TO</type>
        <startNode>140</startNode>
        <endNode>113</endNode>
        <properties>
          <property key="TS_CREATED" class="long">1303304337394</property>
          <property key="UUID" class="string">f4253d90-6b4d-11e0-a2bc-4040b3ba88b7</property>
        </properties>
      </relationship>
      <relationship id="160">
        <type>HAS_WORK_EXPERIENCE</type>
        <startNode>140</startNode>
        <endNode>144</endNode>
        <properties>
          <property key="TS_CREATED" class="long">1303304276713</property>
          <property key="UUID" class="string">cffa3510-6b4d-11e0-a2bc-4040b3ba88b7</property>
        </properties>
      </relationship>
      <relationship id="167">
        <type>HAS_EDUCATION</type>
        <startNode>146</startNode>
        <endNode>147</endNode>
        <properties>
          <property key="TS_CREATED" class="long">1303304360088</property>
          <property key="UUID" class="string">01ac11f0-6b4e-11e0-a2bc-4040b3ba88b7</property>
        </properties>
      </relationship>
      <relationship id="166">
        <type>HAS_ROLE</type>
        <startNode>146</startNode>
        <endNode>5</endNode>
        <properties>
          <property key="TS_CREATED" class="long">1303304359879</property>
          <property key="UUID" class="string">018c2de0-6b4e-11e0-a2bc-4040b3ba88b7</property>
        </properties>
      </relationship>
      <relationship id="165">
        <type>HAS_EMPLOYEE</type>
        <startNode>9</startNode>
        <endNode>146</endNode>
        <properties>
          <property key="TS_CREATED" class="long">1303304346110</property>
          <property key="UUID" class="string">f9570b40-6b4d-11e0-a2bc-4040b3ba88b7</property>
        </properties>
      </relationship>
      <relationship id="164">
        <type>HAS_USER</type>
        <startNode>0</startNode>
        <endNode>146</endNode>
        <properties>
          <property key="TS_CREATED" class="long">1303304345871</property>
          <property key="UUID" class="string">f92b1940-6b4d-11e0-a2bc-4040b3ba88b7</property>
        </properties>
      </relationship>
      <relationship id="186">
        <type>HAS_ROLE</type>
        <startNode>158</startNode>
        <endNode>5</endNode>
        <properties>
          <property key="TS_CREATED" class="long">1303305036156</property>
          <property key="UUID" class="string">94a40340-6b4f-11e0-a2bc-4040b3ba88b7</property>
        </properties>
      </relationship>
      <relationship id="187">
        <type>HAS_EDUCATION</type>
        <startNode>158</startNode>
        <endNode>159</endNode>
        <properties>
          <property key="TS_CREATED" class="long">1303305036579</property>
          <property key="UUID" class="string">94e48eb0-6b4f-11e0-a2bc-4040b3ba88b7</property>
        </properties>
      </relationship>
      <relationship id="184">
        <type>HAS_USER</type>
        <startNode>0</startNode>
        <endNode>158</endNode>
        <properties>
          <property key="TS_CREATED" class="long">1303305017712</property>
          <property key="UUID" class="string">89a58770-6b4f-11e0-a2bc-4040b3ba88b7</property>
        </properties>
      </relationship>
      <relationship id="185">
        <type>HAS_EMPLOYEE</type>
        <startNode>9</startNode>
        <endNode>158</endNode>
        <properties>
          <property key="TS_CREATED" class="long">1303305017920</property>
          <property key="UUID" class="string">89c4f650-6b4f-11e0-a2bc-4040b3ba88b7</property>
        </properties>
      </relationship>
      <relationship id="190">
        <type>HAS_WORK_EXPERIENCE</type>
        <startNode>158</startNode>
        <endNode>162</endNode>
        <properties>
          <property key="TS_CREATED" class="long">1303305036806</property>
          <property key="UUID" class="string">950731e0-6b4f-11e0-a2bc-4040b3ba88b7</property>
        </properties>
      </relationship>
      <relationship id="191">
        <type>BELONGS_TO</type>
        <startNode>158</startNode>
        <endNode>113</endNode>
        <properties>
          <property key="TS_CREATED" class="long">1303305252363</property>
          <property key="UUID" class="string">15804b40-6b50-11e0-a2bc-4040b3ba88b7</property>
        </properties>
      </relationship>
      <relationship id="188">
        <type>HAS_COURSE</type>
        <startNode>158</startNode>
        <endNode>160</endNode>
        <properties>
          <property key="TS_CREATED" class="long">1303305036631</property>
          <property key="UUID" class="string">94ec2fd0-6b4f-11e0-a2bc-4040b3ba88b7</property>
        </properties>
      </relationship>
      <relationship id="189">
        <type>HAS_LANGUAGESKILL</type>
        <startNode>158</startNode>
        <endNode>161</endNode>
        <properties>
          <property key="TS_CREATED" class="long">1303305036679</property>
          <property key="UUID" class="string">94f35bc0-6b4f-11e0-a2bc-4040b3ba88b7</property>
        </properties>
      </relationship>
      <relationship id="178">
        <type>HAS_COURSE</type>
        <startNode>152</startNode>
        <endNode>154</endNode>
        <properties>
          <property key="TS_CREATED" class="long">1303304933105</property>
          <property key="UUID" class="string">5736ea40-6b4f-11e0-a2bc-4040b3ba88b7</property>
        </properties>
      </relationship>
      <relationship id="179">
        <type>HAS_LANGUAGESKILL</type>
        <startNode>152</startNode>
        <endNode>155</endNode>
        <properties>
          <property key="TS_CREATED" class="long">1303304933158</property>
          <property key="UUID" class="string">573f9cd0-6b4f-11e0-a2bc-4040b3ba88b7</property>
        </properties>
      </relationship>
      <relationship id="176">
        <type>HAS_ROLE</type>
        <startNode>152</startNode>
        <endNode>5</endNode>
        <properties>
          <property key="TS_CREATED" class="long">1303304932523</property>
          <property key="UUID" class="string">56de9110-6b4f-11e0-a2bc-4040b3ba88b7</property>
        </properties>
      </relationship>
      <relationship id="177">
        <type>HAS_EDUCATION</type>
        <startNode>152</startNode>
        <endNode>153</endNode>
        <properties>
          <property key="TS_CREATED" class="long">1303304933038</property>
          <property key="UUID" class="string">572cff30-6b4f-11e0-a2bc-4040b3ba88b7</property>
        </properties>
      </relationship>
      <relationship id="182">
        <type>HAS_EMPLOYMENT</type>
        <startNode>152</startNode>
        <endNode>157</endNode>
        <properties>
          <property key="TS_CREATED" class="long">1303305012143</property>
          <property key="UUID" class="string">8653eb70-6b4f-11e0-a2bc-4040b3ba88b7</property>
        </properties>
      </relationship>
      <relationship id="183">
        <type>PERFORMS_FUNCTION</type>
        <startNode>157</startNode>
        <endNode>34</endNode>
        <properties>
          <property key="TS_MODIFIED" class="long">1303305012336</property>
          <property key="percent" class="int">100</property>
          <property key="TS_CREATED" class="long">1303305012329</property>
          <property key="UUID" class="string">86702600-6b4f-11e0-a2bc-4040b3ba88b7</property>
        </properties>
      </relationship>
      <relationship id="180">
        <type>HAS_WORK_EXPERIENCE</type>
        <startNode>152</startNode>
        <endNode>156</endNode>
        <properties>
          <property key="TS_CREATED" class="long">1303304933209</property>
          <property key="UUID" class="string">57476500-6b4f-11e0-a2bc-4040b3ba88b7</property>
        </properties>
      </relationship>
      <relationship id="181">
        <type>BELONGS_TO</type>
        <startNode>152</startNode>
        <endNode>112</endNode>
        <properties>
          <property key="TS_CREATED" class="long">1303305010842</property>
          <property key="UUID" class="string">84a6fec0-6b4f-11e0-a2bc-4040b3ba88b7</property>
        </properties>
      </relationship>
      <relationship id="205">
        <type>HAS_ROLE</type>
        <startNode>172</startNode>
        <endNode>5</endNode>
        <properties>
          <property key="TS_CREATED" class="long">1303305484079</property>
          <property key="UUID" class="string">9f9fa370-6b50-11e0-a2bc-4040b3ba88b7</property>
        </properties>
      </relationship>
      <relationship id="204">
        <type>HAS_EMPLOYEE</type>
        <startNode>9</startNode>
        <endNode>172</endNode>
        <properties>
          <property key="TS_CREATED" class="long">1303305473590</property>
          <property key="UUID" class="string">995ed6c0-6b50-11e0-a2bc-4040b3ba88b7</property>
        </properties>
      </relationship>
      <relationship id="207">
        <type>HAS_COURSE</type>
        <startNode>172</startNode>
        <endNode>174</endNode>
        <properties>
          <property key="TS_CREATED" class="long">1303305484605</property>
          <property key="UUID" class="string">9fefbf40-6b50-11e0-a2bc-4040b3ba88b7</property>
        </properties>
      </relationship>
      <relationship id="206">
        <type>HAS_EDUCATION</type>
        <startNode>172</startNode>
        <endNode>173</endNode>
        <properties>
          <property key="TS_CREATED" class="long">1303305484556</property>
          <property key="UUID" class="string">9fe84530-6b50-11e0-a2bc-4040b3ba88b7</property>
        </properties>
      </relationship>
      <relationship id="201">
        <type>HAS_WORK_EXPERIENCE</type>
        <startNode>172</startNode>
        <endNode>84</endNode>
        <properties>
          <property key="TS_CREATED" class="long">1313149166306</property>
          <property key="UUID" class="string">bb727c90-c4d7-11e0-89cc-4040b3ba88b7</property>
        </properties>
      </relationship>
      <relationship id="200">
        <type>HAS_WORK_EXPERIENCE</type>
        <startNode>158</startNode>
        <endNode>170</endNode>
        <properties>
          <property key="TS_CREATED" class="long">1303305425518</property>
          <property key="UUID" class="string">7cb7f060-6b50-11e0-a2bc-4040b3ba88b7</property>
        </properties>
      </relationship>
      <relationship id="203">
        <type>HAS_USER</type>
        <startNode>0</startNode>
        <endNode>172</endNode>
        <properties>
          <property key="TS_CREATED" class="long">1303305473408</property>
          <property key="UUID" class="string">99431160-6b50-11e0-a2bc-4040b3ba88b7</property>
        </properties>
      </relationship>
      <relationship id="197">
        <type>HAS_EDUCATION</type>
        <startNode>158</startNode>
        <endNode>167</endNode>
        <properties>
          <property key="TS_CREATED" class="long">1303305425238</property>
          <property key="UUID" class="string">7c8d36e0-6b50-11e0-a2bc-4040b3ba88b7</property>
        </properties>
      </relationship>
      <relationship id="196">
        <type>HAS_RESPONSIBILITY</type>
        <startNode>165</startNode>
        <endNode>166</endNode>
        <properties>
          <property key="TS_CREATED" class="long">1303305389584</property>
          <property key="UUID" class="string">674cd880-6b50-11e0-a2bc-4040b3ba88b7</property>
        </properties>
      </relationship>
      <relationship id="199">
        <type>HAS_LANGUAGESKILL</type>
        <startNode>158</startNode>
        <endNode>169</endNode>
        <properties>
          <property key="TS_CREATED" class="long">1303305425336</property>
          <property key="UUID" class="string">7c9c03f0-6b50-11e0-a2bc-4040b3ba88b7</property>
        </properties>
      </relationship>
      <relationship id="198">
        <type>HAS_COURSE</type>
        <startNode>158</startNode>
        <endNode>168</endNode>
        <properties>
          <property key="TS_CREATED" class="long">1303305425287</property>
          <property key="UUID" class="string">7c9462d0-6b50-11e0-a2bc-4040b3ba88b7</property>
        </properties>
      </relationship>
      <relationship id="193">
        <type>HAS_WORK_EXPERIENCE</type>
        <startNode>172</startNode>
        <endNode>202</endNode>
        <properties>
          <property key="TS_CREATED" class="long">1313149107455</property>
          <property key="UUID" class="string">985c6680-c4d7-11e0-89cc-4040b3ba88b7</property>
        </properties>
      </relationship>
      <relationship id="192">
        <type>HAS_EMPLOYMENT</type>
        <startNode>158</startNode>
        <endNode>163</endNode>
        <properties>
          <property key="TS_CREATED" class="long">1303305258463</property>
          <property key="UUID" class="string">1924e940-6b50-11e0-a2bc-4040b3ba88b7</property>
        </properties>
      </relationship>
      <relationship id="195">
        <type>HAS_FUNCTION</type>
        <startNode>9</startNode>
        <endNode>165</endNode>
        <properties>
          <property key="TS_CREATED" class="long">1303305389005</property>
          <property key="UUID" class="string">66f45840-6b50-11e0-a2bc-4040b3ba88b7</property>
        </properties>
      </relationship>
      <relationship id="194">
        <type>HAS_WORK_EXPERIENCE</type>
        <startNode>172</startNode>
        <endNode>401</endNode>
        <properties>
          <property key="TS_CREATED" class="long">1313149200813</property>
          <property key="UUID" class="string">d0033a00-c4d7-11e0-89cc-4040b3ba88b7</property>
        </properties>
      </relationship>
      <relationship id="220">
        <type>HAS_EDUCATION</type>
        <startNode>182</startNode>
        <endNode>183</endNode>
        <properties>
          <property key="TS_CREATED" class="long">1303305784707</property>
          <property key="UUID" class="string">52cf5f80-6b51-11e0-a2bc-4040b3ba88b7</property>
        </properties>
      </relationship>
      <relationship id="221">
        <type>HAS_COURSE</type>
        <startNode>182</startNode>
        <endNode>184</endNode>
        <properties>
          <property key="TS_CREATED" class="long">1303305786274</property>
          <property key="UUID" class="string">53bec890-6b51-11e0-a2bc-4040b3ba88b7</property>
        </properties>
      </relationship>
      <relationship id="222">
        <type>HAS_LANGUAGESKILL</type>
        <startNode>182</startNode>
        <endNode>185</endNode>
        <properties>
          <property key="TS_CREATED" class="long">1303305786324</property>
          <property key="UUID" class="string">53c669b0-6b51-11e0-a2bc-4040b3ba88b7</property>
        </properties>
      </relationship>
      <relationship id="223">
        <type>HAS_WORK_EXPERIENCE</type>
        <startNode>182</startNode>
        <endNode>186</endNode>
        <properties>
          <property key="TS_CREATED" class="long">1303305786586</property>
          <property key="UUID" class="string">53ee8b20-6b51-11e0-a2bc-4040b3ba88b7</property>
        </properties>
      </relationship>
      <relationship id="216">
        <type>HAS_WORK_EXPERIENCE</type>
        <startNode>158</startNode>
        <endNode>181</endNode>
        <properties>
          <property key="TS_CREATED" class="long">1303305570789</property>
          <property key="UUID" class="string">d34e61c0-6b50-11e0-a2bc-4040b3ba88b7</property>
        </properties>
      </relationship>
      <relationship id="217">
        <type>HAS_USER</type>
        <startNode>0</startNode>
        <endNode>182</endNode>
        <properties>
          <property key="TS_CREATED" class="long">1303305762140</property>
          <property key="UUID" class="string">455c3a30-6b51-11e0-a2bc-4040b3ba88b7</property>
        </properties>
      </relationship>
      <relationship id="218">
        <type>HAS_EMPLOYEE</type>
        <startNode>9</startNode>
        <endNode>182</endNode>
        <properties>
          <property key="TS_CREATED" class="long">1303305762322</property>
          <property key="UUID" class="string">4577ff90-6b51-11e0-a2bc-4040b3ba88b7</property>
        </properties>
      </relationship>
      <relationship id="219">
        <type>HAS_ROLE</type>
        <startNode>182</startNode>
        <endNode>5</endNode>
        <properties>
          <property key="TS_CREATED" class="long">1303305784284</property>
          <property key="UUID" class="string">528f2230-6b51-11e0-a2bc-4040b3ba88b7</property>
        </properties>
      </relationship>
      <relationship id="212">
        <type>BELONGS_TO</type>
        <startNode>172</startNode>
        <endNode>111</endNode>
        <properties>
          <property key="TS_CREATED" class="long">1303305558067</property>
          <property key="UUID" class="string">cbb928a0-6b50-11e0-a2bc-4040b3ba88b7</property>
        </properties>
      </relationship>
      <relationship id="213">
        <type>HAS_EDUCATION</type>
        <startNode>158</startNode>
        <endNode>178</endNode>
        <properties>
          <property key="TS_CREATED" class="long">1303305570377</property>
          <property key="UUID" class="string">d30f5cf0-6b50-11e0-a2bc-4040b3ba88b7</property>
        </properties>
      </relationship>
      <relationship id="214">
        <type>HAS_COURSE</type>
        <startNode>158</startNode>
        <endNode>179</endNode>
        <properties>
          <property key="TS_CREATED" class="long">1303305570427</property>
          <property key="UUID" class="string">d3174c30-6b50-11e0-a2bc-4040b3ba88b7</property>
        </properties>
      </relationship>
      <relationship id="215">
        <type>HAS_LANGUAGESKILL</type>
        <startNode>158</startNode>
        <endNode>180</endNode>
        <properties>
          <property key="TS_CREATED" class="long">1303305570475</property>
          <property key="UUID" class="string">d31e7820-6b50-11e0-a2bc-4040b3ba88b7</property>
        </properties>
      </relationship>
      <relationship id="208">
        <type>HAS_LANGUAGESKILL</type>
        <startNode>172</startNode>
        <endNode>175</endNode>
        <properties>
          <property key="TS_CREATED" class="long">1303305484651</property>
          <property key="UUID" class="string">9ff6c420-6b50-11e0-a2bc-4040b3ba88b7</property>
        </properties>
      </relationship>
      <relationship id="209">
        <type>HAS_WORK_EXPERIENCE</type>
        <startNode>172</startNode>
        <endNode>176</endNode>
        <properties>
          <property key="TS_CREATED" class="long">1303305484705</property>
          <property key="UUID" class="string">9ffe8c50-6b50-11e0-a2bc-4040b3ba88b7</property>
        </properties>
      </relationship>
      <relationship id="210">
        <type>HAS_EMPLOYMENT</type>
        <startNode>172</startNode>
        <endNode>177</endNode>
        <properties>
          <property key="TS_CREATED" class="long">1303305556201</property>
          <property key="UUID" class="string">ca9c9510-6b50-11e0-a2bc-4040b3ba88b7</property>
        </properties>
      </relationship>
      <relationship id="211">
        <type>PERFORMS_FUNCTION</type>
        <startNode>177</startNode>
        <endNode>39</endNode>
        <properties>
          <property key="TS_MODIFIED" class="long">1303305556404</property>
          <property key="percent" class="int">100</property>
          <property key="TS_CREATED" class="long">1303305556394</property>
          <property key="UUID" class="string">cab9ba00-6b50-11e0-a2bc-4040b3ba88b7</property>
        </properties>
      </relationship>
      <relationship id="239">
        <type>HAS_LANGUAGESKILL</type>
        <startNode>128</startNode>
        <endNode>196</endNode>
        <properties>
          <property key="TS_CREATED" class="long">1303306001920</property>
          <property key="UUID" class="string">d447c070-6b51-11e0-a2bc-4040b3ba88b7</property>
        </properties>
      </relationship>
      <relationship id="238">
        <type>HAS_COURSE</type>
        <startNode>128</startNode>
        <endNode>195</endNode>
        <properties>
          <property key="TS_CREATED" class="long">1303306001871</property>
          <property key="UUID" class="string">d4401f50-6b51-11e0-a2bc-4040b3ba88b7</property>
        </properties>
      </relationship>
      <relationship id="237">
        <type>HAS_EDUCATION</type>
        <startNode>128</startNode>
        <endNode>194</endNode>
        <properties>
          <property key="TS_CREATED" class="long">1303306001812</property>
          <property key="UUID" class="string">d43745b0-6b51-11e0-a2bc-4040b3ba88b7</property>
        </properties>
      </relationship>
      <relationship id="236">
        <type>PERFORMS_FUNCTION</type>
        <startNode>193</startNode>
        <endNode>44</endNode>
        <properties>
          <property key="TS_MODIFIED" class="long">1303305995251</property>
          <property key="percent" class="int">100</property>
          <property key="TS_CREATED" class="long">1303305995244</property>
          <property key="UUID" class="string">d04c9e00-6b51-11e0-a2bc-4040b3ba88b7</property>
        </properties>
      </relationship>
      <relationship id="235">
        <type>HAS_EMPLOYMENT</type>
        <startNode>188</startNode>
        <endNode>193</endNode>
        <properties>
          <property key="TS_CREATED" class="long">1303305995050</property>
          <property key="UUID" class="string">d02fa020-6b51-11e0-a2bc-4040b3ba88b7</property>
        </properties>
      </relationship>
      <relationship id="234">
        <type>BELONGS_TO</type>
        <startNode>188</startNode>
        <endNode>112</endNode>
        <properties>
          <property key="TS_CREATED" class="long">1303305990185</property>
          <property key="UUID" class="string">cd494910-6b51-11e0-a2bc-4040b3ba88b7</property>
        </properties>
      </relationship>
      <relationship id="233">
        <type>HAS_WORK_EXPERIENCE</type>
        <startNode>188</startNode>
        <endNode>192</endNode>
        <properties>
          <property key="TS_CREATED" class="long">1303305893493</property>
          <property key="UUID" class="string">93a71ac0-6b51-11e0-a2bc-4040b3ba88b7</property>
        </properties>
      </relationship>
      <relationship id="232">
        <type>HAS_LANGUAGESKILL</type>
        <startNode>188</startNode>
        <endNode>191</endNode>
        <properties>
          <property key="TS_CREATED" class="long">1303305893442</property>
          <property key="UUID" class="string">939f2b80-6b51-11e0-a2bc-4040b3ba88b7</property>
        </properties>
      </relationship>
      <relationship id="231">
        <type>HAS_COURSE</type>
        <startNode>188</startNode>
        <endNode>190</endNode>
        <properties>
          <property key="TS_CREATED" class="long">1303305893391</property>
          <property key="UUID" class="string">93978a60-6b51-11e0-a2bc-4040b3ba88b7</property>
        </properties>
      </relationship>
      <relationship id="230">
        <type>HAS_EDUCATION</type>
        <startNode>188</startNode>
        <endNode>189</endNode>
        <properties>
          <property key="TS_CREATED" class="long">1303305893343</property>
          <property key="UUID" class="string">93905e70-6b51-11e0-a2bc-4040b3ba88b7</property>
        </properties>
      </relationship>
      <relationship id="229">
        <type>HAS_ROLE</type>
        <startNode>188</startNode>
        <endNode>5</endNode>
        <properties>
          <property key="TS_CREATED" class="long">1303305892867</property>
          <property key="UUID" class="string">9347bcb0-6b51-11e0-a2bc-4040b3ba88b7</property>
        </properties>
      </relationship>
      <relationship id="228">
        <type>HAS_EMPLOYEE</type>
        <startNode>9</startNode>
        <endNode>188</endNode>
        <properties>
          <property key="TS_CREATED" class="long">1303305871295</property>
          <property key="UUID" class="string">866bce50-6b51-11e0-a2bc-4040b3ba88b7</property>
        </properties>
      </relationship>
      <relationship id="227">
        <type>HAS_USER</type>
        <startNode>0</startNode>
        <endNode>188</endNode>
        <properties>
          <property key="TS_CREATED" class="long">1303305871111</property>
          <property key="UUID" class="string">864fe1e0-6b51-11e0-a2bc-4040b3ba88b7</property>
        </properties>
      </relationship>
      <relationship id="226">
        <type>BELONGS_TO</type>
        <startNode>182</startNode>
        <endNode>111</endNode>
        <properties>
          <property key="TS_CREATED" class="long">1303305864118</property>
          <property key="UUID" class="string">8224d5d0-6b51-11e0-a2bc-4040b3ba88b7</property>
        </properties>
      </relationship>
      <relationship id="225">
        <type>PERFORMS_FUNCTION</type>
        <startNode>187</startNode>
        <endNode>48</endNode>
        <properties>
          <property key="TS_MODIFIED" class="long">1303305862580</property>
          <property key="percent" class="int">100</property>
          <property key="TS_CREATED" class="long">1303305862573</property>
          <property key="UUID" class="string">81393d50-6b51-11e0-a2bc-4040b3ba88b7</property>
        </properties>
      </relationship>
      <relationship id="224">
        <type>HAS_EMPLOYMENT</type>
        <startNode>182</startNode>
        <endNode>187</endNode>
        <properties>
          <property key="TS_CREATED" class="long">1303305860816</property>
          <property key="UUID" class="string">802cfd70-6b51-11e0-a2bc-4040b3ba88b7</property>
        </properties>
      </relationship>
      <relationship id="254">
        <type>HAS_EDUCATION</type>
        <startNode>158</startNode>
        <endNode>208</endNode>
        <properties>
          <property key="TS_CREATED" class="long">1303306096400</property>
          <property key="UUID" class="string">0c984170-6b52-11e0-a2bc-4040b3ba88b7</property>
        </properties>
      </relationship>
      <relationship id="255">
        <type>HAS_COURSE</type>
        <startNode>158</startNode>
        <endNode>209</endNode>
        <properties>
          <property key="TS_CREATED" class="long">1303306097983</property>
          <property key="UUID" class="string">0c9fbb80-6b52-11e0-a2bc-4040b3ba88b7</property>
        </properties>
      </relationship>
      <relationship id="252">
        <type>HAS_LANGUAGESKILL</type>
        <startNode>128</startNode>
        <endNode>206</endNode>
        <properties>
          <property key="TS_CREATED" class="long">1303306087863</property>
          <property key="UUID" class="string">078127b0-6b52-11e0-a2bc-4040b3ba88b7</property>
        </properties>
      </relationship>
      <relationship id="253">
        <type>HAS_WORK_EXPERIENCE</type>
        <startNode>128</startNode>
        <endNode>207</endNode>
        <properties>
          <property key="TS_CREATED" class="long">1303306088044</property>
          <property key="UUID" class="string">079d6240-6b52-11e0-a2bc-4040b3ba88b7</property>
        </properties>
      </relationship>
      <relationship id="250">
        <type>HAS_EDUCATION</type>
        <startNode>128</startNode>
        <endNode>204</endNode>
        <properties>
          <property key="TS_CREATED" class="long">1303306087745</property>
          <property key="UUID" class="string">076f9b80-6b52-11e0-a2bc-4040b3ba88b7</property>
        </properties>
      </relationship>
      <relationship id="251">
        <type>HAS_COURSE</type>
        <startNode>128</startNode>
        <endNode>205</endNode>
        <properties>
          <property key="TS_CREATED" class="long">1303306087798</property>
          <property key="UUID" class="string">07771590-6b52-11e0-a2bc-4040b3ba88b7</property>
        </properties>
      </relationship>
      <relationship id="248">
        <type>HAS_EMPLOYMENT</type>
        <startNode>158</startNode>
        <endNode>203</endNode>
        <properties>
          <property key="TS_CREATED" class="long">1303306078577</property>
          <property key="UUID" class="string">01f8ae80-6b52-11e0-a2bc-4040b3ba88b7</property>
        </properties>
      </relationship>
      <relationship id="249">
        <type>PERFORMS_FUNCTION</type>
        <startNode>203</startNode>
        <endNode>37</endNode>
        <properties>
          <property key="TS_MODIFIED" class="long">1303306078780</property>
          <property key="percent" class="int">100</property>
          <property key="TS_CREATED" class="long">1303306078773</property>
          <property key="UUID" class="string">0216bdd0-6b52-11e0-a2bc-4040b3ba88b7</property>
        </properties>
      </relationship>
      <relationship id="246">
        <type>PERFORMS_FUNCTION</type>
        <startNode>201</startNode>
        <endNode>37</endNode>
        <properties>
          <property key="TS_MODIFIED" class="long">1303306067458</property>
          <property key="percent" class="int">100</property>
          <property key="TS_CREATED" class="long">1303306067452</property>
          <property key="UUID" class="string">fb56af00-6b51-11e0-a2bc-4040b3ba88b7</property>
        </properties>
      </relationship>
      <relationship id="247">
        <type>HAS_WORK_EXPERIENCE</type>
        <startNode>270</startNode>
        <endNode>422</endNode>
        <properties>
          <property key="TS_CREATED" class="long">1313149806557</property>
          <property key="UUID" class="string">39109410-c4d9-11e0-89cc-4040b3ba88b7</property>
        </properties>
      </relationship>
      <relationship id="244">
        <type>HAS_WORK_EXPERIENCE</type>
        <startNode>172</startNode>
        <endNode>402</endNode>
        <properties>
          <property key="TS_CREATED" class="long">1313149234061</property>
          <property key="UUID" class="string">e3d450f0-c4d7-11e0-89cc-4040b3ba88b7</property>
        </properties>
      </relationship>
      <relationship id="245">
        <type>HAS_EMPLOYMENT</type>
        <startNode>158</startNode>
        <endNode>201</endNode>
        <properties>
          <property key="TS_CREATED" class="long">1303306067257</property>
          <property key="UUID" class="string">fb393bf0-6b51-11e0-a2bc-4040b3ba88b7</property>
        </properties>
      </relationship>
      <relationship id="242">
        <type>HAS_EMPLOYMENT</type>
        <startNode>128</startNode>
        <endNode>199</endNode>
        <properties>
          <property key="TS_CREATED" class="long">1303306053861</property>
          <property key="UUID" class="string">f33cdc90-6b51-11e0-a2bc-4040b3ba88b7</property>
        </properties>
      </relationship>
      <relationship id="243">
        <type>PERFORMS_FUNCTION</type>
        <startNode>199</startNode>
        <endNode>14</endNode>
        <properties>
          <property key="TS_MODIFIED" class="long">1303306054113</property>
          <property key="percent" class="int">100</property>
          <property key="TS_CREATED" class="long">1303306054105</property>
          <property key="UUID" class="string">f36265f0-6b51-11e0-a2bc-4040b3ba88b7</property>
        </properties>
      </relationship>
      <relationship id="240">
        <type>HAS_WORK_EXPERIENCE</type>
        <startNode>128</startNode>
        <endNode>197</endNode>
        <properties>
          <property key="TS_CREATED" class="long">1303306002123</property>
          <property key="UUID" class="string">d46644f0-6b51-11e0-a2bc-4040b3ba88b7</property>
        </properties>
      </relationship>
      <relationship id="241">
        <type>HAS_RESPONSIBILITY</type>
        <startNode>14</startNode>
        <endNode>198</endNode>
        <properties>
          <property key="TS_CREATED" class="long">1303306048805</property>
          <property key="UUID" class="string">f039fcd0-6b51-11e0-a2bc-4040b3ba88b7</property>
        </properties>
      </relationship>
      <relationship id="275">
        <type>HAS_WORK_EXPERIENCE</type>
        <startNode>220</startNode>
        <endNode>224</endNode>
        <properties>
          <property key="TS_CREATED" class="long">1303809694187</property>
          <property key="UUID" class="string">9443fe00-6fe6-11e0-a2bc-4040b3ba88b7</property>
        </properties>
      </relationship>
      <relationship id="274">
        <type>HAS_LANGUAGESKILL</type>
        <startNode>220</startNode>
        <endNode>223</endNode>
        <properties>
          <property key="TS_CREATED" class="long">1303809694102</property>
          <property key="UUID" class="string">943753d0-6fe6-11e0-a2bc-4040b3ba88b7</property>
        </properties>
      </relationship>
      <relationship id="273">
        <type>HAS_COURSE</type>
        <startNode>220</startNode>
        <endNode>222</endNode>
        <properties>
          <property key="TS_CREATED" class="long">1303809694052</property>
          <property key="UUID" class="string">942fd9c0-6fe6-11e0-a2bc-4040b3ba88b7</property>
        </properties>
      </relationship>
      <relationship id="272">
        <type>HAS_EDUCATION</type>
        <startNode>220</startNode>
        <endNode>221</endNode>
        <properties>
          <property key="TS_CREATED" class="long">1303809694004</property>
          <property key="UUID" class="string">94285fb0-6fe6-11e0-a2bc-4040b3ba88b7</property>
        </properties>
      </relationship>
      <relationship id="279">
        <type>HAS_WORK_EXPERIENCE</type>
        <startNode>220</startNode>
        <endNode>228</endNode>
        <properties>
          <property key="TS_CREATED" class="long">1303809815258</property>
          <property key="UUID" class="string">dc6e1d00-6fe6-11e0-a2bc-4040b3ba88b7</property>
        </properties>
      </relationship>
      <relationship id="278">
        <type>HAS_LANGUAGESKILL</type>
        <startNode>220</startNode>
        <endNode>227</endNode>
        <properties>
          <property key="TS_CREATED" class="long">1303809815087</property>
          <property key="UUID" class="string">dc542c60-6fe6-11e0-a2bc-4040b3ba88b7</property>
        </properties>
      </relationship>
      <relationship id="277">
        <type>HAS_COURSE</type>
        <startNode>220</startNode>
        <endNode>226</endNode>
        <properties>
          <property key="TS_CREATED" class="long">1303809815030</property>
          <property key="UUID" class="string">dc4ba0e0-6fe6-11e0-a2bc-4040b3ba88b7</property>
        </properties>
      </relationship>
      <relationship id="276">
        <type>HAS_EDUCATION</type>
        <startNode>220</startNode>
        <endNode>225</endNode>
        <properties>
          <property key="TS_CREATED" class="long">1303809814981</property>
          <property key="UUID" class="string">dc43b1a0-6fe6-11e0-a2bc-4040b3ba88b7</property>
        </properties>
      </relationship>
      <relationship id="283">
        <type>HAS_EDUCATION</type>
        <startNode>220</startNode>
        <endNode>230</endNode>
        <properties>
          <property key="TS_CREATED" class="long">1303809860755</property>
          <property key="UUID" class="string">f78c8ea0-6fe6-11e0-a2bc-4040b3ba88b7</property>
        </properties>
      </relationship>
      <relationship id="282">
        <type>PERFORMS_FUNCTION</type>
        <startNode>229</startNode>
        <endNode>46</endNode>
        <properties>
          <property key="TS_MODIFIED" class="long">1303809828667</property>
          <property key="percent" class="int">100</property>
          <property key="TS_CREATED" class="long">1303809828660</property>
          <property key="UUID" class="string">e46af190-6fe6-11e0-a2bc-4040b3ba88b7</property>
        </properties>
      </relationship>
      <relationship id="281">
        <type>HAS_EMPLOYMENT</type>
        <startNode>220</startNode>
        <endNode>229</endNode>
        <properties>
          <property key="TS_CREATED" class="long">1303809828475</property>
          <property key="UUID" class="string">e44f0520-6fe6-11e0-a2bc-4040b3ba88b7</property>
        </properties>
      </relationship>
      <relationship id="280">
        <type>BELONGS_TO</type>
        <startNode>220</startNode>
        <endNode>112</endNode>
        <properties>
          <property key="TS_CREATED" class="long">1303809819945</property>
          <property key="UUID" class="string">df397200-6fe6-11e0-a2bc-4040b3ba88b7</property>
        </properties>
      </relationship>
      <relationship id="287">
        <type>HAS_USER</type>
        <startNode>0</startNode>
        <endNode>234</endNode>
        <properties>
          <property key="TS_CREATED" class="long">1303809874289</property>
          <property key="UUID" class="string">ff9dae80-6fe6-11e0-a2bc-4040b3ba88b7</property>
        </properties>
      </relationship>
      <relationship id="286">
        <type>HAS_WORK_EXPERIENCE</type>
        <startNode>220</startNode>
        <endNode>233</endNode>
        <properties>
          <property key="TS_CREATED" class="long">1303809862392</property>
          <property key="UUID" class="string">f7a3e730-6fe6-11e0-a2bc-4040b3ba88b7</property>
        </properties>
      </relationship>
      <relationship id="285">
        <type>HAS_LANGUAGESKILL</type>
        <startNode>220</startNode>
        <endNode>232</endNode>
        <properties>
          <property key="TS_CREATED" class="long">1303809860859</property>
          <property key="UUID" class="string">f79bf7f0-6fe6-11e0-a2bc-4040b3ba88b7</property>
        </properties>
      </relationship>
      <relationship id="284">
        <type>HAS_COURSE</type>
        <startNode>220</startNode>
        <endNode>231</endNode>
        <properties>
          <property key="TS_CREATED" class="long">1303809860806</property>
          <property key="UUID" class="string">f7942fc0-6fe6-11e0-a2bc-4040b3ba88b7</property>
        </properties>
      </relationship>
      <relationship id="258">
        <type>HAS_EMPLOYMENT</type>
        <startNode>158</startNode>
        <endNode>212</endNode>
        <properties>
          <property key="TS_CREATED" class="long">1303306107032</property>
          <property key="UUID" class="string">12eeb900-6b52-11e0-a2bc-4040b3ba88b7</property>
        </properties>
      </relationship>
      <relationship id="259">
        <type>PERFORMS_FUNCTION</type>
        <startNode>212</startNode>
        <endNode>37</endNode>
        <properties>
          <property key="TS_MODIFIED" class="long">1303306107227</property>
          <property key="percent" class="int">100</property>
          <property key="TS_CREATED" class="long">1303306107217</property>
          <property key="UUID" class="string">130aa570-6b52-11e0-a2bc-4040b3ba88b7</property>
        </properties>
      </relationship>
      <relationship id="256">
        <type>HAS_LANGUAGESKILL</type>
        <startNode>158</startNode>
        <endNode>210</endNode>
        <properties>
          <property key="TS_CREATED" class="long">1303306098032</property>
          <property key="UUID" class="string">0d90d240-6b52-11e0-a2bc-4040b3ba88b7</property>
        </properties>
      </relationship>
      <relationship id="257">
        <type>HAS_WORK_EXPERIENCE</type>
        <startNode>158</startNode>
        <endNode>211</endNode>
        <properties>
          <property key="TS_CREATED" class="long">1303306098086</property>
          <property key="UUID" class="string">0d99abe0-6b52-11e0-a2bc-4040b3ba88b7</property>
        </properties>
      </relationship>
      <relationship id="262">
        <type>PERFORMS_FUNCTION</type>
        <startNode>214</startNode>
        <endNode>37</endNode>
        <properties>
          <property key="TS_MODIFIED" class="long">1303306117807</property>
          <property key="percent" class="int">100</property>
          <property key="TS_CREATED" class="long">1303306117799</property>
          <property key="UUID" class="string">195906b0-6b52-11e0-a2bc-4040b3ba88b7</property>
        </properties>
      </relationship>
      <relationship id="263">
        <type>HAS_EDUCATION</type>
        <startNode>158</startNode>
        <endNode>215</endNode>
        <properties>
          <property key="TS_CREATED" class="long">1303306126662</property>
          <property key="UUID" class="string">1ea1ded0-6b52-11e0-a2bc-4040b3ba88b7</property>
        </properties>
      </relationship>
      <relationship id="260">
        <type>HAS_RESPONSIBILITY</type>
        <startNode>37</startNode>
        <endNode>213</endNode>
        <properties>
          <property key="TS_CREATED" class="long">1303306114005</property>
          <property key="UUID" class="string">1716b7d0-6b52-11e0-a2bc-4040b3ba88b7</property>
        </properties>
      </relationship>
      <relationship id="261">
        <type>HAS_EMPLOYMENT</type>
        <startNode>158</startNode>
        <endNode>214</endNode>
        <properties>
          <property key="TS_CREATED" class="long">1303306117610</property>
          <property key="UUID" class="string">193ca510-6b52-11e0-a2bc-4040b3ba88b7</property>
        </properties>
      </relationship>
      <relationship id="266">
        <type>HAS_WORK_EXPERIENCE</type>
        <startNode>158</startNode>
        <endNode>218</endNode>
        <properties>
          <property key="TS_CREATED" class="long">1303306127100</property>
          <property key="UUID" class="string">1ee46610-6b52-11e0-a2bc-4040b3ba88b7</property>
        </properties>
      </relationship>
      <relationship id="267">
        <type>HAS_EMPLOYMENT</type>
        <startNode>158</startNode>
        <endNode>219</endNode>
        <properties>
          <property key="TS_CREATED" class="long">1303306134125</property>
          <property key="UUID" class="string">23145420-6b52-11e0-a2bc-4040b3ba88b7</property>
        </properties>
      </relationship>
      <relationship id="264">
        <type>HAS_COURSE</type>
        <startNode>158</startNode>
        <endNode>216</endNode>
        <properties>
          <property key="TS_CREATED" class="long">1303306126714</property>
          <property key="UUID" class="string">1ea9ce10-6b52-11e0-a2bc-4040b3ba88b7</property>
        </properties>
      </relationship>
      <relationship id="265">
        <type>HAS_LANGUAGESKILL</type>
        <startNode>158</startNode>
        <endNode>217</endNode>
        <properties>
          <property key="TS_CREATED" class="long">1303306126767</property>
          <property key="UUID" class="string">1eb1bd50-6b52-11e0-a2bc-4040b3ba88b7</property>
        </properties>
      </relationship>
      <relationship id="270">
        <type>HAS_EMPLOYEE</type>
        <startNode>9</startNode>
        <endNode>220</endNode>
        <properties>
          <property key="TS_CREATED" class="long">1303809643567</property>
          <property key="UUID" class="string">76184c60-6fe6-11e0-a2bc-4040b3ba88b7</property>
        </properties>
      </relationship>
      <relationship id="271">
        <type>HAS_ROLE</type>
        <startNode>220</startNode>
        <endNode>5</endNode>
        <properties>
          <property key="TS_CREATED" class="long">1303809693566</property>
          <property key="UUID" class="string">93e51520-6fe6-11e0-a2bc-4040b3ba88b7</property>
        </properties>
      </relationship>
      <relationship id="268">
        <type>PERFORMS_FUNCTION</type>
        <startNode>219</startNode>
        <endNode>37</endNode>
        <properties>
          <property key="TS_MODIFIED" class="long">1303306134426</property>
          <property key="percent" class="int">100</property>
          <property key="TS_CREATED" class="long">1303306134417</property>
          <property key="UUID" class="string">2331a020-6b52-11e0-a2bc-4040b3ba88b7</property>
        </properties>
      </relationship>
      <relationship id="269">
        <type>HAS_USER</type>
        <startNode>0</startNode>
        <endNode>220</endNode>
        <properties>
          <property key="TS_CREATED" class="long">1303809643380</property>
          <property key="UUID" class="string">75fb2770-6fe6-11e0-a2bc-4040b3ba88b7</property>
        </properties>
      </relationship>
      <relationship id="305">
        <type>HAS_EMPLOYMENT</type>
        <startNode>240</startNode>
        <endNode>245</endNode>
        <properties>
          <property key="TS_CREATED" class="long">1303810097096</property>
          <property key="UUID" class="string">846b7c00-6fe7-11e0-a2bc-4040b3ba88b7</property>
        </properties>
      </relationship>
      <relationship id="304">
        <type>BELONGS_TO</type>
        <startNode>240</startNode>
        <endNode>111</endNode>
        <properties>
          <property key="TS_CREATED" class="long">1303810093686</property>
          <property key="UUID" class="string">826328e0-6fe7-11e0-a2bc-4040b3ba88b7</property>
        </properties>
      </relationship>
      <relationship id="307">
        <type>HAS_USER</type>
        <startNode>0</startNode>
        <endNode>246</endNode>
        <properties>
          <property key="TS_CREATED" class="long">1303810100962</property>
          <property key="UUID" class="string">86b93c90-6fe7-11e0-a2bc-4040b3ba88b7</property>
        </properties>
      </relationship>
      <relationship id="306">
        <type>PERFORMS_FUNCTION</type>
        <startNode>245</startNode>
        <endNode>67</endNode>
        <properties>
          <property key="TS_MODIFIED" class="long">1303810097289</property>
          <property key="percent" class="int">100</property>
          <property key="TS_CREATED" class="long">1303810097282</property>
          <property key="UUID" class="string">84874160-6fe7-11e0-a2bc-4040b3ba88b7</property>
        </properties>
      </relationship>
      <relationship id="309">
        <type>HAS_ROLE</type>
        <startNode>246</startNode>
        <endNode>5</endNode>
        <properties>
          <property key="TS_CREATED" class="long">1303810128518</property>
          <property key="UUID" class="string">9725f2d0-6fe7-11e0-a2bc-4040b3ba88b7</property>
        </properties>
      </relationship>
      <relationship id="308">
        <type>HAS_EMPLOYEE</type>
        <startNode>9</startNode>
        <endNode>246</endNode>
        <properties>
          <property key="TS_CREATED" class="long">1303810101137</property>
          <property key="UUID" class="string">86d3c970-6fe7-11e0-a2bc-4040b3ba88b7</property>
        </properties>
      </relationship>
      <relationship id="311">
        <type>HAS_COURSE</type>
        <startNode>246</startNode>
        <endNode>248</endNode>
        <properties>
          <property key="TS_CREATED" class="long">1303810128781</property>
          <property key="UUID" class="string">974d7800-6fe7-11e0-a2bc-4040b3ba88b7</property>
        </properties>
      </relationship>
      <relationship id="310">
        <type>HAS_EDUCATION</type>
        <startNode>246</startNode>
        <endNode>247</endNode>
        <properties>
          <property key="TS_CREATED" class="long">1303810128721</property>
          <property key="UUID" class="string">9744ec80-6fe7-11e0-a2bc-4040b3ba88b7</property>
        </properties>
      </relationship>
      <relationship id="313">
        <type>HAS_WORK_EXPERIENCE</type>
        <startNode>246</startNode>
        <endNode>250</endNode>
        <properties>
          <property key="TS_CREATED" class="long">1303810129110</property>
          <property key="UUID" class="string">976c4aa0-6fe7-11e0-a2bc-4040b3ba88b7</property>
        </properties>
      </relationship>
      <relationship id="312">
        <type>HAS_LANGUAGESKILL</type>
        <startNode>246</startNode>
        <endNode>249</endNode>
        <properties>
          <property key="TS_CREATED" class="long">1303810128832</property>
          <property key="UUID" class="string">9755b560-6fe7-11e0-a2bc-4040b3ba88b7</property>
        </properties>
      </relationship>
      <relationship id="315">
        <type>HAS_EMPLOYMENT</type>
        <startNode>246</startNode>
        <endNode>251</endNode>
        <properties>
          <property key="TS_CREATED" class="long">1303810199521</property>
          <property key="UUID" class="string">c177fe70-6fe7-11e0-a2bc-4040b3ba88b7</property>
        </properties>
      </relationship>
      <relationship id="314">
        <type>BELONGS_TO</type>
        <startNode>246</startNode>
        <endNode>112</endNode>
        <properties>
          <property key="TS_CREATED" class="long">1303810196255</property>
          <property key="UUID" class="string">bf857d40-6fe7-11e0-a2bc-4040b3ba88b7</property>
        </properties>
      </relationship>
      <relationship id="317">
        <type>HAS_USER</type>
        <startNode>0</startNode>
        <endNode>252</endNode>
        <properties>
          <property key="TS_CREATED" class="long">1303810209668</property>
          <property key="UUID" class="string">c77e8140-6fe7-11e0-a2bc-4040b3ba88b7</property>
        </properties>
      </relationship>
      <relationship id="316">
        <type>PERFORMS_FUNCTION</type>
        <startNode>251</startNode>
        <endNode>51</endNode>
        <properties>
          <property key="TS_MODIFIED" class="long">1303810199702</property>
          <property key="percent" class="int">100</property>
          <property key="TS_CREATED" class="long">1303810199694</property>
          <property key="UUID" class="string">c1928b50-6fe7-11e0-a2bc-4040b3ba88b7</property>
        </properties>
      </relationship>
      <relationship id="319">
        <type>HAS_ROLE</type>
        <startNode>252</startNode>
        <endNode>5</endNode>
        <properties>
          <property key="TS_CREATED" class="long">1303810225585</property>
          <property key="UUID" class="string">d1013280-6fe7-11e0-a2bc-4040b3ba88b7</property>
        </properties>
      </relationship>
      <relationship id="318">
        <type>HAS_EMPLOYEE</type>
        <startNode>9</startNode>
        <endNode>252</endNode>
        <properties>
          <property key="TS_CREATED" class="long">1303810209843</property>
          <property key="UUID" class="string">c79f28a0-6fe7-11e0-a2bc-4040b3ba88b7</property>
        </properties>
      </relationship>
      <relationship id="288">
        <type>HAS_EMPLOYEE</type>
        <startNode>9</startNode>
        <endNode>234</endNode>
        <properties>
          <property key="TS_CREATED" class="long">1303809874471</property>
          <property key="UUID" class="string">ffb973e0-6fe6-11e0-a2bc-4040b3ba88b7</property>
        </properties>
      </relationship>
      <relationship id="289">
        <type>HAS_ROLE</type>
        <startNode>234</startNode>
        <endNode>5</endNode>
        <properties>
          <property key="TS_CREATED" class="long">1303809896680</property>
          <property key="UUID" class="string">0cf66e00-6fe7-11e0-a2bc-4040b3ba88b7</property>
        </properties>
      </relationship>
      <relationship id="290">
        <type>HAS_EDUCATION</type>
        <startNode>234</startNode>
        <endNode>235</endNode>
        <properties>
          <property key="TS_CREATED" class="long">1303809896897</property>
          <property key="UUID" class="string">0d173c70-6fe7-11e0-a2bc-4040b3ba88b7</property>
        </properties>
      </relationship>
      <relationship id="291">
        <type>HAS_COURSE</type>
        <startNode>234</startNode>
        <endNode>236</endNode>
        <properties>
          <property key="TS_CREATED" class="long">1303809896944</property>
          <property key="UUID" class="string">0d1eb680-6fe7-11e0-a2bc-4040b3ba88b7</property>
        </properties>
      </relationship>
      <relationship id="292">
        <type>HAS_LANGUAGESKILL</type>
        <startNode>234</startNode>
        <endNode>237</endNode>
        <properties>
          <property key="TS_CREATED" class="long">1303809896996</property>
          <property key="UUID" class="string">0d2657a0-6fe7-11e0-a2bc-4040b3ba88b7</property>
        </properties>
      </relationship>
      <relationship id="293">
        <type>HAS_WORK_EXPERIENCE</type>
        <startNode>234</startNode>
        <endNode>238</endNode>
        <properties>
          <property key="TS_CREATED" class="long">1303809897159</property>
          <property key="UUID" class="string">0d3f0fc0-6fe7-11e0-a2bc-4040b3ba88b7</property>
        </properties>
      </relationship>
      <relationship id="294">
        <type>HAS_EMPLOYMENT</type>
        <startNode>234</startNode>
        <endNode>239</endNode>
        <properties>
          <property key="TS_CREATED" class="long">1303809992802</property>
          <property key="UUID" class="string">4640df60-6fe7-11e0-a2bc-4040b3ba88b7</property>
        </properties>
      </relationship>
      <relationship id="295">
        <type>PERFORMS_FUNCTION</type>
        <startNode>239</startNode>
        <endNode>30</endNode>
        <properties>
          <property key="TS_MODIFIED" class="long">1303809993053</property>
          <property key="percent" class="int">100</property>
          <property key="TS_CREATED" class="long">1303809993044</property>
          <property key="UUID" class="string">466641b0-6fe7-11e0-a2bc-4040b3ba88b7</property>
        </properties>
      </relationship>
      <relationship id="296">
        <type>BELONGS_TO</type>
        <startNode>234</startNode>
        <endNode>111</endNode>
        <properties>
          <property key="TS_CREATED" class="long">1303809996269</property>
          <property key="UUID" class="string">48525a40-6fe7-11e0-a2bc-4040b3ba88b7</property>
        </properties>
      </relationship>
      <relationship id="297">
        <type>HAS_USER</type>
        <startNode>0</startNode>
        <endNode>240</endNode>
        <properties>
          <property key="TS_CREATED" class="long">1303810016196</property>
          <property key="UUID" class="string">5432f8b0-6fe7-11e0-a2bc-4040b3ba88b7</property>
        </properties>
      </relationship>
      <relationship id="298">
        <type>HAS_EMPLOYEE</type>
        <startNode>9</startNode>
        <endNode>240</endNode>
        <properties>
          <property key="TS_CREATED" class="long">1303810016368</property>
          <property key="UUID" class="string">544d3770-6fe7-11e0-a2bc-4040b3ba88b7</property>
        </properties>
      </relationship>
      <relationship id="299">
        <type>HAS_ROLE</type>
        <startNode>240</startNode>
        <endNode>5</endNode>
        <properties>
          <property key="TS_CREATED" class="long">1303810028681</property>
          <property key="UUID" class="string">5ba40800-6fe7-11e0-a2bc-4040b3ba88b7</property>
        </properties>
      </relationship>
      <relationship id="300">
        <type>HAS_EDUCATION</type>
        <startNode>240</startNode>
        <endNode>241</endNode>
        <properties>
          <property key="TS_CREATED" class="long">1303810029091</property>
          <property key="UUID" class="string">5be27090-6fe7-11e0-a2bc-4040b3ba88b7</property>
        </properties>
      </relationship>
      <relationship id="301">
        <type>HAS_COURSE</type>
        <startNode>240</startNode>
        <endNode>242</endNode>
        <properties>
          <property key="TS_CREATED" class="long">1303810029144</property>
          <property key="UUID" class="string">5bea38c0-6fe7-11e0-a2bc-4040b3ba88b7</property>
        </properties>
      </relationship>
      <relationship id="302">
        <type>HAS_LANGUAGESKILL</type>
        <startNode>240</startNode>
        <endNode>243</endNode>
        <properties>
          <property key="TS_CREATED" class="long">1303810029192</property>
          <property key="UUID" class="string">5bf200f0-6fe7-11e0-a2bc-4040b3ba88b7</property>
        </properties>
      </relationship>
      <relationship id="303">
        <type>HAS_WORK_EXPERIENCE</type>
        <startNode>240</startNode>
        <endNode>244</endNode>
        <properties>
          <property key="TS_CREATED" class="long">1303810029269</property>
          <property key="UUID" class="string">5bfde7d0-6fe7-11e0-a2bc-4040b3ba88b7</property>
        </properties>
      </relationship>
      <relationship id="343">
        <type>HAS_WORK_EXPERIENCE</type>
        <startNode>264</startNode>
        <endNode>268</endNode>
        <properties>
          <property key="TS_CREATED" class="long">1303810415208</property>
          <property key="UUID" class="string">4206e9c0-6fe8-11e0-a2bc-4040b3ba88b7</property>
        </properties>
      </relationship>
      <relationship id="342">
        <type>HAS_LANGUAGESKILL</type>
        <startNode>264</startNode>
        <endNode>267</endNode>
        <properties>
          <property key="TS_CREATED" class="long">1303810415061</property>
          <property key="UUID" class="string">41f0c9b0-6fe8-11e0-a2bc-4040b3ba88b7</property>
        </properties>
      </relationship>
      <relationship id="341">
        <type>HAS_COURSE</type>
        <startNode>264</startNode>
        <endNode>266</endNode>
        <properties>
          <property key="TS_CREATED" class="long">1303810415010</property>
          <property key="UUID" class="string">41e8da70-6fe8-11e0-a2bc-4040b3ba88b7</property>
        </properties>
      </relationship>
      <relationship id="340">
        <type>HAS_EDUCATION</type>
        <startNode>264</startNode>
        <endNode>265</endNode>
        <properties>
          <property key="TS_CREATED" class="long">1303810414956</property>
          <property key="UUID" class="string">41e0eb30-6fe8-11e0-a2bc-4040b3ba88b7</property>
        </properties>
      </relationship>
      <relationship id="339">
        <type>HAS_ROLE</type>
        <startNode>264</startNode>
        <endNode>5</endNode>
        <properties>
          <property key="TS_CREATED" class="long">1303810414744</property>
          <property key="UUID" class="string">41c01cc0-6fe8-11e0-a2bc-4040b3ba88b7</property>
        </properties>
      </relationship>
      <relationship id="338">
        <type>HAS_EMPLOYEE</type>
        <startNode>9</startNode>
        <endNode>264</endNode>
        <properties>
          <property key="TS_CREATED" class="long">1303810402980</property>
          <property key="UUID" class="string">3abd5fa0-6fe8-11e0-a2bc-4040b3ba88b7</property>
        </properties>
      </relationship>
      <relationship id="337">
        <type>HAS_USER</type>
        <startNode>0</startNode>
        <endNode>264</endNode>
        <properties>
          <property key="TS_CREATED" class="long">1303810402806</property>
          <property key="UUID" class="string">3aa2abb0-6fe8-11e0-a2bc-4040b3ba88b7</property>
        </properties>
      </relationship>
      <relationship id="336">
        <type>PERFORMS_FUNCTION</type>
        <startNode>263</startNode>
        <endNode>165</endNode>
        <properties>
          <property key="TS_MODIFIED" class="long">1303810378218</property>
          <property key="percent" class="int">100</property>
          <property key="TS_CREATED" class="long">1303810378208</property>
          <property key="UUID" class="string">2bf97760-6fe8-11e0-a2bc-4040b3ba88b7</property>
        </properties>
      </relationship>
      <relationship id="351">
        <type>HAS_COURSE</type>
        <startNode>270</startNode>
        <endNode>272</endNode>
        <properties>
          <property key="TS_CREATED" class="long">1304500485464</property>
          <property key="UUID" class="string">f3f41df0-762e-11e0-a2bc-4040b3ba88b7</property>
        </properties>
      </relationship>
      <relationship id="350">
        <type>HAS_EDUCATION</type>
        <startNode>270</startNode>
        <endNode>271</endNode>
        <properties>
          <property key="TS_CREATED" class="long">1304500485415</property>
          <property key="UUID" class="string">f3ec7cd0-762e-11e0-a2bc-4040b3ba88b7</property>
        </properties>
      </relationship>
      <relationship id="349">
        <type>HAS_ROLE</type>
        <startNode>270</startNode>
        <endNode>5</endNode>
        <properties>
          <property key="TS_CREATED" class="long">1304500484926</property>
          <property key="UUID" class="string">f3a20650-762e-11e0-a2bc-4040b3ba88b7</property>
        </properties>
      </relationship>
      <relationship id="348">
        <type>HAS_EMPLOYEE</type>
        <startNode>9</startNode>
        <endNode>270</endNode>
        <properties>
          <property key="TS_CREATED" class="long">1304500463177</property>
          <property key="UUID" class="string">e6ab6400-762e-11e0-a2bc-4040b3ba88b7</property>
        </properties>
      </relationship>
      <relationship id="347">
        <type>HAS_USER</type>
        <startNode>0</startNode>
        <endNode>270</endNode>
        <properties>
          <property key="TS_CREATED" class="long">1304500462969</property>
          <property key="UUID" class="string">e689f950-762e-11e0-a2bc-4040b3ba88b7</property>
        </properties>
      </relationship>
      <relationship id="346">
        <type>BELONGS_TO</type>
        <startNode>264</startNode>
        <endNode>111</endNode>
        <properties>
          <property key="TS_CREATED" class="long">1303810483050</property>
          <property key="UUID" class="string">6a773d10-6fe8-11e0-a2bc-4040b3ba88b7</property>
        </properties>
      </relationship>
      <relationship id="345">
        <type>PERFORMS_FUNCTION</type>
        <startNode>269</startNode>
        <endNode>108</endNode>
        <properties>
          <property key="TS_MODIFIED" class="long">1303810480300</property>
          <property key="percent" class="int">100</property>
          <property key="TS_CREATED" class="long">1303810480289</property>
          <property key="UUID" class="string">68d1ca70-6fe8-11e0-a2bc-4040b3ba88b7</property>
        </properties>
      </relationship>
      <relationship id="344">
        <type>HAS_EMPLOYMENT</type>
        <startNode>264</startNode>
        <endNode>269</endNode>
        <properties>
          <property key="TS_CREATED" class="long">1303810480099</property>
          <property key="UUID" class="string">68b4f3a0-6fe8-11e0-a2bc-4040b3ba88b7</property>
        </properties>
      </relationship>
      <relationship id="326">
        <type>PERFORMS_FUNCTION</type>
        <startNode>257</startNode>
        <endNode>53</endNode>
        <properties>
          <property key="TS_MODIFIED" class="long">1303810298446</property>
          <property key="percent" class="int">100</property>
          <property key="TS_CREATED" class="long">1303810298439</property>
          <property key="UUID" class="string">fc6dfcf0-6fe7-11e0-a2bc-4040b3ba88b7</property>
        </properties>
      </relationship>
      <relationship id="327">
        <type>HAS_USER</type>
        <startNode>0</startNode>
        <endNode>258</endNode>
        <properties>
          <property key="TS_CREATED" class="long">1303810315113</property>
          <property key="UUID" class="string">065e1600-6fe8-11e0-a2bc-4040b3ba88b7</property>
        </properties>
      </relationship>
      <relationship id="324">
        <type>BELONGS_TO</type>
        <startNode>252</startNode>
        <endNode>111</endNode>
        <properties>
          <property key="TS_CREATED" class="long">1303810293924</property>
          <property key="UUID" class="string">f9bce6b0-6fe7-11e0-a2bc-4040b3ba88b7</property>
        </properties>
      </relationship>
      <relationship id="325">
        <type>HAS_EMPLOYMENT</type>
        <startNode>252</startNode>
        <endNode>257</endNode>
        <properties>
          <property key="TS_CREATED" class="long">1303810296916</property>
          <property key="UUID" class="string">fb8598c0-6fe7-11e0-a2bc-4040b3ba88b7</property>
        </properties>
      </relationship>
      <relationship id="322">
        <type>HAS_LANGUAGESKILL</type>
        <startNode>252</startNode>
        <endNode>255</endNode>
        <properties>
          <property key="TS_CREATED" class="long">1303810225889</property>
          <property key="UUID" class="string">d12fbc90-6fe7-11e0-a2bc-4040b3ba88b7</property>
        </properties>
      </relationship>
      <relationship id="323">
        <type>HAS_WORK_EXPERIENCE</type>
        <startNode>252</startNode>
        <endNode>256</endNode>
        <properties>
          <property key="TS_CREATED" class="long">1303810226051</property>
          <property key="UUID" class="string">d1482690-6fe7-11e0-a2bc-4040b3ba88b7</property>
        </properties>
      </relationship>
      <relationship id="320">
        <type>HAS_EDUCATION</type>
        <startNode>252</startNode>
        <endNode>253</endNode>
        <properties>
          <property key="TS_CREATED" class="long">1303810225793</property>
          <property key="UUID" class="string">d1205340-6fe7-11e0-a2bc-4040b3ba88b7</property>
        </properties>
      </relationship>
      <relationship id="321">
        <type>HAS_COURSE</type>
        <startNode>252</startNode>
        <endNode>254</endNode>
        <properties>
          <property key="TS_CREATED" class="long">1303810225840</property>
          <property key="UUID" class="string">d1284280-6fe7-11e0-a2bc-4040b3ba88b7</property>
        </properties>
      </relationship>
      <relationship id="334">
        <type>BELONGS_TO</type>
        <startNode>258</startNode>
        <endNode>113</endNode>
        <properties>
          <property key="TS_CREATED" class="long">1303810374834</property>
          <property key="UUID" class="string">29f6c990-6fe8-11e0-a2bc-4040b3ba88b7</property>
        </properties>
      </relationship>
      <relationship id="335">
        <type>HAS_EMPLOYMENT</type>
        <startNode>258</startNode>
        <endNode>263</endNode>
        <properties>
          <property key="TS_CREATED" class="long">1303810378031</property>
          <property key="UUID" class="string">2bdacbd0-6fe8-11e0-a2bc-4040b3ba88b7</property>
        </properties>
      </relationship>
      <relationship id="332">
        <type>HAS_LANGUAGESKILL</type>
        <startNode>258</startNode>
        <endNode>261</endNode>
        <properties>
          <property key="TS_CREATED" class="long">1303810324625</property>
          <property key="UUID" class="string">0c093260-6fe8-11e0-a2bc-4040b3ba88b7</property>
        </properties>
      </relationship>
      <relationship id="333">
        <type>HAS_WORK_EXPERIENCE</type>
        <startNode>258</startNode>
        <endNode>262</endNode>
        <properties>
          <property key="TS_CREATED" class="long">1303810324781</property>
          <property key="UUID" class="string">0c217550-6fe8-11e0-a2bc-4040b3ba88b7</property>
        </properties>
      </relationship>
      <relationship id="330">
        <type>HAS_EDUCATION</type>
        <startNode>258</startNode>
        <endNode>259</endNode>
        <properties>
          <property key="TS_CREATED" class="long">1303810324517</property>
          <property key="UUID" class="string">0bf92cd0-6fe8-11e0-a2bc-4040b3ba88b7</property>
        </properties>
      </relationship>
      <relationship id="331">
        <type>HAS_COURSE</type>
        <startNode>258</startNode>
        <endNode>260</endNode>
        <properties>
          <property key="TS_CREATED" class="long">1303810324567</property>
          <property key="UUID" class="string">0c007fd0-6fe8-11e0-a2bc-4040b3ba88b7</property>
        </properties>
      </relationship>
      <relationship id="328">
        <type>HAS_EMPLOYEE</type>
        <startNode>9</startNode>
        <endNode>258</endNode>
        <properties>
          <property key="TS_CREATED" class="long">1303810315293</property>
          <property key="UUID" class="string">06791810-6fe8-11e0-a2bc-4040b3ba88b7</property>
        </properties>
      </relationship>
      <relationship id="329">
        <type>HAS_ROLE</type>
        <startNode>258</startNode>
        <endNode>5</endNode>
        <properties>
          <property key="TS_CREATED" class="long">1303810324304</property>
          <property key="UUID" class="string">0bd88570-6fe8-11e0-a2bc-4040b3ba88b7</property>
        </properties>
      </relationship>
      <relationship id="373">
        <type>HAS_ROLE</type>
        <startNode>286</startNode>
        <endNode>5</endNode>
        <properties>
          <property key="TS_CREATED" class="long">1304500880541</property>
          <property key="UUID" class="string">df701540-762f-11e0-a2bc-4040b3ba88b7</property>
        </properties>
      </relationship>
      <relationship id="372">
        <type>HAS_EMPLOYEE</type>
        <startNode>9</startNode>
        <endNode>286</endNode>
        <properties>
          <property key="TS_CREATED" class="long">1304500853662</property>
          <property key="UUID" class="string">cf6a5e30-762f-11e0-a2bc-4040b3ba88b7</property>
        </properties>
      </relationship>
      <relationship id="375">
        <type>HAS_COURSE</type>
        <startNode>286</startNode>
        <endNode>288</endNode>
        <properties>
          <property key="TS_CREATED" class="long">1304500881049</property>
          <property key="UUID" class="string">dfbc8790-762f-11e0-a2bc-4040b3ba88b7</property>
        </properties>
      </relationship>
      <relationship id="374">
        <type>HAS_EDUCATION</type>
        <startNode>286</startNode>
        <endNode>287</endNode>
        <properties>
          <property key="TS_CREATED" class="long">1304500880989</property>
          <property key="UUID" class="string">dfb42320-762f-11e0-a2bc-4040b3ba88b7</property>
        </properties>
      </relationship>
      <relationship id="369">
        <type>HAS_EMPLOYMENT</type>
        <startNode>280</startNode>
        <endNode>285</endNode>
        <properties>
          <property key="TS_CREATED" class="long">1304500849183</property>
          <property key="UUID" class="string">ccbf6270-762f-11e0-a2bc-4040b3ba88b7</property>
        </properties>
      </relationship>
      <relationship id="368">
        <type>BELONGS_TO</type>
        <startNode>280</startNode>
        <endNode>112</endNode>
        <properties>
          <property key="TS_CREATED" class="long">1304500845752</property>
          <property key="UUID" class="string">cab3db00-762f-11e0-a2bc-4040b3ba88b7</property>
        </properties>
      </relationship>
      <relationship id="371">
        <type>HAS_USER</type>
        <startNode>0</startNode>
        <endNode>286</endNode>
        <properties>
          <property key="TS_CREATED" class="long">1304500853472</property>
          <property key="UUID" class="string">cf4dae70-762f-11e0-a2bc-4040b3ba88b7</property>
        </properties>
      </relationship>
      <relationship id="370">
        <type>PERFORMS_FUNCTION</type>
        <startNode>285</startNode>
        <endNode>24</endNode>
        <properties>
          <property key="TS_MODIFIED" class="long">1304500849372</property>
          <property key="percent" class="int">100</property>
          <property key="TS_CREATED" class="long">1304500849364</property>
          <property key="UUID" class="string">ccdb27d0-762f-11e0-a2bc-4040b3ba88b7</property>
        </properties>
      </relationship>
      <relationship id="381">
        <type>HAS_USER</type>
        <startNode>0</startNode>
        <endNode>292</endNode>
        <properties>
          <property key="TS_CREATED" class="long">1304500978591</property>
          <property key="UUID" class="string">19e15360-7630-11e0-a2bc-4040b3ba88b7</property>
        </properties>
      </relationship>
      <relationship id="380">
        <type>PERFORMS_FUNCTION</type>
        <startNode>291</startNode>
        <endNode>55</endNode>
        <properties>
          <property key="TS_MODIFIED" class="long">1304500972703</property>
          <property key="percent" class="int">100</property>
          <property key="TS_CREATED" class="long">1304500972695</property>
          <property key="UUID" class="string">165dd1f0-7630-11e0-a2bc-4040b3ba88b7</property>
        </properties>
      </relationship>
      <relationship id="383">
        <type>HAS_ROLE</type>
        <startNode>292</startNode>
        <endNode>5</endNode>
        <properties>
          <property key="TS_CREATED" class="long">1304501012196</property>
          <property key="UUID" class="string">2de90ab0-7630-11e0-a2bc-4040b3ba88b7</property>
        </properties>
      </relationship>
      <relationship id="382">
        <type>HAS_EMPLOYEE</type>
        <startNode>9</startNode>
        <endNode>292</endNode>
        <properties>
          <property key="TS_CREATED" class="long">1304500978777</property>
          <property key="UUID" class="string">19fd8df0-7630-11e0-a2bc-4040b3ba88b7</property>
        </properties>
      </relationship>
      <relationship id="377">
        <type>HAS_WORK_EXPERIENCE</type>
        <startNode>286</startNode>
        <endNode>290</endNode>
        <properties>
          <property key="TS_CREATED" class="long">1304500881416</property>
          <property key="UUID" class="string">dff598f0-762f-11e0-a2bc-4040b3ba88b7</property>
        </properties>
      </relationship>
      <relationship id="376">
        <type>HAS_LANGUAGESKILL</type>
        <startNode>286</startNode>
        <endNode>289</endNode>
        <properties>
          <property key="TS_CREATED" class="long">1304500881204</property>
          <property key="UUID" class="string">dfd53fb0-762f-11e0-a2bc-4040b3ba88b7</property>
        </properties>
      </relationship>
      <relationship id="379">
        <type>HAS_EMPLOYMENT</type>
        <startNode>286</startNode>
        <endNode>291</endNode>
        <properties>
          <property key="TS_CREATED" class="long">1304500972511</property>
          <property key="UUID" class="string">16419760-7630-11e0-a2bc-4040b3ba88b7</property>
        </properties>
      </relationship>
      <relationship id="378">
        <type>BELONGS_TO</type>
        <startNode>286</startNode>
        <endNode>112</endNode>
        <properties>
          <property key="TS_CREATED" class="long">1304500969140</property>
          <property key="UUID" class="string">143f10a0-7630-11e0-a2bc-4040b3ba88b7</property>
        </properties>
      </relationship>
      <relationship id="356">
        <type>PERFORMS_FUNCTION</type>
        <startNode>275</startNode>
        <endNode>22</endNode>
        <properties>
          <property key="TS_MODIFIED" class="long">1304500579911</property>
          <property key="percent" class="int">100</property>
          <property key="TS_CREATED" class="long">1304500579905</property>
          <property key="UUID" class="string">2c3e5d60-762f-11e0-a2bc-4040b3ba88b7</property>
        </properties>
      </relationship>
      <relationship id="357">
        <type>HAS_EDUCATION</type>
        <startNode>246</startNode>
        <endNode>276</endNode>
        <properties>
          <property key="TS_CREATED" class="long">1304500610793</property>
          <property key="UUID" class="string">3ea7f510-762f-11e0-a2bc-4040b3ba88b7</property>
        </properties>
      </relationship>
      <relationship id="358">
        <type>HAS_COURSE</type>
        <startNode>246</startNode>
        <endNode>277</endNode>
        <properties>
          <property key="TS_CREATED" class="long">1304500610852</property>
          <property key="UUID" class="string">3eb0a7a0-762f-11e0-a2bc-4040b3ba88b7</property>
        </properties>
      </relationship>
      <relationship id="359">
        <type>HAS_LANGUAGESKILL</type>
        <startNode>246</startNode>
        <endNode>278</endNode>
        <properties>
          <property key="TS_CREATED" class="long">1304500610908</property>
          <property key="UUID" class="string">3eb8bdf0-762f-11e0-a2bc-4040b3ba88b7</property>
        </properties>
      </relationship>
      <relationship id="352">
        <type>HAS_LANGUAGESKILL</type>
        <startNode>270</startNode>
        <endNode>273</endNode>
        <properties>
          <property key="TS_CREATED" class="long">1304500485515</property>
          <property key="UUID" class="string">f3fbe620-762e-11e0-a2bc-4040b3ba88b7</property>
        </properties>
      </relationship>
      <relationship id="353">
        <type>HAS_WORK_EXPERIENCE</type>
        <startNode>270</startNode>
        <endNode>274</endNode>
        <properties>
          <property key="TS_CREATED" class="long">1304500485578</property>
          <property key="UUID" class="string">f4058310-762e-11e0-a2bc-4040b3ba88b7</property>
        </properties>
      </relationship>
      <relationship id="354">
        <type>BELONGS_TO</type>
        <startNode>270</startNode>
        <endNode>112</endNode>
        <properties>
          <property key="TS_CREATED" class="long">1304500572490</property>
          <property key="UUID" class="string">27d36220-762f-11e0-a2bc-4040b3ba88b7</property>
        </properties>
      </relationship>
      <relationship id="355">
        <type>HAS_EMPLOYMENT</type>
        <startNode>270</startNode>
        <endNode>275</endNode>
        <properties>
          <property key="TS_CREATED" class="long">1304500579710</property>
          <property key="UUID" class="string">2c211160-762f-11e0-a2bc-4040b3ba88b7</property>
        </properties>
      </relationship>
      <relationship id="364">
        <type>HAS_EDUCATION</type>
        <startNode>280</startNode>
        <endNode>281</endNode>
        <properties>
          <property key="TS_CREATED" class="long">1304500634997</property>
          <property key="UUID" class="string">4d150ac0-762f-11e0-a2bc-4040b3ba88b7</property>
        </properties>
      </relationship>
      <relationship id="365">
        <type>HAS_COURSE</type>
        <startNode>280</startNode>
        <endNode>282</endNode>
        <properties>
          <property key="TS_CREATED" class="long">1304500635293</property>
          <property key="UUID" class="string">4d423540-762f-11e0-a2bc-4040b3ba88b7</property>
        </properties>
      </relationship>
      <relationship id="366">
        <type>HAS_LANGUAGESKILL</type>
        <startNode>280</startNode>
        <endNode>283</endNode>
        <properties>
          <property key="TS_CREATED" class="long">1304500635344</property>
          <property key="UUID" class="string">4d49af50-762f-11e0-a2bc-4040b3ba88b7</property>
        </properties>
      </relationship>
      <relationship id="367">
        <type>HAS_WORK_EXPERIENCE</type>
        <startNode>280</startNode>
        <endNode>284</endNode>
        <properties>
          <property key="TS_CREATED" class="long">1304500635395</property>
          <property key="UUID" class="string">4d517780-762f-11e0-a2bc-4040b3ba88b7</property>
        </properties>
      </relationship>
      <relationship id="360">
        <type>HAS_WORK_EXPERIENCE</type>
        <startNode>246</startNode>
        <endNode>279</endNode>
        <properties>
          <property key="TS_CREATED" class="long">1304500611083</property>
          <property key="UUID" class="string">3ed40e20-762f-11e0-a2bc-4040b3ba88b7</property>
        </properties>
      </relationship>
      <relationship id="361">
        <type>HAS_USER</type>
        <startNode>0</startNode>
        <endNode>280</endNode>
        <properties>
          <property key="TS_CREATED" class="long">1304500618903</property>
          <property key="UUID" class="string">437d4ae0-762f-11e0-a2bc-4040b3ba88b7</property>
        </properties>
      </relationship>
      <relationship id="362">
        <type>HAS_EMPLOYEE</type>
        <startNode>9</startNode>
        <endNode>280</endNode>
        <properties>
          <property key="TS_CREATED" class="long">1304500619088</property>
          <property key="UUID" class="string">43995e60-762f-11e0-a2bc-4040b3ba88b7</property>
        </properties>
      </relationship>
      <relationship id="363">
        <type>HAS_ROLE</type>
        <startNode>280</startNode>
        <endNode>5</endNode>
        <properties>
          <property key="TS_CREATED" class="long">1304500634781</property>
          <property key="UUID" class="string">4cf41540-762f-11e0-a2bc-4040b3ba88b7</property>
        </properties>
      </relationship>
      <relationship id="410">
        <type>HAS_COURSE</type>
        <startNode>188</startNode>
        <endNode>313</endNode>
        <properties>
          <property key="TS_CREATED" class="long">1304501250638</property>
          <property key="UUID" class="string">bc084040-7630-11e0-a2bc-4040b3ba88b7</property>
        </properties>
      </relationship>
      <relationship id="411">
        <type>HAS_LANGUAGESKILL</type>
        <startNode>188</startNode>
        <endNode>314</endNode>
        <properties>
          <property key="TS_CREATED" class="long">1304501250689</property>
          <property key="UUID" class="string">bc100870-7630-11e0-a2bc-4040b3ba88b7</property>
        </properties>
      </relationship>
      <relationship id="408">
        <type>HAS_WORK_EXPERIENCE</type>
        <startNode>264</startNode>
        <endNode>311</endNode>
        <properties>
          <property key="TS_CREATED" class="long">1304501234835</property>
          <property key="UUID" class="string">b29d0ea0-7630-11e0-a2bc-4040b3ba88b7</property>
        </properties>
      </relationship>
      <relationship id="409">
        <type>HAS_EDUCATION</type>
        <startNode>188</startNode>
        <endNode>312</endNode>
        <properties>
          <property key="TS_CREATED" class="long">1304501250588</property>
          <property key="UUID" class="string">bc009f20-7630-11e0-a2bc-4040b3ba88b7</property>
        </properties>
      </relationship>
      <relationship id="414">
        <type>HAS_COURSE</type>
        <startNode>128</startNode>
        <endNode>317</endNode>
        <properties>
          <property key="TS_CREATED" class="long">1304501262728</property>
          <property key="UUID" class="string">c33d30f0-7630-11e0-a2bc-4040b3ba88b7</property>
        </properties>
      </relationship>
      <relationship id="415">
        <type>HAS_LANGUAGESKILL</type>
        <startNode>128</startNode>
        <endNode>318</endNode>
        <properties>
          <property key="TS_CREATED" class="long">1304501262780</property>
          <property key="UUID" class="string">c3452030-7630-11e0-a2bc-4040b3ba88b7</property>
        </properties>
      </relationship>
      <relationship id="412">
        <type>HAS_WORK_EXPERIENCE</type>
        <startNode>188</startNode>
        <endNode>315</endNode>
        <properties>
          <property key="TS_CREATED" class="long">1304501250889</property>
          <property key="UUID" class="string">bc2eb400-7630-11e0-a2bc-4040b3ba88b7</property>
        </properties>
      </relationship>
      <relationship id="413">
        <type>HAS_EDUCATION</type>
        <startNode>128</startNode>
        <endNode>316</endNode>
        <properties>
          <property key="TS_CREATED" class="long">1304501262680</property>
          <property key="UUID" class="string">c335b6e0-7630-11e0-a2bc-4040b3ba88b7</property>
        </properties>
      </relationship>
      <relationship id="402">
        <type>HAS_COURSE</type>
        <startNode>264</startNode>
        <endNode>305</endNode>
        <properties>
          <property key="TS_CREATED" class="long">1304501220688</property>
          <property key="UUID" class="string">aa2e6570-7630-11e0-a2bc-4040b3ba88b7</property>
        </properties>
      </relationship>
      <relationship id="403">
        <type>HAS_LANGUAGESKILL</type>
        <startNode>264</startNode>
        <endNode>306</endNode>
        <properties>
          <property key="TS_CREATED" class="long">1304501220739</property>
          <property key="UUID" class="string">aa362da0-7630-11e0-a2bc-4040b3ba88b7</property>
        </properties>
      </relationship>
      <relationship id="400">
        <type>PERFORMS_FUNCTION</type>
        <startNode>303</startNode>
        <endNode>59</endNode>
        <properties>
          <property key="TS_MODIFIED" class="long">1304501216280</property>
          <property key="percent" class="int">100</property>
          <property key="TS_CREATED" class="long">1304501216269</property>
          <property key="UUID" class="string">a78bf530-7630-11e0-a2bc-4040b3ba88b7</property>
        </properties>
      </relationship>
      <relationship id="401">
        <type>HAS_EDUCATION</type>
        <startNode>264</startNode>
        <endNode>304</endNode>
        <properties>
          <property key="TS_CREATED" class="long">1304501220640</property>
          <property key="UUID" class="string">aa273980-7630-11e0-a2bc-4040b3ba88b7</property>
        </properties>
      </relationship>
      <relationship id="406">
        <type>HAS_COURSE</type>
        <startNode>264</startNode>
        <endNode>309</endNode>
        <properties>
          <property key="TS_CREATED" class="long">1304501234459</property>
          <property key="UUID" class="string">b2636100-7630-11e0-a2bc-4040b3ba88b7</property>
        </properties>
      </relationship>
      <relationship id="407">
        <type>HAS_LANGUAGESKILL</type>
        <startNode>264</startNode>
        <endNode>310</endNode>
        <properties>
          <property key="TS_CREATED" class="long">1304501234507</property>
          <property key="UUID" class="string">b26b0220-7630-11e0-a2bc-4040b3ba88b7</property>
        </properties>
      </relationship>
      <relationship id="404">
        <type>HAS_WORK_EXPERIENCE</type>
        <startNode>264</startNode>
        <endNode>307</endNode>
        <properties>
          <property key="TS_CREATED" class="long">1304501220930</property>
          <property key="UUID" class="string">aa532b80-7630-11e0-a2bc-4040b3ba88b7</property>
        </properties>
      </relationship>
      <relationship id="405">
        <type>HAS_EDUCATION</type>
        <startNode>264</startNode>
        <endNode>308</endNode>
        <properties>
          <property key="TS_CREATED" class="long">1304501234408</property>
          <property key="UUID" class="string">b25bbfe0-7630-11e0-a2bc-4040b3ba88b7</property>
        </properties>
      </relationship>
      <relationship id="395">
        <type>HAS_COURSE</type>
        <startNode>298</startNode>
        <endNode>300</endNode>
        <properties>
          <property key="TS_CREATED" class="long">1304501163485</property>
          <property key="UUID" class="string">8815c230-7630-11e0-a2bc-4040b3ba88b7</property>
        </properties>
      </relationship>
      <relationship id="394">
        <type>HAS_EDUCATION</type>
        <startNode>298</startNode>
        <endNode>299</endNode>
        <properties>
          <property key="TS_CREATED" class="long">1304501163436</property>
          <property key="UUID" class="string">880dd2f0-7630-11e0-a2bc-4040b3ba88b7</property>
        </properties>
      </relationship>
      <relationship id="393">
        <type>HAS_ROLE</type>
        <startNode>298</startNode>
        <endNode>5</endNode>
        <properties>
          <property key="TS_CREATED" class="long">1304501163036</property>
          <property key="UUID" class="string">87d13f20-7630-11e0-a2bc-4040b3ba88b7</property>
        </properties>
      </relationship>
      <relationship id="392">
        <type>HAS_EMPLOYEE</type>
        <startNode>9</startNode>
        <endNode>298</endNode>
        <properties>
          <property key="TS_CREATED" class="long">1304501141617</property>
          <property key="UUID" class="string">7b0d4590-7630-11e0-a2bc-4040b3ba88b7</property>
        </properties>
      </relationship>
      <relationship id="399">
        <type>HAS_EMPLOYMENT</type>
        <startNode>298</startNode>
        <endNode>303</endNode>
        <properties>
          <property key="TS_CREATED" class="long">1304501216068</property>
          <property key="UUID" class="string">a76cfb80-7630-11e0-a2bc-4040b3ba88b7</property>
        </properties>
      </relationship>
      <relationship id="398">
        <type>BELONGS_TO</type>
        <startNode>298</startNode>
        <endNode>112</endNode>
        <properties>
          <property key="TS_CREATED" class="long">1304501212430</property>
          <property key="UUID" class="string">a5425350-7630-11e0-a2bc-4040b3ba88b7</property>
        </properties>
      </relationship>
      <relationship id="397">
        <type>HAS_WORK_EXPERIENCE</type>
        <startNode>298</startNode>
        <endNode>302</endNode>
        <properties>
          <property key="TS_CREATED" class="long">1304501163677</property>
          <property key="UUID" class="string">88333540-7630-11e0-a2bc-4040b3ba88b7</property>
        </properties>
      </relationship>
      <relationship id="396">
        <type>HAS_LANGUAGESKILL</type>
        <startNode>298</startNode>
        <endNode>301</endNode>
        <properties>
          <property key="TS_CREATED" class="long">1304501163534</property>
          <property key="UUID" class="string">881d6350-7630-11e0-a2bc-4040b3ba88b7</property>
        </properties>
      </relationship>
      <relationship id="387">
        <type>HAS_WORK_EXPERIENCE</type>
        <startNode>292</startNode>
        <endNode>296</endNode>
        <properties>
          <property key="TS_CREATED" class="long">1304501012843</property>
          <property key="UUID" class="string">2e4bc420-7630-11e0-a2bc-4040b3ba88b7</property>
        </properties>
      </relationship>
      <relationship id="386">
        <type>HAS_LANGUAGESKILL</type>
        <startNode>292</startNode>
        <endNode>295</endNode>
        <properties>
          <property key="TS_CREATED" class="long">1304501012793</property>
          <property key="UUID" class="string">2e442300-7630-11e0-a2bc-4040b3ba88b7</property>
        </properties>
      </relationship>
      <relationship id="385">
        <type>HAS_COURSE</type>
        <startNode>292</startNode>
        <endNode>294</endNode>
        <properties>
          <property key="TS_CREATED" class="long">1304501012743</property>
          <property key="UUID" class="string">2e3c5ad0-7630-11e0-a2bc-4040b3ba88b7</property>
        </properties>
      </relationship>
      <relationship id="384">
        <type>HAS_EDUCATION</type>
        <startNode>292</startNode>
        <endNode>293</endNode>
        <properties>
          <property key="TS_CREATED" class="long">1304501012685</property>
          <property key="UUID" class="string">2e33a840-7630-11e0-a2bc-4040b3ba88b7</property>
        </properties>
      </relationship>
      <relationship id="391">
        <type>HAS_USER</type>
        <startNode>0</startNode>
        <endNode>298</endNode>
        <properties>
          <property key="TS_CREATED" class="long">1304501141430</property>
          <property key="UUID" class="string">7af095d0-7630-11e0-a2bc-4040b3ba88b7</property>
        </properties>
      </relationship>
      <relationship id="390">
        <type>PERFORMS_FUNCTION</type>
        <startNode>297</startNode>
        <endNode>57</endNode>
        <properties>
          <property key="TS_MODIFIED" class="long">1304501124007</property>
          <property key="percent" class="int">100</property>
          <property key="TS_CREATED" class="long">1304501123998</property>
          <property key="UUID" class="string">708c8540-7630-11e0-a2bc-4040b3ba88b7</property>
        </properties>
      </relationship>
      <relationship id="389">
        <type>HAS_EMPLOYMENT</type>
        <startNode>292</startNode>
        <endNode>297</endNode>
        <properties>
          <property key="TS_CREATED" class="long">1304501123810</property>
          <property key="UUID" class="string">706fd580-7630-11e0-a2bc-4040b3ba88b7</property>
        </properties>
      </relationship>
      <relationship id="388">
        <type>BELONGS_TO</type>
        <startNode>292</startNode>
        <endNode>111</endNode>
        <properties>
          <property key="TS_CREATED" class="long">1304501092817</property>
          <property key="UUID" class="string">5df6ad70-7630-11e0-a2bc-4040b3ba88b7</property>
        </properties>
      </relationship>
      <relationship id="440">
        <type>HAS_WORK_EXPERIENCE</type>
        <startNode>292</startNode>
        <endNode>343</endNode>
        <properties>
          <property key="TS_CREATED" class="long">1304501336325</property>
          <property key="UUID" class="string">ef1b33c0-7630-11e0-a2bc-4040b3ba88b7</property>
        </properties>
      </relationship>
      <relationship id="441">
        <type>HAS_EDUCATION</type>
        <startNode>220</startNode>
        <endNode>344</endNode>
        <properties>
          <property key="TS_CREATED" class="long">1304501351903</property>
          <property key="UUID" class="string">f77d32c0-7630-11e0-a2bc-4040b3ba88b7</property>
        </properties>
      </relationship>
      <relationship id="442">
        <type>HAS_COURSE</type>
        <startNode>220</startNode>
        <endNode>345</endNode>
        <properties>
          <property key="TS_CREATED" class="long">1304501351955</property>
          <property key="UUID" class="string">f86bff90-7630-11e0-a2bc-4040b3ba88b7</property>
        </properties>
      </relationship>
      <relationship id="443">
        <type>HAS_LANGUAGESKILL</type>
        <startNode>220</startNode>
        <endNode>346</endNode>
        <properties>
          <property key="TS_CREATED" class="long">1304501352006</property>
          <property key="UUID" class="string">f873c7c0-7630-11e0-a2bc-4040b3ba88b7</property>
        </properties>
      </relationship>
      <relationship id="444">
        <type>HAS_WORK_EXPERIENCE</type>
        <startNode>220</startNode>
        <endNode>347</endNode>
        <properties>
          <property key="TS_CREATED" class="long">1304501352271</property>
          <property key="UUID" class="string">f89be930-7630-11e0-a2bc-4040b3ba88b7</property>
        </properties>
      </relationship>
      <relationship id="445">
        <type>HAS_EDUCATION</type>
        <startNode>286</startNode>
        <endNode>348</endNode>
        <properties>
          <property key="TS_CREATED" class="long">1304501370072</property>
          <property key="UUID" class="string">033820c0-7631-11e0-a2bc-4040b3ba88b7</property>
        </properties>
      </relationship>
      <relationship id="446">
        <type>HAS_COURSE</type>
        <startNode>286</startNode>
        <endNode>349</endNode>
        <properties>
          <property key="TS_CREATED" class="long">1304501370124</property>
          <property key="UUID" class="string">03408530-7631-11e0-a2bc-4040b3ba88b7</property>
        </properties>
      </relationship>
      <relationship id="447">
        <type>HAS_LANGUAGESKILL</type>
        <startNode>286</startNode>
        <endNode>350</endNode>
        <properties>
          <property key="TS_CREATED" class="long">1304501370173</property>
          <property key="UUID" class="string">0347ff40-7631-11e0-a2bc-4040b3ba88b7</property>
        </properties>
      </relationship>
      <relationship id="432">
        <type>HAS_WORK_EXPERIENCE</type>
        <startNode>270</startNode>
        <endNode>335</endNode>
        <properties>
          <property key="TS_CREATED" class="long">1304501308190</property>
          <property key="UUID" class="string">de55fd40-7630-11e0-a2bc-4040b3ba88b7</property>
        </properties>
      </relationship>
      <relationship id="433">
        <type>HAS_EDUCATION</type>
        <startNode>220</startNode>
        <endNode>336</endNode>
        <properties>
          <property key="TS_CREATED" class="long">1304501321153</property>
          <property key="UUID" class="string">e6102380-7630-11e0-a2bc-4040b3ba88b7</property>
        </properties>
      </relationship>
      <relationship id="434">
        <type>HAS_COURSE</type>
        <startNode>220</startNode>
        <endNode>337</endNode>
        <properties>
          <property key="TS_CREATED" class="long">1304501321208</property>
          <property key="UUID" class="string">e61860e0-7630-11e0-a2bc-4040b3ba88b7</property>
        </properties>
      </relationship>
      <relationship id="435">
        <type>HAS_LANGUAGESKILL</type>
        <startNode>220</startNode>
        <endNode>338</endNode>
        <properties>
          <property key="TS_CREATED" class="long">1304501321261</property>
          <property key="UUID" class="string">e6205020-7630-11e0-a2bc-4040b3ba88b7</property>
        </properties>
      </relationship>
      <relationship id="436">
        <type>HAS_WORK_EXPERIENCE</type>
        <startNode>220</startNode>
        <endNode>339</endNode>
        <properties>
          <property key="TS_CREATED" class="long">1304501321453</property>
          <property key="UUID" class="string">e63d9c20-7630-11e0-a2bc-4040b3ba88b7</property>
        </properties>
      </relationship>
      <relationship id="437">
        <type>HAS_EDUCATION</type>
        <startNode>292</startNode>
        <endNode>340</endNode>
        <properties>
          <property key="TS_CREATED" class="long">1304501336080</property>
          <property key="UUID" class="string">eef5aa60-7630-11e0-a2bc-4040b3ba88b7</property>
        </properties>
      </relationship>
      <relationship id="438">
        <type>HAS_COURSE</type>
        <startNode>292</startNode>
        <endNode>341</endNode>
        <properties>
          <property key="TS_CREATED" class="long">1304501336135</property>
          <property key="UUID" class="string">eefd99a0-7630-11e0-a2bc-4040b3ba88b7</property>
        </properties>
      </relationship>
      <relationship id="439">
        <type>HAS_LANGUAGESKILL</type>
        <startNode>292</startNode>
        <endNode>342</endNode>
        <properties>
          <property key="TS_CREATED" class="long">1304501336188</property>
          <property key="UUID" class="string">ef062520-7630-11e0-a2bc-4040b3ba88b7</property>
        </properties>
      </relationship>
      <relationship id="425">
        <type>HAS_EDUCATION</type>
        <startNode>172</startNode>
        <endNode>328</endNode>
        <properties>
          <property key="TS_CREATED" class="long">1304501297283</property>
          <property key="UUID" class="string">d7d5dda0-7630-11e0-a2bc-4040b3ba88b7</property>
        </properties>
      </relationship>
      <relationship id="424">
        <type>HAS_WORK_EXPERIENCE</type>
        <startNode>220</startNode>
        <endNode>327</endNode>
        <properties>
          <property key="TS_CREATED" class="long">1304501283323</property>
          <property key="UUID" class="string">cf83bd20-7630-11e0-a2bc-4040b3ba88b7</property>
        </properties>
      </relationship>
      <relationship id="427">
        <type>HAS_LANGUAGESKILL</type>
        <startNode>172</startNode>
        <endNode>330</endNode>
        <properties>
          <property key="TS_CREATED" class="long">1304501297384</property>
          <property key="UUID" class="string">d7e51fe0-7630-11e0-a2bc-4040b3ba88b7</property>
        </properties>
      </relationship>
      <relationship id="426">
        <type>HAS_COURSE</type>
        <startNode>172</startNode>
        <endNode>329</endNode>
        <properties>
          <property key="TS_CREATED" class="long">1304501297333</property>
          <property key="UUID" class="string">d7dd57b0-7630-11e0-a2bc-4040b3ba88b7</property>
        </properties>
      </relationship>
      <relationship id="429">
        <type>HAS_EDUCATION</type>
        <startNode>270</startNode>
        <endNode>332</endNode>
        <properties>
          <property key="TS_CREATED" class="long">1304501307871</property>
          <property key="UUID" class="string">de255050-7630-11e0-a2bc-4040b3ba88b7</property>
        </properties>
      </relationship>
      <relationship id="428">
        <type>HAS_WORK_EXPERIENCE</type>
        <startNode>172</startNode>
        <endNode>331</endNode>
        <properties>
          <property key="TS_CREATED" class="long">1304501297570</property>
          <property key="UUID" class="string">d8018180-7630-11e0-a2bc-4040b3ba88b7</property>
        </properties>
      </relationship>
      <relationship id="431">
        <type>HAS_LANGUAGESKILL</type>
        <startNode>270</startNode>
        <endNode>334</endNode>
        <properties>
          <property key="TS_CREATED" class="long">1304501308081</property>
          <property key="UUID" class="string">de458280-7630-11e0-a2bc-4040b3ba88b7</property>
        </properties>
      </relationship>
      <relationship id="430">
        <type>HAS_COURSE</type>
        <startNode>270</startNode>
        <endNode>333</endNode>
        <properties>
          <property key="TS_CREATED" class="long">1304501307925</property>
          <property key="UUID" class="string">de2d3f90-7630-11e0-a2bc-4040b3ba88b7</property>
        </properties>
      </relationship>
      <relationship id="417">
        <type>HAS_EDUCATION</type>
        <startNode>240</startNode>
        <endNode>320</endNode>
        <properties>
          <property key="TS_CREATED" class="long">1304501269953</property>
          <property key="UUID" class="string">c78b2e50-7630-11e0-a2bc-4040b3ba88b7</property>
        </properties>
      </relationship>
      <relationship id="416">
        <type>HAS_WORK_EXPERIENCE</type>
        <startNode>128</startNode>
        <endNode>319</endNode>
        <properties>
          <property key="TS_CREATED" class="long">1304501262964</property>
          <property key="UUID" class="string">c3610ca0-7630-11e0-a2bc-4040b3ba88b7</property>
        </properties>
      </relationship>
      <relationship id="419">
        <type>HAS_LANGUAGESKILL</type>
        <startNode>240</startNode>
        <endNode>322</endNode>
        <properties>
          <property key="TS_CREATED" class="long">1304501270052</property>
          <property key="UUID" class="string">c79ae5c0-7630-11e0-a2bc-4040b3ba88b7</property>
        </properties>
      </relationship>
      <relationship id="418">
        <type>HAS_COURSE</type>
        <startNode>240</startNode>
        <endNode>321</endNode>
        <properties>
          <property key="TS_CREATED" class="long">1304501270001</property>
          <property key="UUID" class="string">c7931d90-7630-11e0-a2bc-4040b3ba88b7</property>
        </properties>
      </relationship>
      <relationship id="421">
        <type>HAS_EDUCATION</type>
        <startNode>220</startNode>
        <endNode>324</endNode>
        <properties>
          <property key="TS_CREATED" class="long">1304501283027</property>
          <property key="UUID" class="string">cf566b90-7630-11e0-a2bc-4040b3ba88b7</property>
        </properties>
      </relationship>
      <relationship id="420">
        <type>HAS_WORK_EXPERIENCE</type>
        <startNode>240</startNode>
        <endNode>323</endNode>
        <properties>
          <property key="TS_CREATED" class="long">1304501271778</property>
          <property key="UUID" class="string">c7b74760-7630-11e0-a2bc-4040b3ba88b7</property>
        </properties>
      </relationship>
      <relationship id="423">
        <type>HAS_LANGUAGESKILL</type>
        <startNode>220</startNode>
        <endNode>326</endNode>
        <properties>
          <property key="TS_CREATED" class="long">1304501283135</property>
          <property key="UUID" class="string">cf669830-7630-11e0-a2bc-4040b3ba88b7</property>
        </properties>
      </relationship>
      <relationship id="422">
        <type>HAS_COURSE</type>
        <startNode>220</startNode>
        <endNode>325</endNode>
        <properties>
          <property key="TS_CREATED" class="long">1304501283080</property>
          <property key="UUID" class="string">cf5e81e0-7630-11e0-a2bc-4040b3ba88b7</property>
        </properties>
      </relationship>
      <relationship id="478">
        <type>HAS_WORK_EXPERIENCE</type>
        <startNode>258</startNode>
        <endNode>377</endNode>
        <properties>
          <property key="TS_CREATED" class="long">1304501580289</property>
          <property key="UUID" class="string">8084b250-7631-11e0-a2bc-4040b3ba88b7</property>
        </properties>
      </relationship>
      <relationship id="479">
        <type>HAS_EDUCATION</type>
        <startNode>286</startNode>
        <endNode>378</endNode>
        <properties>
          <property key="TS_CREATED" class="long">1304501615590</property>
          <property key="UUID" class="string">958f5ab0-7631-11e0-a2bc-4040b3ba88b7</property>
        </properties>
      </relationship>
      <relationship id="476">
        <type>HAS_COURSE</type>
        <startNode>258</startNode>
        <endNode>375</endNode>
        <properties>
          <property key="TS_CREATED" class="long">1304501580047</property>
          <property key="UUID" class="string">80603a60-7631-11e0-a2bc-4040b3ba88b7</property>
        </properties>
      </relationship>
      <relationship id="477">
        <type>HAS_LANGUAGESKILL</type>
        <startNode>258</startNode>
        <endNode>376</endNode>
        <properties>
          <property key="TS_CREATED" class="long">1304501580099</property>
          <property key="UUID" class="string">80680290-7631-11e0-a2bc-4040b3ba88b7</property>
        </properties>
      </relationship>
      <relationship id="474">
        <type>BELONGS_TO</type>
        <startNode>368</startNode>
        <endNode>9</endNode>
        <properties>
          <property key="TS_CREATED" class="long">1304501546243</property>
          <property key="UUID" class="string">6c39b070-7631-11e0-a2bc-4040b3ba88b7</property>
        </properties>
      </relationship>
      <relationship id="475">
        <type>HAS_EDUCATION</type>
        <startNode>258</startNode>
        <endNode>374</endNode>
        <properties>
          <property key="TS_CREATED" class="long">1304501579994</property>
          <property key="UUID" class="string">8057fd00-7631-11e0-a2bc-4040b3ba88b7</property>
        </properties>
      </relationship>
      <relationship id="472">
        <type>HAS_EMPLOYMENT</type>
        <startNode>368</startNode>
        <endNode>373</endNode>
        <properties>
          <property key="TS_CREATED" class="long">1304501540398</property>
          <property key="UUID" class="string">68be6c60-7631-11e0-a2bc-4040b3ba88b7</property>
        </properties>
      </relationship>
      <relationship id="473">
        <type>PERFORMS_FUNCTION</type>
        <startNode>373</startNode>
        <endNode>61</endNode>
        <properties>
          <property key="TS_MODIFIED" class="long">1304501540588</property>
          <property key="percent" class="int">100</property>
          <property key="TS_CREATED" class="long">1304501540580</property>
          <property key="UUID" class="string">68da31c0-7631-11e0-a2bc-4040b3ba88b7</property>
        </properties>
      </relationship>
      <relationship id="470">
        <type>HAS_LANGUAGESKILL</type>
        <startNode>368</startNode>
        <endNode>371</endNode>
        <properties>
          <property key="TS_CREATED" class="long">1304501456227</property>
          <property key="UUID" class="string">36925670-7631-11e0-a2bc-4040b3ba88b7</property>
        </properties>
      </relationship>
      <relationship id="471">
        <type>HAS_WORK_EXPERIENCE</type>
        <startNode>368</startNode>
        <endNode>372</endNode>
        <properties>
          <property key="TS_CREATED" class="long">1304501456351</property>
          <property key="UUID" class="string">36a5b760-7631-11e0-a2bc-4040b3ba88b7</property>
        </properties>
      </relationship>
      <relationship id="468">
        <type>HAS_EDUCATION</type>
        <startNode>368</startNode>
        <endNode>369</endNode>
        <properties>
          <property key="TS_CREATED" class="long">1304501456093</property>
          <property key="UUID" class="string">367e5940-7631-11e0-a2bc-4040b3ba88b7</property>
        </properties>
      </relationship>
      <relationship id="469">
        <type>HAS_COURSE</type>
        <startNode>368</startNode>
        <endNode>370</endNode>
        <properties>
          <property key="TS_CREATED" class="long">1304501456144</property>
          <property key="UUID" class="string">3685fa60-7631-11e0-a2bc-4040b3ba88b7</property>
        </properties>
      </relationship>
      <relationship id="466">
        <type>HAS_EMPLOYEE</type>
        <startNode>9</startNode>
        <endNode>368</endNode>
        <properties>
          <property key="TS_CREATED" class="long">1304501435360</property>
          <property key="UUID" class="string">2a224940-7631-11e0-a2bc-4040b3ba88b7</property>
        </properties>
      </relationship>
      <relationship id="467">
        <type>HAS_ROLE</type>
        <startNode>368</startNode>
        <endNode>5</endNode>
        <properties>
          <property key="TS_CREATED" class="long">1304501455722</property>
          <property key="UUID" class="string">3645bd10-7631-11e0-a2bc-4040b3ba88b7</property>
        </properties>
      </relationship>
      <relationship id="464">
        <type>HAS_WORK_EXPERIENCE</type>
        <startNode>280</startNode>
        <endNode>367</endNode>
        <properties>
          <property key="TS_CREATED" class="long">1304501415457</property>
          <property key="UUID" class="string">1e45c980-7631-11e0-a2bc-4040b3ba88b7</property>
        </properties>
      </relationship>
      <relationship id="465">
        <type>HAS_USER</type>
        <startNode>0</startNode>
        <endNode>368</endNode>
        <properties>
          <property key="TS_CREATED" class="long">1304501435171</property>
          <property key="UUID" class="string">2a060eb0-7631-11e0-a2bc-4040b3ba88b7</property>
        </properties>
      </relationship>
      <relationship id="463">
        <type>HAS_LANGUAGESKILL</type>
        <startNode>280</startNode>
        <endNode>366</endNode>
        <properties>
          <property key="TS_CREATED" class="long">1304501415363</property>
          <property key="UUID" class="string">1e3771a0-7631-11e0-a2bc-4040b3ba88b7</property>
        </properties>
      </relationship>
      <relationship id="462">
        <type>HAS_COURSE</type>
        <startNode>280</startNode>
        <endNode>365</endNode>
        <properties>
          <property key="TS_CREATED" class="long">1304501415314</property>
          <property key="UUID" class="string">1e2ff790-7631-11e0-a2bc-4040b3ba88b7</property>
        </properties>
      </relationship>
      <relationship id="461">
        <type>HAS_EDUCATION</type>
        <startNode>280</startNode>
        <endNode>364</endNode>
        <properties>
          <property key="TS_CREATED" class="long">1304501415264</property>
          <property key="UUID" class="string">1e279320-7631-11e0-a2bc-4040b3ba88b7</property>
        </properties>
      </relationship>
      <relationship id="460">
        <type>HAS_WORK_EXPERIENCE</type>
        <startNode>252</startNode>
        <endNode>363</endNode>
        <properties>
          <property key="TS_CREATED" class="long">1304501405846</property>
          <property key="UUID" class="string">188acea0-7631-11e0-a2bc-4040b3ba88b7</property>
        </properties>
      </relationship>
      <relationship id="459">
        <type>HAS_LANGUAGESKILL</type>
        <startNode>252</startNode>
        <endNode>362</endNode>
        <properties>
          <property key="TS_CREATED" class="long">1304501404104</property>
          <property key="UUID" class="string">17814de0-7631-11e0-a2bc-4040b3ba88b7</property>
        </properties>
      </relationship>
      <relationship id="458">
        <type>HAS_COURSE</type>
        <startNode>252</startNode>
        <endNode>361</endNode>
        <properties>
          <property key="TS_CREATED" class="long">1304501404052</property>
          <property key="UUID" class="string">177985b0-7631-11e0-a2bc-4040b3ba88b7</property>
        </properties>
      </relationship>
      <relationship id="457">
        <type>HAS_EDUCATION</type>
        <startNode>252</startNode>
        <endNode>360</endNode>
        <properties>
          <property key="TS_CREATED" class="long">1304501404001</property>
          <property key="UUID" class="string">1771bd80-7631-11e0-a2bc-4040b3ba88b7</property>
        </properties>
      </relationship>
      <relationship id="456">
        <type>HAS_WORK_EXPERIENCE</type>
        <startNode>146</startNode>
        <endNode>359</endNode>
        <properties>
          <property key="TS_CREATED" class="long">1304501394836</property>
          <property key="UUID" class="string">11fb45b0-7631-11e0-a2bc-4040b3ba88b7</property>
        </properties>
      </relationship>
      <relationship id="455">
        <type>HAS_LANGUAGESKILL</type>
        <startNode>146</startNode>
        <endNode>358</endNode>
        <properties>
          <property key="TS_CREATED" class="long">1304501394754</property>
          <property key="UUID" class="string">11eec290-7631-11e0-a2bc-4040b3ba88b7</property>
        </properties>
      </relationship>
      <relationship id="454">
        <type>HAS_COURSE</type>
        <startNode>146</startNode>
        <endNode>357</endNode>
        <properties>
          <property key="TS_CREATED" class="long">1304501394677</property>
          <property key="UUID" class="string">11e1f150-7631-11e0-a2bc-4040b3ba88b7</property>
        </properties>
      </relationship>
      <relationship id="453">
        <type>HAS_EDUCATION</type>
        <startNode>146</startNode>
        <endNode>356</endNode>
        <properties>
          <property key="TS_CREATED" class="long">1304501394619</property>
          <property key="UUID" class="string">11da0210-7631-11e0-a2bc-4040b3ba88b7</property>
        </properties>
      </relationship>
      <relationship id="452">
        <type>HAS_WORK_EXPERIENCE</type>
        <startNode>246</startNode>
        <endNode>355</endNode>
        <properties>
          <property key="TS_CREATED" class="long">1304501384132</property>
          <property key="UUID" class="string">0b998380-7631-11e0-a2bc-4040b3ba88b7</property>
        </properties>
      </relationship>
      <relationship id="451">
        <type>HAS_LANGUAGESKILL</type>
        <startNode>246</startNode>
        <endNode>354</endNode>
        <properties>
          <property key="TS_CREATED" class="long">1304501383934</property>
          <property key="UUID" class="string">0b7b7430-7631-11e0-a2bc-4040b3ba88b7</property>
        </properties>
      </relationship>
      <relationship id="450">
        <type>HAS_COURSE</type>
        <startNode>246</startNode>
        <endNode>353</endNode>
        <properties>
          <property key="TS_CREATED" class="long">1304501383883</property>
          <property key="UUID" class="string">0b73d310-7631-11e0-a2bc-4040b3ba88b7</property>
        </properties>
      </relationship>
      <relationship id="449">
        <type>HAS_EDUCATION</type>
        <startNode>246</startNode>
        <endNode>352</endNode>
        <properties>
          <property key="TS_CREATED" class="long">1304501383831</property>
          <property key="UUID" class="string">0b6c0ae0-7631-11e0-a2bc-4040b3ba88b7</property>
        </properties>
      </relationship>
      <relationship id="448">
        <type>HAS_WORK_EXPERIENCE</type>
        <startNode>286</startNode>
        <endNode>351</endNode>
        <properties>
          <property key="TS_CREATED" class="long">1304501371748</property>
          <property key="UUID" class="string">035063b0-7631-11e0-a2bc-4040b3ba88b7</property>
        </properties>
      </relationship>
      <relationship id="508">
        <type>HAS_EMPLOYMENT</type>
        <startNode>395</startNode>
        <endNode>400</endNode>
        <properties>
          <property key="TS_CREATED" class="long">1304502100655</property>
          <property key="UUID" class="string">b6aeb460-7632-11e0-a2bc-4040b3ba88b7</property>
        </properties>
      </relationship>
      <relationship id="509">
        <type>PERFORMS_FUNCTION</type>
        <startNode>400</startNode>
        <endNode>64</endNode>
        <properties>
          <property key="TS_MODIFIED" class="long">1304502100905</property>
          <property key="percent" class="int">100</property>
          <property key="TS_CREATED" class="long">1304502100897</property>
          <property key="UUID" class="string">b6d3a180-7632-11e0-a2bc-4040b3ba88b7</property>
        </properties>
      </relationship>
      <relationship id="510">
        <type>HAS_WORK_EXPERIENCE</type>
        <startNode>270</startNode>
        <endNode>424</endNode>
        <properties>
          <property key="TS_CREATED" class="long">1313149910053</property>
          <property key="UUID" class="string">76c03450-c4d9-11e0-89cc-4040b3ba88b7</property>
        </properties>
      </relationship>
      <relationship id="511">
        <type>HAS_WORK_EXPERIENCE</type>
        <startNode>270</startNode>
        <endNode>425</endNode>
        <properties>
          <property key="TS_CREATED" class="long">1313149969796</property>
          <property key="UUID" class="string">9a5cdf80-c4d9-11e0-89cc-4040b3ba88b7</property>
        </properties>
      </relationship>
      <relationship id="504">
        <type>HAS_COURSE</type>
        <startNode>395</startNode>
        <endNode>397</endNode>
        <properties>
          <property key="TS_CREATED" class="long">1304501868382</property>
          <property key="UUID" class="string">2c3ca850-7632-11e0-a2bc-4040b3ba88b7</property>
        </properties>
      </relationship>
      <relationship id="505">
        <type>HAS_LANGUAGESKILL</type>
        <startNode>395</startNode>
        <endNode>398</endNode>
        <properties>
          <property key="TS_CREATED" class="long">1304501869999</property>
          <property key="UUID" class="string">2d333d50-7632-11e0-a2bc-4040b3ba88b7</property>
        </properties>
      </relationship>
      <relationship id="506">
        <type>HAS_WORK_EXPERIENCE</type>
        <startNode>395</startNode>
        <endNode>399</endNode>
        <properties>
          <property key="TS_CREATED" class="long">1304501870217</property>
          <property key="UUID" class="string">2d5480f0-7632-11e0-a2bc-4040b3ba88b7</property>
        </properties>
      </relationship>
      <relationship id="507">
        <type>BELONGS_TO</type>
        <startNode>395</startNode>
        <endNode>112</endNode>
        <properties>
          <property key="TS_CREATED" class="long">1304502096370</property>
          <property key="UUID" class="string">b420b680-7632-11e0-a2bc-4040b3ba88b7</property>
        </properties>
      </relationship>
      <relationship id="500">
        <type>HAS_USER</type>
        <startNode>0</startNode>
        <endNode>395</endNode>
        <properties>
          <property key="TS_CREATED" class="long">1304501858634</property>
          <property key="UUID" class="string">266cc5e0-7632-11e0-a2bc-4040b3ba88b7</property>
        </properties>
      </relationship>
      <relationship id="501">
        <type>HAS_EMPLOYEE</type>
        <startNode>9</startNode>
        <endNode>395</endNode>
        <properties>
          <property key="TS_CREATED" class="long">1304501858819</property>
          <property key="UUID" class="string">268975a0-7632-11e0-a2bc-4040b3ba88b7</property>
        </properties>
      </relationship>
      <relationship id="502">
        <type>HAS_ROLE</type>
        <startNode>395</startNode>
        <endNode>5</endNode>
        <properties>
          <property key="TS_CREATED" class="long">1304501867938</property>
          <property key="UUID" class="string">2bf84c50-7632-11e0-a2bc-4040b3ba88b7</property>
        </properties>
      </relationship>
      <relationship id="503">
        <type>HAS_EDUCATION</type>
        <startNode>395</startNode>
        <endNode>396</endNode>
        <properties>
          <property key="TS_CREATED" class="long">1304501868331</property>
          <property key="UUID" class="string">2c350730-7632-11e0-a2bc-4040b3ba88b7</property>
        </properties>
      </relationship>
      <relationship id="496">
        <type>HAS_FUNCTION</type>
        <startNode>9</startNode>
        <endNode>392</endNode>
        <properties>
          <property key="TS_CREATED" class="long">1304501803355</property>
          <property key="UUID" class="string">0579ddf0-7632-11e0-a2bc-4040b3ba88b7</property>
        </properties>
      </relationship>
      <relationship id="497">
        <type>HAS_RESPONSIBILITY</type>
        <startNode>392</startNode>
        <endNode>393</endNode>
        <properties>
          <property key="TS_CREATED" class="long">1304501803763</property>
          <property key="UUID" class="string">05b894a0-7632-11e0-a2bc-4040b3ba88b7</property>
        </properties>
      </relationship>
      <relationship id="498">
        <type>HAS_EMPLOYMENT</type>
        <startNode>382</startNode>
        <endNode>394</endNode>
        <properties>
          <property key="TS_CREATED" class="long">1304501826128</property>
          <property key="UUID" class="string">130cc040-7632-11e0-a2bc-4040b3ba88b7</property>
        </properties>
      </relationship>
      <relationship id="499">
        <type>PERFORMS_FUNCTION</type>
        <startNode>394</startNode>
        <endNode>392</endNode>
        <properties>
          <property key="TS_MODIFIED" class="long">1304501826324</property>
          <property key="percent" class="int">100</property>
          <property key="TS_CREATED" class="long">1304501826315</property>
          <property key="UUID" class="string">13299710-7632-11e0-a2bc-4040b3ba88b7</property>
        </properties>
      </relationship>
      <relationship id="493">
        <type>HAS_LANGUAGESKILL</type>
        <startNode>368</startNode>
        <endNode>389</endNode>
        <properties>
          <property key="TS_CREATED" class="long">1304501762814</property>
          <property key="UUID" class="string">ed504250-7631-11e0-a2bc-4040b3ba88b7</property>
        </properties>
      </relationship>
      <relationship id="492">
        <type>HAS_COURSE</type>
        <startNode>368</startNode>
        <endNode>388</endNode>
        <properties>
          <property key="TS_CREATED" class="long">1304501762759</property>
          <property key="UUID" class="string">ed47b6d0-7631-11e0-a2bc-4040b3ba88b7</property>
        </properties>
      </relationship>
      <relationship id="495">
        <type>HAS_RESPONSIBILITY</type>
        <startNode>51</startNode>
        <endNode>391</endNode>
        <properties>
          <property key="TS_CREATED" class="long">1304501800739</property>
          <property key="UUID" class="string">03eb27a0-7632-11e0-a2bc-4040b3ba88b7</property>
        </properties>
      </relationship>
      <relationship id="494">
        <type>HAS_WORK_EXPERIENCE</type>
        <startNode>368</startNode>
        <endNode>390</endNode>
        <properties>
          <property key="TS_CREATED" class="long">1304501762882</property>
          <property key="UUID" class="string">ed5a5470-7631-11e0-a2bc-4040b3ba88b7</property>
        </properties>
      </relationship>
      <relationship id="489">
        <type>HAS_WORK_EXPERIENCE</type>
        <startNode>382</startNode>
        <endNode>386</endNode>
        <properties>
          <property key="TS_CREATED" class="long">1304501654565</property>
          <property key="UUID" class="string">acca5090-7631-11e0-a2bc-4040b3ba88b7</property>
        </properties>
      </relationship>
      <relationship id="488">
        <type>HAS_LANGUAGESKILL</type>
        <startNode>382</startNode>
        <endNode>385</endNode>
        <properties>
          <property key="TS_CREATED" class="long">1304501654309</property>
          <property key="UUID" class="string">aca38eb0-7631-11e0-a2bc-4040b3ba88b7</property>
        </properties>
      </relationship>
      <relationship id="491">
        <type>HAS_EDUCATION</type>
        <startNode>368</startNode>
        <endNode>387</endNode>
        <properties>
          <property key="TS_CREATED" class="long">1304501762708</property>
          <property key="UUID" class="string">ed4015b0-7631-11e0-a2bc-4040b3ba88b7</property>
        </properties>
      </relationship>
      <relationship id="490">
        <type>BELONGS_TO</type>
        <startNode>382</startNode>
        <endNode>112</endNode>
        <properties>
          <property key="TS_CREATED" class="long">1304501745081</property>
          <property key="UUID" class="string">e2bdcec0-7631-11e0-a2bc-4040b3ba88b7</property>
        </properties>
      </relationship>
      <relationship id="485">
        <type>HAS_ROLE</type>
        <startNode>382</startNode>
        <endNode>5</endNode>
        <properties>
          <property key="TS_CREATED" class="long">1304501652273</property>
          <property key="UUID" class="string">ab6ce370-7631-11e0-a2bc-4040b3ba88b7</property>
        </properties>
      </relationship>
      <relationship id="484">
        <type>HAS_EMPLOYEE</type>
        <startNode>9</startNode>
        <endNode>382</endNode>
        <properties>
          <property key="TS_CREATED" class="long">1304501642231</property>
          <property key="UUID" class="string">a57099d0-7631-11e0-a2bc-4040b3ba88b7</property>
        </properties>
      </relationship>
      <relationship id="487">
        <type>HAS_COURSE</type>
        <startNode>382</startNode>
        <endNode>384</endNode>
        <properties>
          <property key="TS_CREATED" class="long">1304501652711</property>
          <property key="UUID" class="string">abaf91c0-7631-11e0-a2bc-4040b3ba88b7</property>
        </properties>
      </relationship>
      <relationship id="486">
        <type>HAS_EDUCATION</type>
        <startNode>382</startNode>
        <endNode>383</endNode>
        <properties>
          <property key="TS_CREATED" class="long">1304501652660</property>
          <property key="UUID" class="string">aba817b0-7631-11e0-a2bc-4040b3ba88b7</property>
        </properties>
      </relationship>
      <relationship id="481">
        <type>HAS_LANGUAGESKILL</type>
        <startNode>286</startNode>
        <endNode>380</endNode>
        <properties>
          <property key="TS_CREATED" class="long">1304501617276</property>
          <property key="UUID" class="string">9690ec30-7631-11e0-a2bc-4040b3ba88b7</property>
        </properties>
      </relationship>
      <relationship id="480">
        <type>HAS_COURSE</type>
        <startNode>286</startNode>
        <endNode>379</endNode>
        <properties>
          <property key="TS_CREATED" class="long">1304501617225</property>
          <property key="UUID" class="string">96892400-7631-11e0-a2bc-4040b3ba88b7</property>
        </properties>
      </relationship>
      <relationship id="483">
        <type>HAS_USER</type>
        <startNode>0</startNode>
        <endNode>382</endNode>
        <properties>
          <property key="TS_CREATED" class="long">1304501642045</property>
          <property key="UUID" class="string">a5548650-7631-11e0-a2bc-4040b3ba88b7</property>
        </properties>
      </relationship>
      <relationship id="482">
        <type>HAS_WORK_EXPERIENCE</type>
        <startNode>286</startNode>
        <endNode>381</endNode>
        <properties>
          <property key="TS_CREATED" class="long">1304501617488</property>
          <property key="UUID" class="string">96b14570-7631-11e0-a2bc-4040b3ba88b7</property>
        </properties>
      </relationship>
      <relationship id="550">
        <type>HAS_WORK_EXPERIENCE</type>
        <startNode>234</startNode>
        <endNode>437</endNode>
        <properties>
          <property key="TS_CREATED" class="long">1313151848266</property>
          <property key="UUID" class="string">fa047ed0-c4dd-11e0-89cc-4040b3ba88b7</property>
        </properties>
      </relationship>
      <relationship id="551">
        <type>HAS_WORK_EXPERIENCE</type>
        <startNode>234</startNode>
        <endNode>438</endNode>
        <properties>
          <property key="TS_CREATED" class="long">1313152036249</property>
          <property key="UUID" class="string">6a1093d0-c4de-11e0-89cc-4040b3ba88b7</property>
        </properties>
      </relationship>
      <relationship id="548">
        <type>HAS_WORK_EXPERIENCE</type>
        <startNode>234</startNode>
        <endNode>435</endNode>
        <properties>
          <property key="TS_CREATED" class="long">1313151718971</property>
          <property key="UUID" class="string">acf3f300-c4dd-11e0-89cc-4040b3ba88b7</property>
        </properties>
      </relationship>
      <relationship id="549">
        <type>HAS_WORK_EXPERIENCE</type>
        <startNode>234</startNode>
        <endNode>436</endNode>
        <properties>
          <property key="TS_CREATED" class="long">1313151798254</property>
          <property key="UUID" class="string">dc356c20-c4dd-11e0-89cc-4040b3ba88b7</property>
        </properties>
      </relationship>
      <relationship id="546">
        <type>HAS_COURSE</type>
        <startNode>234</startNode>
        <endNode>433</endNode>
        <properties>
          <property key="TS_CREATED" class="long">1313151233550</property>
          <property key="UUID" class="string">8b9e9530-c4dc-11e0-89cc-4040b3ba88b7</property>
        </properties>
      </relationship>
      <relationship id="547">
        <type>HAS_WORK_EXPERIENCE</type>
        <startNode>234</startNode>
        <endNode>434</endNode>
        <properties>
          <property key="TS_CREATED" class="long">1313151671979</property>
          <property key="UUID" class="string">90f0c6b0-c4dd-11e0-89cc-4040b3ba88b7</property>
        </properties>
      </relationship>
      <relationship id="544">
        <type>HAS_COURSE</type>
        <startNode>234</startNode>
        <endNode>431</endNode>
        <properties>
          <property key="TS_CREATED" class="long">1313151133616</property>
          <property key="UUID" class="string">5009e5b0-c4dc-11e0-89cc-4040b3ba88b7</property>
        </properties>
      </relationship>
      <relationship id="545">
        <type>HAS_COURSE</type>
        <startNode>234</startNode>
        <endNode>432</endNode>
        <properties>
          <property key="TS_CREATED" class="long">1313151168218</property>
          <property key="UUID" class="string">64ad40c0-c4dc-11e0-89cc-4040b3ba88b7</property>
        </properties>
      </relationship>
      <relationship id="558">
        <type>HAS_COURSE</type>
        <startNode>298</startNode>
        <endNode>445</endNode>
        <properties>
          <property key="TS_CREATED" class="long">1313153075190</property>
          <property key="UUID" class="string">d551ef70-c4e0-11e0-89cc-4040b3ba88b7</property>
        </properties>
      </relationship>
      <relationship id="559">
        <type>HAS_COURSE</type>
        <startNode>298</startNode>
        <endNode>446</endNode>
        <properties>
          <property key="TS_CREATED" class="long">1313153152649</property>
          <property key="UUID" class="string">037db2d0-c4e1-11e0-89cc-4040b3ba88b7</property>
        </properties>
      </relationship>
      <relationship id="556">
        <type>HAS_COURSE</type>
        <startNode>298</startNode>
        <endNode>443</endNode>
        <properties>
          <property key="TS_CREATED" class="long">1313152993205</property>
          <property key="UUID" class="string">a474a0a0-c4e0-11e0-89cc-4040b3ba88b7</property>
        </properties>
      </relationship>
      <relationship id="557">
        <type>HAS_COURSE</type>
        <startNode>298</startNode>
        <endNode>444</endNode>
        <properties>
          <property key="TS_CREATED" class="long">1313153036808</property>
          <property key="UUID" class="string">be7175a0-c4e0-11e0-89cc-4040b3ba88b7</property>
        </properties>
      </relationship>
      <relationship id="554">
        <type>HAS_EDUCATION</type>
        <startNode>298</startNode>
        <endNode>441</endNode>
        <properties>
          <property key="TS_CREATED" class="long">1313152787057</property>
          <property key="UUID" class="string">29951770-c4e0-11e0-89cc-4040b3ba88b7</property>
        </properties>
      </relationship>
      <relationship id="555">
        <type>HAS_EDUCATION</type>
        <startNode>298</startNode>
        <endNode>442</endNode>
        <properties>
          <property key="TS_CREATED" class="long">1313152841093</property>
          <property key="UUID" class="string">49c6d240-c4e0-11e0-89cc-4040b3ba88b7</property>
        </properties>
      </relationship>
      <relationship id="552">
        <type>HAS_EDUCATION</type>
        <startNode>298</startNode>
        <endNode>439</endNode>
        <properties>
          <property key="TS_CREATED" class="long">1313152646045</property>
          <property key="UUID" class="string">d583f160-c4df-11e0-89cc-4040b3ba88b7</property>
        </properties>
      </relationship>
      <relationship id="553">
        <type>HAS_EDUCATION</type>
        <startNode>298</startNode>
        <endNode>440</endNode>
        <properties>
          <property key="TS_CREATED" class="long">1313152753470</property>
          <property key="UUID" class="string">158ff830-c4e0-11e0-89cc-4040b3ba88b7</property>
        </properties>
      </relationship>
      <relationship id="567">
        <type>HAS_LANGUAGESKILL</type>
        <startNode>298</startNode>
        <endNode>454</endNode>
        <properties>
          <property key="TS_CREATED" class="long">1313153460134</property>
          <property key="UUID" class="string">bac2a900-c4e1-11e0-89cc-4040b3ba88b7</property>
        </properties>
      </relationship>
      <relationship id="566">
        <type>HAS_COURSE</type>
        <startNode>298</startNode>
        <endNode>453</endNode>
        <properties>
          <property key="TS_CREATED" class="long">1313153410958</property>
          <property key="UUID" class="string">9d748620-c4e1-11e0-89cc-4040b3ba88b7</property>
        </properties>
      </relationship>
      <relationship id="565">
        <type>HAS_COURSE</type>
        <startNode>298</startNode>
        <endNode>452</endNode>
        <properties>
          <property key="TS_CREATED" class="long">1313153367254</property>
          <property key="UUID" class="string">8367f9b0-c4e1-11e0-89cc-4040b3ba88b7</property>
        </properties>
      </relationship>
      <relationship id="564">
        <type>HAS_COURSE</type>
        <startNode>298</startNode>
        <endNode>451</endNode>
        <properties>
          <property key="TS_CREATED" class="long">1313153345655</property>
          <property key="UUID" class="string">76844320-c4e1-11e0-89cc-4040b3ba88b7</property>
        </properties>
      </relationship>
      <relationship id="563">
        <type>HAS_COURSE</type>
        <startNode>298</startNode>
        <endNode>450</endNode>
        <properties>
          <property key="TS_CREATED" class="long">1313153305930</property>
          <property key="UUID" class="string">5eda5ed0-c4e1-11e0-89cc-4040b3ba88b7</property>
        </properties>
      </relationship>
      <relationship id="562">
        <type>HAS_COURSE</type>
        <startNode>298</startNode>
        <endNode>449</endNode>
        <properties>
          <property key="TS_CREATED" class="long">1313153263526</property>
          <property key="UUID" class="string">459456b0-c4e1-11e0-89cc-4040b3ba88b7</property>
        </properties>
      </relationship>
      <relationship id="561">
        <type>HAS_COURSE</type>
        <startNode>298</startNode>
        <endNode>448</endNode>
        <properties>
          <property key="TS_CREATED" class="long">1313153229359</property>
          <property key="UUID" class="string">3136de40-c4e1-11e0-89cc-4040b3ba88b7</property>
        </properties>
      </relationship>
      <relationship id="560">
        <type>HAS_COURSE</type>
        <startNode>298</startNode>
        <endNode>447</endNode>
        <properties>
          <property key="TS_CREATED" class="long">1313153193065</property>
          <property key="UUID" class="string">1b94d7e0-c4e1-11e0-89cc-4040b3ba88b7</property>
        </properties>
      </relationship>
      <relationship id="575">
        <type>HAS_WORK_EXPERIENCE</type>
        <startNode>298</startNode>
        <endNode>462</endNode>
        <properties>
          <property key="TS_CREATED" class="long">1313154982576</property>
          <property key="UUID" class="string">46363f30-c4e5-11e0-89cc-4040b3ba88b7</property>
        </properties>
      </relationship>
      <relationship id="574">
        <type>HAS_WORK_EXPERIENCE</type>
        <startNode>298</startNode>
        <endNode>461</endNode>
        <properties>
          <property key="TS_CREATED" class="long">1313154421809</property>
          <property key="UUID" class="string">f7f7fe40-c4e3-11e0-89cc-4040b3ba88b7</property>
        </properties>
      </relationship>
      <relationship id="573">
        <type>HAS_WORK_EXPERIENCE</type>
        <startNode>298</startNode>
        <endNode>460</endNode>
        <properties>
          <property key="TS_CREATED" class="long">1313154175541</property>
          <property key="UUID" class="string">652ec8a0-c4e3-11e0-89cc-4040b3ba88b7</property>
        </properties>
      </relationship>
      <relationship id="572">
        <type>HAS_WORK_EXPERIENCE</type>
        <startNode>298</startNode>
        <endNode>459</endNode>
        <properties>
          <property key="TS_CREATED" class="long">1313154046119</property>
          <property key="UUID" class="string">18069620-c4e3-11e0-89cc-4040b3ba88b7</property>
        </properties>
      </relationship>
      <relationship id="571">
        <type>HAS_WORK_EXPERIENCE</type>
        <startNode>298</startNode>
        <endNode>458</endNode>
        <properties>
          <property key="TS_CREATED" class="long">1313153834016</property>
          <property key="UUID" class="string">999e3450-c4e2-11e0-89cc-4040b3ba88b7</property>
        </properties>
      </relationship>
      <relationship id="570">
        <type>HAS_LANGUAGESKILL</type>
        <startNode>298</startNode>
        <endNode>457</endNode>
        <properties>
          <property key="TS_CREATED" class="long">1313153498992</property>
          <property key="UUID" class="string">d1ed7240-c4e1-11e0-89cc-4040b3ba88b7</property>
        </properties>
      </relationship>
      <relationship id="569">
        <type>HAS_LANGUAGESKILL</type>
        <startNode>298</startNode>
        <endNode>456</endNode>
        <properties>
          <property key="TS_CREATED" class="long">1313153481905</property>
          <property key="UUID" class="string">c7be2d50-c4e1-11e0-89cc-4040b3ba88b7</property>
        </properties>
      </relationship>
      <relationship id="568">
        <type>HAS_LANGUAGESKILL</type>
        <startNode>298</startNode>
        <endNode>455</endNode>
        <properties>
          <property key="TS_CREATED" class="long">1313153475580</property>
          <property key="UUID" class="string">c3f90f00-c4e1-11e0-89cc-4040b3ba88b7</property>
        </properties>
      </relationship>
      <relationship id="516">
        <type>HAS_COURSE</type>
        <startNode>403</startNode>
        <endNode>405</endNode>
        <properties>
          <property key="TS_CREATED" class="long">1304502168756</property>
          <property key="UUID" class="string">df45f0a0-7632-11e0-a2bc-4040b3ba88b7</property>
        </properties>
      </relationship>
      <relationship id="517">
        <type>HAS_LANGUAGESKILL</type>
        <startNode>403</startNode>
        <endNode>406</endNode>
        <properties>
          <property key="TS_CREATED" class="long">1304502168809</property>
          <property key="UUID" class="string">df4e06f0-7632-11e0-a2bc-4040b3ba88b7</property>
        </properties>
      </relationship>
      <relationship id="518">
        <type>HAS_WORK_EXPERIENCE</type>
        <startNode>403</startNode>
        <endNode>407</endNode>
        <properties>
          <property key="TS_CREATED" class="long">1304502170582</property>
          <property key="UUID" class="string">e05c42a0-7632-11e0-a2bc-4040b3ba88b7</property>
        </properties>
      </relationship>
      <relationship id="519">
        <type>BELONGS_TO</type>
        <startNode>403</startNode>
        <endNode>112</endNode>
        <properties>
          <property key="TS_CREATED" class="long">1304502245959</property>
          <property key="UUID" class="string">0d4a2ed0-7633-11e0-a2bc-4040b3ba88b7</property>
        </properties>
      </relationship>
      <relationship id="512">
        <type>HAS_USER</type>
        <startNode>0</startNode>
        <endNode>403</endNode>
        <properties>
          <property key="TS_CREATED" class="long">1304502161387</property>
          <property key="UUID" class="string">dae10fe0-7632-11e0-a2bc-4040b3ba88b7</property>
        </properties>
      </relationship>
      <relationship id="513">
        <type>HAS_EMPLOYEE</type>
        <startNode>9</startNode>
        <endNode>403</endNode>
        <properties>
          <property key="TS_CREATED" class="long">1304502161580</property>
          <property key="UUID" class="string">dafef820-7632-11e0-a2bc-4040b3ba88b7</property>
        </properties>
      </relationship>
      <relationship id="514">
        <type>HAS_ROLE</type>
        <startNode>403</startNode>
        <endNode>5</endNode>
        <properties>
          <property key="TS_CREATED" class="long">1304502168162</property>
          <property key="UUID" class="string">deeaff60-7632-11e0-a2bc-4040b3ba88b7</property>
        </properties>
      </relationship>
      <relationship id="515">
        <type>HAS_EDUCATION</type>
        <startNode>403</startNode>
        <endNode>404</endNode>
        <properties>
          <property key="TS_CREATED" class="long">1304502168704</property>
          <property key="UUID" class="string">df3e4f80-7632-11e0-a2bc-4040b3ba88b7</property>
        </properties>
      </relationship>
      <relationship id="524">
        <type>HAS_ROLE</type>
        <startNode>409</startNode>
        <endNode>5</endNode>
        <properties>
          <property key="TS_CREATED" class="long">1304502305440</property>
          <property key="UUID" class="string">30be9180-7633-11e0-a2bc-4040b3ba88b7</property>
        </properties>
      </relationship>
      <relationship id="525">
        <type>HAS_EDUCATION</type>
        <startNode>409</startNode>
        <endNode>410</endNode>
        <properties>
          <property key="TS_CREATED" class="long">1304502305943</property>
          <property key="UUID" class="string">310b03d0-7633-11e0-a2bc-4040b3ba88b7</property>
        </properties>
      </relationship>
      <relationship id="526">
        <type>HAS_COURSE</type>
        <startNode>409</startNode>
        <endNode>411</endNode>
        <properties>
          <property key="TS_CREATED" class="long">1304502305996</property>
          <property key="UUID" class="string">3112f310-7633-11e0-a2bc-4040b3ba88b7</property>
        </properties>
      </relationship>
      <relationship id="527">
        <type>HAS_LANGUAGESKILL</type>
        <startNode>409</startNode>
        <endNode>412</endNode>
        <properties>
          <property key="TS_CREATED" class="long">1304502306047</property>
          <property key="UUID" class="string">311b3070-7633-11e0-a2bc-4040b3ba88b7</property>
        </properties>
      </relationship>
      <relationship id="520">
        <type>HAS_EMPLOYMENT</type>
        <startNode>403</startNode>
        <endNode>408</endNode>
        <properties>
          <property key="TS_CREATED" class="long">1304502256846</property>
          <property key="UUID" class="string">13c76840-7633-11e0-a2bc-4040b3ba88b7</property>
        </properties>
      </relationship>
      <relationship id="521">
        <type>PERFORMS_FUNCTION</type>
        <startNode>408</startNode>
        <endNode>26</endNode>
        <properties>
          <property key="TS_MODIFIED" class="long">1304502257044</property>
          <property key="percent" class="int">100</property>
          <property key="TS_CREATED" class="long">1304502257036</property>
          <property key="UUID" class="string">13e4b440-7633-11e0-a2bc-4040b3ba88b7</property>
        </properties>
      </relationship>
      <relationship id="522">
        <type>HAS_USER</type>
        <startNode>0</startNode>
        <endNode>409</endNode>
        <properties>
          <property key="TS_CREATED" class="long">1304502292353</property>
          <property key="UUID" class="string">28f17f80-7633-11e0-a2bc-4040b3ba88b7</property>
        </properties>
      </relationship>
      <relationship id="523">
        <type>HAS_EMPLOYEE</type>
        <startNode>9</startNode>
        <endNode>409</endNode>
        <properties>
          <property key="TS_CREATED" class="long">1304502292643</property>
          <property key="UUID" class="string">291d9890-7633-11e0-a2bc-4040b3ba88b7</property>
        </properties>
      </relationship>
      <relationship id="533">
        <type>HAS_UNIT</type>
        <startNode>9</startNode>
        <endNode>416</endNode>
        <properties>
          <property key="TS_CREATED" class="long">1304511360844</property>
          <property key="UUID" class="string">462f6930-7648-11e0-a2bc-4040b3ba88b7</property>
        </properties>
      </relationship>
      <relationship id="532">
        <type>HAS_UNIT</type>
        <startNode>9</startNode>
        <endNode>415</endNode>
        <properties>
          <property key="TS_CREATED" class="long">1304502433678</property>
          <property key="UUID" class="string">7d2dfb50-7633-11e0-a2bc-4040b3ba88b7</property>
        </properties>
      </relationship>
      <relationship id="535">
        <type>HAS_EDUCATION</type>
        <startNode>188</startNode>
        <endNode>418</endNode>
        <properties>
          <property key="TS_CREATED" class="long">1304514699462</property>
          <property key="UUID" class="string">0c277a90-7650-11e0-a2bc-4040b3ba88b7</property>
        </properties>
      </relationship>
      <relationship id="534">
        <type>HAS_UNIT</type>
        <startNode>9</startNode>
        <endNode>417</endNode>
        <properties>
          <property key="TS_CREATED" class="long">1304511426558</property>
          <property key="UUID" class="string">6d5a9250-7648-11e0-a2bc-4040b3ba88b7</property>
        </properties>
      </relationship>
      <relationship id="529">
        <type>BELONGS_TO</type>
        <startNode>409</startNode>
        <endNode>112</endNode>
        <properties>
          <property key="TS_CREATED" class="long">1304502396020</property>
          <property key="UUID" class="string">66bbd3b0-7633-11e0-a2bc-4040b3ba88b7</property>
        </properties>
      </relationship>
      <relationship id="528">
        <type>HAS_WORK_EXPERIENCE</type>
        <startNode>409</startNode>
        <endNode>413</endNode>
        <properties>
          <property key="TS_CREATED" class="long">1304502306344</property>
          <property key="UUID" class="string">31387c70-7633-11e0-a2bc-4040b3ba88b7</property>
        </properties>
      </relationship>
      <relationship id="531">
        <type>PERFORMS_FUNCTION</type>
        <startNode>414</startNode>
        <endNode>28</endNode>
        <properties>
          <property key="TS_MODIFIED" class="long">1304502399753</property>
          <property key="percent" class="int">100</property>
          <property key="TS_CREATED" class="long">1304502399745</property>
          <property key="UUID" class="string">68f3e960-7633-11e0-a2bc-4040b3ba88b7</property>
        </properties>
      </relationship>
      <relationship id="530">
        <type>HAS_EMPLOYMENT</type>
        <startNode>409</startNode>
        <endNode>414</endNode>
        <properties>
          <property key="TS_CREATED" class="long">1304502399552</property>
          <property key="UUID" class="string">68d6eb80-7633-11e0-a2bc-4040b3ba88b7</property>
        </properties>
      </relationship>
      <relationship id="541">
        <type>HAS_EDUCATION</type>
        <startNode>234</startNode>
        <endNode>428</endNode>
        <properties>
          <property key="TS_CREATED" class="long">1313150800922</property>
          <property key="UUID" class="string">89c07bd0-c4db-11e0-89cc-4040b3ba88b7</property>
        </properties>
      </relationship>
      <relationship id="540">
        <type>HAS_EDUCATION</type>
        <startNode>234</startNode>
        <endNode>427</endNode>
        <properties>
          <property key="TS_CREATED" class="long">1313150743916</property>
          <property key="UUID" class="string">67c63600-c4db-11e0-89cc-4040b3ba88b7</property>
        </properties>
      </relationship>
      <relationship id="543">
        <type>HAS_COURSE</type>
        <startNode>234</startNode>
        <endNode>430</endNode>
        <properties>
          <property key="TS_CREATED" class="long">1313151089397</property>
          <property key="UUID" class="string">35b2bbb0-c4dc-11e0-89cc-4040b3ba88b7</property>
        </properties>
      </relationship>
      <relationship id="542">
        <type>HAS_COURSE</type>
        <startNode>234</startNode>
        <endNode>429</endNode>
        <properties>
          <property key="TS_CREATED" class="long">1313150947211</property>
          <property key="UUID" class="string">e0f290f0-c4db-11e0-89cc-4040b3ba88b7</property>
        </properties>
      </relationship>
      <relationship id="537">
        <type>HAS_LANGUAGESKILL</type>
        <startNode>188</startNode>
        <endNode>420</endNode>
        <properties>
          <property key="TS_CREATED" class="long">1304514699566</property>
          <property key="UUID" class="string">0c37ce40-7650-11e0-a2bc-4040b3ba88b7</property>
        </properties>
      </relationship>
      <relationship id="536">
        <type>HAS_COURSE</type>
        <startNode>188</startNode>
        <endNode>419</endNode>
        <properties>
          <property key="TS_CREATED" class="long">1304514699515</property>
          <property key="UUID" class="string">0c305430-7650-11e0-a2bc-4040b3ba88b7</property>
        </properties>
      </relationship>
      <relationship id="539">
        <type>HAS_EDUCATION</type>
        <startNode>234</startNode>
        <endNode>426</endNode>
        <properties>
          <property key="TS_CREATED" class="long">1313150588308</property>
          <property key="UUID" class="string">0b053f10-c4db-11e0-89cc-4040b3ba88b7</property>
        </properties>
      </relationship>
      <relationship id="538">
        <type>HAS_WORK_EXPERIENCE</type>
        <startNode>188</startNode>
        <endNode>421</endNode>
        <properties>
          <property key="TS_CREATED" class="long">1304514699751</property>
          <property key="UUID" class="string">0c5408d0-7650-11e0-a2bc-4040b3ba88b7</property>
        </properties>
      </relationship>
      <relationship id="576">
        <type>HAS_WORK_EXPERIENCE</type>
        <startNode>298</startNode>
        <endNode>463</endNode>
        <properties>
          <property key="TS_CREATED" class="long">1313155034195</property>
          <property key="UUID" class="string">64fa8750-c4e5-11e0-89cc-4040b3ba88b7</property>
        </properties>
      </relationship>
      <relationship id="577">
        <type>HAS_WORK_EXPERIENCE</type>
        <startNode>298</startNode>
        <endNode>464</endNode>
        <properties>
          <property key="TS_CREATED" class="long">1313155111675</property>
          <property key="UUID" class="string">93270e00-c4e5-11e0-89cc-4040b3ba88b7</property>
        </properties>
      </relationship>
      <relationship id="578">
        <type>HAS_WORK_EXPERIENCE</type>
        <startNode>298</startNode>
        <endNode>465</endNode>
        <properties>
          <property key="TS_CREATED" class="long">1313155219859</property>
          <property key="UUID" class="string">d3a4e970-c4e5-11e0-89cc-4040b3ba88b7</property>
        </properties>
      </relationship>
      <relationship id="579">
        <type>HAS_WORK_EXPERIENCE</type>
        <startNode>298</startNode>
        <endNode>466</endNode>
        <properties>
          <property key="TS_CREATED" class="long">1313155268039</property>
          <property key="UUID" class="string">f05ce6d0-c4e5-11e0-89cc-4040b3ba88b7</property>
        </properties>
      </relationship>
      <relationship id="580">
        <type>HAS_WORK_EXPERIENCE</type>
        <startNode>298</startNode>
        <endNode>467</endNode>
        <properties>
          <property key="TS_CREATED" class="long">1313155325562</property>
          <property key="UUID" class="string">12a65e10-c4e6-11e0-89cc-4040b3ba88b7</property>
        </properties>
      </relationship>
      <relationship id="581">
        <type>HAS_EDUCATION</type>
        <startNode>152</startNode>
        <endNode>468</endNode>
        <properties>
          <property key="TS_CREATED" class="long">1313164884823</property>
          <property key="UUID" class="string">5469d6e0-c4fc-11e0-89cc-4040b3ba88b7</property>
        </properties>
      </relationship>
      <relationship id="582">
        <type>HAS_EDUCATION</type>
        <startNode>152</startNode>
        <endNode>469</endNode>
        <properties>
          <property key="TS_CREATED" class="long">1313165056615</property>
          <property key="UUID" class="string">bacf10d0-c4fc-11e0-89cc-4040b3ba88b7</property>
        </properties>
      </relationship>
      <relationship id="583">
        <type>HAS_EDUCATION</type>
        <startNode>152</startNode>
        <endNode>470</endNode>
        <properties>
          <property key="TS_CREATED" class="long">1313165319239</property>
          <property key="UUID" class="string">575827c0-c4fd-11e0-89cc-4040b3ba88b7</property>
        </properties>
      </relationship>
      <relationship id="584">
        <type>HAS_COURSE</type>
        <startNode>152</startNode>
        <endNode>471</endNode>
        <properties>
          <property key="TS_CREATED" class="long">1313165421589</property>
          <property key="UUID" class="string">94591170-c4fd-11e0-89cc-4040b3ba88b7</property>
        </properties>
      </relationship>
      <relationship id="585">
        <type>HAS_COURSE</type>
        <startNode>152</startNode>
        <endNode>472</endNode>
        <properties>
          <property key="TS_CREATED" class="long">1313165664165</property>
          <property key="UUID" class="string">24ef3a70-c4fe-11e0-89cc-4040b3ba88b7</property>
        </properties>
      </relationship>
      <relationship id="586">
        <type>HAS_LANGUAGESKILL</type>
        <startNode>152</startNode>
        <endNode>473</endNode>
        <properties>
          <property key="TS_CREATED" class="long">1313165731828</property>
          <property key="UUID" class="string">4d448bb0-c4fe-11e0-89cc-4040b3ba88b7</property>
        </properties>
      </relationship>
      <relationship id="587">
        <type>HAS_WORK_EXPERIENCE</type>
        <startNode>152</startNode>
        <endNode>474</endNode>
        <properties>
          <property key="TS_CREATED" class="long">1313166009537</property>
          <property key="UUID" class="string">f2caf740-c4fe-11e0-89cc-4040b3ba88b7</property>
        </properties>
      </relationship>
      <relationship id="588">
        <type>HAS_WORK_EXPERIENCE</type>
        <startNode>152</startNode>
        <endNode>475</endNode>
        <properties>
          <property key="TS_CREATED" class="long">1313166373778</property>
          <property key="UUID" class="string">cbe59440-c4ff-11e0-89cc-4040b3ba88b7</property>
        </properties>
      </relationship>
      <relationship id="589">
        <type>HAS_WORK_EXPERIENCE</type>
        <startNode>152</startNode>
        <endNode>476</endNode>
        <properties>
          <property key="TS_CREATED" class="long">1313170021286</property>
          <property key="UUID" class="string">49fb4890-c508-11e0-89cc-4040b3ba88b7</property>
        </properties>
      </relationship>
      <relationship id="590">
        <type>HAS_EDUCATION</type>
        <startNode>182</startNode>
        <endNode>477</endNode>
        <properties>
          <property key="TS_CREATED" class="long">1313170453735</property>
          <property key="UUID" class="string">4bbd9c90-c509-11e0-89cc-4040b3ba88b7</property>
        </properties>
      </relationship>
      <relationship id="591">
        <type>HAS_COURSE</type>
        <startNode>182</startNode>
        <endNode>478</endNode>
        <properties>
          <property key="TS_CREATED" class="long">1313170524229</property>
          <property key="UUID" class="string">75c27290-c509-11e0-89cc-4040b3ba88b7</property>
        </properties>
      </relationship>
      <relationship id="593">
        <type>HAS_WORK_EXPERIENCE</type>
        <startNode>182</startNode>
        <endNode>480</endNode>
        <properties>
          <property key="TS_CREATED" class="long">1313170646779</property>
          <property key="UUID" class="string">becd7bb0-c509-11e0-89cc-4040b3ba88b7</property>
        </properties>
      </relationship>
      <relationship id="592">
        <type>HAS_WORK_EXPERIENCE</type>
        <startNode>182</startNode>
        <endNode>479</endNode>
        <properties>
          <property key="TS_CREATED" class="long">1313170602723</property>
          <property key="UUID" class="string">a48bae70-c509-11e0-89cc-4040b3ba88b7</property>
        </properties>
      </relationship>
      <relationship id="595">
        <type>HAS_WORK_EXPERIENCE</type>
        <startNode>182</startNode>
        <endNode>482</endNode>
        <properties>
          <property key="TS_CREATED" class="long">1313170702518</property>
          <property key="UUID" class="string">e0070990-c509-11e0-89cc-4040b3ba88b7</property>
        </properties>
      </relationship>
      <relationship id="594">
        <type>HAS_WORK_EXPERIENCE</type>
        <startNode>182</startNode>
        <endNode>481</endNode>
        <properties>
          <property key="TS_CREATED" class="long">1313170678653</property>
          <property key="UUID" class="string">d1cc7590-c509-11e0-89cc-4040b3ba88b7</property>
        </properties>
      </relationship>
      <relationship id="597">
        <type>HAS_WORK_EXPERIENCE</type>
        <startNode>182</startNode>
        <endNode>484</endNode>
        <properties>
          <property key="TS_CREATED" class="long">1313170754755</property>
          <property key="UUID" class="string">ff2a3a90-c509-11e0-89cc-4040b3ba88b7</property>
        </properties>
      </relationship>
      <relationship id="596">
        <type>HAS_WORK_EXPERIENCE</type>
        <startNode>182</startNode>
        <endNode>483</endNode>
        <properties>
          <property key="TS_CREATED" class="long">1313170728653</property>
          <property key="UUID" class="string">ef9b6130-c509-11e0-89cc-4040b3ba88b7</property>
        </properties>
      </relationship>
      <relationship id="598">
        <type>HAS_WORK_EXPERIENCE</type>
        <startNode>182</startNode>
        <endNode>485</endNode>
        <properties>
          <property key="TS_CREATED" class="long">1313170787221</property>
          <property key="UUID" class="string">1283b080-c50a-11e0-89cc-4040b3ba88b7</property>
        </properties>
      </relationship>
      <relationship id="600">
        <type>HAS_RESPONSIBILITY</type>
        <startNode>53</startNode>
        <endNode>487</endNode>
        <properties>
          <property key="UUID" class="string">5d347a50-ea6d-11e0-a85d-4040b3ba88b7</property>
          <property key="TS_CREATED" class="long">1317281625730</property>
        </properties>
      </relationship>
  </relationships>
    </embeddedNeo>
</neo4j>